2025-12-20 18:54:40 - --- MEMULAI REQUEST getConversations UNTUK USER: 2 ---
2025-12-20 18:54:40 - Mencoba menghubungkan ke database...
2025-12-20 18:54:40 - Berhasil terhubung ke database.
2025-12-20 18:54:40 - Membangun query untuk tabel: conversations
2025-12-20 18:54:40 - Menambahkan kondisi WHERE untuk kolom user1_id & user2_id
2025-12-20 18:54:40 - Menambahkan ORDER BY untuk kolom updated_at
2025-12-20 18:54:40 - SQL Query yang dijalankan: SELECT *
FROM `conversations`
WHERE   (
`user1_id` = '2'
OR `user2_id` = '2'
 )
ORDER BY `updated_at` DESC
2025-12-20 18:54:40 - Query berhasil dieksekusi. Ditemukan 2 baris.
2025-12-20 18:54:40 - --- REQUEST SELESAI DENGAN SUKSES ---
2025-12-20 18:54:42 - --- MEMULAI REQUEST getConversations UNTUK USER: 2 ---
2025-12-20 18:54:42 - Mencoba menghubungkan ke database...
2025-12-20 18:54:42 - Berhasil terhubung ke database.
2025-12-20 18:54:42 - Membangun query untuk tabel: conversations
2025-12-20 18:54:42 - Menambahkan kondisi WHERE untuk kolom user1_id & user2_id
2025-12-20 18:54:42 - Menambahkan ORDER BY untuk kolom updated_at
2025-12-20 18:54:42 - SQL Query yang dijalankan: SELECT *
FROM `conversations`
WHERE   (
`user1_id` = '2'
OR `user2_id` = '2'
 )
ORDER BY `updated_at` DESC
2025-12-20 18:54:42 - Query berhasil dieksekusi. Ditemukan 2 baris.
2025-12-20 18:54:42 - --- REQUEST SELESAI DENGAN SUKSES ---
2025-12-20 18:54:56 - --- MEMULAI REQUEST getConversations UNTUK USER: 2 ---
2025-12-20 18:54:56 - Mencoba menghubungkan ke database...
2025-12-20 18:54:56 - Berhasil terhubung ke database.
2025-12-20 18:54:56 - Membangun query untuk tabel: conversations
2025-12-20 18:54:56 - Menambahkan kondisi WHERE untuk kolom user1_id & user2_id
2025-12-20 18:54:56 - Menambahkan ORDER BY untuk kolom updated_at
2025-12-20 18:54:56 - SQL Query yang dijalankan: SELECT *
FROM `conversations`
WHERE   (
`user1_id` = '2'
OR `user2_id` = '2'
 )
ORDER BY `updated_at` DESC
2025-12-20 18:54:56 - Query berhasil dieksekusi. Ditemukan 2 baris.
2025-12-20 18:54:56 - --- REQUEST SELESAI DENGAN SUKSES ---
2025-12-20 19:07:45 - --- MEMULAI REQUEST getConversations UNTUK USER: 2 ---
2025-12-20 19:07:45 - Mencoba menghubungkan ke database...
2025-12-20 19:07:45 - Berhasil terhubung ke database.
2025-12-20 19:07:45 - Membangun query untuk tabel: conversations
2025-12-20 19:07:45 - Menambahkan kondisi WHERE untuk kolom user1_id & user2_id
2025-12-20 19:07:45 - Menambahkan ORDER BY untuk kolom updated_at
2025-12-20 19:07:45 - SQL Query yang dijalankan: SELECT *
FROM `conversations`
WHERE   (
`user1_id` = '2'
OR `user2_id` = '2'
 )
ORDER BY `updated_at` DESC
2025-12-20 19:07:45 - Query berhasil dieksekusi. Ditemukan 2 baris.
2025-12-20 19:07:45 - --- REQUEST SELESAI DENGAN SUKSES ---
