DEBUG - 2026-03-14 08:24:39 --> Session: Class initialized using 'CodeIgniter\Session\Handlers\FileHandler' driver.
DEBUG - 2026-03-14 08:24:44 --> Session: Class initialized using 'CodeIgniter\Session\Handlers\FileHandler' driver.
DEBUG - 2026-03-14 08:24:45 --> Session: Class initialized using 'CodeIgniter\Session\Handlers\FileHandler' driver.
DEBUG - 2026-03-14 08:28:11 --> Session: Class initialized using 'CodeIgniter\Session\Handlers\FileHandler' driver.
DEBUG - 2026-03-14 08:28:13 --> Session: Class initialized using 'CodeIgniter\Session\Handlers\FileHandler' driver.
WARNING - 2026-03-14 08:28:13 --> [DEPRECATED] substr(): Passing null to parameter #1 ($string) of type string is deprecated in APPPATH\Views\admin\construction\index.php on line 62.
 1 APPPATH\Views\admin\construction\index.php(62): substr(null, 0, 25)
 2 VENDORPATH\codeigniter4\framework\system\View\View.php(238): include('D:\\Program Files\\backend_core\\app\\Views\\admin\\construction\\index.php')
 3 VENDORPATH\codeigniter4\framework\system\View\View.php(241): CodeIgniter\View\View->CodeIgniter\View\{closure}()
 4 SYSTEMPATH\Common.php(1199): CodeIgniter\View\View->render('admin/construction/index', [], true)
 5 APPPATH\Controllers\Admin\Construction.php(19): view('admin/construction/index', [...])
 6 VENDORPATH\codeigniter4\framework\system\CodeIgniter.php(951): App\Controllers\Admin\Construction->index()
 7 VENDORPATH\codeigniter4\framework\system\CodeIgniter.php(497): CodeIgniter\CodeIgniter->runController(Object(App\Controllers\Admin\Construction))
 8 VENDORPATH\codeigniter4\framework\system\CodeIgniter.php(340): CodeIgniter\CodeIgniter->handleRequest(null, Object(Config\Cache), false)
 9 SYSTEMPATH\Boot.php(363): CodeIgniter\CodeIgniter->run()
10 SYSTEMPATH\Boot.php(68): CodeIgniter\Boot::runCodeIgniter(Object(CodeIgniter\CodeIgniter))
11 FCPATH\index.php(59): CodeIgniter\Boot::bootWeb(Object(Config\Paths))
12 SYSTEMPATH\rewrite.php(44): require_once('D:\\Program Files\\backend_core\\public\\index.php')
WARNING - 2026-03-14 08:28:13 --> [DEPRECATED] strtotime(): Passing null to parameter #1 ($datetime) of type string is deprecated in APPPATH\Views\admin\construction\index.php on line 66.
 1 APPPATH\Views\admin\construction\index.php(66): strtotime(null)
 2 VENDORPATH\codeigniter4\framework\system\View\View.php(238): include('D:\\Program Files\\backend_core\\app\\Views\\admin\\construction\\index.php')
 3 VENDORPATH\codeigniter4\framework\system\View\View.php(241): CodeIgniter\View\View->CodeIgniter\View\{closure}()
 4 SYSTEMPATH\Common.php(1199): CodeIgniter\View\View->render('admin/construction/index', [], true)
 5 APPPATH\Controllers\Admin\Construction.php(19): view('admin/construction/index', [...])
 6 VENDORPATH\codeigniter4\framework\system\CodeIgniter.php(951): App\Controllers\Admin\Construction->index()
 7 VENDORPATH\codeigniter4\framework\system\CodeIgniter.php(497): CodeIgniter\CodeIgniter->runController(Object(App\Controllers\Admin\Construction))
 8 VENDORPATH\codeigniter4\framework\system\CodeIgniter.php(340): CodeIgniter\CodeIgniter->handleRequest(null, Object(Config\Cache), false)
 9 SYSTEMPATH\Boot.php(363): CodeIgniter\CodeIgniter->run()
10 SYSTEMPATH\Boot.php(68): CodeIgniter\Boot::runCodeIgniter(Object(CodeIgniter\CodeIgniter))
11 FCPATH\index.php(59): CodeIgniter\Boot::bootWeb(Object(Config\Paths))
12 SYSTEMPATH\rewrite.php(44): require_once('D:\\Program Files\\backend_core\\public\\index.php')
WARNING - 2026-03-14 08:28:13 --> [DEPRECATED] substr(): Passing null to parameter #1 ($string) of type string is deprecated in APPPATH\Views\admin\construction\index.php on line 62.
 1 APPPATH\Views\admin\construction\index.php(62): substr(null, 0, 25)
 2 VENDORPATH\codeigniter4\framework\system\View\View.php(238): include('D:\\Program Files\\backend_core\\app\\Views\\admin\\construction\\index.php')
 3 VENDORPATH\codeigniter4\framework\system\View\View.php(241): CodeIgniter\View\View->CodeIgniter\View\{closure}()
 4 SYSTEMPATH\Common.php(1199): CodeIgniter\View\View->render('admin/construction/index', [], true)
 5 APPPATH\Controllers\Admin\Construction.php(19): view('admin/construction/index', [...])
 6 VENDORPATH\codeigniter4\framework\system\CodeIgniter.php(951): App\Controllers\Admin\Construction->index()
 7 VENDORPATH\codeigniter4\framework\system\CodeIgniter.php(497): CodeIgniter\CodeIgniter->runController(Object(App\Controllers\Admin\Construction))
 8 VENDORPATH\codeigniter4\framework\system\CodeIgniter.php(340): CodeIgniter\CodeIgniter->handleRequest(null, Object(Config\Cache), false)
 9 SYSTEMPATH\Boot.php(363): CodeIgniter\CodeIgniter->run()
10 SYSTEMPATH\Boot.php(68): CodeIgniter\Boot::runCodeIgniter(Object(CodeIgniter\CodeIgniter))
11 FCPATH\index.php(59): CodeIgniter\Boot::bootWeb(Object(Config\Paths))
12 SYSTEMPATH\rewrite.php(44): require_once('D:\\Program Files\\backend_core\\public\\index.php')
WARNING - 2026-03-14 08:28:13 --> [DEPRECATED] strtotime(): Passing null to parameter #1 ($datetime) of type string is deprecated in APPPATH\Views\admin\construction\index.php on line 66.
 1 APPPATH\Views\admin\construction\index.php(66): strtotime(null)
 2 VENDORPATH\codeigniter4\framework\system\View\View.php(238): include('D:\\Program Files\\backend_core\\app\\Views\\admin\\construction\\index.php')
 3 VENDORPATH\codeigniter4\framework\system\View\View.php(241): CodeIgniter\View\View->CodeIgniter\View\{closure}()
 4 SYSTEMPATH\Common.php(1199): CodeIgniter\View\View->render('admin/construction/index', [], true)
 5 APPPATH\Controllers\Admin\Construction.php(19): view('admin/construction/index', [...])
 6 VENDORPATH\codeigniter4\framework\system\CodeIgniter.php(951): App\Controllers\Admin\Construction->index()
 7 VENDORPATH\codeigniter4\framework\system\CodeIgniter.php(497): CodeIgniter\CodeIgniter->runController(Object(App\Controllers\Admin\Construction))
 8 VENDORPATH\codeigniter4\framework\system\CodeIgniter.php(340): CodeIgniter\CodeIgniter->handleRequest(null, Object(Config\Cache), false)
 9 SYSTEMPATH\Boot.php(363): CodeIgniter\CodeIgniter->run()
10 SYSTEMPATH\Boot.php(68): CodeIgniter\Boot::runCodeIgniter(Object(CodeIgniter\CodeIgniter))
11 FCPATH\index.php(59): CodeIgniter\Boot::bootWeb(Object(Config\Paths))
12 SYSTEMPATH\rewrite.php(44): require_once('D:\\Program Files\\backend_core\\public\\index.php')
DEBUG - 2026-03-14 08:28:14 --> Session: Class initialized using 'CodeIgniter\Session\Handlers\FileHandler' driver.
CRITICAL - 2026-03-14 08:28:14 --> ErrorException: Undefined variable $all_products
[Method: GET, Route: admin/construction/detail/22]
in APPPATH\Views\admin\construction\detail.php on line 462.
 1 APPPATH\Views\admin\construction\detail.php(462): CodeIgniter\Debug\Exceptions->errorHandler(2, 'Undefined variable $all_products', 'D:\\Program Files\\backend_core\\app\\Views\\admin\\construction\\detail.php', 462)
 2 VENDORPATH\codeigniter4\framework\system\View\View.php(238): include('D:\\Program Files\\backend_core\\app\\Views\\admin\\construction\\detail.php')
 3 VENDORPATH\codeigniter4\framework\system\View\View.php(241): CodeIgniter\View\View->CodeIgniter\View\{closure}()
 4 SYSTEMPATH\Common.php(1199): CodeIgniter\View\View->render('admin/construction/detail', [], true)
 5 APPPATH\Controllers\Admin\Construction.php(57): view('admin/construction/detail', [...])
 6 VENDORPATH\codeigniter4\framework\system\CodeIgniter.php(951): App\Controllers\Admin\Construction->detail('22')
 7 VENDORPATH\codeigniter4\framework\system\CodeIgniter.php(497): CodeIgniter\CodeIgniter->runController(Object(App\Controllers\Admin\Construction))
 8 VENDORPATH\codeigniter4\framework\system\CodeIgniter.php(340): CodeIgniter\CodeIgniter->handleRequest(null, Object(Config\Cache), false)
 9 SYSTEMPATH\Boot.php(363): CodeIgniter\CodeIgniter->run()
10 SYSTEMPATH\Boot.php(68): CodeIgniter\Boot::runCodeIgniter(Object(CodeIgniter\CodeIgniter))
11 FCPATH\index.php(59): CodeIgniter\Boot::bootWeb(Object(Config\Paths))
12 SYSTEMPATH\rewrite.php(44): require_once('D:\\Program Files\\backend_core\\public\\index.php')
DEBUG - 2026-03-14 08:28:22 --> Session: Class initialized using 'CodeIgniter\Session\Handlers\FileHandler' driver.
WARNING - 2026-03-14 08:28:22 --> [DEPRECATED] substr(): Passing null to parameter #1 ($string) of type string is deprecated in APPPATH\Views\admin\construction\index.php on line 62.
 1 APPPATH\Views\admin\construction\index.php(62): substr(null, 0, 25)
 2 VENDORPATH\codeigniter4\framework\system\View\View.php(238): include('D:\\Program Files\\backend_core\\app\\Views\\admin\\construction\\index.php')
 3 VENDORPATH\codeigniter4\framework\system\View\View.php(241): CodeIgniter\View\View->CodeIgniter\View\{closure}()
 4 SYSTEMPATH\Common.php(1199): CodeIgniter\View\View->render('admin/construction/index', [], true)
 5 APPPATH\Controllers\Admin\Construction.php(19): view('admin/construction/index', [...])
 6 VENDORPATH\codeigniter4\framework\system\CodeIgniter.php(951): App\Controllers\Admin\Construction->index()
 7 VENDORPATH\codeigniter4\framework\system\CodeIgniter.php(497): CodeIgniter\CodeIgniter->runController(Object(App\Controllers\Admin\Construction))
 8 VENDORPATH\codeigniter4\framework\system\CodeIgniter.php(340): CodeIgniter\CodeIgniter->handleRequest(null, Object(Config\Cache), false)
 9 SYSTEMPATH\Boot.php(363): CodeIgniter\CodeIgniter->run()
10 SYSTEMPATH\Boot.php(68): CodeIgniter\Boot::runCodeIgniter(Object(CodeIgniter\CodeIgniter))
11 FCPATH\index.php(59): CodeIgniter\Boot::bootWeb(Object(Config\Paths))
12 SYSTEMPATH\rewrite.php(44): require_once('D:\\Program Files\\backend_core\\public\\index.php')
WARNING - 2026-03-14 08:28:22 --> [DEPRECATED] strtotime(): Passing null to parameter #1 ($datetime) of type string is deprecated in APPPATH\Views\admin\construction\index.php on line 66.
 1 APPPATH\Views\admin\construction\index.php(66): strtotime(null)
 2 VENDORPATH\codeigniter4\framework\system\View\View.php(238): include('D:\\Program Files\\backend_core\\app\\Views\\admin\\construction\\index.php')
 3 VENDORPATH\codeigniter4\framework\system\View\View.php(241): CodeIgniter\View\View->CodeIgniter\View\{closure}()
 4 SYSTEMPATH\Common.php(1199): CodeIgniter\View\View->render('admin/construction/index', [], true)
 5 APPPATH\Controllers\Admin\Construction.php(19): view('admin/construction/index', [...])
 6 VENDORPATH\codeigniter4\framework\system\CodeIgniter.php(951): App\Controllers\Admin\Construction->index()
 7 VENDORPATH\codeigniter4\framework\system\CodeIgniter.php(497): CodeIgniter\CodeIgniter->runController(Object(App\Controllers\Admin\Construction))
 8 VENDORPATH\codeigniter4\framework\system\CodeIgniter.php(340): CodeIgniter\CodeIgniter->handleRequest(null, Object(Config\Cache), false)
 9 SYSTEMPATH\Boot.php(363): CodeIgniter\CodeIgniter->run()
10 SYSTEMPATH\Boot.php(68): CodeIgniter\Boot::runCodeIgniter(Object(CodeIgniter\CodeIgniter))
11 FCPATH\index.php(59): CodeIgniter\Boot::bootWeb(Object(Config\Paths))
12 SYSTEMPATH\rewrite.php(44): require_once('D:\\Program Files\\backend_core\\public\\index.php')
WARNING - 2026-03-14 08:28:22 --> [DEPRECATED] substr(): Passing null to parameter #1 ($string) of type string is deprecated in APPPATH\Views\admin\construction\index.php on line 62.
 1 APPPATH\Views\admin\construction\index.php(62): substr(null, 0, 25)
 2 VENDORPATH\codeigniter4\framework\system\View\View.php(238): include('D:\\Program Files\\backend_core\\app\\Views\\admin\\construction\\index.php')
 3 VENDORPATH\codeigniter4\framework\system\View\View.php(241): CodeIgniter\View\View->CodeIgniter\View\{closure}()
 4 SYSTEMPATH\Common.php(1199): CodeIgniter\View\View->render('admin/construction/index', [], true)
 5 APPPATH\Controllers\Admin\Construction.php(19): view('admin/construction/index', [...])
 6 VENDORPATH\codeigniter4\framework\system\CodeIgniter.php(951): App\Controllers\Admin\Construction->index()
 7 VENDORPATH\codeigniter4\framework\system\CodeIgniter.php(497): CodeIgniter\CodeIgniter->runController(Object(App\Controllers\Admin\Construction))
 8 VENDORPATH\codeigniter4\framework\system\CodeIgniter.php(340): CodeIgniter\CodeIgniter->handleRequest(null, Object(Config\Cache), false)
 9 SYSTEMPATH\Boot.php(363): CodeIgniter\CodeIgniter->run()
10 SYSTEMPATH\Boot.php(68): CodeIgniter\Boot::runCodeIgniter(Object(CodeIgniter\CodeIgniter))
11 FCPATH\index.php(59): CodeIgniter\Boot::bootWeb(Object(Config\Paths))
12 SYSTEMPATH\rewrite.php(44): require_once('D:\\Program Files\\backend_core\\public\\index.php')
WARNING - 2026-03-14 08:28:22 --> [DEPRECATED] strtotime(): Passing null to parameter #1 ($datetime) of type string is deprecated in APPPATH\Views\admin\construction\index.php on line 66.
 1 APPPATH\Views\admin\construction\index.php(66): strtotime(null)
 2 VENDORPATH\codeigniter4\framework\system\View\View.php(238): include('D:\\Program Files\\backend_core\\app\\Views\\admin\\construction\\index.php')
 3 VENDORPATH\codeigniter4\framework\system\View\View.php(241): CodeIgniter\View\View->CodeIgniter\View\{closure}()
 4 SYSTEMPATH\Common.php(1199): CodeIgniter\View\View->render('admin/construction/index', [], true)
 5 APPPATH\Controllers\Admin\Construction.php(19): view('admin/construction/index', [...])
 6 VENDORPATH\codeigniter4\framework\system\CodeIgniter.php(951): App\Controllers\Admin\Construction->index()
 7 VENDORPATH\codeigniter4\framework\system\CodeIgniter.php(497): CodeIgniter\CodeIgniter->runController(Object(App\Controllers\Admin\Construction))
 8 VENDORPATH\codeigniter4\framework\system\CodeIgniter.php(340): CodeIgniter\CodeIgniter->handleRequest(null, Object(Config\Cache), false)
 9 SYSTEMPATH\Boot.php(363): CodeIgniter\CodeIgniter->run()
10 SYSTEMPATH\Boot.php(68): CodeIgniter\Boot::runCodeIgniter(Object(CodeIgniter\CodeIgniter))
11 FCPATH\index.php(59): CodeIgniter\Boot::bootWeb(Object(Config\Paths))
12 SYSTEMPATH\rewrite.php(44): require_once('D:\\Program Files\\backend_core\\public\\index.php')
DEBUG - 2026-03-14 08:28:23 --> Session: Class initialized using 'CodeIgniter\Session\Handlers\FileHandler' driver.
DEBUG - 2026-03-14 08:28:25 --> Session: Class initialized using 'CodeIgniter\Session\Handlers\FileHandler' driver.
WARNING - 2026-03-14 08:28:25 --> [DEPRECATED] preg_replace(): Passing null to parameter #3 ($subject) of type array|string is deprecated in APPPATH\Views\admin\renovation\detail.php on line 74.
 1 APPPATH\Views\admin\renovation\detail.php(74): preg_replace('/[^0-9]/', '', null)
 2 VENDORPATH\codeigniter4\framework\system\View\View.php(238): include('D:\\Program Files\\backend_core\\app\\Views\\admin\\renovation\\detail.php')
 3 VENDORPATH\codeigniter4\framework\system\View\View.php(241): CodeIgniter\View\View->CodeIgniter\View\{closure}()
 4 SYSTEMPATH\Common.php(1199): CodeIgniter\View\View->render('admin/renovation/detail', [], true)
 5 APPPATH\Controllers\Admin\Renovation.php(77): view('admin/renovation/detail', [...])
 6 VENDORPATH\codeigniter4\framework\system\CodeIgniter.php(951): App\Controllers\Admin\Renovation->detail('11')
 7 VENDORPATH\codeigniter4\framework\system\CodeIgniter.php(497): CodeIgniter\CodeIgniter->runController(Object(App\Controllers\Admin\Renovation))
 8 VENDORPATH\codeigniter4\framework\system\CodeIgniter.php(340): CodeIgniter\CodeIgniter->handleRequest(null, Object(Config\Cache), false)
 9 SYSTEMPATH\Boot.php(363): CodeIgniter\CodeIgniter->run()
10 SYSTEMPATH\Boot.php(68): CodeIgniter\Boot::runCodeIgniter(Object(CodeIgniter\CodeIgniter))
11 FCPATH\index.php(59): CodeIgniter\Boot::bootWeb(Object(Config\Paths))
12 SYSTEMPATH\rewrite.php(44): require_once('D:\\Program Files\\backend_core\\public\\index.php')
WARNING - 2026-03-14 08:28:25 --> [DEPRECATED] strtotime(): Passing null to parameter #1 ($datetime) of type string is deprecated in APPPATH\Views\admin\renovation\detail.php on line 81.
 1 APPPATH\Views\admin\renovation\detail.php(81): strtotime(null)
 2 VENDORPATH\codeigniter4\framework\system\View\View.php(238): include('D:\\Program Files\\backend_core\\app\\Views\\admin\\renovation\\detail.php')
 3 VENDORPATH\codeigniter4\framework\system\View\View.php(241): CodeIgniter\View\View->CodeIgniter\View\{closure}()
 4 SYSTEMPATH\Common.php(1199): CodeIgniter\View\View->render('admin/renovation/detail', [], true)
 5 APPPATH\Controllers\Admin\Renovation.php(77): view('admin/renovation/detail', [...])
 6 VENDORPATH\codeigniter4\framework\system\CodeIgniter.php(951): App\Controllers\Admin\Renovation->detail('11')
 7 VENDORPATH\codeigniter4\framework\system\CodeIgniter.php(497): CodeIgniter\CodeIgniter->runController(Object(App\Controllers\Admin\Renovation))
 8 VENDORPATH\codeigniter4\framework\system\CodeIgniter.php(340): CodeIgniter\CodeIgniter->handleRequest(null, Object(Config\Cache), false)
 9 SYSTEMPATH\Boot.php(363): CodeIgniter\CodeIgniter->run()
10 SYSTEMPATH\Boot.php(68): CodeIgniter\Boot::runCodeIgniter(Object(CodeIgniter\CodeIgniter))
11 FCPATH\index.php(59): CodeIgniter\Boot::bootWeb(Object(Config\Paths))
12 SYSTEMPATH\rewrite.php(44): require_once('D:\\Program Files\\backend_core\\public\\index.php')
WARNING - 2026-03-14 08:28:25 --> [DEPRECATED] nl2br(): Passing null to parameter #1 ($string) of type string is deprecated in APPPATH\Views\admin\renovation\detail.php on line 83.
 1 APPPATH\Views\admin\renovation\detail.php(83): nl2br(null)
 2 VENDORPATH\codeigniter4\framework\system\View\View.php(238): include('D:\\Program Files\\backend_core\\app\\Views\\admin\\renovation\\detail.php')
 3 VENDORPATH\codeigniter4\framework\system\View\View.php(241): CodeIgniter\View\View->CodeIgniter\View\{closure}()
 4 SYSTEMPATH\Common.php(1199): CodeIgniter\View\View->render('admin/renovation/detail', [], true)
 5 APPPATH\Controllers\Admin\Renovation.php(77): view('admin/renovation/detail', [...])
 6 VENDORPATH\codeigniter4\framework\system\CodeIgniter.php(951): App\Controllers\Admin\Renovation->detail('11')
 7 VENDORPATH\codeigniter4\framework\system\CodeIgniter.php(497): CodeIgniter\CodeIgniter->runController(Object(App\Controllers\Admin\Renovation))
 8 VENDORPATH\codeigniter4\framework\system\CodeIgniter.php(340): CodeIgniter\CodeIgniter->handleRequest(null, Object(Config\Cache), false)
 9 SYSTEMPATH\Boot.php(363): CodeIgniter\CodeIgniter->run()
10 SYSTEMPATH\Boot.php(68): CodeIgniter\Boot::runCodeIgniter(Object(CodeIgniter\CodeIgniter))
11 FCPATH\index.php(59): CodeIgniter\Boot::bootWeb(Object(Config\Paths))
12 SYSTEMPATH\rewrite.php(44): require_once('D:\\Program Files\\backend_core\\public\\index.php')
DEBUG - 2026-03-14 09:33:19 --> Session: Class initialized using 'CodeIgniter\Session\Handlers\FileHandler' driver.
DEBUG - 2026-03-14 09:33:21 --> Session: Class initialized using 'CodeIgniter\Session\Handlers\FileHandler' driver.
DEBUG - 2026-03-14 09:33:39 --> Session: Class initialized using 'CodeIgniter\Session\Handlers\FileHandler' driver.
DEBUG - 2026-03-14 09:34:43 --> Session: Class initialized using 'CodeIgniter\Session\Handlers\FileHandler' driver.
DEBUG - 2026-03-14 09:34:51 --> Session: Class initialized using 'CodeIgniter\Session\Handlers\FileHandler' driver.
DEBUG - 2026-03-14 09:35:04 --> Session: Class initialized using 'CodeIgniter\Session\Handlers\FileHandler' driver.
DEBUG - 2026-03-14 09:35:45 --> Session: Class initialized using 'CodeIgniter\Session\Handlers\FileHandler' driver.
DEBUG - 2026-03-14 10:34:28 --> Session: Class initialized using 'CodeIgniter\Session\Handlers\FileHandler' driver.
DEBUG - 2026-03-14 10:34:30 --> Session: Class initialized using 'CodeIgniter\Session\Handlers\FileHandler' driver.
DEBUG - 2026-03-14 10:34:31 --> Session: Class initialized using 'CodeIgniter\Session\Handlers\FileHandler' driver.
DEBUG - 2026-03-14 10:34:34 --> Session: Class initialized using 'CodeIgniter\Session\Handlers\FileHandler' driver.
DEBUG - 2026-03-14 10:34:34 --> Session: Class initialized using 'CodeIgniter\Session\Handlers\FileHandler' driver.
DEBUG - 2026-03-14 10:37:11 --> Session: Class initialized using 'CodeIgniter\Session\Handlers\FileHandler' driver.
DEBUG - 2026-03-14 10:40:24 --> Session: Class initialized using 'CodeIgniter\Session\Handlers\FileHandler' driver.
DEBUG - 2026-03-14 10:40:27 --> Session: Class initialized using 'CodeIgniter\Session\Handlers\FileHandler' driver.
WARNING - 2026-03-14 10:40:27 --> [DEPRECATED] substr(): Passing null to parameter #1 ($string) of type string is deprecated in APPPATH\Views\admin\construction\index.php on line 62.
 1 APPPATH\Views\admin\construction\index.php(62): substr(null, 0, 25)
 2 VENDORPATH\codeigniter4\framework\system\View\View.php(238): include('D:\\Program Files\\backend_core\\app\\Views\\admin\\construction\\index.php')
 3 VENDORPATH\codeigniter4\framework\system\View\View.php(241): CodeIgniter\View\View->CodeIgniter\View\{closure}()
 4 SYSTEMPATH\Common.php(1199): CodeIgniter\View\View->render('admin/construction/index', [], true)
 5 APPPATH\Controllers\Admin\Construction.php(19): view('admin/construction/index', [...])
 6 VENDORPATH\codeigniter4\framework\system\CodeIgniter.php(951): App\Controllers\Admin\Construction->index()
 7 VENDORPATH\codeigniter4\framework\system\CodeIgniter.php(497): CodeIgniter\CodeIgniter->runController(Object(App\Controllers\Admin\Construction))
 8 VENDORPATH\codeigniter4\framework\system\CodeIgniter.php(340): CodeIgniter\CodeIgniter->handleRequest(null, Object(Config\Cache), false)
 9 SYSTEMPATH\Boot.php(363): CodeIgniter\CodeIgniter->run()
10 SYSTEMPATH\Boot.php(68): CodeIgniter\Boot::runCodeIgniter(Object(CodeIgniter\CodeIgniter))
11 FCPATH\index.php(59): CodeIgniter\Boot::bootWeb(Object(Config\Paths))
12 SYSTEMPATH\rewrite.php(44): require_once('D:\\Program Files\\backend_core\\public\\index.php')
WARNING - 2026-03-14 10:40:27 --> [DEPRECATED] strtotime(): Passing null to parameter #1 ($datetime) of type string is deprecated in APPPATH\Views\admin\construction\index.php on line 66.
 1 APPPATH\Views\admin\construction\index.php(66): strtotime(null)
 2 VENDORPATH\codeigniter4\framework\system\View\View.php(238): include('D:\\Program Files\\backend_core\\app\\Views\\admin\\construction\\index.php')
 3 VENDORPATH\codeigniter4\framework\system\View\View.php(241): CodeIgniter\View\View->CodeIgniter\View\{closure}()
 4 SYSTEMPATH\Common.php(1199): CodeIgniter\View\View->render('admin/construction/index', [], true)
 5 APPPATH\Controllers\Admin\Construction.php(19): view('admin/construction/index', [...])
 6 VENDORPATH\codeigniter4\framework\system\CodeIgniter.php(951): App\Controllers\Admin\Construction->index()
 7 VENDORPATH\codeigniter4\framework\system\CodeIgniter.php(497): CodeIgniter\CodeIgniter->runController(Object(App\Controllers\Admin\Construction))
 8 VENDORPATH\codeigniter4\framework\system\CodeIgniter.php(340): CodeIgniter\CodeIgniter->handleRequest(null, Object(Config\Cache), false)
 9 SYSTEMPATH\Boot.php(363): CodeIgniter\CodeIgniter->run()
10 SYSTEMPATH\Boot.php(68): CodeIgniter\Boot::runCodeIgniter(Object(CodeIgniter\CodeIgniter))
11 FCPATH\index.php(59): CodeIgniter\Boot::bootWeb(Object(Config\Paths))
12 SYSTEMPATH\rewrite.php(44): require_once('D:\\Program Files\\backend_core\\public\\index.php')
WARNING - 2026-03-14 10:40:27 --> [DEPRECATED] substr(): Passing null to parameter #1 ($string) of type string is deprecated in APPPATH\Views\admin\construction\index.php on line 62.
 1 APPPATH\Views\admin\construction\index.php(62): substr(null, 0, 25)
 2 VENDORPATH\codeigniter4\framework\system\View\View.php(238): include('D:\\Program Files\\backend_core\\app\\Views\\admin\\construction\\index.php')
 3 VENDORPATH\codeigniter4\framework\system\View\View.php(241): CodeIgniter\View\View->CodeIgniter\View\{closure}()
 4 SYSTEMPATH\Common.php(1199): CodeIgniter\View\View->render('admin/construction/index', [], true)
 5 APPPATH\Controllers\Admin\Construction.php(19): view('admin/construction/index', [...])
 6 VENDORPATH\codeigniter4\framework\system\CodeIgniter.php(951): App\Controllers\Admin\Construction->index()
 7 VENDORPATH\codeigniter4\framework\system\CodeIgniter.php(497): CodeIgniter\CodeIgniter->runController(Object(App\Controllers\Admin\Construction))
 8 VENDORPATH\codeigniter4\framework\system\CodeIgniter.php(340): CodeIgniter\CodeIgniter->handleRequest(null, Object(Config\Cache), false)
 9 SYSTEMPATH\Boot.php(363): CodeIgniter\CodeIgniter->run()
10 SYSTEMPATH\Boot.php(68): CodeIgniter\Boot::runCodeIgniter(Object(CodeIgniter\CodeIgniter))
11 FCPATH\index.php(59): CodeIgniter\Boot::bootWeb(Object(Config\Paths))
12 SYSTEMPATH\rewrite.php(44): require_once('D:\\Program Files\\backend_core\\public\\index.php')
WARNING - 2026-03-14 10:40:27 --> [DEPRECATED] strtotime(): Passing null to parameter #1 ($datetime) of type string is deprecated in APPPATH\Views\admin\construction\index.php on line 66.
 1 APPPATH\Views\admin\construction\index.php(66): strtotime(null)
 2 VENDORPATH\codeigniter4\framework\system\View\View.php(238): include('D:\\Program Files\\backend_core\\app\\Views\\admin\\construction\\index.php')
 3 VENDORPATH\codeigniter4\framework\system\View\View.php(241): CodeIgniter\View\View->CodeIgniter\View\{closure}()
 4 SYSTEMPATH\Common.php(1199): CodeIgniter\View\View->render('admin/construction/index', [], true)
 5 APPPATH\Controllers\Admin\Construction.php(19): view('admin/construction/index', [...])
 6 VENDORPATH\codeigniter4\framework\system\CodeIgniter.php(951): App\Controllers\Admin\Construction->index()
 7 VENDORPATH\codeigniter4\framework\system\CodeIgniter.php(497): CodeIgniter\CodeIgniter->runController(Object(App\Controllers\Admin\Construction))
 8 VENDORPATH\codeigniter4\framework\system\CodeIgniter.php(340): CodeIgniter\CodeIgniter->handleRequest(null, Object(Config\Cache), false)
 9 SYSTEMPATH\Boot.php(363): CodeIgniter\CodeIgniter->run()
10 SYSTEMPATH\Boot.php(68): CodeIgniter\Boot::runCodeIgniter(Object(CodeIgniter\CodeIgniter))
11 FCPATH\index.php(59): CodeIgniter\Boot::bootWeb(Object(Config\Paths))
12 SYSTEMPATH\rewrite.php(44): require_once('D:\\Program Files\\backend_core\\public\\index.php')
DEBUG - 2026-03-14 10:40:28 --> Session: Class initialized using 'CodeIgniter\Session\Handlers\FileHandler' driver.
DEBUG - 2026-03-14 10:40:38 --> Session: Class initialized using 'CodeIgniter\Session\Handlers\FileHandler' driver.
WARNING - 2026-03-14 10:40:38 --> [DEPRECATED] preg_replace(): Passing null to parameter #3 ($subject) of type array|string is deprecated in APPPATH\Views\admin\renovation\detail.php on line 74.
 1 APPPATH\Views\admin\renovation\detail.php(74): preg_replace('/[^0-9]/', '', null)
 2 VENDORPATH\codeigniter4\framework\system\View\View.php(238): include('D:\\Program Files\\backend_core\\app\\Views\\admin\\renovation\\detail.php')
 3 VENDORPATH\codeigniter4\framework\system\View\View.php(241): CodeIgniter\View\View->CodeIgniter\View\{closure}()
 4 SYSTEMPATH\Common.php(1199): CodeIgniter\View\View->render('admin/renovation/detail', [], true)
 5 APPPATH\Controllers\Admin\Renovation.php(77): view('admin/renovation/detail', [...])
 6 VENDORPATH\codeigniter4\framework\system\CodeIgniter.php(951): App\Controllers\Admin\Renovation->detail('11')
 7 VENDORPATH\codeigniter4\framework\system\CodeIgniter.php(497): CodeIgniter\CodeIgniter->runController(Object(App\Controllers\Admin\Renovation))
 8 VENDORPATH\codeigniter4\framework\system\CodeIgniter.php(340): CodeIgniter\CodeIgniter->handleRequest(null, Object(Config\Cache), false)
 9 SYSTEMPATH\Boot.php(363): CodeIgniter\CodeIgniter->run()
10 SYSTEMPATH\Boot.php(68): CodeIgniter\Boot::runCodeIgniter(Object(CodeIgniter\CodeIgniter))
11 FCPATH\index.php(59): CodeIgniter\Boot::bootWeb(Object(Config\Paths))
12 SYSTEMPATH\rewrite.php(44): require_once('D:\\Program Files\\backend_core\\public\\index.php')
WARNING - 2026-03-14 10:40:38 --> [DEPRECATED] strtotime(): Passing null to parameter #1 ($datetime) of type string is deprecated in APPPATH\Views\admin\renovation\detail.php on line 81.
 1 APPPATH\Views\admin\renovation\detail.php(81): strtotime(null)
 2 VENDORPATH\codeigniter4\framework\system\View\View.php(238): include('D:\\Program Files\\backend_core\\app\\Views\\admin\\renovation\\detail.php')
 3 VENDORPATH\codeigniter4\framework\system\View\View.php(241): CodeIgniter\View\View->CodeIgniter\View\{closure}()
 4 SYSTEMPATH\Common.php(1199): CodeIgniter\View\View->render('admin/renovation/detail', [], true)
 5 APPPATH\Controllers\Admin\Renovation.php(77): view('admin/renovation/detail', [...])
 6 VENDORPATH\codeigniter4\framework\system\CodeIgniter.php(951): App\Controllers\Admin\Renovation->detail('11')
 7 VENDORPATH\codeigniter4\framework\system\CodeIgniter.php(497): CodeIgniter\CodeIgniter->runController(Object(App\Controllers\Admin\Renovation))
 8 VENDORPATH\codeigniter4\framework\system\CodeIgniter.php(340): CodeIgniter\CodeIgniter->handleRequest(null, Object(Config\Cache), false)
 9 SYSTEMPATH\Boot.php(363): CodeIgniter\CodeIgniter->run()
10 SYSTEMPATH\Boot.php(68): CodeIgniter\Boot::runCodeIgniter(Object(CodeIgniter\CodeIgniter))
11 FCPATH\index.php(59): CodeIgniter\Boot::bootWeb(Object(Config\Paths))
12 SYSTEMPATH\rewrite.php(44): require_once('D:\\Program Files\\backend_core\\public\\index.php')
WARNING - 2026-03-14 10:40:38 --> [DEPRECATED] nl2br(): Passing null to parameter #1 ($string) of type string is deprecated in APPPATH\Views\admin\renovation\detail.php on line 83.
 1 APPPATH\Views\admin\renovation\detail.php(83): nl2br(null)
 2 VENDORPATH\codeigniter4\framework\system\View\View.php(238): include('D:\\Program Files\\backend_core\\app\\Views\\admin\\renovation\\detail.php')
 3 VENDORPATH\codeigniter4\framework\system\View\View.php(241): CodeIgniter\View\View->CodeIgniter\View\{closure}()
 4 SYSTEMPATH\Common.php(1199): CodeIgniter\View\View->render('admin/renovation/detail', [], true)
 5 APPPATH\Controllers\Admin\Renovation.php(77): view('admin/renovation/detail', [...])
 6 VENDORPATH\codeigniter4\framework\system\CodeIgniter.php(951): App\Controllers\Admin\Renovation->detail('11')
 7 VENDORPATH\codeigniter4\framework\system\CodeIgniter.php(497): CodeIgniter\CodeIgniter->runController(Object(App\Controllers\Admin\Renovation))
 8 VENDORPATH\codeigniter4\framework\system\CodeIgniter.php(340): CodeIgniter\CodeIgniter->handleRequest(null, Object(Config\Cache), false)
 9 SYSTEMPATH\Boot.php(363): CodeIgniter\CodeIgniter->run()
10 SYSTEMPATH\Boot.php(68): CodeIgniter\Boot::runCodeIgniter(Object(CodeIgniter\CodeIgniter))
11 FCPATH\index.php(59): CodeIgniter\Boot::bootWeb(Object(Config\Paths))
12 SYSTEMPATH\rewrite.php(44): require_once('D:\\Program Files\\backend_core\\public\\index.php')
DEBUG - 2026-03-14 10:40:42 --> Session: Class initialized using 'CodeIgniter\Session\Handlers\FileHandler' driver.
WARNING - 2026-03-14 10:40:42 --> [DEPRECATED] substr(): Passing null to parameter #1 ($string) of type string is deprecated in APPPATH\Views\admin\construction\index.php on line 62.
 1 APPPATH\Views\admin\construction\index.php(62): substr(null, 0, 25)
 2 VENDORPATH\codeigniter4\framework\system\View\View.php(238): include('D:\\Program Files\\backend_core\\app\\Views\\admin\\construction\\index.php')
 3 VENDORPATH\codeigniter4\framework\system\View\View.php(241): CodeIgniter\View\View->CodeIgniter\View\{closure}()
 4 SYSTEMPATH\Common.php(1199): CodeIgniter\View\View->render('admin/construction/index', [], true)
 5 APPPATH\Controllers\Admin\Construction.php(19): view('admin/construction/index', [...])
 6 VENDORPATH\codeigniter4\framework\system\CodeIgniter.php(951): App\Controllers\Admin\Construction->index()
 7 VENDORPATH\codeigniter4\framework\system\CodeIgniter.php(497): CodeIgniter\CodeIgniter->runController(Object(App\Controllers\Admin\Construction))
 8 VENDORPATH\codeigniter4\framework\system\CodeIgniter.php(340): CodeIgniter\CodeIgniter->handleRequest(null, Object(Config\Cache), false)
 9 SYSTEMPATH\Boot.php(363): CodeIgniter\CodeIgniter->run()
10 SYSTEMPATH\Boot.php(68): CodeIgniter\Boot::runCodeIgniter(Object(CodeIgniter\CodeIgniter))
11 FCPATH\index.php(59): CodeIgniter\Boot::bootWeb(Object(Config\Paths))
12 SYSTEMPATH\rewrite.php(44): require_once('D:\\Program Files\\backend_core\\public\\index.php')
WARNING - 2026-03-14 10:40:42 --> [DEPRECATED] strtotime(): Passing null to parameter #1 ($datetime) of type string is deprecated in APPPATH\Views\admin\construction\index.php on line 66.
 1 APPPATH\Views\admin\construction\index.php(66): strtotime(null)
 2 VENDORPATH\codeigniter4\framework\system\View\View.php(238): include('D:\\Program Files\\backend_core\\app\\Views\\admin\\construction\\index.php')
 3 VENDORPATH\codeigniter4\framework\system\View\View.php(241): CodeIgniter\View\View->CodeIgniter\View\{closure}()
 4 SYSTEMPATH\Common.php(1199): CodeIgniter\View\View->render('admin/construction/index', [], true)
 5 APPPATH\Controllers\Admin\Construction.php(19): view('admin/construction/index', [...])
 6 VENDORPATH\codeigniter4\framework\system\CodeIgniter.php(951): App\Controllers\Admin\Construction->index()
 7 VENDORPATH\codeigniter4\framework\system\CodeIgniter.php(497): CodeIgniter\CodeIgniter->runController(Object(App\Controllers\Admin\Construction))
 8 VENDORPATH\codeigniter4\framework\system\CodeIgniter.php(340): CodeIgniter\CodeIgniter->handleRequest(null, Object(Config\Cache), false)
 9 SYSTEMPATH\Boot.php(363): CodeIgniter\CodeIgniter->run()
10 SYSTEMPATH\Boot.php(68): CodeIgniter\Boot::runCodeIgniter(Object(CodeIgniter\CodeIgniter))
11 FCPATH\index.php(59): CodeIgniter\Boot::bootWeb(Object(Config\Paths))
12 SYSTEMPATH\rewrite.php(44): require_once('D:\\Program Files\\backend_core\\public\\index.php')
WARNING - 2026-03-14 10:40:42 --> [DEPRECATED] substr(): Passing null to parameter #1 ($string) of type string is deprecated in APPPATH\Views\admin\construction\index.php on line 62.
 1 APPPATH\Views\admin\construction\index.php(62): substr(null, 0, 25)
 2 VENDORPATH\codeigniter4\framework\system\View\View.php(238): include('D:\\Program Files\\backend_core\\app\\Views\\admin\\construction\\index.php')
 3 VENDORPATH\codeigniter4\framework\system\View\View.php(241): CodeIgniter\View\View->CodeIgniter\View\{closure}()
 4 SYSTEMPATH\Common.php(1199): CodeIgniter\View\View->render('admin/construction/index', [], true)
 5 APPPATH\Controllers\Admin\Construction.php(19): view('admin/construction/index', [...])
 6 VENDORPATH\codeigniter4\framework\system\CodeIgniter.php(951): App\Controllers\Admin\Construction->index()
 7 VENDORPATH\codeigniter4\framework\system\CodeIgniter.php(497): CodeIgniter\CodeIgniter->runController(Object(App\Controllers\Admin\Construction))
 8 VENDORPATH\codeigniter4\framework\system\CodeIgniter.php(340): CodeIgniter\CodeIgniter->handleRequest(null, Object(Config\Cache), false)
 9 SYSTEMPATH\Boot.php(363): CodeIgniter\CodeIgniter->run()
10 SYSTEMPATH\Boot.php(68): CodeIgniter\Boot::runCodeIgniter(Object(CodeIgniter\CodeIgniter))
11 FCPATH\index.php(59): CodeIgniter\Boot::bootWeb(Object(Config\Paths))
12 SYSTEMPATH\rewrite.php(44): require_once('D:\\Program Files\\backend_core\\public\\index.php')
WARNING - 2026-03-14 10:40:42 --> [DEPRECATED] strtotime(): Passing null to parameter #1 ($datetime) of type string is deprecated in APPPATH\Views\admin\construction\index.php on line 66.
 1 APPPATH\Views\admin\construction\index.php(66): strtotime(null)
 2 VENDORPATH\codeigniter4\framework\system\View\View.php(238): include('D:\\Program Files\\backend_core\\app\\Views\\admin\\construction\\index.php')
 3 VENDORPATH\codeigniter4\framework\system\View\View.php(241): CodeIgniter\View\View->CodeIgniter\View\{closure}()
 4 SYSTEMPATH\Common.php(1199): CodeIgniter\View\View->render('admin/construction/index', [], true)
 5 APPPATH\Controllers\Admin\Construction.php(19): view('admin/construction/index', [...])
 6 VENDORPATH\codeigniter4\framework\system\CodeIgniter.php(951): App\Controllers\Admin\Construction->index()
 7 VENDORPATH\codeigniter4\framework\system\CodeIgniter.php(497): CodeIgniter\CodeIgniter->runController(Object(App\Controllers\Admin\Construction))
 8 VENDORPATH\codeigniter4\framework\system\CodeIgniter.php(340): CodeIgniter\CodeIgniter->handleRequest(null, Object(Config\Cache), false)
 9 SYSTEMPATH\Boot.php(363): CodeIgniter\CodeIgniter->run()
10 SYSTEMPATH\Boot.php(68): CodeIgniter\Boot::runCodeIgniter(Object(CodeIgniter\CodeIgniter))
11 FCPATH\index.php(59): CodeIgniter\Boot::bootWeb(Object(Config\Paths))
12 SYSTEMPATH\rewrite.php(44): require_once('D:\\Program Files\\backend_core\\public\\index.php')
DEBUG - 2026-03-14 10:40:43 --> Session: Class initialized using 'CodeIgniter\Session\Handlers\FileHandler' driver.
CRITICAL - 2026-03-14 10:40:43 --> ErrorException: Undefined variable $all_products
[Method: GET, Route: admin/construction/detail/22]
in APPPATH\Views\admin\construction\detail.php on line 462.
 1 APPPATH\Views\admin\construction\detail.php(462): CodeIgniter\Debug\Exceptions->errorHandler(2, 'Undefined variable $all_products', 'D:\\Program Files\\backend_core\\app\\Views\\admin\\construction\\detail.php', 462)
 2 VENDORPATH\codeigniter4\framework\system\View\View.php(238): include('D:\\Program Files\\backend_core\\app\\Views\\admin\\construction\\detail.php')
 3 VENDORPATH\codeigniter4\framework\system\View\View.php(241): CodeIgniter\View\View->CodeIgniter\View\{closure}()
 4 SYSTEMPATH\Common.php(1199): CodeIgniter\View\View->render('admin/construction/detail', [], true)
 5 APPPATH\Controllers\Admin\Construction.php(57): view('admin/construction/detail', [...])
 6 VENDORPATH\codeigniter4\framework\system\CodeIgniter.php(951): App\Controllers\Admin\Construction->detail('22')
 7 VENDORPATH\codeigniter4\framework\system\CodeIgniter.php(497): CodeIgniter\CodeIgniter->runController(Object(App\Controllers\Admin\Construction))
 8 VENDORPATH\codeigniter4\framework\system\CodeIgniter.php(340): CodeIgniter\CodeIgniter->handleRequest(null, Object(Config\Cache), false)
 9 SYSTEMPATH\Boot.php(363): CodeIgniter\CodeIgniter->run()
10 SYSTEMPATH\Boot.php(68): CodeIgniter\Boot::runCodeIgniter(Object(CodeIgniter\CodeIgniter))
11 FCPATH\index.php(59): CodeIgniter\Boot::bootWeb(Object(Config\Paths))
12 SYSTEMPATH\rewrite.php(44): require_once('D:\\Program Files\\backend_core\\public\\index.php')
DEBUG - 2026-03-14 10:42:23 --> Session: Class initialized using 'CodeIgniter\Session\Handlers\FileHandler' driver.
DEBUG - 2026-03-14 10:42:23 --> Session: Class initialized using 'CodeIgniter\Session\Handlers\FileHandler' driver.
DEBUG - 2026-03-14 10:51:08 --> Session: Class initialized using 'CodeIgniter\Session\Handlers\FileHandler' driver.
DEBUG - 2026-03-14 10:51:10 --> Session: Class initialized using 'CodeIgniter\Session\Handlers\FileHandler' driver.
DEBUG - 2026-03-14 10:55:58 --> Session: Class initialized using 'CodeIgniter\Session\Handlers\FileHandler' driver.
DEBUG - 2026-03-14 10:55:58 --> Session: Class initialized using 'CodeIgniter\Session\Handlers\FileHandler' driver.
DEBUG - 2026-03-14 11:07:22 --> Session: Class initialized using 'CodeIgniter\Session\Handlers\FileHandler' driver.
DEBUG - 2026-03-14 11:07:24 --> Session: Class initialized using 'CodeIgniter\Session\Handlers\FileHandler' driver.
DEBUG - 2026-03-14 11:07:26 --> Session: Class initialized using 'CodeIgniter\Session\Handlers\FileHandler' driver.
DEBUG - 2026-03-14 11:07:35 --> Session: Class initialized using 'CodeIgniter\Session\Handlers\FileHandler' driver.
DEBUG - 2026-03-14 11:07:36 --> Session: Class initialized using 'CodeIgniter\Session\Handlers\FileHandler' driver.
DEBUG - 2026-03-14 11:07:38 --> Session: Class initialized using 'CodeIgniter\Session\Handlers\FileHandler' driver.
DEBUG - 2026-03-14 11:07:41 --> Session: Class initialized using 'CodeIgniter\Session\Handlers\FileHandler' driver.
DEBUG - 2026-03-14 11:07:42 --> Session: Class initialized using 'CodeIgniter\Session\Handlers\FileHandler' driver.
DEBUG - 2026-03-14 11:07:43 --> Session: Class initialized using 'CodeIgniter\Session\Handlers\FileHandler' driver.
DEBUG - 2026-03-14 11:07:51 --> Session: Class initialized using 'CodeIgniter\Session\Handlers\FileHandler' driver.
DEBUG - 2026-03-14 11:07:51 --> Session: Class initialized using 'CodeIgniter\Session\Handlers\FileHandler' driver.
DEBUG - 2026-03-14 11:09:25 --> Session: Class initialized using 'CodeIgniter\Session\Handlers\FileHandler' driver.
DEBUG - 2026-03-14 11:09:32 --> Session: Class initialized using 'CodeIgniter\Session\Handlers\FileHandler' driver.
DEBUG - 2026-03-14 11:09:35 --> Session: Class initialized using 'CodeIgniter\Session\Handlers\FileHandler' driver.
DEBUG - 2026-03-14 11:09:40 --> Session: Class initialized using 'CodeIgniter\Session\Handlers\FileHandler' driver.
DEBUG - 2026-03-14 11:09:40 --> Session: Class initialized using 'CodeIgniter\Session\Handlers\FileHandler' driver.
DEBUG - 2026-03-14 11:21:07 --> Session: Class initialized using 'CodeIgniter\Session\Handlers\FileHandler' driver.
DEBUG - 2026-03-14 11:21:19 --> Session: Class initialized using 'CodeIgniter\Session\Handlers\FileHandler' driver.
DEBUG - 2026-03-14 11:21:24 --> Session: Class initialized using 'CodeIgniter\Session\Handlers\FileHandler' driver.
DEBUG - 2026-03-14 11:26:19 --> Session: Class initialized using 'CodeIgniter\Session\Handlers\FileHandler' driver.
DEBUG - 2026-03-14 11:26:31 --> Session: Class initialized using 'CodeIgniter\Session\Handlers\FileHandler' driver.
DEBUG - 2026-03-14 11:26:31 --> Session: Class initialized using 'CodeIgniter\Session\Handlers\FileHandler' driver.
DEBUG - 2026-03-14 11:26:35 --> Session: Class initialized using 'CodeIgniter\Session\Handlers\FileHandler' driver.
DEBUG - 2026-03-14 11:26:42 --> Session: Class initialized using 'CodeIgniter\Session\Handlers\FileHandler' driver.
DEBUG - 2026-03-14 11:29:55 --> Session: Class initialized using 'CodeIgniter\Session\Handlers\FileHandler' driver.
DEBUG - 2026-03-14 11:36:11 --> Session: Class initialized using 'CodeIgniter\Session\Handlers\FileHandler' driver.
CRITICAL - 2026-03-14 11:36:11 --> CodeIgniter\View\Exceptions\ViewException: Invalid file: "admin/supplier/edit.php"
[Method: GET, Route: admin/suppliers/edit/3]
in VENDORPATH\codeigniter4\framework\system\Exceptions\FrameworkException.php on line 39.
 1 VENDORPATH\codeigniter4\framework\system\View\View.php(226): CodeIgniter\Exceptions\FrameworkException::forInvalidFile('admin/supplier/edit.php')
 2 SYSTEMPATH\Common.php(1199): CodeIgniter\View\View->render('admin/supplier/edit', [], true)
 3 APPPATH\Controllers\Admin\SupplierController.php(122): view('admin/supplier/edit', [...])
 4 VENDORPATH\codeigniter4\framework\system\CodeIgniter.php(951): App\Controllers\Admin\SupplierController->edit('3')
 5 VENDORPATH\codeigniter4\framework\system\CodeIgniter.php(497): CodeIgniter\CodeIgniter->runController(Object(App\Controllers\Admin\SupplierController))
 6 VENDORPATH\codeigniter4\framework\system\CodeIgniter.php(340): CodeIgniter\CodeIgniter->handleRequest(null, Object(Config\Cache), false)
 7 SYSTEMPATH\Boot.php(363): CodeIgniter\CodeIgniter->run()
 8 SYSTEMPATH\Boot.php(68): CodeIgniter\Boot::runCodeIgniter(Object(CodeIgniter\CodeIgniter))
 9 FCPATH\index.php(59): CodeIgniter\Boot::bootWeb(Object(Config\Paths))
10 SYSTEMPATH\rewrite.php(44): require_once('D:\\Program Files\\backend_core\\public\\index.php')
DEBUG - 2026-03-14 11:36:13 --> Session: Class initialized using 'CodeIgniter\Session\Handlers\FileHandler' driver.
DEBUG - 2026-03-14 11:40:27 --> Session: Class initialized using 'CodeIgniter\Session\Handlers\FileHandler' driver.
DEBUG - 2026-03-14 11:41:00 --> Session: Class initialized using 'CodeIgniter\Session\Handlers\FileHandler' driver.
DEBUG - 2026-03-14 11:44:10 --> Session: Class initialized using 'CodeIgniter\Session\Handlers\FileHandler' driver.
DEBUG - 2026-03-14 11:50:51 --> Session: Class initialized using 'CodeIgniter\Session\Handlers\FileHandler' driver.
