DEBUG - 2026-04-02 08:19:04 --> Session: Class initialized using 'CodeIgniter\Session\Handlers\FileHandler' driver.
DEBUG - 2026-04-02 08:19:17 --> Session: Class initialized using 'CodeIgniter\Session\Handlers\FileHandler' driver.
DEBUG - 2026-04-02 08:19:18 --> Session: Class initialized using 'CodeIgniter\Session\Handlers\FileHandler' driver.
DEBUG - 2026-04-02 08:26:26 --> Session: Class initialized using 'CodeIgniter\Session\Handlers\FileHandler' driver.
DEBUG - 2026-04-02 08:26:45 --> Session: Class initialized using 'CodeIgniter\Session\Handlers\FileHandler' driver.
DEBUG - 2026-04-02 08:27:02 --> Session: Class initialized using 'CodeIgniter\Session\Handlers\FileHandler' driver.
DEBUG - 2026-04-02 08:42:12 --> Session: Class initialized using 'CodeIgniter\Session\Handlers\FileHandler' driver.
DEBUG - 2026-04-02 08:42:21 --> Session: Class initialized using 'CodeIgniter\Session\Handlers\FileHandler' driver.
CRITICAL - 2026-04-02 08:42:21 --> CodeIgniter\View\Exceptions\ViewException: Invalid file: "admin/syarat-ketentuan/index.php"
[Method: GET, Route: admin/syarat-ketentuan]
in SYSTEMPATH\Exceptions\FrameworkException.php on line 39.
 1 SYSTEMPATH\View\View.php(226): CodeIgniter\Exceptions\FrameworkException::forInvalidFile('admin/syarat-ketentuan/index.php')
 2 SYSTEMPATH\Common.php(1250): CodeIgniter\View\View->render('admin/syarat-ketentuan/index', [], true)
 3 APPPATH\Controllers\Admin\SyaratKetentuanController.php(17): view('admin/syarat-ketentuan/index', [...])
 4 SYSTEMPATH\CodeIgniter.php(951): App\Controllers\Admin\SyaratKetentuanController->index()
 5 SYSTEMPATH\CodeIgniter.php(497): CodeIgniter\CodeIgniter->runController(Object(App\Controllers\Admin\SyaratKetentuanController))
 6 SYSTEMPATH\CodeIgniter.php(340): CodeIgniter\CodeIgniter->handleRequest(null, Object(Config\Cache), false)
 7 SYSTEMPATH\Boot.php(417): CodeIgniter\CodeIgniter->run()
 8 SYSTEMPATH\Boot.php(68): CodeIgniter\Boot::runCodeIgniter(Object(CodeIgniter\CodeIgniter))
 9 FCPATH\index.php(59): CodeIgniter\Boot::bootWeb(Object(Config\Paths))
10 SYSTEMPATH\rewrite.php(44): require_once('D:\\Program Files\\backend_core\\public\\index.php')
DEBUG - 2026-04-02 08:43:46 --> Session: Class initialized using 'CodeIgniter\Session\Handlers\FileHandler' driver.
CRITICAL - 2026-04-02 08:43:46 --> CodeIgniter\View\Exceptions\ViewException: Invalid file: "admin/syarat-ketentuan/index.php"
[Method: GET, Route: admin/syarat-ketentuan]
in SYSTEMPATH\Exceptions\FrameworkException.php on line 39.
 1 SYSTEMPATH\View\View.php(226): CodeIgniter\Exceptions\FrameworkException::forInvalidFile('admin/syarat-ketentuan/index.php')
 2 SYSTEMPATH\Common.php(1250): CodeIgniter\View\View->render('admin/syarat-ketentuan/index', [], true)
 3 APPPATH\Controllers\Admin\SyaratKetentuanController.php(20): view('admin/syarat-ketentuan/index', [...])
 4 SYSTEMPATH\CodeIgniter.php(951): App\Controllers\Admin\SyaratKetentuanController->index()
 5 SYSTEMPATH\CodeIgniter.php(497): CodeIgniter\CodeIgniter->runController(Object(App\Controllers\Admin\SyaratKetentuanController))
 6 SYSTEMPATH\CodeIgniter.php(340): CodeIgniter\CodeIgniter->handleRequest(null, Object(Config\Cache), false)
 7 SYSTEMPATH\Boot.php(417): CodeIgniter\CodeIgniter->run()
 8 SYSTEMPATH\Boot.php(68): CodeIgniter\Boot::runCodeIgniter(Object(CodeIgniter\CodeIgniter))
 9 FCPATH\index.php(59): CodeIgniter\Boot::bootWeb(Object(Config\Paths))
10 SYSTEMPATH\rewrite.php(44): require_once('D:\\Program Files\\backend_core\\public\\index.php')
DEBUG - 2026-04-02 08:47:57 --> Session: Class initialized using 'CodeIgniter\Session\Handlers\FileHandler' driver.
DEBUG - 2026-04-02 08:48:16 --> Session: Class initialized using 'CodeIgniter\Session\Handlers\FileHandler' driver.
DEBUG - 2026-04-02 08:48:18 --> Session: Class initialized using 'CodeIgniter\Session\Handlers\FileHandler' driver.
CRITICAL - 2026-04-02 08:54:52 --> CodeIgniter\Encryption\Exceptions\EncryptionException: Decrypting: authentication failed.
[Method: POST, Route: api/login]
in SYSTEMPATH\Encryption\Handlers\OpenSSLHandler.php on line 142.
 1 SYSTEMPATH\Encryption\Handlers\OpenSSLHandler.php(142): CodeIgniter\Encryption\Exceptions\EncryptionException::forAuthenticationFailed()
 2 APPPATH\Controllers\Api\AuthController.php(64): CodeIgniter\Encryption\Handlers\OpenSSLHandler->decrypt('')
 3 SYSTEMPATH\CodeIgniter.php(951): App\Controllers\Api\AuthController->login()
 4 SYSTEMPATH\CodeIgniter.php(497): CodeIgniter\CodeIgniter->runController(Object(App\Controllers\Api\AuthController))
 5 SYSTEMPATH\CodeIgniter.php(340): CodeIgniter\CodeIgniter->handleRequest(null, Object(Config\Cache), false)
 6 SYSTEMPATH\Boot.php(417): CodeIgniter\CodeIgniter->run()
 7 SYSTEMPATH\Boot.php(68): CodeIgniter\Boot::runCodeIgniter(Object(CodeIgniter\CodeIgniter))
 8 FCPATH\index.php(59): CodeIgniter\Boot::bootWeb(Object(Config\Paths))
 9 SYSTEMPATH\rewrite.php(44): require_once('D:\\Program Files\\backend_core\\public\\index.php')
CRITICAL - 2026-04-02 09:01:49 --> CodeIgniter\Encryption\Exceptions\EncryptionException: Decrypting: authentication failed.
[Method: POST, Route: api/login]
in SYSTEMPATH\Encryption\Handlers\OpenSSLHandler.php on line 142.
 1 SYSTEMPATH\Encryption\Handlers\OpenSSLHandler.php(142): CodeIgniter\Encryption\Exceptions\EncryptionException::forAuthenticationFailed()
 2 APPPATH\Controllers\Api\AuthController.php(64): CodeIgniter\Encryption\Handlers\OpenSSLHandler->decrypt('')
 3 SYSTEMPATH\CodeIgniter.php(951): App\Controllers\Api\AuthController->login()
 4 SYSTEMPATH\CodeIgniter.php(497): CodeIgniter\CodeIgniter->runController(Object(App\Controllers\Api\AuthController))
 5 SYSTEMPATH\CodeIgniter.php(340): CodeIgniter\CodeIgniter->handleRequest(null, Object(Config\Cache), false)
 6 SYSTEMPATH\Boot.php(417): CodeIgniter\CodeIgniter->run()
 7 SYSTEMPATH\Boot.php(68): CodeIgniter\Boot::runCodeIgniter(Object(CodeIgniter\CodeIgniter))
 8 FCPATH\index.php(59): CodeIgniter\Boot::bootWeb(Object(Config\Paths))
 9 SYSTEMPATH\rewrite.php(44): require_once('D:\\Program Files\\backend_core\\public\\index.php')
CRITICAL - 2026-04-02 09:02:59 --> ErrorException: Array to string conversion
[Method: POST, Route: api/login]
in APPPATH\Controllers\Api\AuthController.php on line 62.
 1 APPPATH\Controllers\Api\AuthController.php(62): CodeIgniter\Debug\Exceptions->errorHandler(2, 'Array to string conversion', 'D:\\Program Files\\backend_core\\app\\Controllers\\Api\\AuthController.php', 62)
 2 SYSTEMPATH\CodeIgniter.php(951): App\Controllers\Api\AuthController->login()
 3 SYSTEMPATH\CodeIgniter.php(497): CodeIgniter\CodeIgniter->runController(Object(App\Controllers\Api\AuthController))
 4 SYSTEMPATH\CodeIgniter.php(340): CodeIgniter\CodeIgniter->handleRequest(null, Object(Config\Cache), false)
 5 SYSTEMPATH\Boot.php(417): CodeIgniter\CodeIgniter->run()
 6 SYSTEMPATH\Boot.php(68): CodeIgniter\Boot::runCodeIgniter(Object(CodeIgniter\CodeIgniter))
 7 FCPATH\index.php(59): CodeIgniter\Boot::bootWeb(Object(Config\Paths))
 8 SYSTEMPATH\rewrite.php(44): require_once('D:\\Program Files\\backend_core\\public\\index.php')
CRITICAL - 2026-04-02 09:03:28 --> CodeIgniter\Encryption\Exceptions\EncryptionException: Decrypting: authentication failed.
[Method: POST, Route: api/login]
in SYSTEMPATH\Encryption\Handlers\OpenSSLHandler.php on line 142.
 1 SYSTEMPATH\Encryption\Handlers\OpenSSLHandler.php(142): CodeIgniter\Encryption\Exceptions\EncryptionException::forAuthenticationFailed()
 2 APPPATH\Controllers\Api\AuthController.php(66): CodeIgniter\Encryption\Handlers\OpenSSLHandler->decrypt('')
 3 SYSTEMPATH\CodeIgniter.php(951): App\Controllers\Api\AuthController->login()
 4 SYSTEMPATH\CodeIgniter.php(497): CodeIgniter\CodeIgniter->runController(Object(App\Controllers\Api\AuthController))
 5 SYSTEMPATH\CodeIgniter.php(340): CodeIgniter\CodeIgniter->handleRequest(null, Object(Config\Cache), false)
 6 SYSTEMPATH\Boot.php(417): CodeIgniter\CodeIgniter->run()
 7 SYSTEMPATH\Boot.php(68): CodeIgniter\Boot::runCodeIgniter(Object(CodeIgniter\CodeIgniter))
 8 FCPATH\index.php(59): CodeIgniter\Boot::bootWeb(Object(Config\Paths))
 9 SYSTEMPATH\rewrite.php(44): require_once('D:\\Program Files\\backend_core\\public\\index.php')
CRITICAL - 2026-04-02 09:04:17 --> CodeIgniter\Encryption\Exceptions\EncryptionException: Decrypting: authentication failed.
[Method: POST, Route: api/login]
in SYSTEMPATH\Encryption\Handlers\OpenSSLHandler.php on line 142.
 1 SYSTEMPATH\Encryption\Handlers\OpenSSLHandler.php(142): CodeIgniter\Encryption\Exceptions\EncryptionException::forAuthenticationFailed()
 2 APPPATH\Controllers\Api\AuthController.php(66): CodeIgniter\Encryption\Handlers\OpenSSLHandler->decrypt('')
 3 SYSTEMPATH\CodeIgniter.php(951): App\Controllers\Api\AuthController->login()
 4 SYSTEMPATH\CodeIgniter.php(497): CodeIgniter\CodeIgniter->runController(Object(App\Controllers\Api\AuthController))
 5 SYSTEMPATH\CodeIgniter.php(340): CodeIgniter\CodeIgniter->handleRequest(null, Object(Config\Cache), false)
 6 SYSTEMPATH\Boot.php(417): CodeIgniter\CodeIgniter->run()
 7 SYSTEMPATH\Boot.php(68): CodeIgniter\Boot::runCodeIgniter(Object(CodeIgniter\CodeIgniter))
 8 FCPATH\index.php(59): CodeIgniter\Boot::bootWeb(Object(Config\Paths))
 9 SYSTEMPATH\rewrite.php(44): require_once('D:\\Program Files\\backend_core\\public\\index.php')
CRITICAL - 2026-04-02 09:05:49 --> CodeIgniter\Encryption\Exceptions\EncryptionException: Decrypting: authentication failed.
[Method: POST, Route: api/login]
in SYSTEMPATH\Encryption\Handlers\OpenSSLHandler.php on line 142.
 1 SYSTEMPATH\Encryption\Handlers\OpenSSLHandler.php(142): CodeIgniter\Encryption\Exceptions\EncryptionException::forAuthenticationFailed()
 2 APPPATH\Controllers\Api\AuthController.php(66): CodeIgniter\Encryption\Handlers\OpenSSLHandler->decrypt('')
 3 SYSTEMPATH\CodeIgniter.php(951): App\Controllers\Api\AuthController->login()
 4 SYSTEMPATH\CodeIgniter.php(497): CodeIgniter\CodeIgniter->runController(Object(App\Controllers\Api\AuthController))
 5 SYSTEMPATH\CodeIgniter.php(340): CodeIgniter\CodeIgniter->handleRequest(null, Object(Config\Cache), false)
 6 SYSTEMPATH\Boot.php(417): CodeIgniter\CodeIgniter->run()
 7 SYSTEMPATH\Boot.php(68): CodeIgniter\Boot::runCodeIgniter(Object(CodeIgniter\CodeIgniter))
 8 FCPATH\index.php(59): CodeIgniter\Boot::bootWeb(Object(Config\Paths))
 9 SYSTEMPATH\rewrite.php(44): require_once('D:\\Program Files\\backend_core\\public\\index.php')
DEBUG - 2026-04-02 09:27:32 --> Session: Class initialized using 'CodeIgniter\Session\Handlers\FileHandler' driver.
DEBUG - 2026-04-02 09:27:32 --> Session: Class initialized using 'CodeIgniter\Session\Handlers\FileHandler' driver.
DEBUG - 2026-04-02 09:27:36 --> Session: Class initialized using 'CodeIgniter\Session\Handlers\FileHandler' driver.
DEBUG - 2026-04-02 09:32:12 --> Session: Class initialized using 'CodeIgniter\Session\Handlers\FileHandler' driver.
DEBUG - 2026-04-02 09:32:49 --> Session: Class initialized using 'CodeIgniter\Session\Handlers\FileHandler' driver.
DEBUG - 2026-04-02 09:33:25 --> Session: Class initialized using 'CodeIgniter\Session\Handlers\FileHandler' driver.
DEBUG - 2026-04-02 09:33:38 --> Session: Class initialized using 'CodeIgniter\Session\Handlers\FileHandler' driver.
DEBUG - 2026-04-02 09:33:54 --> Session: Class initialized using 'CodeIgniter\Session\Handlers\FileHandler' driver.
DEBUG - 2026-04-02 09:34:17 --> Session: Class initialized using 'CodeIgniter\Session\Handlers\FileHandler' driver.
DEBUG - 2026-04-02 09:34:30 --> Session: Class initialized using 'CodeIgniter\Session\Handlers\FileHandler' driver.
DEBUG - 2026-04-02 09:35:43 --> Session: Class initialized using 'CodeIgniter\Session\Handlers\FileHandler' driver.
DEBUG - 2026-04-02 09:39:47 --> Session: Class initialized using 'CodeIgniter\Session\Handlers\FileHandler' driver.
DEBUG - 2026-04-02 09:39:49 --> Session: Class initialized using 'CodeIgniter\Session\Handlers\FileHandler' driver.
DEBUG - 2026-04-02 09:39:54 --> Session: Class initialized using 'CodeIgniter\Session\Handlers\FileHandler' driver.
DEBUG - 2026-04-02 09:39:56 --> Session: Class initialized using 'CodeIgniter\Session\Handlers\FileHandler' driver.
DEBUG - 2026-04-02 09:40:02 --> Session: Class initialized using 'CodeIgniter\Session\Handlers\FileHandler' driver.
DEBUG - 2026-04-02 09:40:22 --> Session: Class initialized using 'CodeIgniter\Session\Handlers\FileHandler' driver.
DEBUG - 2026-04-02 09:40:23 --> Session: Class initialized using 'CodeIgniter\Session\Handlers\FileHandler' driver.
ERROR - 2026-04-02 09:40:23 --> Unknown column 'updated_at' in 'field list'
in SYSTEMPATH\Database\MySQLi\Connection.php on line 300.
 1 SYSTEMPATH\Database\MySQLi\Connection.php(300): mysqli->query('UPDATE `terms_of_agreement` SET `title` = \'Ketentuan Kontrak\', `description` = \'Saya bersedia menandatangani kontrak kerja berdasarkan RAB ini dan tunduk pada syarat-syarat pelaksanaan pekerjaan yang berlaku.\', `updated_at` = \'2026-04-02 09:40:23\'
WHERE `terms_of_agreement`.`id` IN (\'3\')', 0)
 2 SYSTEMPATH\Database\BaseConnection.php(769): CodeIgniter\Database\MySQLi\Connection->execute('UPDATE `terms_of_agreement` SET `title` = \'Ketentuan Kontrak\', `description` = \'Saya bersedia menandatangani kontrak kerja berdasarkan RAB ini dan tunduk pada syarat-syarat pelaksanaan pekerjaan yang berlaku.\', `updated_at` = \'2026-04-02 09:40:23\'
WHERE `terms_of_agreement`.`id` IN (\'3\')')
 3 SYSTEMPATH\Database\BaseConnection.php(686): CodeIgniter\Database\BaseConnection->simpleQuery('UPDATE `terms_of_agreement` SET `title` = \'Ketentuan Kontrak\', `description` = \'Saya bersedia menandatangani kontrak kerja berdasarkan RAB ini dan tunduk pada syarat-syarat pelaksanaan pekerjaan yang berlaku.\', `updated_at` = \'2026-04-02 09:40:23\'
WHERE `terms_of_agreement`.`id` IN (\'3\')')
 4 SYSTEMPATH\Database\BaseBuilder.php(2521): CodeIgniter\Database\BaseConnection->query('UPDATE `terms_of_agreement` SET `title` = :title:, `description` = :description:, `updated_at` = :updated_at:
WHERE `terms_of_agreement`.`id` IN :terms_of_agreement.id:', [...], false)
 5 SYSTEMPATH\Model.php(407): CodeIgniter\Database\BaseBuilder->update()
 6 SYSTEMPATH\BaseModel.php(1073): CodeIgniter\Model->doUpdate([...], [...])
 7 SYSTEMPATH\Model.php(706): CodeIgniter\BaseModel->update([...], [...])
 8 APPPATH\Controllers\Admin\SyaratKetentuanController.php(80): CodeIgniter\Model->update('3', [...])
 9 SYSTEMPATH\CodeIgniter.php(951): App\Controllers\Admin\SyaratKetentuanController->update('3')
10 SYSTEMPATH\CodeIgniter.php(497): CodeIgniter\CodeIgniter->runController(Object(App\Controllers\Admin\SyaratKetentuanController))
11 SYSTEMPATH\CodeIgniter.php(340): CodeIgniter\CodeIgniter->handleRequest(null, Object(Config\Cache), false)
12 SYSTEMPATH\Boot.php(417): CodeIgniter\CodeIgniter->run()
13 SYSTEMPATH\Boot.php(68): CodeIgniter\Boot::runCodeIgniter(Object(CodeIgniter\CodeIgniter))
14 FCPATH\index.php(59): CodeIgniter\Boot::bootWeb(Object(Config\Paths))
15 SYSTEMPATH\rewrite.php(44): require_once('D:\\Program Files\\backend_core\\public\\index.php')
CRITICAL - 2026-04-02 09:40:24 --> CodeIgniter\Database\Exceptions\DatabaseException: Unknown column 'updated_at' in 'field list'
[Method: POST, Route: admin/syarat_ketentuan/update/3]
in SYSTEMPATH\Database\BaseConnection.php on line 724.
 1 SYSTEMPATH\Database\BaseBuilder.php(2521): CodeIgniter\Database\BaseConnection->query('UPDATE `terms_of_agreement` SET `title` = :title:, `description` = :description:, `updated_at` = :updated_at:
WHERE `terms_of_agreement`.`id` IN :terms_of_agreement.id:', [...], false)
 2 SYSTEMPATH\Model.php(407): CodeIgniter\Database\BaseBuilder->update()
 3 SYSTEMPATH\BaseModel.php(1073): CodeIgniter\Model->doUpdate([...], [...])
 4 SYSTEMPATH\Model.php(706): CodeIgniter\BaseModel->update([...], [...])
 5 APPPATH\Controllers\Admin\SyaratKetentuanController.php(80): CodeIgniter\Model->update('3', [...])
 6 SYSTEMPATH\CodeIgniter.php(951): App\Controllers\Admin\SyaratKetentuanController->update('3')
 7 SYSTEMPATH\CodeIgniter.php(497): CodeIgniter\CodeIgniter->runController(Object(App\Controllers\Admin\SyaratKetentuanController))
 8 SYSTEMPATH\CodeIgniter.php(340): CodeIgniter\CodeIgniter->handleRequest(null, Object(Config\Cache), false)
 9 SYSTEMPATH\Boot.php(417): CodeIgniter\CodeIgniter->run()
10 SYSTEMPATH\Boot.php(68): CodeIgniter\Boot::runCodeIgniter(Object(CodeIgniter\CodeIgniter))
11 FCPATH\index.php(59): CodeIgniter\Boot::bootWeb(Object(Config\Paths))
12 SYSTEMPATH\rewrite.php(44): require_once('D:\\Program Files\\backend_core\\public\\index.php')
CRITICAL - 2026-04-02 09:40:24 --> [Caused by] CodeIgniter\Database\Exceptions\DatabaseException: Unknown column 'updated_at' in 'field list'
in SYSTEMPATH\Database\MySQLi\Connection.php on line 310.
 1 SYSTEMPATH\Database\BaseConnection.php(769): CodeIgniter\Database\MySQLi\Connection->execute('UPDATE `terms_of_agreement` SET `title` = \'Ketentuan Kontrak\', `description` = \'Saya bersedia menandatangani kontrak kerja berdasarkan RAB ini dan tunduk pada syarat-syarat pelaksanaan pekerjaan yang berlaku.\', `updated_at` = \'2026-04-02 09:40:23\'
WHERE `terms_of_agreement`.`id` IN (\'3\')')
 2 SYSTEMPATH\Database\BaseConnection.php(686): CodeIgniter\Database\BaseConnection->simpleQuery('UPDATE `terms_of_agreement` SET `title` = \'Ketentuan Kontrak\', `description` = \'Saya bersedia menandatangani kontrak kerja berdasarkan RAB ini dan tunduk pada syarat-syarat pelaksanaan pekerjaan yang berlaku.\', `updated_at` = \'2026-04-02 09:40:23\'
WHERE `terms_of_agreement`.`id` IN (\'3\')')
 3 SYSTEMPATH\Database\BaseBuilder.php(2521): CodeIgniter\Database\BaseConnection->query('UPDATE `terms_of_agreement` SET `title` = :title:, `description` = :description:, `updated_at` = :updated_at:
WHERE `terms_of_agreement`.`id` IN :terms_of_agreement.id:', [...], false)
 4 SYSTEMPATH\Model.php(407): CodeIgniter\Database\BaseBuilder->update()
 5 SYSTEMPATH\BaseModel.php(1073): CodeIgniter\Model->doUpdate([...], [...])
 6 SYSTEMPATH\Model.php(706): CodeIgniter\BaseModel->update([...], [...])
 7 APPPATH\Controllers\Admin\SyaratKetentuanController.php(80): CodeIgniter\Model->update('3', [...])
 8 SYSTEMPATH\CodeIgniter.php(951): App\Controllers\Admin\SyaratKetentuanController->update('3')
 9 SYSTEMPATH\CodeIgniter.php(497): CodeIgniter\CodeIgniter->runController(Object(App\Controllers\Admin\SyaratKetentuanController))
10 SYSTEMPATH\CodeIgniter.php(340): CodeIgniter\CodeIgniter->handleRequest(null, Object(Config\Cache), false)
11 SYSTEMPATH\Boot.php(417): CodeIgniter\CodeIgniter->run()
12 SYSTEMPATH\Boot.php(68): CodeIgniter\Boot::runCodeIgniter(Object(CodeIgniter\CodeIgniter))
13 FCPATH\index.php(59): CodeIgniter\Boot::bootWeb(Object(Config\Paths))
14 SYSTEMPATH\rewrite.php(44): require_once('D:\\Program Files\\backend_core\\public\\index.php')
CRITICAL - 2026-04-02 09:40:24 --> [Caused by] mysqli_sql_exception: Unknown column 'updated_at' in 'field list'
in SYSTEMPATH\Database\MySQLi\Connection.php on line 300.
 1 SYSTEMPATH\Database\MySQLi\Connection.php(300): mysqli->query('UPDATE `terms_of_agreement` SET `title` = \'Ketentuan Kontrak\', `description` = \'Saya bersedia menandatangani kontrak kerja berdasarkan RAB ini dan tunduk pada syarat-syarat pelaksanaan pekerjaan yang berlaku.\', `updated_at` = \'2026-04-02 09:40:23\'
WHERE `terms_of_agreement`.`id` IN (\'3\')', 0)
 2 SYSTEMPATH\Database\BaseConnection.php(769): CodeIgniter\Database\MySQLi\Connection->execute('UPDATE `terms_of_agreement` SET `title` = \'Ketentuan Kontrak\', `description` = \'Saya bersedia menandatangani kontrak kerja berdasarkan RAB ini dan tunduk pada syarat-syarat pelaksanaan pekerjaan yang berlaku.\', `updated_at` = \'2026-04-02 09:40:23\'
WHERE `terms_of_agreement`.`id` IN (\'3\')')
 3 SYSTEMPATH\Database\BaseConnection.php(686): CodeIgniter\Database\BaseConnection->simpleQuery('UPDATE `terms_of_agreement` SET `title` = \'Ketentuan Kontrak\', `description` = \'Saya bersedia menandatangani kontrak kerja berdasarkan RAB ini dan tunduk pada syarat-syarat pelaksanaan pekerjaan yang berlaku.\', `updated_at` = \'2026-04-02 09:40:23\'
WHERE `terms_of_agreement`.`id` IN (\'3\')')
 4 SYSTEMPATH\Database\BaseBuilder.php(2521): CodeIgniter\Database\BaseConnection->query('UPDATE `terms_of_agreement` SET `title` = :title:, `description` = :description:, `updated_at` = :updated_at:
WHERE `terms_of_agreement`.`id` IN :terms_of_agreement.id:', [...], false)
 5 SYSTEMPATH\Model.php(407): CodeIgniter\Database\BaseBuilder->update()
 6 SYSTEMPATH\BaseModel.php(1073): CodeIgniter\Model->doUpdate([...], [...])
 7 SYSTEMPATH\Model.php(706): CodeIgniter\BaseModel->update([...], [...])
 8 APPPATH\Controllers\Admin\SyaratKetentuanController.php(80): CodeIgniter\Model->update('3', [...])
 9 SYSTEMPATH\CodeIgniter.php(951): App\Controllers\Admin\SyaratKetentuanController->update('3')
10 SYSTEMPATH\CodeIgniter.php(497): CodeIgniter\CodeIgniter->runController(Object(App\Controllers\Admin\SyaratKetentuanController))
11 SYSTEMPATH\CodeIgniter.php(340): CodeIgniter\CodeIgniter->handleRequest(null, Object(Config\Cache), false)
12 SYSTEMPATH\Boot.php(417): CodeIgniter\CodeIgniter->run()
13 SYSTEMPATH\Boot.php(68): CodeIgniter\Boot::runCodeIgniter(Object(CodeIgniter\CodeIgniter))
14 FCPATH\index.php(59): CodeIgniter\Boot::bootWeb(Object(Config\Paths))
15 SYSTEMPATH\rewrite.php(44): require_once('D:\\Program Files\\backend_core\\public\\index.php')
DEBUG - 2026-04-02 09:42:17 --> Session: Class initialized using 'CodeIgniter\Session\Handlers\FileHandler' driver.
DEBUG - 2026-04-02 09:42:19 --> Session: Class initialized using 'CodeIgniter\Session\Handlers\FileHandler' driver.
DEBUG - 2026-04-02 09:42:19 --> Session: Class initialized using 'CodeIgniter\Session\Handlers\FileHandler' driver.
DEBUG - 2026-04-02 15:10:32 --> Session: Class initialized using 'CodeIgniter\Session\Handlers\FileHandler' driver.
DEBUG - 2026-04-02 15:10:41 --> Session: Class initialized using 'CodeIgniter\Session\Handlers\FileHandler' driver.
DEBUG - 2026-04-02 15:10:42 --> Session: Class initialized using 'CodeIgniter\Session\Handlers\FileHandler' driver.
DEBUG - 2026-04-02 15:11:10 --> Session: Class initialized using 'CodeIgniter\Session\Handlers\FileHandler' driver.
DEBUG - 2026-04-02 15:36:02 --> Session: Class initialized using 'CodeIgniter\Session\Handlers\FileHandler' driver.
WARNING - 2026-04-02 15:36:02 --> [DEPRECATED] substr(): Passing null to parameter #1 ($string) of type string is deprecated in APPPATH\Views\admin\construction\index.php on line 109.
 1 APPPATH\Views\admin\construction\index.php(109): substr(null, 0, 25)
 2 SYSTEMPATH\View\View.php(238): include('D:\\Program Files\\backend_core\\app\\Views\\admin\\construction\\index.php')
 3 SYSTEMPATH\View\View.php(241): CodeIgniter\View\View->CodeIgniter\View\{closure}()
 4 SYSTEMPATH\Common.php(1250): CodeIgniter\View\View->render('admin/construction/index', [], true)
 5 APPPATH\Controllers\Admin\Construction.php(31): view('admin/construction/index', [...])
 6 SYSTEMPATH\CodeIgniter.php(951): App\Controllers\Admin\Construction->index()
 7 SYSTEMPATH\CodeIgniter.php(497): CodeIgniter\CodeIgniter->runController(Object(App\Controllers\Admin\Construction))
 8 SYSTEMPATH\CodeIgniter.php(340): CodeIgniter\CodeIgniter->handleRequest(null, Object(Config\Cache), false)
 9 SYSTEMPATH\Boot.php(417): CodeIgniter\CodeIgniter->run()
10 SYSTEMPATH\Boot.php(68): CodeIgniter\Boot::runCodeIgniter(Object(CodeIgniter\CodeIgniter))
11 FCPATH\index.php(59): CodeIgniter\Boot::bootWeb(Object(Config\Paths))
12 SYSTEMPATH\rewrite.php(44): require_once('D:\\Program Files\\backend_core\\public\\index.php')
WARNING - 2026-04-02 15:36:02 --> [DEPRECATED] strtotime(): Passing null to parameter #1 ($datetime) of type string is deprecated in APPPATH\Views\admin\construction\index.php on line 113.
 1 APPPATH\Views\admin\construction\index.php(113): strtotime(null)
 2 SYSTEMPATH\View\View.php(238): include('D:\\Program Files\\backend_core\\app\\Views\\admin\\construction\\index.php')
 3 SYSTEMPATH\View\View.php(241): CodeIgniter\View\View->CodeIgniter\View\{closure}()
 4 SYSTEMPATH\Common.php(1250): CodeIgniter\View\View->render('admin/construction/index', [], true)
 5 APPPATH\Controllers\Admin\Construction.php(31): view('admin/construction/index', [...])
 6 SYSTEMPATH\CodeIgniter.php(951): App\Controllers\Admin\Construction->index()
 7 SYSTEMPATH\CodeIgniter.php(497): CodeIgniter\CodeIgniter->runController(Object(App\Controllers\Admin\Construction))
 8 SYSTEMPATH\CodeIgniter.php(340): CodeIgniter\CodeIgniter->handleRequest(null, Object(Config\Cache), false)
 9 SYSTEMPATH\Boot.php(417): CodeIgniter\CodeIgniter->run()
10 SYSTEMPATH\Boot.php(68): CodeIgniter\Boot::runCodeIgniter(Object(CodeIgniter\CodeIgniter))
11 FCPATH\index.php(59): CodeIgniter\Boot::bootWeb(Object(Config\Paths))
12 SYSTEMPATH\rewrite.php(44): require_once('D:\\Program Files\\backend_core\\public\\index.php')
WARNING - 2026-04-02 15:36:02 --> [DEPRECATED] substr(): Passing null to parameter #1 ($string) of type string is deprecated in APPPATH\Views\admin\construction\index.php on line 109.
 1 APPPATH\Views\admin\construction\index.php(109): substr(null, 0, 25)
 2 SYSTEMPATH\View\View.php(238): include('D:\\Program Files\\backend_core\\app\\Views\\admin\\construction\\index.php')
 3 SYSTEMPATH\View\View.php(241): CodeIgniter\View\View->CodeIgniter\View\{closure}()
 4 SYSTEMPATH\Common.php(1250): CodeIgniter\View\View->render('admin/construction/index', [], true)
 5 APPPATH\Controllers\Admin\Construction.php(31): view('admin/construction/index', [...])
 6 SYSTEMPATH\CodeIgniter.php(951): App\Controllers\Admin\Construction->index()
 7 SYSTEMPATH\CodeIgniter.php(497): CodeIgniter\CodeIgniter->runController(Object(App\Controllers\Admin\Construction))
 8 SYSTEMPATH\CodeIgniter.php(340): CodeIgniter\CodeIgniter->handleRequest(null, Object(Config\Cache), false)
 9 SYSTEMPATH\Boot.php(417): CodeIgniter\CodeIgniter->run()
10 SYSTEMPATH\Boot.php(68): CodeIgniter\Boot::runCodeIgniter(Object(CodeIgniter\CodeIgniter))
11 FCPATH\index.php(59): CodeIgniter\Boot::bootWeb(Object(Config\Paths))
12 SYSTEMPATH\rewrite.php(44): require_once('D:\\Program Files\\backend_core\\public\\index.php')
WARNING - 2026-04-02 15:36:02 --> [DEPRECATED] strtotime(): Passing null to parameter #1 ($datetime) of type string is deprecated in APPPATH\Views\admin\construction\index.php on line 113.
 1 APPPATH\Views\admin\construction\index.php(113): strtotime(null)
 2 SYSTEMPATH\View\View.php(238): include('D:\\Program Files\\backend_core\\app\\Views\\admin\\construction\\index.php')
 3 SYSTEMPATH\View\View.php(241): CodeIgniter\View\View->CodeIgniter\View\{closure}()
 4 SYSTEMPATH\Common.php(1250): CodeIgniter\View\View->render('admin/construction/index', [], true)
 5 APPPATH\Controllers\Admin\Construction.php(31): view('admin/construction/index', [...])
 6 SYSTEMPATH\CodeIgniter.php(951): App\Controllers\Admin\Construction->index()
 7 SYSTEMPATH\CodeIgniter.php(497): CodeIgniter\CodeIgniter->runController(Object(App\Controllers\Admin\Construction))
 8 SYSTEMPATH\CodeIgniter.php(340): CodeIgniter\CodeIgniter->handleRequest(null, Object(Config\Cache), false)
 9 SYSTEMPATH\Boot.php(417): CodeIgniter\CodeIgniter->run()
10 SYSTEMPATH\Boot.php(68): CodeIgniter\Boot::runCodeIgniter(Object(CodeIgniter\CodeIgniter))
11 FCPATH\index.php(59): CodeIgniter\Boot::bootWeb(Object(Config\Paths))
12 SYSTEMPATH\rewrite.php(44): require_once('D:\\Program Files\\backend_core\\public\\index.php')
DEBUG - 2026-04-02 15:36:06 --> Session: Class initialized using 'CodeIgniter\Session\Handlers\FileHandler' driver.
DEBUG - 2026-04-02 15:36:15 --> Session: Class initialized using 'CodeIgniter\Session\Handlers\FileHandler' driver.
DEBUG - 2026-04-02 15:36:15 --> Session: Class initialized using 'CodeIgniter\Session\Handlers\FileHandler' driver.
DEBUG - 2026-04-02 15:37:52 --> Session: Class initialized using 'CodeIgniter\Session\Handlers\FileHandler' driver.
WARNING - 2026-04-02 15:37:53 --> [DEPRECATED] substr(): Passing null to parameter #1 ($string) of type string is deprecated in APPPATH\Views\admin\construction\index.php on line 109.
 1 APPPATH\Views\admin\construction\index.php(109): substr(null, 0, 25)
 2 SYSTEMPATH\View\View.php(238): include('D:\\Program Files\\backend_core\\app\\Views\\admin\\construction\\index.php')
 3 SYSTEMPATH\View\View.php(241): CodeIgniter\View\View->CodeIgniter\View\{closure}()
 4 SYSTEMPATH\Common.php(1250): CodeIgniter\View\View->render('admin/construction/index', [], true)
 5 APPPATH\Controllers\Admin\Construction.php(31): view('admin/construction/index', [...])
 6 SYSTEMPATH\CodeIgniter.php(951): App\Controllers\Admin\Construction->index()
 7 SYSTEMPATH\CodeIgniter.php(497): CodeIgniter\CodeIgniter->runController(Object(App\Controllers\Admin\Construction))
 8 SYSTEMPATH\CodeIgniter.php(340): CodeIgniter\CodeIgniter->handleRequest(null, Object(Config\Cache), false)
 9 SYSTEMPATH\Boot.php(417): CodeIgniter\CodeIgniter->run()
10 SYSTEMPATH\Boot.php(68): CodeIgniter\Boot::runCodeIgniter(Object(CodeIgniter\CodeIgniter))
11 FCPATH\index.php(59): CodeIgniter\Boot::bootWeb(Object(Config\Paths))
12 SYSTEMPATH\rewrite.php(44): require_once('D:\\Program Files\\backend_core\\public\\index.php')
WARNING - 2026-04-02 15:37:53 --> [DEPRECATED] strtotime(): Passing null to parameter #1 ($datetime) of type string is deprecated in APPPATH\Views\admin\construction\index.php on line 113.
 1 APPPATH\Views\admin\construction\index.php(113): strtotime(null)
 2 SYSTEMPATH\View\View.php(238): include('D:\\Program Files\\backend_core\\app\\Views\\admin\\construction\\index.php')
 3 SYSTEMPATH\View\View.php(241): CodeIgniter\View\View->CodeIgniter\View\{closure}()
 4 SYSTEMPATH\Common.php(1250): CodeIgniter\View\View->render('admin/construction/index', [], true)
 5 APPPATH\Controllers\Admin\Construction.php(31): view('admin/construction/index', [...])
 6 SYSTEMPATH\CodeIgniter.php(951): App\Controllers\Admin\Construction->index()
 7 SYSTEMPATH\CodeIgniter.php(497): CodeIgniter\CodeIgniter->runController(Object(App\Controllers\Admin\Construction))
 8 SYSTEMPATH\CodeIgniter.php(340): CodeIgniter\CodeIgniter->handleRequest(null, Object(Config\Cache), false)
 9 SYSTEMPATH\Boot.php(417): CodeIgniter\CodeIgniter->run()
10 SYSTEMPATH\Boot.php(68): CodeIgniter\Boot::runCodeIgniter(Object(CodeIgniter\CodeIgniter))
11 FCPATH\index.php(59): CodeIgniter\Boot::bootWeb(Object(Config\Paths))
12 SYSTEMPATH\rewrite.php(44): require_once('D:\\Program Files\\backend_core\\public\\index.php')
WARNING - 2026-04-02 15:37:53 --> [DEPRECATED] substr(): Passing null to parameter #1 ($string) of type string is deprecated in APPPATH\Views\admin\construction\index.php on line 109.
 1 APPPATH\Views\admin\construction\index.php(109): substr(null, 0, 25)
 2 SYSTEMPATH\View\View.php(238): include('D:\\Program Files\\backend_core\\app\\Views\\admin\\construction\\index.php')
 3 SYSTEMPATH\View\View.php(241): CodeIgniter\View\View->CodeIgniter\View\{closure}()
 4 SYSTEMPATH\Common.php(1250): CodeIgniter\View\View->render('admin/construction/index', [], true)
 5 APPPATH\Controllers\Admin\Construction.php(31): view('admin/construction/index', [...])
 6 SYSTEMPATH\CodeIgniter.php(951): App\Controllers\Admin\Construction->index()
 7 SYSTEMPATH\CodeIgniter.php(497): CodeIgniter\CodeIgniter->runController(Object(App\Controllers\Admin\Construction))
 8 SYSTEMPATH\CodeIgniter.php(340): CodeIgniter\CodeIgniter->handleRequest(null, Object(Config\Cache), false)
 9 SYSTEMPATH\Boot.php(417): CodeIgniter\CodeIgniter->run()
10 SYSTEMPATH\Boot.php(68): CodeIgniter\Boot::runCodeIgniter(Object(CodeIgniter\CodeIgniter))
11 FCPATH\index.php(59): CodeIgniter\Boot::bootWeb(Object(Config\Paths))
12 SYSTEMPATH\rewrite.php(44): require_once('D:\\Program Files\\backend_core\\public\\index.php')
WARNING - 2026-04-02 15:37:53 --> [DEPRECATED] strtotime(): Passing null to parameter #1 ($datetime) of type string is deprecated in APPPATH\Views\admin\construction\index.php on line 113.
 1 APPPATH\Views\admin\construction\index.php(113): strtotime(null)
 2 SYSTEMPATH\View\View.php(238): include('D:\\Program Files\\backend_core\\app\\Views\\admin\\construction\\index.php')
 3 SYSTEMPATH\View\View.php(241): CodeIgniter\View\View->CodeIgniter\View\{closure}()
 4 SYSTEMPATH\Common.php(1250): CodeIgniter\View\View->render('admin/construction/index', [], true)
 5 APPPATH\Controllers\Admin\Construction.php(31): view('admin/construction/index', [...])
 6 SYSTEMPATH\CodeIgniter.php(951): App\Controllers\Admin\Construction->index()
 7 SYSTEMPATH\CodeIgniter.php(497): CodeIgniter\CodeIgniter->runController(Object(App\Controllers\Admin\Construction))
 8 SYSTEMPATH\CodeIgniter.php(340): CodeIgniter\CodeIgniter->handleRequest(null, Object(Config\Cache), false)
 9 SYSTEMPATH\Boot.php(417): CodeIgniter\CodeIgniter->run()
10 SYSTEMPATH\Boot.php(68): CodeIgniter\Boot::runCodeIgniter(Object(CodeIgniter\CodeIgniter))
11 FCPATH\index.php(59): CodeIgniter\Boot::bootWeb(Object(Config\Paths))
12 SYSTEMPATH\rewrite.php(44): require_once('D:\\Program Files\\backend_core\\public\\index.php')
DEBUG - 2026-04-02 15:37:56 --> Session: Class initialized using 'CodeIgniter\Session\Handlers\FileHandler' driver.
DEBUG - 2026-04-02 15:45:18 --> Session: Class initialized using 'CodeIgniter\Session\Handlers\FileHandler' driver.
DEBUG - 2026-04-02 15:45:34 --> Session: Class initialized using 'CodeIgniter\Session\Handlers\FileHandler' driver.
WARNING - 2026-04-02 15:45:35 --> [DEPRECATED] Implicit conversion from float 2.026 to int loses precision in APPPATH\Helpers\terbilang_helper.php on line 10.
 1 APPPATH\Helpers\terbilang_helper.php(22): terbilang(2.026)
 2 APPPATH\Helpers\terbilang_helper.php(56): terbilang(2026)
 3 APPPATH\Controllers\Admin\Surat.php(46): tanggal_surat_indo('2026-04-02')
 4 SYSTEMPATH\CodeIgniter.php(951): App\Controllers\Admin\Surat->exportPdf('19')
 5 SYSTEMPATH\CodeIgniter.php(497): CodeIgniter\CodeIgniter->runController(Object(App\Controllers\Admin\Surat))
 6 SYSTEMPATH\CodeIgniter.php(340): CodeIgniter\CodeIgniter->handleRequest(null, Object(Config\Cache), false)
 7 SYSTEMPATH\Boot.php(417): CodeIgniter\CodeIgniter->run()
 8 SYSTEMPATH\Boot.php(68): CodeIgniter\Boot::runCodeIgniter(Object(CodeIgniter\CodeIgniter))
 9 FCPATH\index.php(59): CodeIgniter\Boot::bootWeb(Object(Config\Paths))
10 SYSTEMPATH\rewrite.php(44): require_once('D:\\Program Files\\backend_core\\public\\index.php')
WARNING - 2026-04-02 15:45:35 --> [DEPRECATED] Implicit conversion from float 2.6 to int loses precision in APPPATH\Helpers\terbilang_helper.php on line 10.
 1 APPPATH\Helpers\terbilang_helper.php(14): terbilang(2.6)
 2 APPPATH\Helpers\terbilang_helper.php(22): terbilang(26)
 3 APPPATH\Helpers\terbilang_helper.php(56): terbilang(2026)
 4 APPPATH\Controllers\Admin\Surat.php(46): tanggal_surat_indo('2026-04-02')
 5 SYSTEMPATH\CodeIgniter.php(951): App\Controllers\Admin\Surat->exportPdf('19')
 6 SYSTEMPATH\CodeIgniter.php(497): CodeIgniter\CodeIgniter->runController(Object(App\Controllers\Admin\Surat))
 7 SYSTEMPATH\CodeIgniter.php(340): CodeIgniter\CodeIgniter->handleRequest(null, Object(Config\Cache), false)
 8 SYSTEMPATH\Boot.php(417): CodeIgniter\CodeIgniter->run()
 9 SYSTEMPATH\Boot.php(68): CodeIgniter\Boot::runCodeIgniter(Object(CodeIgniter\CodeIgniter))
10 FCPATH\index.php(59): CodeIgniter\Boot::bootWeb(Object(Config\Paths))
11 SYSTEMPATH\rewrite.php(44): require_once('D:\\Program Files\\backend_core\\public\\index.php')
WARNING - 2026-04-02 15:45:35 --> [DEPRECATED] Implicit conversion from float 10.59 to int loses precision in APPPATH\Helpers\terbilang_helper.php on line 10.
 1 APPPATH\Helpers\terbilang_helper.php(24): terbilang(10.59)
 2 APPPATH\Views\admin\surat\kontrak_template.php(181): terbilang(10590000.0)
 3 SYSTEMPATH\View\View.php(238): include('D:\\Program Files\\backend_core\\app\\Views\\admin\\surat\\kontrak_template.php')
 4 SYSTEMPATH\View\View.php(241): CodeIgniter\View\View->CodeIgniter\View\{closure}()
 5 SYSTEMPATH\Common.php(1250): CodeIgniter\View\View->render('admin/surat/kontrak_template', [], true)
 6 APPPATH\Controllers\Admin\Surat.php(52): view('admin/surat/kontrak_template', [...])
 7 SYSTEMPATH\CodeIgniter.php(951): App\Controllers\Admin\Surat->exportPdf('19')
 8 SYSTEMPATH\CodeIgniter.php(497): CodeIgniter\CodeIgniter->runController(Object(App\Controllers\Admin\Surat))
 9 SYSTEMPATH\CodeIgniter.php(340): CodeIgniter\CodeIgniter->handleRequest(null, Object(Config\Cache), false)
10 SYSTEMPATH\Boot.php(417): CodeIgniter\CodeIgniter->run()
11 SYSTEMPATH\Boot.php(68): CodeIgniter\Boot::runCodeIgniter(Object(CodeIgniter\CodeIgniter))
12 FCPATH\index.php(59): CodeIgniter\Boot::bootWeb(Object(Config\Paths))
13 SYSTEMPATH\rewrite.php(44): require_once('D:\\Program Files\\backend_core\\public\\index.php')
WARNING - 2026-04-02 15:45:35 --> [DEPRECATED] Implicit conversion from float 5.9 to int loses precision in APPPATH\Helpers\terbilang_helper.php on line 10.
 1 APPPATH\Helpers\terbilang_helper.php(18): terbilang(5.9)
 2 APPPATH\Helpers\terbilang_helper.php(22): terbilang(590)
 3 APPPATH\Helpers\terbilang_helper.php(24): terbilang(590000)
 4 APPPATH\Views\admin\surat\kontrak_template.php(181): terbilang(10590000.0)
 5 SYSTEMPATH\View\View.php(238): include('D:\\Program Files\\backend_core\\app\\Views\\admin\\surat\\kontrak_template.php')
 6 SYSTEMPATH\View\View.php(241): CodeIgniter\View\View->CodeIgniter\View\{closure}()
 7 SYSTEMPATH\Common.php(1250): CodeIgniter\View\View->render('admin/surat/kontrak_template', [], true)
 8 APPPATH\Controllers\Admin\Surat.php(52): view('admin/surat/kontrak_template', [...])
 9 SYSTEMPATH\CodeIgniter.php(951): App\Controllers\Admin\Surat->exportPdf('19')
10 SYSTEMPATH\CodeIgniter.php(497): CodeIgniter\CodeIgniter->runController(Object(App\Controllers\Admin\Surat))
11 SYSTEMPATH\CodeIgniter.php(340): CodeIgniter\CodeIgniter->handleRequest(null, Object(Config\Cache), false)
12 SYSTEMPATH\Boot.php(417): CodeIgniter\CodeIgniter->run()
13 SYSTEMPATH\Boot.php(68): CodeIgniter\Boot::runCodeIgniter(Object(CodeIgniter\CodeIgniter))
14 FCPATH\index.php(59): CodeIgniter\Boot::bootWeb(Object(Config\Paths))
15 SYSTEMPATH\rewrite.php(44): require_once('D:\\Program Files\\backend_core\\public\\index.php')
DEBUG - 2026-04-02 15:45:52 --> Session: Class initialized using 'CodeIgniter\Session\Handlers\FileHandler' driver.
DEBUG - 2026-04-02 15:46:06 --> Session: Class initialized using 'CodeIgniter\Session\Handlers\FileHandler' driver.
DEBUG - 2026-04-02 15:48:09 --> Session: Class initialized using 'CodeIgniter\Session\Handlers\FileHandler' driver.
CRITICAL - 2026-04-02 15:48:09 --> ErrorException: Undefined array key "roman_number"
[Method: GET, Route: admin/construction/detail/19]
in APPPATH\Views\admin\construction\detail.php on line 357.
 1 APPPATH\Views\admin\construction\detail.php(357): CodeIgniter\Debug\Exceptions->errorHandler(2, 'Undefined array key "roman_number"', 'D:\\Program Files\\backend_core\\app\\Views\\admin\\construction\\detail.php', 357)
 2 SYSTEMPATH\View\View.php(238): include('D:\\Program Files\\backend_core\\app\\Views\\admin\\construction\\detail.php')
 3 SYSTEMPATH\View\View.php(241): CodeIgniter\View\View->CodeIgniter\View\{closure}()
 4 SYSTEMPATH\Common.php(1250): CodeIgniter\View\View->render('admin/construction/detail', [], true)
 5 APPPATH\Controllers\Admin\Construction.php(96): view('admin/construction/detail', [...])
 6 SYSTEMPATH\CodeIgniter.php(951): App\Controllers\Admin\Construction->detail('19')
 7 SYSTEMPATH\CodeIgniter.php(497): CodeIgniter\CodeIgniter->runController(Object(App\Controllers\Admin\Construction))
 8 SYSTEMPATH\CodeIgniter.php(340): CodeIgniter\CodeIgniter->handleRequest(null, Object(Config\Cache), false)
 9 SYSTEMPATH\Boot.php(417): CodeIgniter\CodeIgniter->run()
10 SYSTEMPATH\Boot.php(68): CodeIgniter\Boot::runCodeIgniter(Object(CodeIgniter\CodeIgniter))
11 FCPATH\index.php(59): CodeIgniter\Boot::bootWeb(Object(Config\Paths))
12 SYSTEMPATH\rewrite.php(44): require_once('D:\\Program Files\\backend_core\\public\\index.php')
DEBUG - 2026-04-02 15:48:18 --> Session: Class initialized using 'CodeIgniter\Session\Handlers\FileHandler' driver.
CRITICAL - 2026-04-02 15:48:18 --> ErrorException: Undefined array key "roman"
[Method: GET, Route: admin/construction/detail/19]
in APPPATH\Views\admin\construction\detail.php on line 357.
 1 APPPATH\Views\admin\construction\detail.php(357): CodeIgniter\Debug\Exceptions->errorHandler(2, 'Undefined array key "roman"', 'D:\\Program Files\\backend_core\\app\\Views\\admin\\construction\\detail.php', 357)
 2 SYSTEMPATH\View\View.php(238): include('D:\\Program Files\\backend_core\\app\\Views\\admin\\construction\\detail.php')
 3 SYSTEMPATH\View\View.php(241): CodeIgniter\View\View->CodeIgniter\View\{closure}()
 4 SYSTEMPATH\Common.php(1250): CodeIgniter\View\View->render('admin/construction/detail', [], true)
 5 APPPATH\Controllers\Admin\Construction.php(96): view('admin/construction/detail', [...])
 6 SYSTEMPATH\CodeIgniter.php(951): App\Controllers\Admin\Construction->detail('19')
 7 SYSTEMPATH\CodeIgniter.php(497): CodeIgniter\CodeIgniter->runController(Object(App\Controllers\Admin\Construction))
 8 SYSTEMPATH\CodeIgniter.php(340): CodeIgniter\CodeIgniter->handleRequest(null, Object(Config\Cache), false)
 9 SYSTEMPATH\Boot.php(417): CodeIgniter\CodeIgniter->run()
10 SYSTEMPATH\Boot.php(68): CodeIgniter\Boot::runCodeIgniter(Object(CodeIgniter\CodeIgniter))
11 FCPATH\index.php(59): CodeIgniter\Boot::bootWeb(Object(Config\Paths))
12 SYSTEMPATH\rewrite.php(44): require_once('D:\\Program Files\\backend_core\\public\\index.php')
DEBUG - 2026-04-02 15:50:26 --> Session: Class initialized using 'CodeIgniter\Session\Handlers\FileHandler' driver.
DEBUG - 2026-04-02 15:51:10 --> Session: Class initialized using 'CodeIgniter\Session\Handlers\FileHandler' driver.
DEBUG - 2026-04-02 15:55:42 --> Session: Class initialized using 'CodeIgniter\Session\Handlers\FileHandler' driver.
DEBUG - 2026-04-02 15:58:26 --> Session: Class initialized using 'CodeIgniter\Session\Handlers\FileHandler' driver.
DEBUG - 2026-04-02 15:58:46 --> Session: Class initialized using 'CodeIgniter\Session\Handlers\FileHandler' driver.
WARNING - 2026-04-02 15:58:47 --> [DEPRECATED] Implicit conversion from float 2.026 to int loses precision in APPPATH\Helpers\terbilang_helper.php on line 10.
 1 APPPATH\Helpers\terbilang_helper.php(22): terbilang(2.026)
 2 APPPATH\Helpers\terbilang_helper.php(56): terbilang(2026)
 3 APPPATH\Controllers\Admin\Surat.php(46): tanggal_surat_indo('2026-04-02')
 4 SYSTEMPATH\CodeIgniter.php(951): App\Controllers\Admin\Surat->exportPdf('19')
 5 SYSTEMPATH\CodeIgniter.php(497): CodeIgniter\CodeIgniter->runController(Object(App\Controllers\Admin\Surat))
 6 SYSTEMPATH\CodeIgniter.php(340): CodeIgniter\CodeIgniter->handleRequest(null, Object(Config\Cache), false)
 7 SYSTEMPATH\Boot.php(417): CodeIgniter\CodeIgniter->run()
 8 SYSTEMPATH\Boot.php(68): CodeIgniter\Boot::runCodeIgniter(Object(CodeIgniter\CodeIgniter))
 9 FCPATH\index.php(59): CodeIgniter\Boot::bootWeb(Object(Config\Paths))
10 SYSTEMPATH\rewrite.php(44): require_once('D:\\Program Files\\backend_core\\public\\index.php')
WARNING - 2026-04-02 15:58:47 --> [DEPRECATED] Implicit conversion from float 2.6 to int loses precision in APPPATH\Helpers\terbilang_helper.php on line 10.
 1 APPPATH\Helpers\terbilang_helper.php(14): terbilang(2.6)
 2 APPPATH\Helpers\terbilang_helper.php(22): terbilang(26)
 3 APPPATH\Helpers\terbilang_helper.php(56): terbilang(2026)
 4 APPPATH\Controllers\Admin\Surat.php(46): tanggal_surat_indo('2026-04-02')
 5 SYSTEMPATH\CodeIgniter.php(951): App\Controllers\Admin\Surat->exportPdf('19')
 6 SYSTEMPATH\CodeIgniter.php(497): CodeIgniter\CodeIgniter->runController(Object(App\Controllers\Admin\Surat))
 7 SYSTEMPATH\CodeIgniter.php(340): CodeIgniter\CodeIgniter->handleRequest(null, Object(Config\Cache), false)
 8 SYSTEMPATH\Boot.php(417): CodeIgniter\CodeIgniter->run()
 9 SYSTEMPATH\Boot.php(68): CodeIgniter\Boot::runCodeIgniter(Object(CodeIgniter\CodeIgniter))
10 FCPATH\index.php(59): CodeIgniter\Boot::bootWeb(Object(Config\Paths))
11 SYSTEMPATH\rewrite.php(44): require_once('D:\\Program Files\\backend_core\\public\\index.php')
WARNING - 2026-04-02 15:58:47 --> [DEPRECATED] Implicit conversion from float 10.59 to int loses precision in APPPATH\Helpers\terbilang_helper.php on line 10.
 1 APPPATH\Helpers\terbilang_helper.php(24): terbilang(10.59)
 2 APPPATH\Views\admin\surat\kontrak_template.php(181): terbilang(10590000.0)
 3 SYSTEMPATH\View\View.php(238): include('D:\\Program Files\\backend_core\\app\\Views\\admin\\surat\\kontrak_template.php')
 4 SYSTEMPATH\View\View.php(241): CodeIgniter\View\View->CodeIgniter\View\{closure}()
 5 SYSTEMPATH\Common.php(1250): CodeIgniter\View\View->render('admin/surat/kontrak_template', [], true)
 6 APPPATH\Controllers\Admin\Surat.php(52): view('admin/surat/kontrak_template', [...])
 7 SYSTEMPATH\CodeIgniter.php(951): App\Controllers\Admin\Surat->exportPdf('19')
 8 SYSTEMPATH\CodeIgniter.php(497): CodeIgniter\CodeIgniter->runController(Object(App\Controllers\Admin\Surat))
 9 SYSTEMPATH\CodeIgniter.php(340): CodeIgniter\CodeIgniter->handleRequest(null, Object(Config\Cache), false)
10 SYSTEMPATH\Boot.php(417): CodeIgniter\CodeIgniter->run()
11 SYSTEMPATH\Boot.php(68): CodeIgniter\Boot::runCodeIgniter(Object(CodeIgniter\CodeIgniter))
12 FCPATH\index.php(59): CodeIgniter\Boot::bootWeb(Object(Config\Paths))
13 SYSTEMPATH\rewrite.php(44): require_once('D:\\Program Files\\backend_core\\public\\index.php')
WARNING - 2026-04-02 15:58:47 --> [DEPRECATED] Implicit conversion from float 5.9 to int loses precision in APPPATH\Helpers\terbilang_helper.php on line 10.
 1 APPPATH\Helpers\terbilang_helper.php(18): terbilang(5.9)
 2 APPPATH\Helpers\terbilang_helper.php(22): terbilang(590)
 3 APPPATH\Helpers\terbilang_helper.php(24): terbilang(590000)
 4 APPPATH\Views\admin\surat\kontrak_template.php(181): terbilang(10590000.0)
 5 SYSTEMPATH\View\View.php(238): include('D:\\Program Files\\backend_core\\app\\Views\\admin\\surat\\kontrak_template.php')
 6 SYSTEMPATH\View\View.php(241): CodeIgniter\View\View->CodeIgniter\View\{closure}()
 7 SYSTEMPATH\Common.php(1250): CodeIgniter\View\View->render('admin/surat/kontrak_template', [], true)
 8 APPPATH\Controllers\Admin\Surat.php(52): view('admin/surat/kontrak_template', [...])
 9 SYSTEMPATH\CodeIgniter.php(951): App\Controllers\Admin\Surat->exportPdf('19')
10 SYSTEMPATH\CodeIgniter.php(497): CodeIgniter\CodeIgniter->runController(Object(App\Controllers\Admin\Surat))
11 SYSTEMPATH\CodeIgniter.php(340): CodeIgniter\CodeIgniter->handleRequest(null, Object(Config\Cache), false)
12 SYSTEMPATH\Boot.php(417): CodeIgniter\CodeIgniter->run()
13 SYSTEMPATH\Boot.php(68): CodeIgniter\Boot::runCodeIgniter(Object(CodeIgniter\CodeIgniter))
14 FCPATH\index.php(59): CodeIgniter\Boot::bootWeb(Object(Config\Paths))
15 SYSTEMPATH\rewrite.php(44): require_once('D:\\Program Files\\backend_core\\public\\index.php')
DEBUG - 2026-04-02 15:58:52 --> Session: Class initialized using 'CodeIgniter\Session\Handlers\FileHandler' driver.
DEBUG - 2026-04-02 15:58:52 --> Session: Class initialized using 'CodeIgniter\Session\Handlers\FileHandler' driver.
DEBUG - 2026-04-02 15:58:57 --> Session: Class initialized using 'CodeIgniter\Session\Handlers\FileHandler' driver.
DEBUG - 2026-04-02 15:58:58 --> Session: Class initialized using 'CodeIgniter\Session\Handlers\FileHandler' driver.
DEBUG - 2026-04-02 15:59:28 --> Session: Class initialized using 'CodeIgniter\Session\Handlers\FileHandler' driver.
DEBUG - 2026-04-02 15:59:29 --> Session: Class initialized using 'CodeIgniter\Session\Handlers\FileHandler' driver.
DEBUG - 2026-04-02 16:02:33 --> Session: Class initialized using 'CodeIgniter\Session\Handlers\FileHandler' driver.
DEBUG - 2026-04-02 16:02:33 --> Session: Class initialized using 'CodeIgniter\Session\Handlers\FileHandler' driver.
DEBUG - 2026-04-02 16:03:44 --> Session: Class initialized using 'CodeIgniter\Session\Handlers\FileHandler' driver.
DEBUG - 2026-04-02 16:03:45 --> Session: Class initialized using 'CodeIgniter\Session\Handlers\FileHandler' driver.
DEBUG - 2026-04-02 16:03:51 --> Session: Class initialized using 'CodeIgniter\Session\Handlers\FileHandler' driver.
WARNING - 2026-04-02 16:03:51 --> [DEPRECATED] substr(): Passing null to parameter #1 ($string) of type string is deprecated in APPPATH\Views\admin\construction\index.php on line 109.
 1 APPPATH\Views\admin\construction\index.php(109): substr(null, 0, 25)
 2 SYSTEMPATH\View\View.php(238): include('D:\\Program Files\\backend_core\\app\\Views\\admin\\construction\\index.php')
 3 SYSTEMPATH\View\View.php(241): CodeIgniter\View\View->CodeIgniter\View\{closure}()
 4 SYSTEMPATH\Common.php(1250): CodeIgniter\View\View->render('admin/construction/index', [], true)
 5 APPPATH\Controllers\Admin\Construction.php(31): view('admin/construction/index', [...])
 6 SYSTEMPATH\CodeIgniter.php(951): App\Controllers\Admin\Construction->index()
 7 SYSTEMPATH\CodeIgniter.php(497): CodeIgniter\CodeIgniter->runController(Object(App\Controllers\Admin\Construction))
 8 SYSTEMPATH\CodeIgniter.php(340): CodeIgniter\CodeIgniter->handleRequest(null, Object(Config\Cache), false)
 9 SYSTEMPATH\Boot.php(417): CodeIgniter\CodeIgniter->run()
10 SYSTEMPATH\Boot.php(68): CodeIgniter\Boot::runCodeIgniter(Object(CodeIgniter\CodeIgniter))
11 FCPATH\index.php(59): CodeIgniter\Boot::bootWeb(Object(Config\Paths))
12 SYSTEMPATH\rewrite.php(44): require_once('D:\\Program Files\\backend_core\\public\\index.php')
WARNING - 2026-04-02 16:03:51 --> [DEPRECATED] strtotime(): Passing null to parameter #1 ($datetime) of type string is deprecated in APPPATH\Views\admin\construction\index.php on line 113.
 1 APPPATH\Views\admin\construction\index.php(113): strtotime(null)
 2 SYSTEMPATH\View\View.php(238): include('D:\\Program Files\\backend_core\\app\\Views\\admin\\construction\\index.php')
 3 SYSTEMPATH\View\View.php(241): CodeIgniter\View\View->CodeIgniter\View\{closure}()
 4 SYSTEMPATH\Common.php(1250): CodeIgniter\View\View->render('admin/construction/index', [], true)
 5 APPPATH\Controllers\Admin\Construction.php(31): view('admin/construction/index', [...])
 6 SYSTEMPATH\CodeIgniter.php(951): App\Controllers\Admin\Construction->index()
 7 SYSTEMPATH\CodeIgniter.php(497): CodeIgniter\CodeIgniter->runController(Object(App\Controllers\Admin\Construction))
 8 SYSTEMPATH\CodeIgniter.php(340): CodeIgniter\CodeIgniter->handleRequest(null, Object(Config\Cache), false)
 9 SYSTEMPATH\Boot.php(417): CodeIgniter\CodeIgniter->run()
10 SYSTEMPATH\Boot.php(68): CodeIgniter\Boot::runCodeIgniter(Object(CodeIgniter\CodeIgniter))
11 FCPATH\index.php(59): CodeIgniter\Boot::bootWeb(Object(Config\Paths))
12 SYSTEMPATH\rewrite.php(44): require_once('D:\\Program Files\\backend_core\\public\\index.php')
WARNING - 2026-04-02 16:03:51 --> [DEPRECATED] substr(): Passing null to parameter #1 ($string) of type string is deprecated in APPPATH\Views\admin\construction\index.php on line 109.
 1 APPPATH\Views\admin\construction\index.php(109): substr(null, 0, 25)
 2 SYSTEMPATH\View\View.php(238): include('D:\\Program Files\\backend_core\\app\\Views\\admin\\construction\\index.php')
 3 SYSTEMPATH\View\View.php(241): CodeIgniter\View\View->CodeIgniter\View\{closure}()
 4 SYSTEMPATH\Common.php(1250): CodeIgniter\View\View->render('admin/construction/index', [], true)
 5 APPPATH\Controllers\Admin\Construction.php(31): view('admin/construction/index', [...])
 6 SYSTEMPATH\CodeIgniter.php(951): App\Controllers\Admin\Construction->index()
 7 SYSTEMPATH\CodeIgniter.php(497): CodeIgniter\CodeIgniter->runController(Object(App\Controllers\Admin\Construction))
 8 SYSTEMPATH\CodeIgniter.php(340): CodeIgniter\CodeIgniter->handleRequest(null, Object(Config\Cache), false)
 9 SYSTEMPATH\Boot.php(417): CodeIgniter\CodeIgniter->run()
10 SYSTEMPATH\Boot.php(68): CodeIgniter\Boot::runCodeIgniter(Object(CodeIgniter\CodeIgniter))
11 FCPATH\index.php(59): CodeIgniter\Boot::bootWeb(Object(Config\Paths))
12 SYSTEMPATH\rewrite.php(44): require_once('D:\\Program Files\\backend_core\\public\\index.php')
WARNING - 2026-04-02 16:03:51 --> [DEPRECATED] strtotime(): Passing null to parameter #1 ($datetime) of type string is deprecated in APPPATH\Views\admin\construction\index.php on line 113.
 1 APPPATH\Views\admin\construction\index.php(113): strtotime(null)
 2 SYSTEMPATH\View\View.php(238): include('D:\\Program Files\\backend_core\\app\\Views\\admin\\construction\\index.php')
 3 SYSTEMPATH\View\View.php(241): CodeIgniter\View\View->CodeIgniter\View\{closure}()
 4 SYSTEMPATH\Common.php(1250): CodeIgniter\View\View->render('admin/construction/index', [], true)
 5 APPPATH\Controllers\Admin\Construction.php(31): view('admin/construction/index', [...])
 6 SYSTEMPATH\CodeIgniter.php(951): App\Controllers\Admin\Construction->index()
 7 SYSTEMPATH\CodeIgniter.php(497): CodeIgniter\CodeIgniter->runController(Object(App\Controllers\Admin\Construction))
 8 SYSTEMPATH\CodeIgniter.php(340): CodeIgniter\CodeIgniter->handleRequest(null, Object(Config\Cache), false)
 9 SYSTEMPATH\Boot.php(417): CodeIgniter\CodeIgniter->run()
10 SYSTEMPATH\Boot.php(68): CodeIgniter\Boot::runCodeIgniter(Object(CodeIgniter\CodeIgniter))
11 FCPATH\index.php(59): CodeIgniter\Boot::bootWeb(Object(Config\Paths))
12 SYSTEMPATH\rewrite.php(44): require_once('D:\\Program Files\\backend_core\\public\\index.php')
DEBUG - 2026-04-02 16:03:53 --> Session: Class initialized using 'CodeIgniter\Session\Handlers\FileHandler' driver.
DEBUG - 2026-04-02 16:04:11 --> Session: Class initialized using 'CodeIgniter\Session\Handlers\FileHandler' driver.
WARNING - 2026-04-02 16:04:11 --> [DEPRECATED] substr(): Passing null to parameter #1 ($string) of type string is deprecated in APPPATH\Views\admin\construction\index.php on line 109.
 1 APPPATH\Views\admin\construction\index.php(109): substr(null, 0, 25)
 2 SYSTEMPATH\View\View.php(238): include('D:\\Program Files\\backend_core\\app\\Views\\admin\\construction\\index.php')
 3 SYSTEMPATH\View\View.php(241): CodeIgniter\View\View->CodeIgniter\View\{closure}()
 4 SYSTEMPATH\Common.php(1250): CodeIgniter\View\View->render('admin/construction/index', [], true)
 5 APPPATH\Controllers\Admin\Construction.php(31): view('admin/construction/index', [...])
 6 SYSTEMPATH\CodeIgniter.php(951): App\Controllers\Admin\Construction->index()
 7 SYSTEMPATH\CodeIgniter.php(497): CodeIgniter\CodeIgniter->runController(Object(App\Controllers\Admin\Construction))
 8 SYSTEMPATH\CodeIgniter.php(340): CodeIgniter\CodeIgniter->handleRequest(null, Object(Config\Cache), false)
 9 SYSTEMPATH\Boot.php(417): CodeIgniter\CodeIgniter->run()
10 SYSTEMPATH\Boot.php(68): CodeIgniter\Boot::runCodeIgniter(Object(CodeIgniter\CodeIgniter))
11 FCPATH\index.php(59): CodeIgniter\Boot::bootWeb(Object(Config\Paths))
12 SYSTEMPATH\rewrite.php(44): require_once('D:\\Program Files\\backend_core\\public\\index.php')
WARNING - 2026-04-02 16:04:11 --> [DEPRECATED] strtotime(): Passing null to parameter #1 ($datetime) of type string is deprecated in APPPATH\Views\admin\construction\index.php on line 113.
 1 APPPATH\Views\admin\construction\index.php(113): strtotime(null)
 2 SYSTEMPATH\View\View.php(238): include('D:\\Program Files\\backend_core\\app\\Views\\admin\\construction\\index.php')
 3 SYSTEMPATH\View\View.php(241): CodeIgniter\View\View->CodeIgniter\View\{closure}()
 4 SYSTEMPATH\Common.php(1250): CodeIgniter\View\View->render('admin/construction/index', [], true)
 5 APPPATH\Controllers\Admin\Construction.php(31): view('admin/construction/index', [...])
 6 SYSTEMPATH\CodeIgniter.php(951): App\Controllers\Admin\Construction->index()
 7 SYSTEMPATH\CodeIgniter.php(497): CodeIgniter\CodeIgniter->runController(Object(App\Controllers\Admin\Construction))
 8 SYSTEMPATH\CodeIgniter.php(340): CodeIgniter\CodeIgniter->handleRequest(null, Object(Config\Cache), false)
 9 SYSTEMPATH\Boot.php(417): CodeIgniter\CodeIgniter->run()
10 SYSTEMPATH\Boot.php(68): CodeIgniter\Boot::runCodeIgniter(Object(CodeIgniter\CodeIgniter))
11 FCPATH\index.php(59): CodeIgniter\Boot::bootWeb(Object(Config\Paths))
12 SYSTEMPATH\rewrite.php(44): require_once('D:\\Program Files\\backend_core\\public\\index.php')
WARNING - 2026-04-02 16:04:11 --> [DEPRECATED] substr(): Passing null to parameter #1 ($string) of type string is deprecated in APPPATH\Views\admin\construction\index.php on line 109.
 1 APPPATH\Views\admin\construction\index.php(109): substr(null, 0, 25)
 2 SYSTEMPATH\View\View.php(238): include('D:\\Program Files\\backend_core\\app\\Views\\admin\\construction\\index.php')
 3 SYSTEMPATH\View\View.php(241): CodeIgniter\View\View->CodeIgniter\View\{closure}()
 4 SYSTEMPATH\Common.php(1250): CodeIgniter\View\View->render('admin/construction/index', [], true)
 5 APPPATH\Controllers\Admin\Construction.php(31): view('admin/construction/index', [...])
 6 SYSTEMPATH\CodeIgniter.php(951): App\Controllers\Admin\Construction->index()
 7 SYSTEMPATH\CodeIgniter.php(497): CodeIgniter\CodeIgniter->runController(Object(App\Controllers\Admin\Construction))
 8 SYSTEMPATH\CodeIgniter.php(340): CodeIgniter\CodeIgniter->handleRequest(null, Object(Config\Cache), false)
 9 SYSTEMPATH\Boot.php(417): CodeIgniter\CodeIgniter->run()
10 SYSTEMPATH\Boot.php(68): CodeIgniter\Boot::runCodeIgniter(Object(CodeIgniter\CodeIgniter))
11 FCPATH\index.php(59): CodeIgniter\Boot::bootWeb(Object(Config\Paths))
12 SYSTEMPATH\rewrite.php(44): require_once('D:\\Program Files\\backend_core\\public\\index.php')
WARNING - 2026-04-02 16:04:11 --> [DEPRECATED] strtotime(): Passing null to parameter #1 ($datetime) of type string is deprecated in APPPATH\Views\admin\construction\index.php on line 113.
 1 APPPATH\Views\admin\construction\index.php(113): strtotime(null)
 2 SYSTEMPATH\View\View.php(238): include('D:\\Program Files\\backend_core\\app\\Views\\admin\\construction\\index.php')
 3 SYSTEMPATH\View\View.php(241): CodeIgniter\View\View->CodeIgniter\View\{closure}()
 4 SYSTEMPATH\Common.php(1250): CodeIgniter\View\View->render('admin/construction/index', [], true)
 5 APPPATH\Controllers\Admin\Construction.php(31): view('admin/construction/index', [...])
 6 SYSTEMPATH\CodeIgniter.php(951): App\Controllers\Admin\Construction->index()
 7 SYSTEMPATH\CodeIgniter.php(497): CodeIgniter\CodeIgniter->runController(Object(App\Controllers\Admin\Construction))
 8 SYSTEMPATH\CodeIgniter.php(340): CodeIgniter\CodeIgniter->handleRequest(null, Object(Config\Cache), false)
 9 SYSTEMPATH\Boot.php(417): CodeIgniter\CodeIgniter->run()
10 SYSTEMPATH\Boot.php(68): CodeIgniter\Boot::runCodeIgniter(Object(CodeIgniter\CodeIgniter))
11 FCPATH\index.php(59): CodeIgniter\Boot::bootWeb(Object(Config\Paths))
12 SYSTEMPATH\rewrite.php(44): require_once('D:\\Program Files\\backend_core\\public\\index.php')
DEBUG - 2026-04-02 16:04:14 --> Session: Class initialized using 'CodeIgniter\Session\Handlers\FileHandler' driver.
DEBUG - 2026-04-02 16:04:28 --> Session: Class initialized using 'CodeIgniter\Session\Handlers\FileHandler' driver.
DEBUG - 2026-04-02 16:04:28 --> Session: Class initialized using 'CodeIgniter\Session\Handlers\FileHandler' driver.
DEBUG - 2026-04-02 16:04:33 --> Session: Class initialized using 'CodeIgniter\Session\Handlers\FileHandler' driver.
DEBUG - 2026-04-02 16:04:34 --> Session: Class initialized using 'CodeIgniter\Session\Handlers\FileHandler' driver.
DEBUG - 2026-04-02 16:15:59 --> Session: Class initialized using 'CodeIgniter\Session\Handlers\FileHandler' driver.
CRITICAL - 2026-04-02 16:15:59 --> ErrorException: Undefined variable $rabList
[Method: GET, Route: admin/construction/detail/19]
in APPPATH\Views\admin\construction\detail.php on line 352.
 1 APPPATH\Views\admin\construction\detail.php(352): CodeIgniter\Debug\Exceptions->errorHandler(2, 'Undefined variable $rabList', 'D:\\Program Files\\backend_core\\app\\Views\\admin\\construction\\detail.php', 352)
 2 SYSTEMPATH\View\View.php(238): include('D:\\Program Files\\backend_core\\app\\Views\\admin\\construction\\detail.php')
 3 SYSTEMPATH\View\View.php(241): CodeIgniter\View\View->CodeIgniter\View\{closure}()
 4 SYSTEMPATH\Common.php(1250): CodeIgniter\View\View->render('admin/construction/detail', [], true)
 5 APPPATH\Controllers\Admin\Construction.php(96): view('admin/construction/detail', [...])
 6 SYSTEMPATH\CodeIgniter.php(951): App\Controllers\Admin\Construction->detail('19')
 7 SYSTEMPATH\CodeIgniter.php(497): CodeIgniter\CodeIgniter->runController(Object(App\Controllers\Admin\Construction))
 8 SYSTEMPATH\CodeIgniter.php(340): CodeIgniter\CodeIgniter->handleRequest(null, Object(Config\Cache), false)
 9 SYSTEMPATH\Boot.php(417): CodeIgniter\CodeIgniter->run()
10 SYSTEMPATH\Boot.php(68): CodeIgniter\Boot::runCodeIgniter(Object(CodeIgniter\CodeIgniter))
11 FCPATH\index.php(59): CodeIgniter\Boot::bootWeb(Object(Config\Paths))
12 SYSTEMPATH\rewrite.php(44): require_once('D:\\Program Files\\backend_core\\public\\index.php')
DEBUG - 2026-04-02 16:16:30 --> Session: Class initialized using 'CodeIgniter\Session\Handlers\FileHandler' driver.
CRITICAL - 2026-04-02 16:16:30 --> ErrorException: Undefined array key "is_locked"
[Method: GET, Route: admin/construction/detail/19]
in APPPATH\Views\admin\construction\detail.php on line 352.
 1 APPPATH\Views\admin\construction\detail.php(352): CodeIgniter\Debug\Exceptions->errorHandler(2, 'Undefined array key "is_locked"', 'D:\\Program Files\\backend_core\\app\\Views\\admin\\construction\\detail.php', 352)
 2 SYSTEMPATH\View\View.php(238): include('D:\\Program Files\\backend_core\\app\\Views\\admin\\construction\\detail.php')
 3 SYSTEMPATH\View\View.php(241): CodeIgniter\View\View->CodeIgniter\View\{closure}()
 4 SYSTEMPATH\Common.php(1250): CodeIgniter\View\View->render('admin/construction/detail', [], true)
 5 APPPATH\Controllers\Admin\Construction.php(96): view('admin/construction/detail', [...])
 6 SYSTEMPATH\CodeIgniter.php(951): App\Controllers\Admin\Construction->detail('19')
 7 SYSTEMPATH\CodeIgniter.php(497): CodeIgniter\CodeIgniter->runController(Object(App\Controllers\Admin\Construction))
 8 SYSTEMPATH\CodeIgniter.php(340): CodeIgniter\CodeIgniter->handleRequest(null, Object(Config\Cache), false)
 9 SYSTEMPATH\Boot.php(417): CodeIgniter\CodeIgniter->run()
10 SYSTEMPATH\Boot.php(68): CodeIgniter\Boot::runCodeIgniter(Object(CodeIgniter\CodeIgniter))
11 FCPATH\index.php(59): CodeIgniter\Boot::bootWeb(Object(Config\Paths))
12 SYSTEMPATH\rewrite.php(44): require_once('D:\\Program Files\\backend_core\\public\\index.php')
DEBUG - 2026-04-02 16:20:22 --> Session: Class initialized using 'CodeIgniter\Session\Handlers\FileHandler' driver.
DEBUG - 2026-04-02 16:20:31 --> Session: Class initialized using 'CodeIgniter\Session\Handlers\FileHandler' driver.
DEBUG - 2026-04-02 16:20:32 --> Session: Class initialized using 'CodeIgniter\Session\Handlers\FileHandler' driver.
DEBUG - 2026-04-02 16:20:42 --> Session: Class initialized using 'CodeIgniter\Session\Handlers\FileHandler' driver.
DEBUG - 2026-04-02 16:20:50 --> Session: Class initialized using 'CodeIgniter\Session\Handlers\FileHandler' driver.
DEBUG - 2026-04-02 16:20:50 --> Session: Class initialized using 'CodeIgniter\Session\Handlers\FileHandler' driver.
DEBUG - 2026-04-02 16:22:26 --> Session: Class initialized using 'CodeIgniter\Session\Handlers\FileHandler' driver.
DEBUG - 2026-04-02 16:23:59 --> Session: Class initialized using 'CodeIgniter\Session\Handlers\FileHandler' driver.
DEBUG - 2026-04-02 16:26:25 --> Session: Class initialized using 'CodeIgniter\Session\Handlers\FileHandler' driver.
DEBUG - 2026-04-02 16:26:36 --> Session: Class initialized using 'CodeIgniter\Session\Handlers\FileHandler' driver.
DEBUG - 2026-04-02 16:26:36 --> Session: Class initialized using 'CodeIgniter\Session\Handlers\FileHandler' driver.
DEBUG - 2026-04-02 16:26:51 --> Session: Class initialized using 'CodeIgniter\Session\Handlers\FileHandler' driver.
DEBUG - 2026-04-02 16:26:51 --> Session: Class initialized using 'CodeIgniter\Session\Handlers\FileHandler' driver.
DEBUG - 2026-04-02 16:46:53 --> Session: Class initialized using 'CodeIgniter\Session\Handlers\FileHandler' driver.
WARNING - 2026-04-02 16:46:53 --> [DEPRECATED] substr(): Passing null to parameter #1 ($string) of type string is deprecated in APPPATH\Views\admin\construction\index.php on line 109.
 1 APPPATH\Views\admin\construction\index.php(109): substr(null, 0, 25)
 2 SYSTEMPATH\View\View.php(238): include('D:\\Program Files\\backend_core\\app\\Views\\admin\\construction\\index.php')
 3 SYSTEMPATH\View\View.php(241): CodeIgniter\View\View->CodeIgniter\View\{closure}()
 4 SYSTEMPATH\Common.php(1250): CodeIgniter\View\View->render('admin/construction/index', [], true)
 5 APPPATH\Controllers\Admin\Construction.php(31): view('admin/construction/index', [...])
 6 SYSTEMPATH\CodeIgniter.php(951): App\Controllers\Admin\Construction->index()
 7 SYSTEMPATH\CodeIgniter.php(497): CodeIgniter\CodeIgniter->runController(Object(App\Controllers\Admin\Construction))
 8 SYSTEMPATH\CodeIgniter.php(340): CodeIgniter\CodeIgniter->handleRequest(null, Object(Config\Cache), false)
 9 SYSTEMPATH\Boot.php(417): CodeIgniter\CodeIgniter->run()
10 SYSTEMPATH\Boot.php(68): CodeIgniter\Boot::runCodeIgniter(Object(CodeIgniter\CodeIgniter))
11 FCPATH\index.php(59): CodeIgniter\Boot::bootWeb(Object(Config\Paths))
12 SYSTEMPATH\rewrite.php(44): require_once('D:\\Program Files\\backend_core\\public\\index.php')
WARNING - 2026-04-02 16:46:53 --> [DEPRECATED] strtotime(): Passing null to parameter #1 ($datetime) of type string is deprecated in APPPATH\Views\admin\construction\index.php on line 113.
 1 APPPATH\Views\admin\construction\index.php(113): strtotime(null)
 2 SYSTEMPATH\View\View.php(238): include('D:\\Program Files\\backend_core\\app\\Views\\admin\\construction\\index.php')
 3 SYSTEMPATH\View\View.php(241): CodeIgniter\View\View->CodeIgniter\View\{closure}()
 4 SYSTEMPATH\Common.php(1250): CodeIgniter\View\View->render('admin/construction/index', [], true)
 5 APPPATH\Controllers\Admin\Construction.php(31): view('admin/construction/index', [...])
 6 SYSTEMPATH\CodeIgniter.php(951): App\Controllers\Admin\Construction->index()
 7 SYSTEMPATH\CodeIgniter.php(497): CodeIgniter\CodeIgniter->runController(Object(App\Controllers\Admin\Construction))
 8 SYSTEMPATH\CodeIgniter.php(340): CodeIgniter\CodeIgniter->handleRequest(null, Object(Config\Cache), false)
 9 SYSTEMPATH\Boot.php(417): CodeIgniter\CodeIgniter->run()
10 SYSTEMPATH\Boot.php(68): CodeIgniter\Boot::runCodeIgniter(Object(CodeIgniter\CodeIgniter))
11 FCPATH\index.php(59): CodeIgniter\Boot::bootWeb(Object(Config\Paths))
12 SYSTEMPATH\rewrite.php(44): require_once('D:\\Program Files\\backend_core\\public\\index.php')
WARNING - 2026-04-02 16:46:53 --> [DEPRECATED] substr(): Passing null to parameter #1 ($string) of type string is deprecated in APPPATH\Views\admin\construction\index.php on line 109.
 1 APPPATH\Views\admin\construction\index.php(109): substr(null, 0, 25)
 2 SYSTEMPATH\View\View.php(238): include('D:\\Program Files\\backend_core\\app\\Views\\admin\\construction\\index.php')
 3 SYSTEMPATH\View\View.php(241): CodeIgniter\View\View->CodeIgniter\View\{closure}()
 4 SYSTEMPATH\Common.php(1250): CodeIgniter\View\View->render('admin/construction/index', [], true)
 5 APPPATH\Controllers\Admin\Construction.php(31): view('admin/construction/index', [...])
 6 SYSTEMPATH\CodeIgniter.php(951): App\Controllers\Admin\Construction->index()
 7 SYSTEMPATH\CodeIgniter.php(497): CodeIgniter\CodeIgniter->runController(Object(App\Controllers\Admin\Construction))
 8 SYSTEMPATH\CodeIgniter.php(340): CodeIgniter\CodeIgniter->handleRequest(null, Object(Config\Cache), false)
 9 SYSTEMPATH\Boot.php(417): CodeIgniter\CodeIgniter->run()
10 SYSTEMPATH\Boot.php(68): CodeIgniter\Boot::runCodeIgniter(Object(CodeIgniter\CodeIgniter))
11 FCPATH\index.php(59): CodeIgniter\Boot::bootWeb(Object(Config\Paths))
12 SYSTEMPATH\rewrite.php(44): require_once('D:\\Program Files\\backend_core\\public\\index.php')
WARNING - 2026-04-02 16:46:53 --> [DEPRECATED] strtotime(): Passing null to parameter #1 ($datetime) of type string is deprecated in APPPATH\Views\admin\construction\index.php on line 113.
 1 APPPATH\Views\admin\construction\index.php(113): strtotime(null)
 2 SYSTEMPATH\View\View.php(238): include('D:\\Program Files\\backend_core\\app\\Views\\admin\\construction\\index.php')
 3 SYSTEMPATH\View\View.php(241): CodeIgniter\View\View->CodeIgniter\View\{closure}()
 4 SYSTEMPATH\Common.php(1250): CodeIgniter\View\View->render('admin/construction/index', [], true)
 5 APPPATH\Controllers\Admin\Construction.php(31): view('admin/construction/index', [...])
 6 SYSTEMPATH\CodeIgniter.php(951): App\Controllers\Admin\Construction->index()
 7 SYSTEMPATH\CodeIgniter.php(497): CodeIgniter\CodeIgniter->runController(Object(App\Controllers\Admin\Construction))
 8 SYSTEMPATH\CodeIgniter.php(340): CodeIgniter\CodeIgniter->handleRequest(null, Object(Config\Cache), false)
 9 SYSTEMPATH\Boot.php(417): CodeIgniter\CodeIgniter->run()
10 SYSTEMPATH\Boot.php(68): CodeIgniter\Boot::runCodeIgniter(Object(CodeIgniter\CodeIgniter))
11 FCPATH\index.php(59): CodeIgniter\Boot::bootWeb(Object(Config\Paths))
12 SYSTEMPATH\rewrite.php(44): require_once('D:\\Program Files\\backend_core\\public\\index.php')
DEBUG - 2026-04-02 16:46:56 --> Session: Class initialized using 'CodeIgniter\Session\Handlers\FileHandler' driver.
CRITICAL - 2026-04-02 16:46:56 --> ErrorException: Undefined array key 0
[Method: GET, Route: admin/construction/detail/21]
in APPPATH\Views\admin\construction\detail.php on line 352.
 1 APPPATH\Views\admin\construction\detail.php(352): CodeIgniter\Debug\Exceptions->errorHandler(2, 'Undefined array key 0', 'D:\\Program Files\\backend_core\\app\\Views\\admin\\construction\\detail.php', 352)
 2 SYSTEMPATH\View\View.php(238): include('D:\\Program Files\\backend_core\\app\\Views\\admin\\construction\\detail.php')
 3 SYSTEMPATH\View\View.php(241): CodeIgniter\View\View->CodeIgniter\View\{closure}()
 4 SYSTEMPATH\Common.php(1250): CodeIgniter\View\View->render('admin/construction/detail', [], true)
 5 APPPATH\Controllers\Admin\Construction.php(96): view('admin/construction/detail', [...])
 6 SYSTEMPATH\CodeIgniter.php(951): App\Controllers\Admin\Construction->detail('21')
 7 SYSTEMPATH\CodeIgniter.php(497): CodeIgniter\CodeIgniter->runController(Object(App\Controllers\Admin\Construction))
 8 SYSTEMPATH\CodeIgniter.php(340): CodeIgniter\CodeIgniter->handleRequest(null, Object(Config\Cache), false)
 9 SYSTEMPATH\Boot.php(417): CodeIgniter\CodeIgniter->run()
10 SYSTEMPATH\Boot.php(68): CodeIgniter\Boot::runCodeIgniter(Object(CodeIgniter\CodeIgniter))
11 FCPATH\index.php(59): CodeIgniter\Boot::bootWeb(Object(Config\Paths))
12 SYSTEMPATH\rewrite.php(44): require_once('D:\\Program Files\\backend_core\\public\\index.php')
DEBUG - 2026-04-02 16:48:37 --> Session: Class initialized using 'CodeIgniter\Session\Handlers\FileHandler' driver.
DEBUG - 2026-04-02 16:49:46 --> Session: Class initialized using 'CodeIgniter\Session\Handlers\FileHandler' driver.
WARNING - 2026-04-02 16:49:46 --> [DEPRECATED] substr(): Passing null to parameter #1 ($string) of type string is deprecated in APPPATH\Views\admin\construction\index.php on line 109.
 1 APPPATH\Views\admin\construction\index.php(109): substr(null, 0, 25)
 2 SYSTEMPATH\View\View.php(238): include('D:\\Program Files\\backend_core\\app\\Views\\admin\\construction\\index.php')
 3 SYSTEMPATH\View\View.php(241): CodeIgniter\View\View->CodeIgniter\View\{closure}()
 4 SYSTEMPATH\Common.php(1250): CodeIgniter\View\View->render('admin/construction/index', [], true)
 5 APPPATH\Controllers\Admin\Construction.php(31): view('admin/construction/index', [...])
 6 SYSTEMPATH\CodeIgniter.php(951): App\Controllers\Admin\Construction->index()
 7 SYSTEMPATH\CodeIgniter.php(497): CodeIgniter\CodeIgniter->runController(Object(App\Controllers\Admin\Construction))
 8 SYSTEMPATH\CodeIgniter.php(340): CodeIgniter\CodeIgniter->handleRequest(null, Object(Config\Cache), false)
 9 SYSTEMPATH\Boot.php(417): CodeIgniter\CodeIgniter->run()
10 SYSTEMPATH\Boot.php(68): CodeIgniter\Boot::runCodeIgniter(Object(CodeIgniter\CodeIgniter))
11 FCPATH\index.php(59): CodeIgniter\Boot::bootWeb(Object(Config\Paths))
12 SYSTEMPATH\rewrite.php(44): require_once('D:\\Program Files\\backend_core\\public\\index.php')
WARNING - 2026-04-02 16:49:46 --> [DEPRECATED] strtotime(): Passing null to parameter #1 ($datetime) of type string is deprecated in APPPATH\Views\admin\construction\index.php on line 113.
 1 APPPATH\Views\admin\construction\index.php(113): strtotime(null)
 2 SYSTEMPATH\View\View.php(238): include('D:\\Program Files\\backend_core\\app\\Views\\admin\\construction\\index.php')
 3 SYSTEMPATH\View\View.php(241): CodeIgniter\View\View->CodeIgniter\View\{closure}()
 4 SYSTEMPATH\Common.php(1250): CodeIgniter\View\View->render('admin/construction/index', [], true)
 5 APPPATH\Controllers\Admin\Construction.php(31): view('admin/construction/index', [...])
 6 SYSTEMPATH\CodeIgniter.php(951): App\Controllers\Admin\Construction->index()
 7 SYSTEMPATH\CodeIgniter.php(497): CodeIgniter\CodeIgniter->runController(Object(App\Controllers\Admin\Construction))
 8 SYSTEMPATH\CodeIgniter.php(340): CodeIgniter\CodeIgniter->handleRequest(null, Object(Config\Cache), false)
 9 SYSTEMPATH\Boot.php(417): CodeIgniter\CodeIgniter->run()
10 SYSTEMPATH\Boot.php(68): CodeIgniter\Boot::runCodeIgniter(Object(CodeIgniter\CodeIgniter))
11 FCPATH\index.php(59): CodeIgniter\Boot::bootWeb(Object(Config\Paths))
12 SYSTEMPATH\rewrite.php(44): require_once('D:\\Program Files\\backend_core\\public\\index.php')
WARNING - 2026-04-02 16:49:46 --> [DEPRECATED] substr(): Passing null to parameter #1 ($string) of type string is deprecated in APPPATH\Views\admin\construction\index.php on line 109.
 1 APPPATH\Views\admin\construction\index.php(109): substr(null, 0, 25)
 2 SYSTEMPATH\View\View.php(238): include('D:\\Program Files\\backend_core\\app\\Views\\admin\\construction\\index.php')
 3 SYSTEMPATH\View\View.php(241): CodeIgniter\View\View->CodeIgniter\View\{closure}()
 4 SYSTEMPATH\Common.php(1250): CodeIgniter\View\View->render('admin/construction/index', [], true)
 5 APPPATH\Controllers\Admin\Construction.php(31): view('admin/construction/index', [...])
 6 SYSTEMPATH\CodeIgniter.php(951): App\Controllers\Admin\Construction->index()
 7 SYSTEMPATH\CodeIgniter.php(497): CodeIgniter\CodeIgniter->runController(Object(App\Controllers\Admin\Construction))
 8 SYSTEMPATH\CodeIgniter.php(340): CodeIgniter\CodeIgniter->handleRequest(null, Object(Config\Cache), false)
 9 SYSTEMPATH\Boot.php(417): CodeIgniter\CodeIgniter->run()
10 SYSTEMPATH\Boot.php(68): CodeIgniter\Boot::runCodeIgniter(Object(CodeIgniter\CodeIgniter))
11 FCPATH\index.php(59): CodeIgniter\Boot::bootWeb(Object(Config\Paths))
12 SYSTEMPATH\rewrite.php(44): require_once('D:\\Program Files\\backend_core\\public\\index.php')
WARNING - 2026-04-02 16:49:46 --> [DEPRECATED] strtotime(): Passing null to parameter #1 ($datetime) of type string is deprecated in APPPATH\Views\admin\construction\index.php on line 113.
 1 APPPATH\Views\admin\construction\index.php(113): strtotime(null)
 2 SYSTEMPATH\View\View.php(238): include('D:\\Program Files\\backend_core\\app\\Views\\admin\\construction\\index.php')
 3 SYSTEMPATH\View\View.php(241): CodeIgniter\View\View->CodeIgniter\View\{closure}()
 4 SYSTEMPATH\Common.php(1250): CodeIgniter\View\View->render('admin/construction/index', [], true)
 5 APPPATH\Controllers\Admin\Construction.php(31): view('admin/construction/index', [...])
 6 SYSTEMPATH\CodeIgniter.php(951): App\Controllers\Admin\Construction->index()
 7 SYSTEMPATH\CodeIgniter.php(497): CodeIgniter\CodeIgniter->runController(Object(App\Controllers\Admin\Construction))
 8 SYSTEMPATH\CodeIgniter.php(340): CodeIgniter\CodeIgniter->handleRequest(null, Object(Config\Cache), false)
 9 SYSTEMPATH\Boot.php(417): CodeIgniter\CodeIgniter->run()
10 SYSTEMPATH\Boot.php(68): CodeIgniter\Boot::runCodeIgniter(Object(CodeIgniter\CodeIgniter))
11 FCPATH\index.php(59): CodeIgniter\Boot::bootWeb(Object(Config\Paths))
12 SYSTEMPATH\rewrite.php(44): require_once('D:\\Program Files\\backend_core\\public\\index.php')
DEBUG - 2026-04-02 16:51:01 --> Session: Class initialized using 'CodeIgniter\Session\Handlers\FileHandler' driver.
