DEBUG - 2026-03-23 14:52:00 --> Session: Class initialized using 'CodeIgniter\Session\Handlers\FileHandler' driver.
DEBUG - 2026-03-23 14:52:24 --> Session: Class initialized using 'CodeIgniter\Session\Handlers\FileHandler' driver.
DEBUG - 2026-03-23 14:52:26 --> Session: Class initialized using 'CodeIgniter\Session\Handlers\FileHandler' driver.
DEBUG - 2026-03-23 14:53:35 --> Session: Class initialized using 'CodeIgniter\Session\Handlers\FileHandler' driver.
DEBUG - 2026-03-23 14:53:37 --> Session: Class initialized using 'CodeIgniter\Session\Handlers\FileHandler' driver.
DEBUG - 2026-03-23 14:54:12 --> Session: Class initialized using 'CodeIgniter\Session\Handlers\FileHandler' driver.
DEBUG - 2026-03-23 14:54:12 --> Session: Class initialized using 'CodeIgniter\Session\Handlers\FileHandler' driver.
DEBUG - 2026-03-23 14:54:38 --> Session: Class initialized using 'CodeIgniter\Session\Handlers\FileHandler' driver.
DEBUG - 2026-03-23 14:55:33 --> Session: Class initialized using 'CodeIgniter\Session\Handlers\FileHandler' driver.
DEBUG - 2026-03-23 16:24:34 --> Session: Class initialized using 'CodeIgniter\Session\Handlers\FileHandler' driver.
DEBUG - 2026-03-23 16:24:36 --> Session: Class initialized using 'CodeIgniter\Session\Handlers\FileHandler' driver.
ERROR - 2026-03-23 16:24:37 --> Expression #1 of SELECT list is not in GROUP BY clause and contains nonaggregated column 'stuh8812_pasangin_db.order_items.id' which is not functionally dependent on columns in GROUP BY clause; this is incompatible with sql_mode=only_full_group_by
in VENDORPATH\codeigniter4\framework\system\Database\MySQLi\Connection.php on line 300.
 1 VENDORPATH\codeigniter4\framework\system\Database\MySQLi\Connection.php(300): mysqli->query('SELECT `order_items`.*, `products`.`name` as `product_name`, `products`.`photo` as `product_photo`, SUM(order_items.quantity) as total_sales, `products`.`price` as `product_price`, `suppliers`.`name` as `supplier_name`
FROM `order_items`
JOIN `products` ON `products`.`id` = `order_items`.`product_id`
LEFT JOIN `suppliers` ON `suppliers`.`id` = `products`.`supplier_id`
GROUP BY `order_items`.`product_id`
ORDER BY `total_sales` DESC
 LIMIT 5', 0)
 2 VENDORPATH\codeigniter4\framework\system\Database\BaseConnection.php(769): CodeIgniter\Database\MySQLi\Connection->execute('SELECT `order_items`.*, `products`.`name` as `product_name`, `products`.`photo` as `product_photo`, SUM(order_items.quantity) as total_sales, `products`.`price` as `product_price`, `suppliers`.`name` as `supplier_name`
FROM `order_items`
JOIN `products` ON `products`.`id` = `order_items`.`product_id`
LEFT JOIN `suppliers` ON `suppliers`.`id` = `products`.`supplier_id`
GROUP BY `order_items`.`product_id`
ORDER BY `total_sales` DESC
 LIMIT 5')
 3 VENDORPATH\codeigniter4\framework\system\Database\BaseConnection.php(686): CodeIgniter\Database\BaseConnection->simpleQuery('SELECT `order_items`.*, `products`.`name` as `product_name`, `products`.`photo` as `product_photo`, SUM(order_items.quantity) as total_sales, `products`.`price` as `product_price`, `suppliers`.`name` as `supplier_name`
FROM `order_items`
JOIN `products` ON `products`.`id` = `order_items`.`product_id`
LEFT JOIN `suppliers` ON `suppliers`.`id` = `products`.`supplier_id`
GROUP BY `order_items`.`product_id`
ORDER BY `total_sales` DESC
 LIMIT 5')
 4 VENDORPATH\codeigniter4\framework\system\Database\BaseBuilder.php(1649): CodeIgniter\Database\BaseConnection->query('SELECT `order_items`.*, `products`.`name` as `product_name`, `products`.`photo` as `product_photo`, SUM(order_items.quantity) as total_sales, `products`.`price` as `product_price`, `suppliers`.`name` as `supplier_name`
FROM `order_items`
JOIN `products` ON `products`.`id` = `order_items`.`product_id`
LEFT JOIN `suppliers` ON `suppliers`.`id` = `products`.`supplier_id`
GROUP BY `order_items`.`product_id`
ORDER BY `total_sales` DESC
 LIMIT 5', [], false)
 5 VENDORPATH\codeigniter4\framework\system\Model.php(254): CodeIgniter\Database\BaseBuilder->get()
 6 VENDORPATH\codeigniter4\framework\system\BaseModel.php(675): CodeIgniter\Model->doFindAll(0, 0)
 7 APPPATH\Controllers\Admin\Dashboard.php(64): CodeIgniter\BaseModel->findAll()
 8 VENDORPATH\codeigniter4\framework\system\CodeIgniter.php(951): App\Controllers\Admin\Dashboard->index()
 9 VENDORPATH\codeigniter4\framework\system\CodeIgniter.php(497): CodeIgniter\CodeIgniter->runController(Object(App\Controllers\Admin\Dashboard))
10 VENDORPATH\codeigniter4\framework\system\CodeIgniter.php(340): CodeIgniter\CodeIgniter->handleRequest(null, Object(Config\Cache), false)
11 SYSTEMPATH\Boot.php(363): CodeIgniter\CodeIgniter->run()
12 SYSTEMPATH\Boot.php(68): CodeIgniter\Boot::runCodeIgniter(Object(CodeIgniter\CodeIgniter))
13 FCPATH\index.php(59): CodeIgniter\Boot::bootWeb(Object(Config\Paths))
14 SYSTEMPATH\rewrite.php(44): require_once('D:\\Program Files\\backend_core\\public\\index.php')
CRITICAL - 2026-03-23 16:24:37 --> CodeIgniter\Database\Exceptions\DatabaseException: Expression #1 of SELECT list is not in GROUP BY clause and contains nonaggregated column 'stuh8812_pasangin_db.order_items.id' which is not functionally dependent on columns in GROUP BY clause; this is incompatible with sql_mode=only_full_group_by
[Method: GET, Route: admin/dashboard]
in VENDORPATH\codeigniter4\framework\system\Database\BaseConnection.php on line 724.
 1 VENDORPATH\codeigniter4\framework\system\Database\BaseBuilder.php(1649): CodeIgniter\Database\BaseConnection->query('SELECT `order_items`.*, `products`.`name` as `product_name`, `products`.`photo` as `product_photo`, SUM(order_items.quantity) as total_sales, `products`.`price` as `product_price`, `suppliers`.`name` as `supplier_name`
FROM `order_items`
JOIN `products` ON `products`.`id` = `order_items`.`product_id`
LEFT JOIN `suppliers` ON `suppliers`.`id` = `products`.`supplier_id`
GROUP BY `order_items`.`product_id`
ORDER BY `total_sales` DESC
 LIMIT 5', [], false)
 2 VENDORPATH\codeigniter4\framework\system\Model.php(254): CodeIgniter\Database\BaseBuilder->get()
 3 VENDORPATH\codeigniter4\framework\system\BaseModel.php(675): CodeIgniter\Model->doFindAll(0, 0)
 4 APPPATH\Controllers\Admin\Dashboard.php(64): CodeIgniter\BaseModel->findAll()
 5 VENDORPATH\codeigniter4\framework\system\CodeIgniter.php(951): App\Controllers\Admin\Dashboard->index()
 6 VENDORPATH\codeigniter4\framework\system\CodeIgniter.php(497): CodeIgniter\CodeIgniter->runController(Object(App\Controllers\Admin\Dashboard))
 7 VENDORPATH\codeigniter4\framework\system\CodeIgniter.php(340): CodeIgniter\CodeIgniter->handleRequest(null, Object(Config\Cache), false)
 8 SYSTEMPATH\Boot.php(363): CodeIgniter\CodeIgniter->run()
 9 SYSTEMPATH\Boot.php(68): CodeIgniter\Boot::runCodeIgniter(Object(CodeIgniter\CodeIgniter))
10 FCPATH\index.php(59): CodeIgniter\Boot::bootWeb(Object(Config\Paths))
11 SYSTEMPATH\rewrite.php(44): require_once('D:\\Program Files\\backend_core\\public\\index.php')
CRITICAL - 2026-03-23 16:24:37 --> [Caused by] CodeIgniter\Database\Exceptions\DatabaseException: Expression #1 of SELECT list is not in GROUP BY clause and contains nonaggregated column 'stuh8812_pasangin_db.order_items.id' which is not functionally dependent on columns in GROUP BY clause; this is incompatible with sql_mode=only_full_group_by
in VENDORPATH\codeigniter4\framework\system\Database\MySQLi\Connection.php on line 310.
 1 VENDORPATH\codeigniter4\framework\system\Database\BaseConnection.php(769): CodeIgniter\Database\MySQLi\Connection->execute('SELECT `order_items`.*, `products`.`name` as `product_name`, `products`.`photo` as `product_photo`, SUM(order_items.quantity) as total_sales, `products`.`price` as `product_price`, `suppliers`.`name` as `supplier_name`
FROM `order_items`
JOIN `products` ON `products`.`id` = `order_items`.`product_id`
LEFT JOIN `suppliers` ON `suppliers`.`id` = `products`.`supplier_id`
GROUP BY `order_items`.`product_id`
ORDER BY `total_sales` DESC
 LIMIT 5')
 2 VENDORPATH\codeigniter4\framework\system\Database\BaseConnection.php(686): CodeIgniter\Database\BaseConnection->simpleQuery('SELECT `order_items`.*, `products`.`name` as `product_name`, `products`.`photo` as `product_photo`, SUM(order_items.quantity) as total_sales, `products`.`price` as `product_price`, `suppliers`.`name` as `supplier_name`
FROM `order_items`
JOIN `products` ON `products`.`id` = `order_items`.`product_id`
LEFT JOIN `suppliers` ON `suppliers`.`id` = `products`.`supplier_id`
GROUP BY `order_items`.`product_id`
ORDER BY `total_sales` DESC
 LIMIT 5')
 3 VENDORPATH\codeigniter4\framework\system\Database\BaseBuilder.php(1649): CodeIgniter\Database\BaseConnection->query('SELECT `order_items`.*, `products`.`name` as `product_name`, `products`.`photo` as `product_photo`, SUM(order_items.quantity) as total_sales, `products`.`price` as `product_price`, `suppliers`.`name` as `supplier_name`
FROM `order_items`
JOIN `products` ON `products`.`id` = `order_items`.`product_id`
LEFT JOIN `suppliers` ON `suppliers`.`id` = `products`.`supplier_id`
GROUP BY `order_items`.`product_id`
ORDER BY `total_sales` DESC
 LIMIT 5', [], false)
 4 VENDORPATH\codeigniter4\framework\system\Model.php(254): CodeIgniter\Database\BaseBuilder->get()
 5 VENDORPATH\codeigniter4\framework\system\BaseModel.php(675): CodeIgniter\Model->doFindAll(0, 0)
 6 APPPATH\Controllers\Admin\Dashboard.php(64): CodeIgniter\BaseModel->findAll()
 7 VENDORPATH\codeigniter4\framework\system\CodeIgniter.php(951): App\Controllers\Admin\Dashboard->index()
 8 VENDORPATH\codeigniter4\framework\system\CodeIgniter.php(497): CodeIgniter\CodeIgniter->runController(Object(App\Controllers\Admin\Dashboard))
 9 VENDORPATH\codeigniter4\framework\system\CodeIgniter.php(340): CodeIgniter\CodeIgniter->handleRequest(null, Object(Config\Cache), false)
10 SYSTEMPATH\Boot.php(363): CodeIgniter\CodeIgniter->run()
11 SYSTEMPATH\Boot.php(68): CodeIgniter\Boot::runCodeIgniter(Object(CodeIgniter\CodeIgniter))
12 FCPATH\index.php(59): CodeIgniter\Boot::bootWeb(Object(Config\Paths))
13 SYSTEMPATH\rewrite.php(44): require_once('D:\\Program Files\\backend_core\\public\\index.php')
CRITICAL - 2026-03-23 16:24:37 --> [Caused by] mysqli_sql_exception: Expression #1 of SELECT list is not in GROUP BY clause and contains nonaggregated column 'stuh8812_pasangin_db.order_items.id' which is not functionally dependent on columns in GROUP BY clause; this is incompatible with sql_mode=only_full_group_by
in VENDORPATH\codeigniter4\framework\system\Database\MySQLi\Connection.php on line 300.
 1 VENDORPATH\codeigniter4\framework\system\Database\MySQLi\Connection.php(300): mysqli->query('SELECT `order_items`.*, `products`.`name` as `product_name`, `products`.`photo` as `product_photo`, SUM(order_items.quantity) as total_sales, `products`.`price` as `product_price`, `suppliers`.`name` as `supplier_name`
FROM `order_items`
JOIN `products` ON `products`.`id` = `order_items`.`product_id`
LEFT JOIN `suppliers` ON `suppliers`.`id` = `products`.`supplier_id`
GROUP BY `order_items`.`product_id`
ORDER BY `total_sales` DESC
 LIMIT 5', 0)
 2 VENDORPATH\codeigniter4\framework\system\Database\BaseConnection.php(769): CodeIgniter\Database\MySQLi\Connection->execute('SELECT `order_items`.*, `products`.`name` as `product_name`, `products`.`photo` as `product_photo`, SUM(order_items.quantity) as total_sales, `products`.`price` as `product_price`, `suppliers`.`name` as `supplier_name`
FROM `order_items`
JOIN `products` ON `products`.`id` = `order_items`.`product_id`
LEFT JOIN `suppliers` ON `suppliers`.`id` = `products`.`supplier_id`
GROUP BY `order_items`.`product_id`
ORDER BY `total_sales` DESC
 LIMIT 5')
 3 VENDORPATH\codeigniter4\framework\system\Database\BaseConnection.php(686): CodeIgniter\Database\BaseConnection->simpleQuery('SELECT `order_items`.*, `products`.`name` as `product_name`, `products`.`photo` as `product_photo`, SUM(order_items.quantity) as total_sales, `products`.`price` as `product_price`, `suppliers`.`name` as `supplier_name`
FROM `order_items`
JOIN `products` ON `products`.`id` = `order_items`.`product_id`
LEFT JOIN `suppliers` ON `suppliers`.`id` = `products`.`supplier_id`
GROUP BY `order_items`.`product_id`
ORDER BY `total_sales` DESC
 LIMIT 5')
 4 VENDORPATH\codeigniter4\framework\system\Database\BaseBuilder.php(1649): CodeIgniter\Database\BaseConnection->query('SELECT `order_items`.*, `products`.`name` as `product_name`, `products`.`photo` as `product_photo`, SUM(order_items.quantity) as total_sales, `products`.`price` as `product_price`, `suppliers`.`name` as `supplier_name`
FROM `order_items`
JOIN `products` ON `products`.`id` = `order_items`.`product_id`
LEFT JOIN `suppliers` ON `suppliers`.`id` = `products`.`supplier_id`
GROUP BY `order_items`.`product_id`
ORDER BY `total_sales` DESC
 LIMIT 5', [], false)
 5 VENDORPATH\codeigniter4\framework\system\Model.php(254): CodeIgniter\Database\BaseBuilder->get()
 6 VENDORPATH\codeigniter4\framework\system\BaseModel.php(675): CodeIgniter\Model->doFindAll(0, 0)
 7 APPPATH\Controllers\Admin\Dashboard.php(64): CodeIgniter\BaseModel->findAll()
 8 VENDORPATH\codeigniter4\framework\system\CodeIgniter.php(951): App\Controllers\Admin\Dashboard->index()
 9 VENDORPATH\codeigniter4\framework\system\CodeIgniter.php(497): CodeIgniter\CodeIgniter->runController(Object(App\Controllers\Admin\Dashboard))
10 VENDORPATH\codeigniter4\framework\system\CodeIgniter.php(340): CodeIgniter\CodeIgniter->handleRequest(null, Object(Config\Cache), false)
11 SYSTEMPATH\Boot.php(363): CodeIgniter\CodeIgniter->run()
12 SYSTEMPATH\Boot.php(68): CodeIgniter\Boot::runCodeIgniter(Object(CodeIgniter\CodeIgniter))
13 FCPATH\index.php(59): CodeIgniter\Boot::bootWeb(Object(Config\Paths))
14 SYSTEMPATH\rewrite.php(44): require_once('D:\\Program Files\\backend_core\\public\\index.php')
DEBUG - 2026-03-23 16:29:10 --> Session: Class initialized using 'CodeIgniter\Session\Handlers\FileHandler' driver.
