WARNING - 2026-03-12 11:11:07 --> [DEPRECATED] Creation of dynamic property CodeIgniter\HTTP\IncomingRequest::$user is deprecated in APPPATH\Filters\Auth.php on line 59.
 1 VENDORPATH\codeigniter4\framework\system\Filters\Filters.php(241): App\Filters\Auth->before(Object(CodeIgniter\HTTP\IncomingRequest), null)
 2 VENDORPATH\codeigniter4\framework\system\Filters\Filters.php(221): CodeIgniter\Filters\Filters->runBefore([...])
 3 VENDORPATH\codeigniter4\framework\system\CodeIgniter.php(465): CodeIgniter\Filters\Filters->run('api/supplier/profile/12', 'before')
 4 VENDORPATH\codeigniter4\framework\system\CodeIgniter.php(340): CodeIgniter\CodeIgniter->handleRequest(null, Object(Config\Cache), false)
 5 SYSTEMPATH\Boot.php(363): CodeIgniter\CodeIgniter->run()
 6 SYSTEMPATH\Boot.php(68): CodeIgniter\Boot::runCodeIgniter(Object(CodeIgniter\CodeIgniter))
 7 FCPATH\index.php(59): CodeIgniter\Boot::bootWeb(Object(Config\Paths))
 8 SYSTEMPATH\rewrite.php(44): require_once('D:\\Program Files\\backend_core\\public\\index.php')
CRITICAL - 2026-03-12 11:11:08 --> Error: Cannot use object of type stdClass as array
[Method: GET, Route: api/supplier/profile/12]
in APPPATH\Controllers\Api\SupplierAuthController.php on line 320.
 1 VENDORPATH\codeigniter4\framework\system\CodeIgniter.php(951): App\Controllers\Api\SupplierAuthController->getProfile('12')
 2 VENDORPATH\codeigniter4\framework\system\CodeIgniter.php(497): CodeIgniter\CodeIgniter->runController(Object(App\Controllers\Api\SupplierAuthController))
 3 VENDORPATH\codeigniter4\framework\system\CodeIgniter.php(340): CodeIgniter\CodeIgniter->handleRequest(null, Object(Config\Cache), false)
 4 SYSTEMPATH\Boot.php(363): CodeIgniter\CodeIgniter->run()
 5 SYSTEMPATH\Boot.php(68): CodeIgniter\Boot::runCodeIgniter(Object(CodeIgniter\CodeIgniter))
 6 FCPATH\index.php(59): CodeIgniter\Boot::bootWeb(Object(Config\Paths))
 7 SYSTEMPATH\rewrite.php(44): require_once('D:\\Program Files\\backend_core\\public\\index.php')
WARNING - 2026-03-12 11:13:49 --> [DEPRECATED] Creation of dynamic property CodeIgniter\HTTP\IncomingRequest::$user is deprecated in APPPATH\Filters\Auth.php on line 59.
 1 VENDORPATH\codeigniter4\framework\system\Filters\Filters.php(241): App\Filters\Auth->before(Object(CodeIgniter\HTTP\IncomingRequest), null)
 2 VENDORPATH\codeigniter4\framework\system\Filters\Filters.php(221): CodeIgniter\Filters\Filters->runBefore([...])
 3 VENDORPATH\codeigniter4\framework\system\CodeIgniter.php(465): CodeIgniter\Filters\Filters->run('api/supplier/profile/12', 'before')
 4 VENDORPATH\codeigniter4\framework\system\CodeIgniter.php(340): CodeIgniter\CodeIgniter->handleRequest(null, Object(Config\Cache), false)
 5 SYSTEMPATH\Boot.php(363): CodeIgniter\CodeIgniter->run()
 6 SYSTEMPATH\Boot.php(68): CodeIgniter\Boot::runCodeIgniter(Object(CodeIgniter\CodeIgniter))
 7 FCPATH\index.php(59): CodeIgniter\Boot::bootWeb(Object(Config\Paths))
 8 SYSTEMPATH\rewrite.php(44): require_once('D:\\Program Files\\backend_core\\public\\index.php')
WARNING - 2026-03-12 11:32:59 --> [DEPRECATED] Creation of dynamic property CodeIgniter\HTTP\IncomingRequest::$user is deprecated in APPPATH\Filters\Auth.php on line 59.
 1 VENDORPATH\codeigniter4\framework\system\Filters\Filters.php(241): App\Filters\Auth->before(Object(CodeIgniter\HTTP\IncomingRequest), null)
 2 VENDORPATH\codeigniter4\framework\system\Filters\Filters.php(221): CodeIgniter\Filters\Filters->runBefore([...])
 3 VENDORPATH\codeigniter4\framework\system\CodeIgniter.php(465): CodeIgniter\Filters\Filters->run('api/categories/categori', 'before')
 4 VENDORPATH\codeigniter4\framework\system\CodeIgniter.php(340): CodeIgniter\CodeIgniter->handleRequest(null, Object(Config\Cache), false)
 5 SYSTEMPATH\Boot.php(363): CodeIgniter\CodeIgniter->run()
 6 SYSTEMPATH\Boot.php(68): CodeIgniter\Boot::runCodeIgniter(Object(CodeIgniter\CodeIgniter))
 7 FCPATH\index.php(59): CodeIgniter\Boot::bootWeb(Object(Config\Paths))
 8 SYSTEMPATH\rewrite.php(44): require_once('D:\\Program Files\\backend_core\\public\\index.php')
WARNING - 2026-03-12 11:34:42 --> [DEPRECATED] Creation of dynamic property CodeIgniter\HTTP\IncomingRequest::$user is deprecated in APPPATH\Filters\Auth.php on line 59.
 1 VENDORPATH\codeigniter4\framework\system\Filters\Filters.php(241): App\Filters\Auth->before(Object(CodeIgniter\HTTP\IncomingRequest), null)
 2 VENDORPATH\codeigniter4\framework\system\Filters\Filters.php(221): CodeIgniter\Filters\Filters->runBefore([...])
 3 VENDORPATH\codeigniter4\framework\system\CodeIgniter.php(465): CodeIgniter\Filters\Filters->run('api/categories/categori', 'before')
 4 VENDORPATH\codeigniter4\framework\system\CodeIgniter.php(340): CodeIgniter\CodeIgniter->handleRequest(null, Object(Config\Cache), false)
 5 SYSTEMPATH\Boot.php(363): CodeIgniter\CodeIgniter->run()
 6 SYSTEMPATH\Boot.php(68): CodeIgniter\Boot::runCodeIgniter(Object(CodeIgniter\CodeIgniter))
 7 FCPATH\index.php(59): CodeIgniter\Boot::bootWeb(Object(Config\Paths))
 8 SYSTEMPATH\rewrite.php(44): require_once('D:\\Program Files\\backend_core\\public\\index.php')
WARNING - 2026-03-12 11:35:33 --> [DEPRECATED] Creation of dynamic property CodeIgniter\HTTP\IncomingRequest::$user is deprecated in APPPATH\Filters\Auth.php on line 59.
 1 VENDORPATH\codeigniter4\framework\system\Filters\Filters.php(241): App\Filters\Auth->before(Object(CodeIgniter\HTTP\IncomingRequest), null)
 2 VENDORPATH\codeigniter4\framework\system\Filters\Filters.php(221): CodeIgniter\Filters\Filters->runBefore([...])
 3 VENDORPATH\codeigniter4\framework\system\CodeIgniter.php(465): CodeIgniter\Filters\Filters->run('api/categories/categori', 'before')
 4 VENDORPATH\codeigniter4\framework\system\CodeIgniter.php(340): CodeIgniter\CodeIgniter->handleRequest(null, Object(Config\Cache), false)
 5 SYSTEMPATH\Boot.php(363): CodeIgniter\CodeIgniter->run()
 6 SYSTEMPATH\Boot.php(68): CodeIgniter\Boot::runCodeIgniter(Object(CodeIgniter\CodeIgniter))
 7 FCPATH\index.php(59): CodeIgniter\Boot::bootWeb(Object(Config\Paths))
 8 SYSTEMPATH\rewrite.php(44): require_once('D:\\Program Files\\backend_core\\public\\index.php')
WARNING - 2026-03-12 11:35:49 --> [DEPRECATED] Creation of dynamic property CodeIgniter\HTTP\IncomingRequest::$user is deprecated in APPPATH\Filters\Auth.php on line 59.
 1 VENDORPATH\codeigniter4\framework\system\Filters\Filters.php(241): App\Filters\Auth->before(Object(CodeIgniter\HTTP\IncomingRequest), null)
 2 VENDORPATH\codeigniter4\framework\system\Filters\Filters.php(221): CodeIgniter\Filters\Filters->runBefore([...])
 3 VENDORPATH\codeigniter4\framework\system\CodeIgniter.php(465): CodeIgniter\Filters\Filters->run('api/categories/show_all/1', 'before')
 4 VENDORPATH\codeigniter4\framework\system\CodeIgniter.php(340): CodeIgniter\CodeIgniter->handleRequest(null, Object(Config\Cache), false)
 5 SYSTEMPATH\Boot.php(363): CodeIgniter\CodeIgniter->run()
 6 SYSTEMPATH\Boot.php(68): CodeIgniter\Boot::runCodeIgniter(Object(CodeIgniter\CodeIgniter))
 7 FCPATH\index.php(59): CodeIgniter\Boot::bootWeb(Object(Config\Paths))
 8 SYSTEMPATH\rewrite.php(44): require_once('D:\\Program Files\\backend_core\\public\\index.php')
WARNING - 2026-03-12 11:36:09 --> [DEPRECATED] Creation of dynamic property CodeIgniter\HTTP\IncomingRequest::$user is deprecated in APPPATH\Filters\Auth.php on line 59.
 1 VENDORPATH\codeigniter4\framework\system\Filters\Filters.php(241): App\Filters\Auth->before(Object(CodeIgniter\HTTP\IncomingRequest), null)
 2 VENDORPATH\codeigniter4\framework\system\Filters\Filters.php(221): CodeIgniter\Filters\Filters->runBefore([...])
 3 VENDORPATH\codeigniter4\framework\system\CodeIgniter.php(465): CodeIgniter\Filters\Filters->run('api/categories/index', 'before')
 4 VENDORPATH\codeigniter4\framework\system\CodeIgniter.php(340): CodeIgniter\CodeIgniter->handleRequest(null, Object(Config\Cache), false)
 5 SYSTEMPATH\Boot.php(363): CodeIgniter\CodeIgniter->run()
 6 SYSTEMPATH\Boot.php(68): CodeIgniter\Boot::runCodeIgniter(Object(CodeIgniter\CodeIgniter))
 7 FCPATH\index.php(59): CodeIgniter\Boot::bootWeb(Object(Config\Paths))
 8 SYSTEMPATH\rewrite.php(44): require_once('D:\\Program Files\\backend_core\\public\\index.php')
WARNING - 2026-03-12 11:36:20 --> [DEPRECATED] Creation of dynamic property CodeIgniter\HTTP\IncomingRequest::$user is deprecated in APPPATH\Filters\Auth.php on line 59.
 1 VENDORPATH\codeigniter4\framework\system\Filters\Filters.php(241): App\Filters\Auth->before(Object(CodeIgniter\HTTP\IncomingRequest), null)
 2 VENDORPATH\codeigniter4\framework\system\Filters\Filters.php(221): CodeIgniter\Filters\Filters->runBefore([...])
 3 VENDORPATH\codeigniter4\framework\system\CodeIgniter.php(465): CodeIgniter\Filters\Filters->run('api/categories/index', 'before')
 4 VENDORPATH\codeigniter4\framework\system\CodeIgniter.php(340): CodeIgniter\CodeIgniter->handleRequest(null, Object(Config\Cache), false)
 5 SYSTEMPATH\Boot.php(363): CodeIgniter\CodeIgniter->run()
 6 SYSTEMPATH\Boot.php(68): CodeIgniter\Boot::runCodeIgniter(Object(CodeIgniter\CodeIgniter))
 7 FCPATH\index.php(59): CodeIgniter\Boot::bootWeb(Object(Config\Paths))
 8 SYSTEMPATH\rewrite.php(44): require_once('D:\\Program Files\\backend_core\\public\\index.php')
CRITICAL - 2026-03-12 11:37:01 --> ErrorException: Declaration of App\Controllers\Api\CategoryApi::show() must be compatible with CodeIgniter\RESTful\ResourceController::show($id = null)
[Method: GET, Route: api/categories/index]
in APPPATH\Controllers\Api\CategoryApi.php on line 68.
 1 [internal function]: CodeIgniter\Debug\Exceptions->shutdownHandler()
WARNING - 2026-03-12 11:37:25 --> [DEPRECATED] Creation of dynamic property CodeIgniter\HTTP\IncomingRequest::$user is deprecated in APPPATH\Filters\Auth.php on line 59.
 1 VENDORPATH\codeigniter4\framework\system\Filters\Filters.php(241): App\Filters\Auth->before(Object(CodeIgniter\HTTP\IncomingRequest), null)
 2 VENDORPATH\codeigniter4\framework\system\Filters\Filters.php(221): CodeIgniter\Filters\Filters->runBefore([...])
 3 VENDORPATH\codeigniter4\framework\system\CodeIgniter.php(465): CodeIgniter\Filters\Filters->run('api/categories/index', 'before')
 4 VENDORPATH\codeigniter4\framework\system\CodeIgniter.php(340): CodeIgniter\CodeIgniter->handleRequest(null, Object(Config\Cache), false)
 5 SYSTEMPATH\Boot.php(363): CodeIgniter\CodeIgniter->run()
 6 SYSTEMPATH\Boot.php(68): CodeIgniter\Boot::runCodeIgniter(Object(CodeIgniter\CodeIgniter))
 7 FCPATH\index.php(59): CodeIgniter\Boot::bootWeb(Object(Config\Paths))
 8 SYSTEMPATH\rewrite.php(44): require_once('D:\\Program Files\\backend_core\\public\\index.php')
WARNING - 2026-03-12 11:39:00 --> [DEPRECATED] Creation of dynamic property CodeIgniter\HTTP\IncomingRequest::$user is deprecated in APPPATH\Filters\Auth.php on line 59.
 1 VENDORPATH\codeigniter4\framework\system\Filters\Filters.php(241): App\Filters\Auth->before(Object(CodeIgniter\HTTP\IncomingRequest), null)
 2 VENDORPATH\codeigniter4\framework\system\Filters\Filters.php(221): CodeIgniter\Filters\Filters->runBefore([...])
 3 VENDORPATH\codeigniter4\framework\system\CodeIgniter.php(465): CodeIgniter\Filters\Filters->run('api/categories/index', 'before')
 4 VENDORPATH\codeigniter4\framework\system\CodeIgniter.php(340): CodeIgniter\CodeIgniter->handleRequest(null, Object(Config\Cache), false)
 5 SYSTEMPATH\Boot.php(363): CodeIgniter\CodeIgniter->run()
 6 SYSTEMPATH\Boot.php(68): CodeIgniter\Boot::runCodeIgniter(Object(CodeIgniter\CodeIgniter))
 7 FCPATH\index.php(59): CodeIgniter\Boot::bootWeb(Object(Config\Paths))
 8 SYSTEMPATH\rewrite.php(44): require_once('D:\\Program Files\\backend_core\\public\\index.php')
WARNING - 2026-03-12 11:39:48 --> [DEPRECATED] Creation of dynamic property CodeIgniter\HTTP\IncomingRequest::$user is deprecated in APPPATH\Filters\Auth.php on line 59.
 1 VENDORPATH\codeigniter4\framework\system\Filters\Filters.php(241): App\Filters\Auth->before(Object(CodeIgniter\HTTP\IncomingRequest), null)
 2 VENDORPATH\codeigniter4\framework\system\Filters\Filters.php(221): CodeIgniter\Filters\Filters->runBefore([...])
 3 VENDORPATH\codeigniter4\framework\system\CodeIgniter.php(465): CodeIgniter\Filters\Filters->run('api/categories/index', 'before')
 4 VENDORPATH\codeigniter4\framework\system\CodeIgniter.php(340): CodeIgniter\CodeIgniter->handleRequest(null, Object(Config\Cache), false)
 5 SYSTEMPATH\Boot.php(363): CodeIgniter\CodeIgniter->run()
 6 SYSTEMPATH\Boot.php(68): CodeIgniter\Boot::runCodeIgniter(Object(CodeIgniter\CodeIgniter))
 7 FCPATH\index.php(59): CodeIgniter\Boot::bootWeb(Object(Config\Paths))
 8 SYSTEMPATH\rewrite.php(44): require_once('D:\\Program Files\\backend_core\\public\\index.php')
WARNING - 2026-03-12 11:40:39 --> [DEPRECATED] Creation of dynamic property CodeIgniter\HTTP\IncomingRequest::$user is deprecated in APPPATH\Filters\Auth.php on line 59.
 1 VENDORPATH\codeigniter4\framework\system\Filters\Filters.php(241): App\Filters\Auth->before(Object(CodeIgniter\HTTP\IncomingRequest), null)
 2 VENDORPATH\codeigniter4\framework\system\Filters\Filters.php(221): CodeIgniter\Filters\Filters->runBefore([...])
 3 VENDORPATH\codeigniter4\framework\system\CodeIgniter.php(465): CodeIgniter\Filters\Filters->run('api/categories/index', 'before')
 4 VENDORPATH\codeigniter4\framework\system\CodeIgniter.php(340): CodeIgniter\CodeIgniter->handleRequest(null, Object(Config\Cache), false)
 5 SYSTEMPATH\Boot.php(363): CodeIgniter\CodeIgniter->run()
 6 SYSTEMPATH\Boot.php(68): CodeIgniter\Boot::runCodeIgniter(Object(CodeIgniter\CodeIgniter))
 7 FCPATH\index.php(59): CodeIgniter\Boot::bootWeb(Object(Config\Paths))
 8 SYSTEMPATH\rewrite.php(44): require_once('D:\\Program Files\\backend_core\\public\\index.php')
WARNING - 2026-03-12 11:51:45 --> [DEPRECATED] Creation of dynamic property CodeIgniter\HTTP\IncomingRequest::$user is deprecated in APPPATH\Filters\Auth.php on line 59.
 1 VENDORPATH\codeigniter4\framework\system\Filters\Filters.php(241): App\Filters\Auth->before(Object(CodeIgniter\HTTP\IncomingRequest), null)
 2 VENDORPATH\codeigniter4\framework\system\Filters\Filters.php(221): CodeIgniter\Filters\Filters->runBefore([...])
 3 VENDORPATH\codeigniter4\framework\system\CodeIgniter.php(465): CodeIgniter\Filters\Filters->run('api/categories/show', 'before')
 4 VENDORPATH\codeigniter4\framework\system\CodeIgniter.php(340): CodeIgniter\CodeIgniter->handleRequest(null, Object(Config\Cache), false)
 5 SYSTEMPATH\Boot.php(363): CodeIgniter\CodeIgniter->run()
 6 SYSTEMPATH\Boot.php(68): CodeIgniter\Boot::runCodeIgniter(Object(CodeIgniter\CodeIgniter))
 7 FCPATH\index.php(59): CodeIgniter\Boot::bootWeb(Object(Config\Paths))
 8 SYSTEMPATH\rewrite.php(44): require_once('D:\\Program Files\\backend_core\\public\\index.php')
WARNING - 2026-03-12 13:53:50 --> [DEPRECATED] Creation of dynamic property CodeIgniter\HTTP\IncomingRequest::$user is deprecated in APPPATH\Filters\Auth.php on line 59.
 1 VENDORPATH\codeigniter4\framework\system\Filters\Filters.php(241): App\Filters\Auth->before(Object(CodeIgniter\HTTP\IncomingRequest), null)
 2 VENDORPATH\codeigniter4\framework\system\Filters\Filters.php(221): CodeIgniter\Filters\Filters->runBefore([...])
 3 VENDORPATH\codeigniter4\framework\system\CodeIgniter.php(465): CodeIgniter\Filters\Filters->run('api/products/ratings/create', 'before')
 4 VENDORPATH\codeigniter4\framework\system\CodeIgniter.php(340): CodeIgniter\CodeIgniter->handleRequest(null, Object(Config\Cache), false)
 5 SYSTEMPATH\Boot.php(363): CodeIgniter\CodeIgniter->run()
 6 SYSTEMPATH\Boot.php(68): CodeIgniter\Boot::runCodeIgniter(Object(CodeIgniter\CodeIgniter))
 7 FCPATH\index.php(59): CodeIgniter\Boot::bootWeb(Object(Config\Paths))
 8 SYSTEMPATH\rewrite.php(44): require_once('D:\\Program Files\\backend_core\\public\\index.php')
WARNING - 2026-03-12 14:00:52 --> [DEPRECATED] Creation of dynamic property CodeIgniter\HTTP\IncomingRequest::$user is deprecated in APPPATH\Filters\Auth.php on line 59.
 1 VENDORPATH\codeigniter4\framework\system\Filters\Filters.php(241): App\Filters\Auth->before(Object(CodeIgniter\HTTP\IncomingRequest), null)
 2 VENDORPATH\codeigniter4\framework\system\Filters\Filters.php(221): CodeIgniter\Filters\Filters->runBefore([...])
 3 VENDORPATH\codeigniter4\framework\system\CodeIgniter.php(465): CodeIgniter\Filters\Filters->run('api/products/ratings/create', 'before')
 4 VENDORPATH\codeigniter4\framework\system\CodeIgniter.php(340): CodeIgniter\CodeIgniter->handleRequest(null, Object(Config\Cache), false)
 5 SYSTEMPATH\Boot.php(363): CodeIgniter\CodeIgniter->run()
 6 SYSTEMPATH\Boot.php(68): CodeIgniter\Boot::runCodeIgniter(Object(CodeIgniter\CodeIgniter))
 7 FCPATH\index.php(59): CodeIgniter\Boot::bootWeb(Object(Config\Paths))
 8 SYSTEMPATH\rewrite.php(44): require_once('D:\\Program Files\\backend_core\\public\\index.php')
WARNING - 2026-03-12 14:02:35 --> [DEPRECATED] Creation of dynamic property CodeIgniter\HTTP\IncomingRequest::$user is deprecated in APPPATH\Filters\Auth.php on line 59.
 1 VENDORPATH\codeigniter4\framework\system\Filters\Filters.php(241): App\Filters\Auth->before(Object(CodeIgniter\HTTP\IncomingRequest), null)
 2 VENDORPATH\codeigniter4\framework\system\Filters\Filters.php(221): CodeIgniter\Filters\Filters->runBefore([...])
 3 VENDORPATH\codeigniter4\framework\system\CodeIgniter.php(465): CodeIgniter\Filters\Filters->run('api/products/ratings/10', 'before')
 4 VENDORPATH\codeigniter4\framework\system\CodeIgniter.php(340): CodeIgniter\CodeIgniter->handleRequest(null, Object(Config\Cache), false)
 5 SYSTEMPATH\Boot.php(363): CodeIgniter\CodeIgniter->run()
 6 SYSTEMPATH\Boot.php(68): CodeIgniter\Boot::runCodeIgniter(Object(CodeIgniter\CodeIgniter))
 7 FCPATH\index.php(59): CodeIgniter\Boot::bootWeb(Object(Config\Paths))
 8 SYSTEMPATH\rewrite.php(44): require_once('D:\\Program Files\\backend_core\\public\\index.php')
WARNING - 2026-03-12 14:02:42 --> [DEPRECATED] Creation of dynamic property CodeIgniter\HTTP\IncomingRequest::$user is deprecated in APPPATH\Filters\Auth.php on line 59.
 1 VENDORPATH\codeigniter4\framework\system\Filters\Filters.php(241): App\Filters\Auth->before(Object(CodeIgniter\HTTP\IncomingRequest), null)
 2 VENDORPATH\codeigniter4\framework\system\Filters\Filters.php(221): CodeIgniter\Filters\Filters->runBefore([...])
 3 VENDORPATH\codeigniter4\framework\system\CodeIgniter.php(465): CodeIgniter\Filters\Filters->run('api/products/ratings/9', 'before')
 4 VENDORPATH\codeigniter4\framework\system\CodeIgniter.php(340): CodeIgniter\CodeIgniter->handleRequest(null, Object(Config\Cache), false)
 5 SYSTEMPATH\Boot.php(363): CodeIgniter\CodeIgniter->run()
 6 SYSTEMPATH\Boot.php(68): CodeIgniter\Boot::runCodeIgniter(Object(CodeIgniter\CodeIgniter))
 7 FCPATH\index.php(59): CodeIgniter\Boot::bootWeb(Object(Config\Paths))
 8 SYSTEMPATH\rewrite.php(44): require_once('D:\\Program Files\\backend_core\\public\\index.php')
WARNING - 2026-03-12 14:02:56 --> [DEPRECATED] Creation of dynamic property CodeIgniter\HTTP\IncomingRequest::$user is deprecated in APPPATH\Filters\Auth.php on line 59.
 1 VENDORPATH\codeigniter4\framework\system\Filters\Filters.php(241): App\Filters\Auth->before(Object(CodeIgniter\HTTP\IncomingRequest), null)
 2 VENDORPATH\codeigniter4\framework\system\Filters\Filters.php(221): CodeIgniter\Filters\Filters->runBefore([...])
 3 VENDORPATH\codeigniter4\framework\system\CodeIgniter.php(465): CodeIgniter\Filters\Filters->run('api/products/ratings/create', 'before')
 4 VENDORPATH\codeigniter4\framework\system\CodeIgniter.php(340): CodeIgniter\CodeIgniter->handleRequest(null, Object(Config\Cache), false)
 5 SYSTEMPATH\Boot.php(363): CodeIgniter\CodeIgniter->run()
 6 SYSTEMPATH\Boot.php(68): CodeIgniter\Boot::runCodeIgniter(Object(CodeIgniter\CodeIgniter))
 7 FCPATH\index.php(59): CodeIgniter\Boot::bootWeb(Object(Config\Paths))
 8 SYSTEMPATH\rewrite.php(44): require_once('D:\\Program Files\\backend_core\\public\\index.php')
WARNING - 2026-03-12 14:03:04 --> [DEPRECATED] Creation of dynamic property CodeIgniter\HTTP\IncomingRequest::$user is deprecated in APPPATH\Filters\Auth.php on line 59.
 1 VENDORPATH\codeigniter4\framework\system\Filters\Filters.php(241): App\Filters\Auth->before(Object(CodeIgniter\HTTP\IncomingRequest), null)
 2 VENDORPATH\codeigniter4\framework\system\Filters\Filters.php(221): CodeIgniter\Filters\Filters->runBefore([...])
 3 VENDORPATH\codeigniter4\framework\system\CodeIgniter.php(465): CodeIgniter\Filters\Filters->run('api/products/ratings/10', 'before')
 4 VENDORPATH\codeigniter4\framework\system\CodeIgniter.php(340): CodeIgniter\CodeIgniter->handleRequest(null, Object(Config\Cache), false)
 5 SYSTEMPATH\Boot.php(363): CodeIgniter\CodeIgniter->run()
 6 SYSTEMPATH\Boot.php(68): CodeIgniter\Boot::runCodeIgniter(Object(CodeIgniter\CodeIgniter))
 7 FCPATH\index.php(59): CodeIgniter\Boot::bootWeb(Object(Config\Paths))
 8 SYSTEMPATH\rewrite.php(44): require_once('D:\\Program Files\\backend_core\\public\\index.php')
WARNING - 2026-03-12 14:53:08 --> [DEPRECATED] Creation of dynamic property CodeIgniter\HTTP\IncomingRequest::$user is deprecated in APPPATH\Filters\Auth.php on line 59.
 1 VENDORPATH\codeigniter4\framework\system\Filters\Filters.php(241): App\Filters\Auth->before(Object(CodeIgniter\HTTP\IncomingRequest), null)
 2 VENDORPATH\codeigniter4\framework\system\Filters\Filters.php(221): CodeIgniter\Filters\Filters->runBefore([...])
 3 VENDORPATH\codeigniter4\framework\system\CodeIgniter.php(465): CodeIgniter\Filters\Filters->run('api/supplier/profile/9', 'before')
 4 VENDORPATH\codeigniter4\framework\system\CodeIgniter.php(340): CodeIgniter\CodeIgniter->handleRequest(null, Object(Config\Cache), false)
 5 SYSTEMPATH\Boot.php(363): CodeIgniter\CodeIgniter->run()
 6 SYSTEMPATH\Boot.php(68): CodeIgniter\Boot::runCodeIgniter(Object(CodeIgniter\CodeIgniter))
 7 FCPATH\index.php(59): CodeIgniter\Boot::bootWeb(Object(Config\Paths))
 8 SYSTEMPATH\rewrite.php(44): require_once('D:\\Program Files\\backend_core\\public\\index.php')
CRITICAL - 2026-03-12 14:53:08 --> Error: Cannot use object of type stdClass as array
[Method: GET, Route: api/supplier/profile/9]
in APPPATH\Controllers\Api\SupplierAuthController.php on line 321.
 1 VENDORPATH\codeigniter4\framework\system\CodeIgniter.php(951): App\Controllers\Api\SupplierAuthController->getProfile('9')
 2 VENDORPATH\codeigniter4\framework\system\CodeIgniter.php(497): CodeIgniter\CodeIgniter->runController(Object(App\Controllers\Api\SupplierAuthController))
 3 VENDORPATH\codeigniter4\framework\system\CodeIgniter.php(340): CodeIgniter\CodeIgniter->handleRequest(null, Object(Config\Cache), false)
 4 SYSTEMPATH\Boot.php(363): CodeIgniter\CodeIgniter->run()
 5 SYSTEMPATH\Boot.php(68): CodeIgniter\Boot::runCodeIgniter(Object(CodeIgniter\CodeIgniter))
 6 FCPATH\index.php(59): CodeIgniter\Boot::bootWeb(Object(Config\Paths))
 7 SYSTEMPATH\rewrite.php(44): require_once('D:\\Program Files\\backend_core\\public\\index.php')
WARNING - 2026-03-12 14:54:02 --> [DEPRECATED] Creation of dynamic property CodeIgniter\HTTP\IncomingRequest::$user is deprecated in APPPATH\Filters\Auth.php on line 59.
 1 VENDORPATH\codeigniter4\framework\system\Filters\Filters.php(241): App\Filters\Auth->before(Object(CodeIgniter\HTTP\IncomingRequest), null)
 2 VENDORPATH\codeigniter4\framework\system\Filters\Filters.php(221): CodeIgniter\Filters\Filters->runBefore([...])
 3 VENDORPATH\codeigniter4\framework\system\CodeIgniter.php(465): CodeIgniter\Filters\Filters->run('api/supplier/profile/9', 'before')
 4 VENDORPATH\codeigniter4\framework\system\CodeIgniter.php(340): CodeIgniter\CodeIgniter->handleRequest(null, Object(Config\Cache), false)
 5 SYSTEMPATH\Boot.php(363): CodeIgniter\CodeIgniter->run()
 6 SYSTEMPATH\Boot.php(68): CodeIgniter\Boot::runCodeIgniter(Object(CodeIgniter\CodeIgniter))
 7 FCPATH\index.php(59): CodeIgniter\Boot::bootWeb(Object(Config\Paths))
 8 SYSTEMPATH\rewrite.php(44): require_once('D:\\Program Files\\backend_core\\public\\index.php')
CRITICAL - 2026-03-12 14:54:02 --> Error: Cannot use object of type stdClass as array
[Method: GET, Route: api/supplier/profile/9]
in APPPATH\Controllers\Api\SupplierAuthController.php on line 322.
 1 VENDORPATH\codeigniter4\framework\system\CodeIgniter.php(951): App\Controllers\Api\SupplierAuthController->getProfile('9')
 2 VENDORPATH\codeigniter4\framework\system\CodeIgniter.php(497): CodeIgniter\CodeIgniter->runController(Object(App\Controllers\Api\SupplierAuthController))
 3 VENDORPATH\codeigniter4\framework\system\CodeIgniter.php(340): CodeIgniter\CodeIgniter->handleRequest(null, Object(Config\Cache), false)
 4 SYSTEMPATH\Boot.php(363): CodeIgniter\CodeIgniter->run()
 5 SYSTEMPATH\Boot.php(68): CodeIgniter\Boot::runCodeIgniter(Object(CodeIgniter\CodeIgniter))
 6 FCPATH\index.php(59): CodeIgniter\Boot::bootWeb(Object(Config\Paths))
 7 SYSTEMPATH\rewrite.php(44): require_once('D:\\Program Files\\backend_core\\public\\index.php')
WARNING - 2026-03-12 14:54:30 --> [DEPRECATED] Creation of dynamic property CodeIgniter\HTTP\IncomingRequest::$user is deprecated in APPPATH\Filters\Auth.php on line 59.
 1 VENDORPATH\codeigniter4\framework\system\Filters\Filters.php(241): App\Filters\Auth->before(Object(CodeIgniter\HTTP\IncomingRequest), null)
 2 VENDORPATH\codeigniter4\framework\system\Filters\Filters.php(221): CodeIgniter\Filters\Filters->runBefore([...])
 3 VENDORPATH\codeigniter4\framework\system\CodeIgniter.php(465): CodeIgniter\Filters\Filters->run('api/supplier/profile/9', 'before')
 4 VENDORPATH\codeigniter4\framework\system\CodeIgniter.php(340): CodeIgniter\CodeIgniter->handleRequest(null, Object(Config\Cache), false)
 5 SYSTEMPATH\Boot.php(363): CodeIgniter\CodeIgniter->run()
 6 SYSTEMPATH\Boot.php(68): CodeIgniter\Boot::runCodeIgniter(Object(CodeIgniter\CodeIgniter))
 7 FCPATH\index.php(59): CodeIgniter\Boot::bootWeb(Object(Config\Paths))
 8 SYSTEMPATH\rewrite.php(44): require_once('D:\\Program Files\\backend_core\\public\\index.php')
CRITICAL - 2026-03-12 14:54:30 --> Error: Cannot use object of type stdClass as array
[Method: GET, Route: api/supplier/profile/9]
in APPPATH\Controllers\Api\SupplierAuthController.php on line 322.
 1 VENDORPATH\codeigniter4\framework\system\CodeIgniter.php(951): App\Controllers\Api\SupplierAuthController->getProfile('9')
 2 VENDORPATH\codeigniter4\framework\system\CodeIgniter.php(497): CodeIgniter\CodeIgniter->runController(Object(App\Controllers\Api\SupplierAuthController))
 3 VENDORPATH\codeigniter4\framework\system\CodeIgniter.php(340): CodeIgniter\CodeIgniter->handleRequest(null, Object(Config\Cache), false)
 4 SYSTEMPATH\Boot.php(363): CodeIgniter\CodeIgniter->run()
 5 SYSTEMPATH\Boot.php(68): CodeIgniter\Boot::runCodeIgniter(Object(CodeIgniter\CodeIgniter))
 6 FCPATH\index.php(59): CodeIgniter\Boot::bootWeb(Object(Config\Paths))
 7 SYSTEMPATH\rewrite.php(44): require_once('D:\\Program Files\\backend_core\\public\\index.php')
WARNING - 2026-03-12 14:54:51 --> [DEPRECATED] Creation of dynamic property CodeIgniter\HTTP\IncomingRequest::$user is deprecated in APPPATH\Filters\Auth.php on line 59.
 1 VENDORPATH\codeigniter4\framework\system\Filters\Filters.php(241): App\Filters\Auth->before(Object(CodeIgniter\HTTP\IncomingRequest), null)
 2 VENDORPATH\codeigniter4\framework\system\Filters\Filters.php(221): CodeIgniter\Filters\Filters->runBefore([...])
 3 VENDORPATH\codeigniter4\framework\system\CodeIgniter.php(465): CodeIgniter\Filters\Filters->run('api/supplier/profile/9', 'before')
 4 VENDORPATH\codeigniter4\framework\system\CodeIgniter.php(340): CodeIgniter\CodeIgniter->handleRequest(null, Object(Config\Cache), false)
 5 SYSTEMPATH\Boot.php(363): CodeIgniter\CodeIgniter->run()
 6 SYSTEMPATH\Boot.php(68): CodeIgniter\Boot::runCodeIgniter(Object(CodeIgniter\CodeIgniter))
 7 FCPATH\index.php(59): CodeIgniter\Boot::bootWeb(Object(Config\Paths))
 8 SYSTEMPATH\rewrite.php(44): require_once('D:\\Program Files\\backend_core\\public\\index.php')
CRITICAL - 2026-03-12 14:54:51 --> Error: Cannot use object of type stdClass as array
[Method: GET, Route: api/supplier/profile/9]
in APPPATH\Controllers\Api\SupplierAuthController.php on line 323.
 1 VENDORPATH\codeigniter4\framework\system\CodeIgniter.php(951): App\Controllers\Api\SupplierAuthController->getProfile('9')
 2 VENDORPATH\codeigniter4\framework\system\CodeIgniter.php(497): CodeIgniter\CodeIgniter->runController(Object(App\Controllers\Api\SupplierAuthController))
 3 VENDORPATH\codeigniter4\framework\system\CodeIgniter.php(340): CodeIgniter\CodeIgniter->handleRequest(null, Object(Config\Cache), false)
 4 SYSTEMPATH\Boot.php(363): CodeIgniter\CodeIgniter->run()
 5 SYSTEMPATH\Boot.php(68): CodeIgniter\Boot::runCodeIgniter(Object(CodeIgniter\CodeIgniter))
 6 FCPATH\index.php(59): CodeIgniter\Boot::bootWeb(Object(Config\Paths))
 7 SYSTEMPATH\rewrite.php(44): require_once('D:\\Program Files\\backend_core\\public\\index.php')
WARNING - 2026-03-12 14:55:26 --> [DEPRECATED] Creation of dynamic property CodeIgniter\HTTP\IncomingRequest::$user is deprecated in APPPATH\Filters\Auth.php on line 59.
 1 VENDORPATH\codeigniter4\framework\system\Filters\Filters.php(241): App\Filters\Auth->before(Object(CodeIgniter\HTTP\IncomingRequest), null)
 2 VENDORPATH\codeigniter4\framework\system\Filters\Filters.php(221): CodeIgniter\Filters\Filters->runBefore([...])
 3 VENDORPATH\codeigniter4\framework\system\CodeIgniter.php(465): CodeIgniter\Filters\Filters->run('api/supplier/profile/9', 'before')
 4 VENDORPATH\codeigniter4\framework\system\CodeIgniter.php(340): CodeIgniter\CodeIgniter->handleRequest(null, Object(Config\Cache), false)
 5 SYSTEMPATH\Boot.php(363): CodeIgniter\CodeIgniter->run()
 6 SYSTEMPATH\Boot.php(68): CodeIgniter\Boot::runCodeIgniter(Object(CodeIgniter\CodeIgniter))
 7 FCPATH\index.php(59): CodeIgniter\Boot::bootWeb(Object(Config\Paths))
 8 SYSTEMPATH\rewrite.php(44): require_once('D:\\Program Files\\backend_core\\public\\index.php')
WARNING - 2026-03-12 14:57:55 --> [DEPRECATED] Creation of dynamic property CodeIgniter\HTTP\IncomingRequest::$user is deprecated in APPPATH\Filters\Auth.php on line 59.
 1 VENDORPATH\codeigniter4\framework\system\Filters\Filters.php(241): App\Filters\Auth->before(Object(CodeIgniter\HTTP\IncomingRequest), null)
 2 VENDORPATH\codeigniter4\framework\system\Filters\Filters.php(221): CodeIgniter\Filters\Filters->runBefore([...])
 3 VENDORPATH\codeigniter4\framework\system\CodeIgniter.php(465): CodeIgniter\Filters\Filters->run('api/supplier/profile/9', 'before')
 4 VENDORPATH\codeigniter4\framework\system\CodeIgniter.php(340): CodeIgniter\CodeIgniter->handleRequest(null, Object(Config\Cache), false)
 5 SYSTEMPATH\Boot.php(363): CodeIgniter\CodeIgniter->run()
 6 SYSTEMPATH\Boot.php(68): CodeIgniter\Boot::runCodeIgniter(Object(CodeIgniter\CodeIgniter))
 7 FCPATH\index.php(59): CodeIgniter\Boot::bootWeb(Object(Config\Paths))
 8 SYSTEMPATH\rewrite.php(44): require_once('D:\\Program Files\\backend_core\\public\\index.php')
WARNING - 2026-03-12 14:58:02 --> [DEPRECATED] Creation of dynamic property CodeIgniter\HTTP\IncomingRequest::$user is deprecated in APPPATH\Filters\Auth.php on line 59.
 1 VENDORPATH\codeigniter4\framework\system\Filters\Filters.php(241): App\Filters\Auth->before(Object(CodeIgniter\HTTP\IncomingRequest), null)
 2 VENDORPATH\codeigniter4\framework\system\Filters\Filters.php(221): CodeIgniter\Filters\Filters->runBefore([...])
 3 VENDORPATH\codeigniter4\framework\system\CodeIgniter.php(465): CodeIgniter\Filters\Filters->run('api/supplier/profile/9', 'before')
 4 VENDORPATH\codeigniter4\framework\system\CodeIgniter.php(340): CodeIgniter\CodeIgniter->handleRequest(null, Object(Config\Cache), false)
 5 SYSTEMPATH\Boot.php(363): CodeIgniter\CodeIgniter->run()
 6 SYSTEMPATH\Boot.php(68): CodeIgniter\Boot::runCodeIgniter(Object(CodeIgniter\CodeIgniter))
 7 FCPATH\index.php(59): CodeIgniter\Boot::bootWeb(Object(Config\Paths))
 8 SYSTEMPATH\rewrite.php(44): require_once('D:\\Program Files\\backend_core\\public\\index.php')
WARNING - 2026-03-12 15:03:28 --> [DEPRECATED] Creation of dynamic property CodeIgniter\HTTP\IncomingRequest::$user is deprecated in APPPATH\Filters\Auth.php on line 59.
 1 VENDORPATH\codeigniter4\framework\system\Filters\Filters.php(241): App\Filters\Auth->before(Object(CodeIgniter\HTTP\IncomingRequest), null)
 2 VENDORPATH\codeigniter4\framework\system\Filters\Filters.php(221): CodeIgniter\Filters\Filters->runBefore([...])
 3 VENDORPATH\codeigniter4\framework\system\CodeIgniter.php(465): CodeIgniter\Filters\Filters->run('api/supplier/profile/9', 'before')
 4 VENDORPATH\codeigniter4\framework\system\CodeIgniter.php(340): CodeIgniter\CodeIgniter->handleRequest(null, Object(Config\Cache), false)
 5 SYSTEMPATH\Boot.php(363): CodeIgniter\CodeIgniter->run()
 6 SYSTEMPATH\Boot.php(68): CodeIgniter\Boot::runCodeIgniter(Object(CodeIgniter\CodeIgniter))
 7 FCPATH\index.php(59): CodeIgniter\Boot::bootWeb(Object(Config\Paths))
 8 SYSTEMPATH\rewrite.php(44): require_once('D:\\Program Files\\backend_core\\public\\index.php')
WARNING - 2026-03-12 15:03:43 --> [DEPRECATED] Creation of dynamic property CodeIgniter\HTTP\IncomingRequest::$user is deprecated in APPPATH\Filters\Auth.php on line 59.
 1 VENDORPATH\codeigniter4\framework\system\Filters\Filters.php(241): App\Filters\Auth->before(Object(CodeIgniter\HTTP\IncomingRequest), null)
 2 VENDORPATH\codeigniter4\framework\system\Filters\Filters.php(221): CodeIgniter\Filters\Filters->runBefore([...])
 3 VENDORPATH\codeigniter4\framework\system\CodeIgniter.php(465): CodeIgniter\Filters\Filters->run('api/supplier/profile/9', 'before')
 4 VENDORPATH\codeigniter4\framework\system\CodeIgniter.php(340): CodeIgniter\CodeIgniter->handleRequest(null, Object(Config\Cache), false)
 5 SYSTEMPATH\Boot.php(363): CodeIgniter\CodeIgniter->run()
 6 SYSTEMPATH\Boot.php(68): CodeIgniter\Boot::runCodeIgniter(Object(CodeIgniter\CodeIgniter))
 7 FCPATH\index.php(59): CodeIgniter\Boot::bootWeb(Object(Config\Paths))
 8 SYSTEMPATH\rewrite.php(44): require_once('D:\\Program Files\\backend_core\\public\\index.php')
WARNING - 2026-03-12 15:10:46 --> [DEPRECATED] Creation of dynamic property CodeIgniter\HTTP\IncomingRequest::$user is deprecated in APPPATH\Filters\Auth.php on line 59.
 1 VENDORPATH\codeigniter4\framework\system\Filters\Filters.php(241): App\Filters\Auth->before(Object(CodeIgniter\HTTP\IncomingRequest), null)
 2 VENDORPATH\codeigniter4\framework\system\Filters\Filters.php(221): CodeIgniter\Filters\Filters->runBefore([...])
 3 VENDORPATH\codeigniter4\framework\system\CodeIgniter.php(465): CodeIgniter\Filters\Filters->run('api/supplier/profile/9', 'before')
 4 VENDORPATH\codeigniter4\framework\system\CodeIgniter.php(340): CodeIgniter\CodeIgniter->handleRequest(null, Object(Config\Cache), false)
 5 SYSTEMPATH\Boot.php(363): CodeIgniter\CodeIgniter->run()
 6 SYSTEMPATH\Boot.php(68): CodeIgniter\Boot::runCodeIgniter(Object(CodeIgniter\CodeIgniter))
 7 FCPATH\index.php(59): CodeIgniter\Boot::bootWeb(Object(Config\Paths))
 8 SYSTEMPATH\rewrite.php(44): require_once('D:\\Program Files\\backend_core\\public\\index.php')
WARNING - 2026-03-12 22:12:05 --> [DEPRECATED] Creation of dynamic property CodeIgniter\HTTP\IncomingRequest::$user is deprecated in APPPATH\Filters\Auth.php on line 59.
 1 VENDORPATH\codeigniter4\framework\system\Filters\Filters.php(241): App\Filters\Auth->before(Object(CodeIgniter\HTTP\IncomingRequest), null)
 2 VENDORPATH\codeigniter4\framework\system\Filters\Filters.php(221): CodeIgniter\Filters\Filters->runBefore([...])
 3 VENDORPATH\codeigniter4\framework\system\CodeIgniter.php(465): CodeIgniter\Filters\Filters->run('api/construction/project/27', 'before')
 4 VENDORPATH\codeigniter4\framework\system\CodeIgniter.php(340): CodeIgniter\CodeIgniter->handleRequest(null, Object(Config\Cache), false)
 5 SYSTEMPATH\Boot.php(363): CodeIgniter\CodeIgniter->run()
 6 SYSTEMPATH\Boot.php(68): CodeIgniter\Boot::runCodeIgniter(Object(CodeIgniter\CodeIgniter))
 7 FCPATH\index.php(59): CodeIgniter\Boot::bootWeb(Object(Config\Paths))
 8 SYSTEMPATH\rewrite.php(44): require_once('D:\\Program Files\\backend_core\\public\\index.php')
ERROR - 2026-03-12 22:12:09 --> Error connecting to the database: mysqli_sql_exception: No connection could be made because the target machine actively refused it in D:\Program Files\backend_core\vendor\codeigniter4\framework\system\Database\MySQLi\Connection.php:201
Stack trace:
#0 D:\Program Files\backend_core\vendor\codeigniter4\framework\system\Database\MySQLi\Connection.php(201): mysqli->real_connect('localhost', 'root', Object(SensitiveParameterValue), 'stuh8812_pasang...', 3306, '', 0)
#1 D:\Program Files\backend_core\vendor\codeigniter4\framework\system\Database\BaseConnection.php(419): CodeIgniter\Database\MySQLi\Connection->connect(false)
#2 D:\Program Files\backend_core\vendor\codeigniter4\framework\system\Database\BaseConnection.php(654): CodeIgniter\Database\BaseConnection->initialize()
#3 D:\Program Files\backend_core\vendor\codeigniter4\framework\system\Database\BaseBuilder.php(1649): CodeIgniter\Database\BaseConnection->query('SELECT *\nFROM `...', Array, false)
#4 D:\Program Files\backend_core\app\Controllers\Api\ConstructionApi.php(112): CodeIgniter\Database\BaseBuilder->get()
#5 D:\Program Files\backend_core\vendor\codeigniter4\framework\system\CodeIgniter.php(951): App\Controllers\Api\ConstructionApi->project('27')
#6 D:\Program Files\backend_core\vendor\codeigniter4\framework\system\CodeIgniter.php(497): CodeIgniter\CodeIgniter->runController(Object(App\Controllers\Api\ConstructionApi))
#7 D:\Program Files\backend_core\vendor\codeigniter4\framework\system\CodeIgniter.php(340): CodeIgniter\CodeIgniter->handleRequest(NULL, Object(Config\Cache), false)
#8 D:\Program Files\backend_core\system\Boot.php(363): CodeIgniter\CodeIgniter->run()
#9 D:\Program Files\backend_core\system\Boot.php(68): CodeIgniter\Boot::runCodeIgniter(Object(CodeIgniter\CodeIgniter))
#10 D:\Program Files\backend_core\public\index.php(59): CodeIgniter\Boot::bootWeb(Object(Config\Paths))
#11 D:\Program Files\backend_core\system\rewrite.php(44): require_once('D:\\Program File...')
#12 {main}

Next CodeIgniter\Database\Exceptions\DatabaseException: No connection could be made because the target machine actively refused it in D:\Program Files\backend_core\vendor\codeigniter4\framework\system\Database\MySQLi\Connection.php:231
Stack trace:
#0 D:\Program Files\backend_core\vendor\codeigniter4\framework\system\Database\BaseConnection.php(419): CodeIgniter\Database\MySQLi\Connection->connect(false)
#1 D:\Program Files\backend_core\vendor\codeigniter4\framework\system\Database\BaseConnection.php(654): CodeIgniter\Database\BaseConnection->initialize()
#2 D:\Program Files\backend_core\vendor\codeigniter4\framework\system\Database\BaseBuilder.php(1649): CodeIgniter\Database\BaseConnection->query('SELECT *\nFROM `...', Array, false)
#3 D:\Program Files\backend_core\app\Controllers\Api\ConstructionApi.php(112): CodeIgniter\Database\BaseBuilder->get()
#4 D:\Program Files\backend_core\vendor\codeigniter4\framework\system\CodeIgniter.php(951): App\Controllers\Api\ConstructionApi->project('27')
#5 D:\Program Files\backend_core\vendor\codeigniter4\framework\system\CodeIgniter.php(497): CodeIgniter\CodeIgniter->runController(Object(App\Controllers\Api\ConstructionApi))
#6 D:\Program Files\backend_core\vendor\codeigniter4\framework\system\CodeIgniter.php(340): CodeIgniter\CodeIgniter->handleRequest(NULL, Object(Config\Cache), false)
#7 D:\Program Files\backend_core\system\Boot.php(363): CodeIgniter\CodeIgniter->run()
#8 D:\Program Files\backend_core\system\Boot.php(68): CodeIgniter\Boot::runCodeIgniter(Object(CodeIgniter\CodeIgniter))
#9 D:\Program Files\backend_core\public\index.php(59): CodeIgniter\Boot::bootWeb(Object(Config\Paths))
#10 D:\Program Files\backend_core\system\rewrite.php(44): require_once('D:\\Program File...')
#11 {main}
CRITICAL - 2026-03-12 22:12:09 --> CodeIgniter\Database\Exceptions\DatabaseException: Unable to connect to the database.
Main connection [MySQLi]: No connection could be made because the target machine actively refused it
[Method: GET, Route: api/construction/project/27]
in VENDORPATH\codeigniter4\framework\system\Database\BaseConnection.php on line 465.
 1 VENDORPATH\codeigniter4\framework\system\Database\BaseConnection.php(654): CodeIgniter\Database\BaseConnection->initialize()
 2 VENDORPATH\codeigniter4\framework\system\Database\BaseBuilder.php(1649): CodeIgniter\Database\BaseConnection->query('SELECT *
FROM `construction_requests`
WHERE `user_id` = :user_id:
ORDER BY `created_at` DESC', [...], false)
 3 APPPATH\Controllers\Api\ConstructionApi.php(112): CodeIgniter\Database\BaseBuilder->get()
 4 VENDORPATH\codeigniter4\framework\system\CodeIgniter.php(951): App\Controllers\Api\ConstructionApi->project('27')
 5 VENDORPATH\codeigniter4\framework\system\CodeIgniter.php(497): CodeIgniter\CodeIgniter->runController(Object(App\Controllers\Api\ConstructionApi))
 6 VENDORPATH\codeigniter4\framework\system\CodeIgniter.php(340): CodeIgniter\CodeIgniter->handleRequest(null, Object(Config\Cache), false)
 7 SYSTEMPATH\Boot.php(363): CodeIgniter\CodeIgniter->run()
 8 SYSTEMPATH\Boot.php(68): CodeIgniter\Boot::runCodeIgniter(Object(CodeIgniter\CodeIgniter))
 9 FCPATH\index.php(59): CodeIgniter\Boot::bootWeb(Object(Config\Paths))
10 SYSTEMPATH\rewrite.php(44): require_once('D:\\Program Files\\backend_core\\public\\index.php')
