DEBUG - 2026-03-11 08:50:08 --> Session: Class initialized using 'CodeIgniter\Session\Handlers\FileHandler' driver.
DEBUG - 2026-03-11 08:50:11 --> Session: Class initialized using 'CodeIgniter\Session\Handlers\FileHandler' driver.
DEBUG - 2026-03-11 08:54:36 --> Session: Class initialized using 'CodeIgniter\Session\Handlers\FileHandler' driver.
WARNING - 2026-03-11 15:38:44 --> [DEPRECATED] Creation of dynamic property CodeIgniter\HTTP\IncomingRequest::$user is deprecated in APPPATH\Filters\Auth.php on line 59.
 1 VENDORPATH\codeigniter4\framework\system\Filters\Filters.php(241): App\Filters\Auth->before(Object(CodeIgniter\HTTP\IncomingRequest), null)
 2 VENDORPATH\codeigniter4\framework\system\Filters\Filters.php(221): CodeIgniter\Filters\Filters->runBefore([...])
 3 VENDORPATH\codeigniter4\framework\system\CodeIgniter.php(465): CodeIgniter\Filters\Filters->run('api/supplier/ratings/create', 'before')
 4 VENDORPATH\codeigniter4\framework\system\CodeIgniter.php(340): CodeIgniter\CodeIgniter->handleRequest(null, Object(Config\Cache), false)
 5 SYSTEMPATH\Boot.php(363): CodeIgniter\CodeIgniter->run()
 6 SYSTEMPATH\Boot.php(68): CodeIgniter\Boot::runCodeIgniter(Object(CodeIgniter\CodeIgniter))
 7 FCPATH\index.php(59): CodeIgniter\Boot::bootWeb(Object(Config\Paths))
 8 SYSTEMPATH\rewrite.php(44): require_once('D:\\Program Files\\backend_core\\public\\index.php')
CRITICAL - 2026-03-11 15:38:44 --> TypeError: count(): Argument #1 ($value) must be of type Countable|array, null given
[Method: POST, Route: api/supplier/ratings/create]
in APPPATH\Controllers\Api\suppliersRatingController.php on line 88.
 1 APPPATH\Controllers\Api\suppliersRatingController.php(88): count(null)
 2 VENDORPATH\codeigniter4\framework\system\CodeIgniter.php(951): App\Controllers\Api\SuppliersRatingController->create()
 3 VENDORPATH\codeigniter4\framework\system\CodeIgniter.php(497): CodeIgniter\CodeIgniter->runController(Object(App\Controllers\Api\SuppliersRatingController))
 4 VENDORPATH\codeigniter4\framework\system\CodeIgniter.php(340): CodeIgniter\CodeIgniter->handleRequest(null, Object(Config\Cache), false)
 5 SYSTEMPATH\Boot.php(363): CodeIgniter\CodeIgniter->run()
 6 SYSTEMPATH\Boot.php(68): CodeIgniter\Boot::runCodeIgniter(Object(CodeIgniter\CodeIgniter))
 7 FCPATH\index.php(59): CodeIgniter\Boot::bootWeb(Object(Config\Paths))
 8 SYSTEMPATH\rewrite.php(44): require_once('D:\\Program Files\\backend_core\\public\\index.php')
WARNING - 2026-03-11 15:39:57 --> [DEPRECATED] Creation of dynamic property CodeIgniter\HTTP\IncomingRequest::$user is deprecated in APPPATH\Filters\Auth.php on line 59.
 1 VENDORPATH\codeigniter4\framework\system\Filters\Filters.php(241): App\Filters\Auth->before(Object(CodeIgniter\HTTP\IncomingRequest), null)
 2 VENDORPATH\codeigniter4\framework\system\Filters\Filters.php(221): CodeIgniter\Filters\Filters->runBefore([...])
 3 VENDORPATH\codeigniter4\framework\system\CodeIgniter.php(465): CodeIgniter\Filters\Filters->run('api/supplier/ratings/create', 'before')
 4 VENDORPATH\codeigniter4\framework\system\CodeIgniter.php(340): CodeIgniter\CodeIgniter->handleRequest(null, Object(Config\Cache), false)
 5 SYSTEMPATH\Boot.php(363): CodeIgniter\CodeIgniter->run()
 6 SYSTEMPATH\Boot.php(68): CodeIgniter\Boot::runCodeIgniter(Object(CodeIgniter\CodeIgniter))
 7 FCPATH\index.php(59): CodeIgniter\Boot::bootWeb(Object(Config\Paths))
 8 SYSTEMPATH\rewrite.php(44): require_once('D:\\Program Files\\backend_core\\public\\index.php')
WARNING - 2026-03-11 15:46:58 --> [DEPRECATED] Creation of dynamic property CodeIgniter\HTTP\IncomingRequest::$user is deprecated in APPPATH\Filters\Auth.php on line 59.
 1 VENDORPATH\codeigniter4\framework\system\Filters\Filters.php(241): App\Filters\Auth->before(Object(CodeIgniter\HTTP\IncomingRequest), null)
 2 VENDORPATH\codeigniter4\framework\system\Filters\Filters.php(221): CodeIgniter\Filters\Filters->runBefore([...])
 3 VENDORPATH\codeigniter4\framework\system\CodeIgniter.php(465): CodeIgniter\Filters\Filters->run('api/supplier/ratings/create', 'before')
 4 VENDORPATH\codeigniter4\framework\system\CodeIgniter.php(340): CodeIgniter\CodeIgniter->handleRequest(null, Object(Config\Cache), false)
 5 SYSTEMPATH\Boot.php(363): CodeIgniter\CodeIgniter->run()
 6 SYSTEMPATH\Boot.php(68): CodeIgniter\Boot::runCodeIgniter(Object(CodeIgniter\CodeIgniter))
 7 FCPATH\index.php(59): CodeIgniter\Boot::bootWeb(Object(Config\Paths))
 8 SYSTEMPATH\rewrite.php(44): require_once('D:\\Program Files\\backend_core\\public\\index.php')
ERROR - 2026-03-11 15:46:58 --> Unknown column 'updated_at' in 'field list'
in VENDORPATH\codeigniter4\framework\system\Database\MySQLi\Connection.php on line 300.
 1 VENDORPATH\codeigniter4\framework\system\Database\MySQLi\Connection.php(300): mysqli->query('INSERT INTO `suppliers_rating` (`id_supplier`, `rating`, `comment`, `gambar1`, `created_at`, `updated_at`) VALUES (\'12\', \'5\', \'toko paling keren didunia\', \'1773218818_ecc3941d0d570b54ca4b.jpg\', \'2026-03-11 15:46:58\', \'2026-03-11 15:46:58\')', 0)
 2 VENDORPATH\codeigniter4\framework\system\Database\BaseConnection.php(769): CodeIgniter\Database\MySQLi\Connection->execute('INSERT INTO `suppliers_rating` (`id_supplier`, `rating`, `comment`, `gambar1`, `created_at`, `updated_at`) VALUES (\'12\', \'5\', \'toko paling keren didunia\', \'1773218818_ecc3941d0d570b54ca4b.jpg\', \'2026-03-11 15:46:58\', \'2026-03-11 15:46:58\')')
 3 VENDORPATH\codeigniter4\framework\system\Database\BaseConnection.php(686): CodeIgniter\Database\BaseConnection->simpleQuery('INSERT INTO `suppliers_rating` (`id_supplier`, `rating`, `comment`, `gambar1`, `created_at`, `updated_at`) VALUES (\'12\', \'5\', \'toko paling keren didunia\', \'1773218818_ecc3941d0d570b54ca4b.jpg\', \'2026-03-11 15:46:58\', \'2026-03-11 15:46:58\')')
 4 VENDORPATH\codeigniter4\framework\system\Database\BaseBuilder.php(2345): CodeIgniter\Database\BaseConnection->query('INSERT INTO `suppliers_rating` (`id_supplier`, `rating`, `comment`, `gambar1`, `created_at`, `updated_at`) VALUES (:id_supplier:, :rating:, :comment:, :gambar1:, :created_at:, :updated_at:)', [...], false)
 5 VENDORPATH\codeigniter4\framework\system\Model.php(356): CodeIgniter\Database\BaseBuilder->insert()
 6 VENDORPATH\codeigniter4\framework\system\BaseModel.php(898): CodeIgniter\Model->doInsert([...])
 7 VENDORPATH\codeigniter4\framework\system\Model.php(665): CodeIgniter\BaseModel->insert([...], true)
 8 APPPATH\Controllers\Api\suppliersRatingController.php(122): CodeIgniter\Model->insert([...])
 9 VENDORPATH\codeigniter4\framework\system\CodeIgniter.php(951): App\Controllers\Api\SuppliersRatingController->create()
10 VENDORPATH\codeigniter4\framework\system\CodeIgniter.php(497): CodeIgniter\CodeIgniter->runController(Object(App\Controllers\Api\SuppliersRatingController))
11 VENDORPATH\codeigniter4\framework\system\CodeIgniter.php(340): CodeIgniter\CodeIgniter->handleRequest(null, Object(Config\Cache), false)
12 SYSTEMPATH\Boot.php(363): CodeIgniter\CodeIgniter->run()
13 SYSTEMPATH\Boot.php(68): CodeIgniter\Boot::runCodeIgniter(Object(CodeIgniter\CodeIgniter))
14 FCPATH\index.php(59): CodeIgniter\Boot::bootWeb(Object(Config\Paths))
15 SYSTEMPATH\rewrite.php(44): require_once('D:\\Program Files\\backend_core\\public\\index.php')
WARNING - 2026-03-11 15:56:13 --> [DEPRECATED] Creation of dynamic property CodeIgniter\HTTP\IncomingRequest::$user is deprecated in APPPATH\Filters\Auth.php on line 59.
 1 VENDORPATH\codeigniter4\framework\system\Filters\Filters.php(241): App\Filters\Auth->before(Object(CodeIgniter\HTTP\IncomingRequest), null)
 2 VENDORPATH\codeigniter4\framework\system\Filters\Filters.php(221): CodeIgniter\Filters\Filters->runBefore([...])
 3 VENDORPATH\codeigniter4\framework\system\CodeIgniter.php(465): CodeIgniter\Filters\Filters->run('api/supplier/ratings/create', 'before')
 4 VENDORPATH\codeigniter4\framework\system\CodeIgniter.php(340): CodeIgniter\CodeIgniter->handleRequest(null, Object(Config\Cache), false)
 5 SYSTEMPATH\Boot.php(363): CodeIgniter\CodeIgniter->run()
 6 SYSTEMPATH\Boot.php(68): CodeIgniter\Boot::runCodeIgniter(Object(CodeIgniter\CodeIgniter))
 7 FCPATH\index.php(59): CodeIgniter\Boot::bootWeb(Object(Config\Paths))
 8 SYSTEMPATH\rewrite.php(44): require_once('D:\\Program Files\\backend_core\\public\\index.php')
ERROR - 2026-03-11 15:56:13 --> Unknown column 'updated_at' in 'field list'
in VENDORPATH\codeigniter4\framework\system\Database\MySQLi\Connection.php on line 300.
 1 VENDORPATH\codeigniter4\framework\system\Database\MySQLi\Connection.php(300): mysqli->query('INSERT INTO `suppliers_rating` (`id_supplier`, `rating`, `comment`, `gambar1`, `created_at`, `updated_at`) VALUES (\'12\', \'5\', \'toko paling keren didunia\', \'1773219373_8d45817bd84659770d9f.jpg\', \'2026-03-11 15:56:13\', \'2026-03-11 15:56:13\')', 0)
 2 VENDORPATH\codeigniter4\framework\system\Database\BaseConnection.php(769): CodeIgniter\Database\MySQLi\Connection->execute('INSERT INTO `suppliers_rating` (`id_supplier`, `rating`, `comment`, `gambar1`, `created_at`, `updated_at`) VALUES (\'12\', \'5\', \'toko paling keren didunia\', \'1773219373_8d45817bd84659770d9f.jpg\', \'2026-03-11 15:56:13\', \'2026-03-11 15:56:13\')')
 3 VENDORPATH\codeigniter4\framework\system\Database\BaseConnection.php(686): CodeIgniter\Database\BaseConnection->simpleQuery('INSERT INTO `suppliers_rating` (`id_supplier`, `rating`, `comment`, `gambar1`, `created_at`, `updated_at`) VALUES (\'12\', \'5\', \'toko paling keren didunia\', \'1773219373_8d45817bd84659770d9f.jpg\', \'2026-03-11 15:56:13\', \'2026-03-11 15:56:13\')')
 4 VENDORPATH\codeigniter4\framework\system\Database\BaseBuilder.php(2345): CodeIgniter\Database\BaseConnection->query('INSERT INTO `suppliers_rating` (`id_supplier`, `rating`, `comment`, `gambar1`, `created_at`, `updated_at`) VALUES (:id_supplier:, :rating:, :comment:, :gambar1:, :created_at:, :updated_at:)', [...], false)
 5 VENDORPATH\codeigniter4\framework\system\Model.php(356): CodeIgniter\Database\BaseBuilder->insert()
 6 VENDORPATH\codeigniter4\framework\system\BaseModel.php(898): CodeIgniter\Model->doInsert([...])
 7 VENDORPATH\codeigniter4\framework\system\Model.php(665): CodeIgniter\BaseModel->insert([...], true)
 8 APPPATH\Controllers\Api\suppliersRatingController.php(122): CodeIgniter\Model->insert([...])
 9 VENDORPATH\codeigniter4\framework\system\CodeIgniter.php(951): App\Controllers\Api\SuppliersRatingController->create()
10 VENDORPATH\codeigniter4\framework\system\CodeIgniter.php(497): CodeIgniter\CodeIgniter->runController(Object(App\Controllers\Api\SuppliersRatingController))
11 VENDORPATH\codeigniter4\framework\system\CodeIgniter.php(340): CodeIgniter\CodeIgniter->handleRequest(null, Object(Config\Cache), false)
12 SYSTEMPATH\Boot.php(363): CodeIgniter\CodeIgniter->run()
13 SYSTEMPATH\Boot.php(68): CodeIgniter\Boot::runCodeIgniter(Object(CodeIgniter\CodeIgniter))
14 FCPATH\index.php(59): CodeIgniter\Boot::bootWeb(Object(Config\Paths))
15 SYSTEMPATH\rewrite.php(44): require_once('D:\\Program Files\\backend_core\\public\\index.php')
WARNING - 2026-03-11 15:57:55 --> [DEPRECATED] Creation of dynamic property CodeIgniter\HTTP\IncomingRequest::$user is deprecated in APPPATH\Filters\Auth.php on line 59.
 1 VENDORPATH\codeigniter4\framework\system\Filters\Filters.php(241): App\Filters\Auth->before(Object(CodeIgniter\HTTP\IncomingRequest), null)
 2 VENDORPATH\codeigniter4\framework\system\Filters\Filters.php(221): CodeIgniter\Filters\Filters->runBefore([...])
 3 VENDORPATH\codeigniter4\framework\system\CodeIgniter.php(465): CodeIgniter\Filters\Filters->run('api/supplier/ratings/create', 'before')
 4 VENDORPATH\codeigniter4\framework\system\CodeIgniter.php(340): CodeIgniter\CodeIgniter->handleRequest(null, Object(Config\Cache), false)
 5 SYSTEMPATH\Boot.php(363): CodeIgniter\CodeIgniter->run()
 6 SYSTEMPATH\Boot.php(68): CodeIgniter\Boot::runCodeIgniter(Object(CodeIgniter\CodeIgniter))
 7 FCPATH\index.php(59): CodeIgniter\Boot::bootWeb(Object(Config\Paths))
 8 SYSTEMPATH\rewrite.php(44): require_once('D:\\Program Files\\backend_core\\public\\index.php')
ERROR - 2026-03-11 15:57:55 --> Unknown column 'updated_at' in 'field list'
in VENDORPATH\codeigniter4\framework\system\Database\MySQLi\Connection.php on line 300.
 1 VENDORPATH\codeigniter4\framework\system\Database\MySQLi\Connection.php(300): mysqli->query('INSERT INTO `suppliers_rating` (`id_supplier`, `rating`, `comment`, `gambar1`, `created_at`, `updated_at`) VALUES (\'12\', \'5\', \'toko paling keren didunia\', \'1773219475_b2d5db66836bac842bf4.jpg\', \'2026-03-11 15:57:55\', \'2026-03-11 15:57:55\')', 0)
 2 VENDORPATH\codeigniter4\framework\system\Database\BaseConnection.php(769): CodeIgniter\Database\MySQLi\Connection->execute('INSERT INTO `suppliers_rating` (`id_supplier`, `rating`, `comment`, `gambar1`, `created_at`, `updated_at`) VALUES (\'12\', \'5\', \'toko paling keren didunia\', \'1773219475_b2d5db66836bac842bf4.jpg\', \'2026-03-11 15:57:55\', \'2026-03-11 15:57:55\')')
 3 VENDORPATH\codeigniter4\framework\system\Database\BaseConnection.php(686): CodeIgniter\Database\BaseConnection->simpleQuery('INSERT INTO `suppliers_rating` (`id_supplier`, `rating`, `comment`, `gambar1`, `created_at`, `updated_at`) VALUES (\'12\', \'5\', \'toko paling keren didunia\', \'1773219475_b2d5db66836bac842bf4.jpg\', \'2026-03-11 15:57:55\', \'2026-03-11 15:57:55\')')
 4 VENDORPATH\codeigniter4\framework\system\Database\BaseBuilder.php(2345): CodeIgniter\Database\BaseConnection->query('INSERT INTO `suppliers_rating` (`id_supplier`, `rating`, `comment`, `gambar1`, `created_at`, `updated_at`) VALUES (:id_supplier:, :rating:, :comment:, :gambar1:, :created_at:, :updated_at:)', [...], false)
 5 VENDORPATH\codeigniter4\framework\system\Model.php(356): CodeIgniter\Database\BaseBuilder->insert()
 6 VENDORPATH\codeigniter4\framework\system\BaseModel.php(898): CodeIgniter\Model->doInsert([...])
 7 VENDORPATH\codeigniter4\framework\system\Model.php(665): CodeIgniter\BaseModel->insert([...], true)
 8 APPPATH\Controllers\Api\suppliersRatingController.php(122): CodeIgniter\Model->insert([...])
 9 VENDORPATH\codeigniter4\framework\system\CodeIgniter.php(951): App\Controllers\Api\SuppliersRatingController->create()
10 VENDORPATH\codeigniter4\framework\system\CodeIgniter.php(497): CodeIgniter\CodeIgniter->runController(Object(App\Controllers\Api\SuppliersRatingController))
11 VENDORPATH\codeigniter4\framework\system\CodeIgniter.php(340): CodeIgniter\CodeIgniter->handleRequest(null, Object(Config\Cache), false)
12 SYSTEMPATH\Boot.php(363): CodeIgniter\CodeIgniter->run()
13 SYSTEMPATH\Boot.php(68): CodeIgniter\Boot::runCodeIgniter(Object(CodeIgniter\CodeIgniter))
14 FCPATH\index.php(59): CodeIgniter\Boot::bootWeb(Object(Config\Paths))
15 SYSTEMPATH\rewrite.php(44): require_once('D:\\Program Files\\backend_core\\public\\index.php')
WARNING - 2026-03-11 15:58:18 --> [DEPRECATED] Creation of dynamic property CodeIgniter\HTTP\IncomingRequest::$user is deprecated in APPPATH\Filters\Auth.php on line 59.
 1 VENDORPATH\codeigniter4\framework\system\Filters\Filters.php(241): App\Filters\Auth->before(Object(CodeIgniter\HTTP\IncomingRequest), null)
 2 VENDORPATH\codeigniter4\framework\system\Filters\Filters.php(221): CodeIgniter\Filters\Filters->runBefore([...])
 3 VENDORPATH\codeigniter4\framework\system\CodeIgniter.php(465): CodeIgniter\Filters\Filters->run('api/supplier/ratings/create', 'before')
 4 VENDORPATH\codeigniter4\framework\system\CodeIgniter.php(340): CodeIgniter\CodeIgniter->handleRequest(null, Object(Config\Cache), false)
 5 SYSTEMPATH\Boot.php(363): CodeIgniter\CodeIgniter->run()
 6 SYSTEMPATH\Boot.php(68): CodeIgniter\Boot::runCodeIgniter(Object(CodeIgniter\CodeIgniter))
 7 FCPATH\index.php(59): CodeIgniter\Boot::bootWeb(Object(Config\Paths))
 8 SYSTEMPATH\rewrite.php(44): require_once('D:\\Program Files\\backend_core\\public\\index.php')
WARNING - 2026-03-11 15:58:56 --> [DEPRECATED] Creation of dynamic property CodeIgniter\HTTP\IncomingRequest::$user is deprecated in APPPATH\Filters\Auth.php on line 59.
 1 VENDORPATH\codeigniter4\framework\system\Filters\Filters.php(241): App\Filters\Auth->before(Object(CodeIgniter\HTTP\IncomingRequest), null)
 2 VENDORPATH\codeigniter4\framework\system\Filters\Filters.php(221): CodeIgniter\Filters\Filters->runBefore([...])
 3 VENDORPATH\codeigniter4\framework\system\CodeIgniter.php(465): CodeIgniter\Filters\Filters->run('api/supplier/ratings/create', 'before')
 4 VENDORPATH\codeigniter4\framework\system\CodeIgniter.php(340): CodeIgniter\CodeIgniter->handleRequest(null, Object(Config\Cache), false)
 5 SYSTEMPATH\Boot.php(363): CodeIgniter\CodeIgniter->run()
 6 SYSTEMPATH\Boot.php(68): CodeIgniter\Boot::runCodeIgniter(Object(CodeIgniter\CodeIgniter))
 7 FCPATH\index.php(59): CodeIgniter\Boot::bootWeb(Object(Config\Paths))
 8 SYSTEMPATH\rewrite.php(44): require_once('D:\\Program Files\\backend_core\\public\\index.php')
WARNING - 2026-03-11 16:00:04 --> [DEPRECATED] Creation of dynamic property CodeIgniter\HTTP\IncomingRequest::$user is deprecated in APPPATH\Filters\Auth.php on line 59.
 1 VENDORPATH\codeigniter4\framework\system\Filters\Filters.php(241): App\Filters\Auth->before(Object(CodeIgniter\HTTP\IncomingRequest), null)
 2 VENDORPATH\codeigniter4\framework\system\Filters\Filters.php(221): CodeIgniter\Filters\Filters->runBefore([...])
 3 VENDORPATH\codeigniter4\framework\system\CodeIgniter.php(465): CodeIgniter\Filters\Filters->run('api/supplier/ratings/create', 'before')
 4 VENDORPATH\codeigniter4\framework\system\CodeIgniter.php(340): CodeIgniter\CodeIgniter->handleRequest(null, Object(Config\Cache), false)
 5 SYSTEMPATH\Boot.php(363): CodeIgniter\CodeIgniter->run()
 6 SYSTEMPATH\Boot.php(68): CodeIgniter\Boot::runCodeIgniter(Object(CodeIgniter\CodeIgniter))
 7 FCPATH\index.php(59): CodeIgniter\Boot::bootWeb(Object(Config\Paths))
 8 SYSTEMPATH\rewrite.php(44): require_once('D:\\Program Files\\backend_core\\public\\index.php')
WARNING - 2026-03-11 16:00:10 --> [DEPRECATED] Creation of dynamic property CodeIgniter\HTTP\IncomingRequest::$user is deprecated in APPPATH\Filters\Auth.php on line 59.
 1 VENDORPATH\codeigniter4\framework\system\Filters\Filters.php(241): App\Filters\Auth->before(Object(CodeIgniter\HTTP\IncomingRequest), null)
 2 VENDORPATH\codeigniter4\framework\system\Filters\Filters.php(221): CodeIgniter\Filters\Filters->runBefore([...])
 3 VENDORPATH\codeigniter4\framework\system\CodeIgniter.php(465): CodeIgniter\Filters\Filters->run('api/supplier/ratings/create', 'before')
 4 VENDORPATH\codeigniter4\framework\system\CodeIgniter.php(340): CodeIgniter\CodeIgniter->handleRequest(null, Object(Config\Cache), false)
 5 SYSTEMPATH\Boot.php(363): CodeIgniter\CodeIgniter->run()
 6 SYSTEMPATH\Boot.php(68): CodeIgniter\Boot::runCodeIgniter(Object(CodeIgniter\CodeIgniter))
 7 FCPATH\index.php(59): CodeIgniter\Boot::bootWeb(Object(Config\Paths))
 8 SYSTEMPATH\rewrite.php(44): require_once('D:\\Program Files\\backend_core\\public\\index.php')
ERROR - 2026-03-11 16:00:10 --> Unknown column 'updated_at' in 'field list'
in VENDORPATH\codeigniter4\framework\system\Database\MySQLi\Connection.php on line 300.
 1 VENDORPATH\codeigniter4\framework\system\Database\MySQLi\Connection.php(300): mysqli->query('INSERT INTO `suppliers_rating` (`id_supplier`, `rating`, `comment`, `gambar1`, `gambar2`, `created_at`, `updated_at`) VALUES (\'12\', \'5\', \'toko paling keren didunia\', \'1773219610_b16128b6e0c2d2c95d8c.jpg\', \'1773219610_d251b2872b9726029f11.jpg\', \'2026-03-11 16:00:10\', \'2026-03-11 16:00:10\')', 0)
 2 VENDORPATH\codeigniter4\framework\system\Database\BaseConnection.php(769): CodeIgniter\Database\MySQLi\Connection->execute('INSERT INTO `suppliers_rating` (`id_supplier`, `rating`, `comment`, `gambar1`, `gambar2`, `created_at`, `updated_at`) VALUES (\'12\', \'5\', \'toko paling keren didunia\', \'1773219610_b16128b6e0c2d2c95d8c.jpg\', \'1773219610_d251b2872b9726029f11.jpg\', \'2026-03-11 16:00:10\', \'2026-03-11 16:00:10\')')
 3 VENDORPATH\codeigniter4\framework\system\Database\BaseConnection.php(686): CodeIgniter\Database\BaseConnection->simpleQuery('INSERT INTO `suppliers_rating` (`id_supplier`, `rating`, `comment`, `gambar1`, `gambar2`, `created_at`, `updated_at`) VALUES (\'12\', \'5\', \'toko paling keren didunia\', \'1773219610_b16128b6e0c2d2c95d8c.jpg\', \'1773219610_d251b2872b9726029f11.jpg\', \'2026-03-11 16:00:10\', \'2026-03-11 16:00:10\')')
 4 VENDORPATH\codeigniter4\framework\system\Database\BaseBuilder.php(2345): CodeIgniter\Database\BaseConnection->query('INSERT INTO `suppliers_rating` (`id_supplier`, `rating`, `comment`, `gambar1`, `gambar2`, `created_at`, `updated_at`) VALUES (:id_supplier:, :rating:, :comment:, :gambar1:, :gambar2:, :created_at:, :updated_at:)', [...], false)
 5 VENDORPATH\codeigniter4\framework\system\Model.php(356): CodeIgniter\Database\BaseBuilder->insert()
 6 VENDORPATH\codeigniter4\framework\system\BaseModel.php(898): CodeIgniter\Model->doInsert([...])
 7 VENDORPATH\codeigniter4\framework\system\Model.php(665): CodeIgniter\BaseModel->insert([...], true)
 8 APPPATH\Controllers\Api\suppliersRatingController.php(122): CodeIgniter\Model->insert([...])
 9 VENDORPATH\codeigniter4\framework\system\CodeIgniter.php(951): App\Controllers\Api\SuppliersRatingController->create()
10 VENDORPATH\codeigniter4\framework\system\CodeIgniter.php(497): CodeIgniter\CodeIgniter->runController(Object(App\Controllers\Api\SuppliersRatingController))
11 VENDORPATH\codeigniter4\framework\system\CodeIgniter.php(340): CodeIgniter\CodeIgniter->handleRequest(null, Object(Config\Cache), false)
12 SYSTEMPATH\Boot.php(363): CodeIgniter\CodeIgniter->run()
13 SYSTEMPATH\Boot.php(68): CodeIgniter\Boot::runCodeIgniter(Object(CodeIgniter\CodeIgniter))
14 FCPATH\index.php(59): CodeIgniter\Boot::bootWeb(Object(Config\Paths))
15 SYSTEMPATH\rewrite.php(44): require_once('D:\\Program Files\\backend_core\\public\\index.php')
WARNING - 2026-03-11 16:04:09 --> [DEPRECATED] Creation of dynamic property CodeIgniter\HTTP\IncomingRequest::$user is deprecated in APPPATH\Filters\Auth.php on line 59.
 1 VENDORPATH\codeigniter4\framework\system\Filters\Filters.php(241): App\Filters\Auth->before(Object(CodeIgniter\HTTP\IncomingRequest), null)
 2 VENDORPATH\codeigniter4\framework\system\Filters\Filters.php(221): CodeIgniter\Filters\Filters->runBefore([...])
 3 VENDORPATH\codeigniter4\framework\system\CodeIgniter.php(465): CodeIgniter\Filters\Filters->run('api/supplier/ratings/create', 'before')
 4 VENDORPATH\codeigniter4\framework\system\CodeIgniter.php(340): CodeIgniter\CodeIgniter->handleRequest(null, Object(Config\Cache), false)
 5 SYSTEMPATH\Boot.php(363): CodeIgniter\CodeIgniter->run()
 6 SYSTEMPATH\Boot.php(68): CodeIgniter\Boot::runCodeIgniter(Object(CodeIgniter\CodeIgniter))
 7 FCPATH\index.php(59): CodeIgniter\Boot::bootWeb(Object(Config\Paths))
 8 SYSTEMPATH\rewrite.php(44): require_once('D:\\Program Files\\backend_core\\public\\index.php')
ERROR - 2026-03-11 16:04:09 --> Unknown column 'updated_at' in 'field list'
in VENDORPATH\codeigniter4\framework\system\Database\MySQLi\Connection.php on line 300.
 1 VENDORPATH\codeigniter4\framework\system\Database\MySQLi\Connection.php(300): mysqli->query('INSERT INTO `suppliers_rating` (`id_supplier`, `rating`, `comment`, `gambar1`, `gambar2`, `created_at`, `updated_at`) VALUES (\'12\', \'5\', \'toko paling keren didunia\', \'1773219849_75232cf0f2bd4c67e210.jpg\', \'1773219849_7ee03af5d40a3abe7b0c.jpg\', \'2026-03-11 16:04:09\', \'2026-03-11 16:04:09\')', 0)
 2 VENDORPATH\codeigniter4\framework\system\Database\BaseConnection.php(769): CodeIgniter\Database\MySQLi\Connection->execute('INSERT INTO `suppliers_rating` (`id_supplier`, `rating`, `comment`, `gambar1`, `gambar2`, `created_at`, `updated_at`) VALUES (\'12\', \'5\', \'toko paling keren didunia\', \'1773219849_75232cf0f2bd4c67e210.jpg\', \'1773219849_7ee03af5d40a3abe7b0c.jpg\', \'2026-03-11 16:04:09\', \'2026-03-11 16:04:09\')')
 3 VENDORPATH\codeigniter4\framework\system\Database\BaseConnection.php(686): CodeIgniter\Database\BaseConnection->simpleQuery('INSERT INTO `suppliers_rating` (`id_supplier`, `rating`, `comment`, `gambar1`, `gambar2`, `created_at`, `updated_at`) VALUES (\'12\', \'5\', \'toko paling keren didunia\', \'1773219849_75232cf0f2bd4c67e210.jpg\', \'1773219849_7ee03af5d40a3abe7b0c.jpg\', \'2026-03-11 16:04:09\', \'2026-03-11 16:04:09\')')
 4 VENDORPATH\codeigniter4\framework\system\Database\BaseBuilder.php(2345): CodeIgniter\Database\BaseConnection->query('INSERT INTO `suppliers_rating` (`id_supplier`, `rating`, `comment`, `gambar1`, `gambar2`, `created_at`, `updated_at`) VALUES (:id_supplier:, :rating:, :comment:, :gambar1:, :gambar2:, :created_at:, :updated_at:)', [...], false)
 5 VENDORPATH\codeigniter4\framework\system\Model.php(356): CodeIgniter\Database\BaseBuilder->insert()
 6 VENDORPATH\codeigniter4\framework\system\BaseModel.php(898): CodeIgniter\Model->doInsert([...])
 7 VENDORPATH\codeigniter4\framework\system\Model.php(665): CodeIgniter\BaseModel->insert([...], true)
 8 APPPATH\Controllers\Api\suppliersRatingController.php(122): CodeIgniter\Model->insert([...])
 9 VENDORPATH\codeigniter4\framework\system\CodeIgniter.php(951): App\Controllers\Api\SuppliersRatingController->create()
10 VENDORPATH\codeigniter4\framework\system\CodeIgniter.php(497): CodeIgniter\CodeIgniter->runController(Object(App\Controllers\Api\SuppliersRatingController))
11 VENDORPATH\codeigniter4\framework\system\CodeIgniter.php(340): CodeIgniter\CodeIgniter->handleRequest(null, Object(Config\Cache), false)
12 SYSTEMPATH\Boot.php(363): CodeIgniter\CodeIgniter->run()
13 SYSTEMPATH\Boot.php(68): CodeIgniter\Boot::runCodeIgniter(Object(CodeIgniter\CodeIgniter))
14 FCPATH\index.php(59): CodeIgniter\Boot::bootWeb(Object(Config\Paths))
15 SYSTEMPATH\rewrite.php(44): require_once('D:\\Program Files\\backend_core\\public\\index.php')
CRITICAL - 2026-03-11 16:04:09 --> CodeIgniter\Database\Exceptions\DatabaseException: Unknown column 'updated_at' in 'field list'
[Method: POST, Route: api/supplier/ratings/create]
in VENDORPATH\codeigniter4\framework\system\Database\BaseConnection.php on line 724.
 1 VENDORPATH\codeigniter4\framework\system\Database\BaseBuilder.php(2345): CodeIgniter\Database\BaseConnection->query('INSERT INTO `suppliers_rating` (`id_supplier`, `rating`, `comment`, `gambar1`, `gambar2`, `created_at`, `updated_at`) VALUES (:id_supplier:, :rating:, :comment:, :gambar1:, :gambar2:, :created_at:, :updated_at:)', [...], false)
 2 VENDORPATH\codeigniter4\framework\system\Model.php(356): CodeIgniter\Database\BaseBuilder->insert()
 3 VENDORPATH\codeigniter4\framework\system\BaseModel.php(898): CodeIgniter\Model->doInsert([...])
 4 VENDORPATH\codeigniter4\framework\system\Model.php(665): CodeIgniter\BaseModel->insert([...], true)
 5 APPPATH\Controllers\Api\suppliersRatingController.php(122): CodeIgniter\Model->insert([...])
 6 VENDORPATH\codeigniter4\framework\system\CodeIgniter.php(951): App\Controllers\Api\SuppliersRatingController->create()
 7 VENDORPATH\codeigniter4\framework\system\CodeIgniter.php(497): CodeIgniter\CodeIgniter->runController(Object(App\Controllers\Api\SuppliersRatingController))
 8 VENDORPATH\codeigniter4\framework\system\CodeIgniter.php(340): CodeIgniter\CodeIgniter->handleRequest(null, Object(Config\Cache), false)
 9 SYSTEMPATH\Boot.php(363): CodeIgniter\CodeIgniter->run()
10 SYSTEMPATH\Boot.php(68): CodeIgniter\Boot::runCodeIgniter(Object(CodeIgniter\CodeIgniter))
11 FCPATH\index.php(59): CodeIgniter\Boot::bootWeb(Object(Config\Paths))
12 SYSTEMPATH\rewrite.php(44): require_once('D:\\Program Files\\backend_core\\public\\index.php')
CRITICAL - 2026-03-11 16:04:09 --> [Caused by] CodeIgniter\Database\Exceptions\DatabaseException: Unknown column 'updated_at' in 'field list'
in VENDORPATH\codeigniter4\framework\system\Database\MySQLi\Connection.php on line 310.
 1 VENDORPATH\codeigniter4\framework\system\Database\BaseConnection.php(769): CodeIgniter\Database\MySQLi\Connection->execute('INSERT INTO `suppliers_rating` (`id_supplier`, `rating`, `comment`, `gambar1`, `gambar2`, `created_at`, `updated_at`) VALUES (\'12\', \'5\', \'toko paling keren didunia\', \'1773219849_75232cf0f2bd4c67e210.jpg\', \'1773219849_7ee03af5d40a3abe7b0c.jpg\', \'2026-03-11 16:04:09\', \'2026-03-11 16:04:09\')')
 2 VENDORPATH\codeigniter4\framework\system\Database\BaseConnection.php(686): CodeIgniter\Database\BaseConnection->simpleQuery('INSERT INTO `suppliers_rating` (`id_supplier`, `rating`, `comment`, `gambar1`, `gambar2`, `created_at`, `updated_at`) VALUES (\'12\', \'5\', \'toko paling keren didunia\', \'1773219849_75232cf0f2bd4c67e210.jpg\', \'1773219849_7ee03af5d40a3abe7b0c.jpg\', \'2026-03-11 16:04:09\', \'2026-03-11 16:04:09\')')
 3 VENDORPATH\codeigniter4\framework\system\Database\BaseBuilder.php(2345): CodeIgniter\Database\BaseConnection->query('INSERT INTO `suppliers_rating` (`id_supplier`, `rating`, `comment`, `gambar1`, `gambar2`, `created_at`, `updated_at`) VALUES (:id_supplier:, :rating:, :comment:, :gambar1:, :gambar2:, :created_at:, :updated_at:)', [...], false)
 4 VENDORPATH\codeigniter4\framework\system\Model.php(356): CodeIgniter\Database\BaseBuilder->insert()
 5 VENDORPATH\codeigniter4\framework\system\BaseModel.php(898): CodeIgniter\Model->doInsert([...])
 6 VENDORPATH\codeigniter4\framework\system\Model.php(665): CodeIgniter\BaseModel->insert([...], true)
 7 APPPATH\Controllers\Api\suppliersRatingController.php(122): CodeIgniter\Model->insert([...])
 8 VENDORPATH\codeigniter4\framework\system\CodeIgniter.php(951): App\Controllers\Api\SuppliersRatingController->create()
 9 VENDORPATH\codeigniter4\framework\system\CodeIgniter.php(497): CodeIgniter\CodeIgniter->runController(Object(App\Controllers\Api\SuppliersRatingController))
10 VENDORPATH\codeigniter4\framework\system\CodeIgniter.php(340): CodeIgniter\CodeIgniter->handleRequest(null, Object(Config\Cache), false)
11 SYSTEMPATH\Boot.php(363): CodeIgniter\CodeIgniter->run()
12 SYSTEMPATH\Boot.php(68): CodeIgniter\Boot::runCodeIgniter(Object(CodeIgniter\CodeIgniter))
13 FCPATH\index.php(59): CodeIgniter\Boot::bootWeb(Object(Config\Paths))
14 SYSTEMPATH\rewrite.php(44): require_once('D:\\Program Files\\backend_core\\public\\index.php')
CRITICAL - 2026-03-11 16:04:09 --> [Caused by] mysqli_sql_exception: Unknown column 'updated_at' in 'field list'
in VENDORPATH\codeigniter4\framework\system\Database\MySQLi\Connection.php on line 300.
 1 VENDORPATH\codeigniter4\framework\system\Database\MySQLi\Connection.php(300): mysqli->query('INSERT INTO `suppliers_rating` (`id_supplier`, `rating`, `comment`, `gambar1`, `gambar2`, `created_at`, `updated_at`) VALUES (\'12\', \'5\', \'toko paling keren didunia\', \'1773219849_75232cf0f2bd4c67e210.jpg\', \'1773219849_7ee03af5d40a3abe7b0c.jpg\', \'2026-03-11 16:04:09\', \'2026-03-11 16:04:09\')', 0)
 2 VENDORPATH\codeigniter4\framework\system\Database\BaseConnection.php(769): CodeIgniter\Database\MySQLi\Connection->execute('INSERT INTO `suppliers_rating` (`id_supplier`, `rating`, `comment`, `gambar1`, `gambar2`, `created_at`, `updated_at`) VALUES (\'12\', \'5\', \'toko paling keren didunia\', \'1773219849_75232cf0f2bd4c67e210.jpg\', \'1773219849_7ee03af5d40a3abe7b0c.jpg\', \'2026-03-11 16:04:09\', \'2026-03-11 16:04:09\')')
 3 VENDORPATH\codeigniter4\framework\system\Database\BaseConnection.php(686): CodeIgniter\Database\BaseConnection->simpleQuery('INSERT INTO `suppliers_rating` (`id_supplier`, `rating`, `comment`, `gambar1`, `gambar2`, `created_at`, `updated_at`) VALUES (\'12\', \'5\', \'toko paling keren didunia\', \'1773219849_75232cf0f2bd4c67e210.jpg\', \'1773219849_7ee03af5d40a3abe7b0c.jpg\', \'2026-03-11 16:04:09\', \'2026-03-11 16:04:09\')')
 4 VENDORPATH\codeigniter4\framework\system\Database\BaseBuilder.php(2345): CodeIgniter\Database\BaseConnection->query('INSERT INTO `suppliers_rating` (`id_supplier`, `rating`, `comment`, `gambar1`, `gambar2`, `created_at`, `updated_at`) VALUES (:id_supplier:, :rating:, :comment:, :gambar1:, :gambar2:, :created_at:, :updated_at:)', [...], false)
 5 VENDORPATH\codeigniter4\framework\system\Model.php(356): CodeIgniter\Database\BaseBuilder->insert()
 6 VENDORPATH\codeigniter4\framework\system\BaseModel.php(898): CodeIgniter\Model->doInsert([...])
 7 VENDORPATH\codeigniter4\framework\system\Model.php(665): CodeIgniter\BaseModel->insert([...], true)
 8 APPPATH\Controllers\Api\suppliersRatingController.php(122): CodeIgniter\Model->insert([...])
 9 VENDORPATH\codeigniter4\framework\system\CodeIgniter.php(951): App\Controllers\Api\SuppliersRatingController->create()
10 VENDORPATH\codeigniter4\framework\system\CodeIgniter.php(497): CodeIgniter\CodeIgniter->runController(Object(App\Controllers\Api\SuppliersRatingController))
11 VENDORPATH\codeigniter4\framework\system\CodeIgniter.php(340): CodeIgniter\CodeIgniter->handleRequest(null, Object(Config\Cache), false)
12 SYSTEMPATH\Boot.php(363): CodeIgniter\CodeIgniter->run()
13 SYSTEMPATH\Boot.php(68): CodeIgniter\Boot::runCodeIgniter(Object(CodeIgniter\CodeIgniter))
14 FCPATH\index.php(59): CodeIgniter\Boot::bootWeb(Object(Config\Paths))
15 SYSTEMPATH\rewrite.php(44): require_once('D:\\Program Files\\backend_core\\public\\index.php')
WARNING - 2026-03-11 17:37:11 --> [DEPRECATED] Creation of dynamic property CodeIgniter\HTTP\IncomingRequest::$user is deprecated in APPPATH\Filters\Auth.php on line 59.
 1 VENDORPATH\codeigniter4\framework\system\Filters\Filters.php(241): App\Filters\Auth->before(Object(CodeIgniter\HTTP\IncomingRequest), null)
 2 VENDORPATH\codeigniter4\framework\system\Filters\Filters.php(221): CodeIgniter\Filters\Filters->runBefore([...])
 3 VENDORPATH\codeigniter4\framework\system\CodeIgniter.php(465): CodeIgniter\Filters\Filters->run('api/supplier/ratings/create', 'before')
 4 VENDORPATH\codeigniter4\framework\system\CodeIgniter.php(340): CodeIgniter\CodeIgniter->handleRequest(null, Object(Config\Cache), false)
 5 SYSTEMPATH\Boot.php(363): CodeIgniter\CodeIgniter->run()
 6 SYSTEMPATH\Boot.php(68): CodeIgniter\Boot::runCodeIgniter(Object(CodeIgniter\CodeIgniter))
 7 FCPATH\index.php(59): CodeIgniter\Boot::bootWeb(Object(Config\Paths))
 8 SYSTEMPATH\rewrite.php(44): require_once('D:\\Program Files\\backend_core\\public\\index.php')
WARNING - 2026-03-11 22:09:18 --> [DEPRECATED] Creation of dynamic property CodeIgniter\HTTP\IncomingRequest::$user is deprecated in APPPATH\Filters\Auth.php on line 59.
 1 VENDORPATH\codeigniter4\framework\system\Filters\Filters.php(241): App\Filters\Auth->before(Object(CodeIgniter\HTTP\IncomingRequest), null)
 2 VENDORPATH\codeigniter4\framework\system\Filters\Filters.php(221): CodeIgniter\Filters\Filters->runBefore([...])
 3 VENDORPATH\codeigniter4\framework\system\CodeIgniter.php(465): CodeIgniter\Filters\Filters->run('api/supplier/ratings/create', 'before')
 4 VENDORPATH\codeigniter4\framework\system\CodeIgniter.php(340): CodeIgniter\CodeIgniter->handleRequest(null, Object(Config\Cache), false)
 5 SYSTEMPATH\Boot.php(363): CodeIgniter\CodeIgniter->run()
 6 SYSTEMPATH\Boot.php(68): CodeIgniter\Boot::runCodeIgniter(Object(CodeIgniter\CodeIgniter))
 7 FCPATH\index.php(59): CodeIgniter\Boot::bootWeb(Object(Config\Paths))
 8 SYSTEMPATH\rewrite.php(44): require_once('D:\\Program Files\\backend_core\\public\\index.php')
WARNING - 2026-03-11 22:09:40 --> [DEPRECATED] Creation of dynamic property CodeIgniter\HTTP\IncomingRequest::$user is deprecated in APPPATH\Filters\Auth.php on line 59.
 1 VENDORPATH\codeigniter4\framework\system\Filters\Filters.php(241): App\Filters\Auth->before(Object(CodeIgniter\HTTP\IncomingRequest), null)
 2 VENDORPATH\codeigniter4\framework\system\Filters\Filters.php(221): CodeIgniter\Filters\Filters->runBefore([...])
 3 VENDORPATH\codeigniter4\framework\system\CodeIgniter.php(465): CodeIgniter\Filters\Filters->run('api/supplier/ratings/create', 'before')
 4 VENDORPATH\codeigniter4\framework\system\CodeIgniter.php(340): CodeIgniter\CodeIgniter->handleRequest(null, Object(Config\Cache), false)
 5 SYSTEMPATH\Boot.php(363): CodeIgniter\CodeIgniter->run()
 6 SYSTEMPATH\Boot.php(68): CodeIgniter\Boot::runCodeIgniter(Object(CodeIgniter\CodeIgniter))
 7 FCPATH\index.php(59): CodeIgniter\Boot::bootWeb(Object(Config\Paths))
 8 SYSTEMPATH\rewrite.php(44): require_once('D:\\Program Files\\backend_core\\public\\index.php')
WARNING - 2026-03-11 22:09:41 --> [DEPRECATED] Creation of dynamic property CodeIgniter\HTTP\IncomingRequest::$user is deprecated in APPPATH\Filters\Auth.php on line 59.
 1 VENDORPATH\codeigniter4\framework\system\Filters\Filters.php(241): App\Filters\Auth->before(Object(CodeIgniter\HTTP\IncomingRequest), null)
 2 VENDORPATH\codeigniter4\framework\system\Filters\Filters.php(221): CodeIgniter\Filters\Filters->runBefore([...])
 3 VENDORPATH\codeigniter4\framework\system\CodeIgniter.php(465): CodeIgniter\Filters\Filters->run('api/supplier/ratings/create', 'before')
 4 VENDORPATH\codeigniter4\framework\system\CodeIgniter.php(340): CodeIgniter\CodeIgniter->handleRequest(null, Object(Config\Cache), false)
 5 SYSTEMPATH\Boot.php(363): CodeIgniter\CodeIgniter->run()
 6 SYSTEMPATH\Boot.php(68): CodeIgniter\Boot::runCodeIgniter(Object(CodeIgniter\CodeIgniter))
 7 FCPATH\index.php(59): CodeIgniter\Boot::bootWeb(Object(Config\Paths))
 8 SYSTEMPATH\rewrite.php(44): require_once('D:\\Program Files\\backend_core\\public\\index.php')
WARNING - 2026-03-11 22:09:42 --> [DEPRECATED] Creation of dynamic property CodeIgniter\HTTP\IncomingRequest::$user is deprecated in APPPATH\Filters\Auth.php on line 59.
 1 VENDORPATH\codeigniter4\framework\system\Filters\Filters.php(241): App\Filters\Auth->before(Object(CodeIgniter\HTTP\IncomingRequest), null)
 2 VENDORPATH\codeigniter4\framework\system\Filters\Filters.php(221): CodeIgniter\Filters\Filters->runBefore([...])
 3 VENDORPATH\codeigniter4\framework\system\CodeIgniter.php(465): CodeIgniter\Filters\Filters->run('api/supplier/ratings/create', 'before')
 4 VENDORPATH\codeigniter4\framework\system\CodeIgniter.php(340): CodeIgniter\CodeIgniter->handleRequest(null, Object(Config\Cache), false)
 5 SYSTEMPATH\Boot.php(363): CodeIgniter\CodeIgniter->run()
 6 SYSTEMPATH\Boot.php(68): CodeIgniter\Boot::runCodeIgniter(Object(CodeIgniter\CodeIgniter))
 7 FCPATH\index.php(59): CodeIgniter\Boot::bootWeb(Object(Config\Paths))
 8 SYSTEMPATH\rewrite.php(44): require_once('D:\\Program Files\\backend_core\\public\\index.php')
WARNING - 2026-03-11 22:09:47 --> [DEPRECATED] Creation of dynamic property CodeIgniter\HTTP\IncomingRequest::$user is deprecated in APPPATH\Filters\Auth.php on line 59.
 1 VENDORPATH\codeigniter4\framework\system\Filters\Filters.php(241): App\Filters\Auth->before(Object(CodeIgniter\HTTP\IncomingRequest), null)
 2 VENDORPATH\codeigniter4\framework\system\Filters\Filters.php(221): CodeIgniter\Filters\Filters->runBefore([...])
 3 VENDORPATH\codeigniter4\framework\system\CodeIgniter.php(465): CodeIgniter\Filters\Filters->run('api/supplier/ratings/create', 'before')
 4 VENDORPATH\codeigniter4\framework\system\CodeIgniter.php(340): CodeIgniter\CodeIgniter->handleRequest(null, Object(Config\Cache), false)
 5 SYSTEMPATH\Boot.php(363): CodeIgniter\CodeIgniter->run()
 6 SYSTEMPATH\Boot.php(68): CodeIgniter\Boot::runCodeIgniter(Object(CodeIgniter\CodeIgniter))
 7 FCPATH\index.php(59): CodeIgniter\Boot::bootWeb(Object(Config\Paths))
 8 SYSTEMPATH\rewrite.php(44): require_once('D:\\Program Files\\backend_core\\public\\index.php')
WARNING - 2026-03-11 22:09:50 --> [DEPRECATED] Creation of dynamic property CodeIgniter\HTTP\IncomingRequest::$user is deprecated in APPPATH\Filters\Auth.php on line 59.
 1 VENDORPATH\codeigniter4\framework\system\Filters\Filters.php(241): App\Filters\Auth->before(Object(CodeIgniter\HTTP\IncomingRequest), null)
 2 VENDORPATH\codeigniter4\framework\system\Filters\Filters.php(221): CodeIgniter\Filters\Filters->runBefore([...])
 3 VENDORPATH\codeigniter4\framework\system\CodeIgniter.php(465): CodeIgniter\Filters\Filters->run('api/supplier/ratings/create', 'before')
 4 VENDORPATH\codeigniter4\framework\system\CodeIgniter.php(340): CodeIgniter\CodeIgniter->handleRequest(null, Object(Config\Cache), false)
 5 SYSTEMPATH\Boot.php(363): CodeIgniter\CodeIgniter->run()
 6 SYSTEMPATH\Boot.php(68): CodeIgniter\Boot::runCodeIgniter(Object(CodeIgniter\CodeIgniter))
 7 FCPATH\index.php(59): CodeIgniter\Boot::bootWeb(Object(Config\Paths))
 8 SYSTEMPATH\rewrite.php(44): require_once('D:\\Program Files\\backend_core\\public\\index.php')
WARNING - 2026-03-11 22:11:09 --> [DEPRECATED] Creation of dynamic property CodeIgniter\HTTP\IncomingRequest::$user is deprecated in APPPATH\Filters\Auth.php on line 59.
 1 VENDORPATH\codeigniter4\framework\system\Filters\Filters.php(241): App\Filters\Auth->before(Object(CodeIgniter\HTTP\IncomingRequest), null)
 2 VENDORPATH\codeigniter4\framework\system\Filters\Filters.php(221): CodeIgniter\Filters\Filters->runBefore([...])
 3 VENDORPATH\codeigniter4\framework\system\CodeIgniter.php(465): CodeIgniter\Filters\Filters->run('api/supplier/ratings/12', 'before')
 4 VENDORPATH\codeigniter4\framework\system\CodeIgniter.php(340): CodeIgniter\CodeIgniter->handleRequest(null, Object(Config\Cache), false)
 5 SYSTEMPATH\Boot.php(363): CodeIgniter\CodeIgniter->run()
 6 SYSTEMPATH\Boot.php(68): CodeIgniter\Boot::runCodeIgniter(Object(CodeIgniter\CodeIgniter))
 7 FCPATH\index.php(59): CodeIgniter\Boot::bootWeb(Object(Config\Paths))
 8 SYSTEMPATH\rewrite.php(44): require_once('D:\\Program Files\\backend_core\\public\\index.php')
WARNING - 2026-03-11 22:11:47 --> [DEPRECATED] Creation of dynamic property CodeIgniter\HTTP\IncomingRequest::$user is deprecated in APPPATH\Filters\Auth.php on line 59.
 1 VENDORPATH\codeigniter4\framework\system\Filters\Filters.php(241): App\Filters\Auth->before(Object(CodeIgniter\HTTP\IncomingRequest), null)
 2 VENDORPATH\codeigniter4\framework\system\Filters\Filters.php(221): CodeIgniter\Filters\Filters->runBefore([...])
 3 VENDORPATH\codeigniter4\framework\system\CodeIgniter.php(465): CodeIgniter\Filters\Filters->run('api/supplier/ratings/9', 'before')
 4 VENDORPATH\codeigniter4\framework\system\CodeIgniter.php(340): CodeIgniter\CodeIgniter->handleRequest(null, Object(Config\Cache), false)
 5 SYSTEMPATH\Boot.php(363): CodeIgniter\CodeIgniter->run()
 6 SYSTEMPATH\Boot.php(68): CodeIgniter\Boot::runCodeIgniter(Object(CodeIgniter\CodeIgniter))
 7 FCPATH\index.php(59): CodeIgniter\Boot::bootWeb(Object(Config\Paths))
 8 SYSTEMPATH\rewrite.php(44): require_once('D:\\Program Files\\backend_core\\public\\index.php')
WARNING - 2026-03-11 22:12:29 --> [DEPRECATED] Creation of dynamic property CodeIgniter\HTTP\IncomingRequest::$user is deprecated in APPPATH\Filters\Auth.php on line 59.
 1 VENDORPATH\codeigniter4\framework\system\Filters\Filters.php(241): App\Filters\Auth->before(Object(CodeIgniter\HTTP\IncomingRequest), null)
 2 VENDORPATH\codeigniter4\framework\system\Filters\Filters.php(221): CodeIgniter\Filters\Filters->runBefore([...])
 3 VENDORPATH\codeigniter4\framework\system\CodeIgniter.php(465): CodeIgniter\Filters\Filters->run('api/supplier/ratings/9', 'before')
 4 VENDORPATH\codeigniter4\framework\system\CodeIgniter.php(340): CodeIgniter\CodeIgniter->handleRequest(null, Object(Config\Cache), false)
 5 SYSTEMPATH\Boot.php(363): CodeIgniter\CodeIgniter->run()
 6 SYSTEMPATH\Boot.php(68): CodeIgniter\Boot::runCodeIgniter(Object(CodeIgniter\CodeIgniter))
 7 FCPATH\index.php(59): CodeIgniter\Boot::bootWeb(Object(Config\Paths))
 8 SYSTEMPATH\rewrite.php(44): require_once('D:\\Program Files\\backend_core\\public\\index.php')
WARNING - 2026-03-11 22:12:33 --> [DEPRECATED] Creation of dynamic property CodeIgniter\HTTP\IncomingRequest::$user is deprecated in APPPATH\Filters\Auth.php on line 59.
 1 VENDORPATH\codeigniter4\framework\system\Filters\Filters.php(241): App\Filters\Auth->before(Object(CodeIgniter\HTTP\IncomingRequest), null)
 2 VENDORPATH\codeigniter4\framework\system\Filters\Filters.php(221): CodeIgniter\Filters\Filters->runBefore([...])
 3 VENDORPATH\codeigniter4\framework\system\CodeIgniter.php(465): CodeIgniter\Filters\Filters->run('api/supplier/ratings/9', 'before')
 4 VENDORPATH\codeigniter4\framework\system\CodeIgniter.php(340): CodeIgniter\CodeIgniter->handleRequest(null, Object(Config\Cache), false)
 5 SYSTEMPATH\Boot.php(363): CodeIgniter\CodeIgniter->run()
 6 SYSTEMPATH\Boot.php(68): CodeIgniter\Boot::runCodeIgniter(Object(CodeIgniter\CodeIgniter))
 7 FCPATH\index.php(59): CodeIgniter\Boot::bootWeb(Object(Config\Paths))
 8 SYSTEMPATH\rewrite.php(44): require_once('D:\\Program Files\\backend_core\\public\\index.php')
WARNING - 2026-03-11 22:25:05 --> [DEPRECATED] Creation of dynamic property CodeIgniter\HTTP\IncomingRequest::$user is deprecated in APPPATH\Filters\Auth.php on line 59.
 1 VENDORPATH\codeigniter4\framework\system\Filters\Filters.php(241): App\Filters\Auth->before(Object(CodeIgniter\HTTP\IncomingRequest), null)
 2 VENDORPATH\codeigniter4\framework\system\Filters\Filters.php(221): CodeIgniter\Filters\Filters->runBefore([...])
 3 VENDORPATH\codeigniter4\framework\system\CodeIgniter.php(465): CodeIgniter\Filters\Filters->run('api/supplier/ratings/create', 'before')
 4 VENDORPATH\codeigniter4\framework\system\CodeIgniter.php(340): CodeIgniter\CodeIgniter->handleRequest(null, Object(Config\Cache), false)
 5 SYSTEMPATH\Boot.php(363): CodeIgniter\CodeIgniter->run()
 6 SYSTEMPATH\Boot.php(68): CodeIgniter\Boot::runCodeIgniter(Object(CodeIgniter\CodeIgniter))
 7 FCPATH\index.php(59): CodeIgniter\Boot::bootWeb(Object(Config\Paths))
 8 SYSTEMPATH\rewrite.php(44): require_once('D:\\Program Files\\backend_core\\public\\index.php')
WARNING - 2026-03-11 22:25:43 --> [DEPRECATED] Creation of dynamic property CodeIgniter\HTTP\IncomingRequest::$user is deprecated in APPPATH\Filters\Auth.php on line 59.
 1 VENDORPATH\codeigniter4\framework\system\Filters\Filters.php(241): App\Filters\Auth->before(Object(CodeIgniter\HTTP\IncomingRequest), null)
 2 VENDORPATH\codeigniter4\framework\system\Filters\Filters.php(221): CodeIgniter\Filters\Filters->runBefore([...])
 3 VENDORPATH\codeigniter4\framework\system\CodeIgniter.php(465): CodeIgniter\Filters\Filters->run('api/supplier/ratings/create', 'before')
 4 VENDORPATH\codeigniter4\framework\system\CodeIgniter.php(340): CodeIgniter\CodeIgniter->handleRequest(null, Object(Config\Cache), false)
 5 SYSTEMPATH\Boot.php(363): CodeIgniter\CodeIgniter->run()
 6 SYSTEMPATH\Boot.php(68): CodeIgniter\Boot::runCodeIgniter(Object(CodeIgniter\CodeIgniter))
 7 FCPATH\index.php(59): CodeIgniter\Boot::bootWeb(Object(Config\Paths))
 8 SYSTEMPATH\rewrite.php(44): require_once('D:\\Program Files\\backend_core\\public\\index.php')
ERROR - 2026-03-11 22:25:43 --> Cannot add or update a child row: a foreign key constraint fails (`stuh8812_pasangin_db`.`suppliers_rating`, CONSTRAINT `suppliers_rating_ibfk_1` FOREIGN KEY (`id_supplier`) REFERENCES `suppliers` (`id`) ON DELETE CASCADE)
in VENDORPATH\codeigniter4\framework\system\Database\MySQLi\Connection.php on line 300.
 1 VENDORPATH\codeigniter4\framework\system\Database\MySQLi\Connection.php(300): mysqli->query('INSERT INTO `suppliers_rating` (`id_supplier`, `rating`, `comment`, `gambar1`, `gambar2`) VALUES (\'1000\', \'1\', \'toko paling keren didunia\', \'1773242743_4a3ae3d5f7258a2a489d.jpg\', \'1773242743_a080333a1e3891a75233.jpg\')', 0)
 2 VENDORPATH\codeigniter4\framework\system\Database\BaseConnection.php(769): CodeIgniter\Database\MySQLi\Connection->execute('INSERT INTO `suppliers_rating` (`id_supplier`, `rating`, `comment`, `gambar1`, `gambar2`) VALUES (\'1000\', \'1\', \'toko paling keren didunia\', \'1773242743_4a3ae3d5f7258a2a489d.jpg\', \'1773242743_a080333a1e3891a75233.jpg\')')
 3 VENDORPATH\codeigniter4\framework\system\Database\BaseConnection.php(686): CodeIgniter\Database\BaseConnection->simpleQuery('INSERT INTO `suppliers_rating` (`id_supplier`, `rating`, `comment`, `gambar1`, `gambar2`) VALUES (\'1000\', \'1\', \'toko paling keren didunia\', \'1773242743_4a3ae3d5f7258a2a489d.jpg\', \'1773242743_a080333a1e3891a75233.jpg\')')
 4 VENDORPATH\codeigniter4\framework\system\Database\BaseBuilder.php(2345): CodeIgniter\Database\BaseConnection->query('INSERT INTO `suppliers_rating` (`id_supplier`, `rating`, `comment`, `gambar1`, `gambar2`) VALUES (:id_supplier:, :rating:, :comment:, :gambar1:, :gambar2:)', [...], false)
 5 VENDORPATH\codeigniter4\framework\system\Model.php(356): CodeIgniter\Database\BaseBuilder->insert()
 6 VENDORPATH\codeigniter4\framework\system\BaseModel.php(898): CodeIgniter\Model->doInsert([...])
 7 VENDORPATH\codeigniter4\framework\system\Model.php(665): CodeIgniter\BaseModel->insert([...], true)
 8 APPPATH\Controllers\Api\suppliersRatingController.php(122): CodeIgniter\Model->insert([...])
 9 VENDORPATH\codeigniter4\framework\system\CodeIgniter.php(951): App\Controllers\Api\SuppliersRatingController->create()
10 VENDORPATH\codeigniter4\framework\system\CodeIgniter.php(497): CodeIgniter\CodeIgniter->runController(Object(App\Controllers\Api\SuppliersRatingController))
11 VENDORPATH\codeigniter4\framework\system\CodeIgniter.php(340): CodeIgniter\CodeIgniter->handleRequest(null, Object(Config\Cache), false)
12 SYSTEMPATH\Boot.php(363): CodeIgniter\CodeIgniter->run()
13 SYSTEMPATH\Boot.php(68): CodeIgniter\Boot::runCodeIgniter(Object(CodeIgniter\CodeIgniter))
14 FCPATH\index.php(59): CodeIgniter\Boot::bootWeb(Object(Config\Paths))
15 SYSTEMPATH\rewrite.php(44): require_once('D:\\Program Files\\backend_core\\public\\index.php')
WARNING - 2026-03-11 22:26:04 --> [DEPRECATED] Creation of dynamic property CodeIgniter\HTTP\IncomingRequest::$user is deprecated in APPPATH\Filters\Auth.php on line 59.
 1 VENDORPATH\codeigniter4\framework\system\Filters\Filters.php(241): App\Filters\Auth->before(Object(CodeIgniter\HTTP\IncomingRequest), null)
 2 VENDORPATH\codeigniter4\framework\system\Filters\Filters.php(221): CodeIgniter\Filters\Filters->runBefore([...])
 3 VENDORPATH\codeigniter4\framework\system\CodeIgniter.php(465): CodeIgniter\Filters\Filters->run('api/supplier/ratings/create', 'before')
 4 VENDORPATH\codeigniter4\framework\system\CodeIgniter.php(340): CodeIgniter\CodeIgniter->handleRequest(null, Object(Config\Cache), false)
 5 SYSTEMPATH\Boot.php(363): CodeIgniter\CodeIgniter->run()
 6 SYSTEMPATH\Boot.php(68): CodeIgniter\Boot::runCodeIgniter(Object(CodeIgniter\CodeIgniter))
 7 FCPATH\index.php(59): CodeIgniter\Boot::bootWeb(Object(Config\Paths))
 8 SYSTEMPATH\rewrite.php(44): require_once('D:\\Program Files\\backend_core\\public\\index.php')
WARNING - 2026-03-11 22:27:05 --> [DEPRECATED] Creation of dynamic property CodeIgniter\HTTP\IncomingRequest::$user is deprecated in APPPATH\Filters\Auth.php on line 59.
 1 VENDORPATH\codeigniter4\framework\system\Filters\Filters.php(241): App\Filters\Auth->before(Object(CodeIgniter\HTTP\IncomingRequest), null)
 2 VENDORPATH\codeigniter4\framework\system\Filters\Filters.php(221): CodeIgniter\Filters\Filters->runBefore([...])
 3 VENDORPATH\codeigniter4\framework\system\CodeIgniter.php(465): CodeIgniter\Filters\Filters->run('api/supplier/ratings/create', 'before')
 4 VENDORPATH\codeigniter4\framework\system\CodeIgniter.php(340): CodeIgniter\CodeIgniter->handleRequest(null, Object(Config\Cache), false)
 5 SYSTEMPATH\Boot.php(363): CodeIgniter\CodeIgniter->run()
 6 SYSTEMPATH\Boot.php(68): CodeIgniter\Boot::runCodeIgniter(Object(CodeIgniter\CodeIgniter))
 7 FCPATH\index.php(59): CodeIgniter\Boot::bootWeb(Object(Config\Paths))
 8 SYSTEMPATH\rewrite.php(44): require_once('D:\\Program Files\\backend_core\\public\\index.php')
WARNING - 2026-03-11 22:27:09 --> [DEPRECATED] Creation of dynamic property CodeIgniter\HTTP\IncomingRequest::$user is deprecated in APPPATH\Filters\Auth.php on line 59.
 1 VENDORPATH\codeigniter4\framework\system\Filters\Filters.php(241): App\Filters\Auth->before(Object(CodeIgniter\HTTP\IncomingRequest), null)
 2 VENDORPATH\codeigniter4\framework\system\Filters\Filters.php(221): CodeIgniter\Filters\Filters->runBefore([...])
 3 VENDORPATH\codeigniter4\framework\system\CodeIgniter.php(465): CodeIgniter\Filters\Filters->run('api/supplier/ratings/create', 'before')
 4 VENDORPATH\codeigniter4\framework\system\CodeIgniter.php(340): CodeIgniter\CodeIgniter->handleRequest(null, Object(Config\Cache), false)
 5 SYSTEMPATH\Boot.php(363): CodeIgniter\CodeIgniter->run()
 6 SYSTEMPATH\Boot.php(68): CodeIgniter\Boot::runCodeIgniter(Object(CodeIgniter\CodeIgniter))
 7 FCPATH\index.php(59): CodeIgniter\Boot::bootWeb(Object(Config\Paths))
 8 SYSTEMPATH\rewrite.php(44): require_once('D:\\Program Files\\backend_core\\public\\index.php')
WARNING - 2026-03-11 22:27:40 --> [DEPRECATED] Creation of dynamic property CodeIgniter\HTTP\IncomingRequest::$user is deprecated in APPPATH\Filters\Auth.php on line 59.
 1 VENDORPATH\codeigniter4\framework\system\Filters\Filters.php(241): App\Filters\Auth->before(Object(CodeIgniter\HTTP\IncomingRequest), null)
 2 VENDORPATH\codeigniter4\framework\system\Filters\Filters.php(221): CodeIgniter\Filters\Filters->runBefore([...])
 3 VENDORPATH\codeigniter4\framework\system\CodeIgniter.php(465): CodeIgniter\Filters\Filters->run('api/supplier/ratings/9', 'before')
 4 VENDORPATH\codeigniter4\framework\system\CodeIgniter.php(340): CodeIgniter\CodeIgniter->handleRequest(null, Object(Config\Cache), false)
 5 SYSTEMPATH\Boot.php(363): CodeIgniter\CodeIgniter->run()
 6 SYSTEMPATH\Boot.php(68): CodeIgniter\Boot::runCodeIgniter(Object(CodeIgniter\CodeIgniter))
 7 FCPATH\index.php(59): CodeIgniter\Boot::bootWeb(Object(Config\Paths))
 8 SYSTEMPATH\rewrite.php(44): require_once('D:\\Program Files\\backend_core\\public\\index.php')
WARNING - 2026-03-11 22:45:36 --> [DEPRECATED] Creation of dynamic property CodeIgniter\HTTP\IncomingRequest::$user is deprecated in APPPATH\Filters\Auth.php on line 59.
 1 VENDORPATH\codeigniter4\framework\system\Filters\Filters.php(241): App\Filters\Auth->before(Object(CodeIgniter\HTTP\IncomingRequest), null)
 2 VENDORPATH\codeigniter4\framework\system\Filters\Filters.php(221): CodeIgniter\Filters\Filters->runBefore([...])
 3 VENDORPATH\codeigniter4\framework\system\CodeIgniter.php(465): CodeIgniter\Filters\Filters->run('api/supplier/ratings/1', 'before')
 4 VENDORPATH\codeigniter4\framework\system\CodeIgniter.php(340): CodeIgniter\CodeIgniter->handleRequest(null, Object(Config\Cache), false)
 5 SYSTEMPATH\Boot.php(363): CodeIgniter\CodeIgniter->run()
 6 SYSTEMPATH\Boot.php(68): CodeIgniter\Boot::runCodeIgniter(Object(CodeIgniter\CodeIgniter))
 7 FCPATH\index.php(59): CodeIgniter\Boot::bootWeb(Object(Config\Paths))
 8 SYSTEMPATH\rewrite.php(44): require_once('D:\\Program Files\\backend_core\\public\\index.php')
WARNING - 2026-03-11 23:21:04 --> [DEPRECATED] Creation of dynamic property CodeIgniter\HTTP\IncomingRequest::$user is deprecated in APPPATH\Filters\Auth.php on line 59.
 1 VENDORPATH\codeigniter4\framework\system\Filters\Filters.php(241): App\Filters\Auth->before(Object(CodeIgniter\HTTP\IncomingRequest), null)
 2 VENDORPATH\codeigniter4\framework\system\Filters\Filters.php(221): CodeIgniter\Filters\Filters->runBefore([...])
 3 VENDORPATH\codeigniter4\framework\system\CodeIgniter.php(465): CodeIgniter\Filters\Filters->run('api/supplier/ratings/9', 'before')
 4 VENDORPATH\codeigniter4\framework\system\CodeIgniter.php(340): CodeIgniter\CodeIgniter->handleRequest(null, Object(Config\Cache), false)
 5 SYSTEMPATH\Boot.php(363): CodeIgniter\CodeIgniter->run()
 6 SYSTEMPATH\Boot.php(68): CodeIgniter\Boot::runCodeIgniter(Object(CodeIgniter\CodeIgniter))
 7 FCPATH\index.php(59): CodeIgniter\Boot::bootWeb(Object(Config\Paths))
 8 SYSTEMPATH\rewrite.php(44): require_once('D:\\Program Files\\backend_core\\public\\index.php')
