DEBUG - 2026-03-04 08:02:24 --> Session: Class initialized using 'CodeIgniter\Session\Handlers\FileHandler' driver.
DEBUG - 2026-03-04 08:02:42 --> Session: Class initialized using 'CodeIgniter\Session\Handlers\FileHandler' driver.
DEBUG - 2026-03-04 08:02:43 --> Session: Class initialized using 'CodeIgniter\Session\Handlers\FileHandler' driver.
DEBUG - 2026-03-04 08:12:23 --> Session: Class initialized using 'CodeIgniter\Session\Handlers\FileHandler' driver.
DEBUG - 2026-03-04 08:12:39 --> Session: Class initialized using 'CodeIgniter\Session\Handlers\FileHandler' driver.
DEBUG - 2026-03-04 08:15:33 --> Session: Class initialized using 'CodeIgniter\Session\Handlers\FileHandler' driver.
ERROR - 2026-03-04 08:15:38 --> Error connecting to the database: mysqli_sql_exception: No connection could be made because the target machine actively refused it in D:\Program Files\backend_core\vendor\codeigniter4\framework\system\Database\MySQLi\Connection.php:201
Stack trace:
#0 D:\Program Files\backend_core\vendor\codeigniter4\framework\system\Database\MySQLi\Connection.php(201): mysqli->real_connect('localhost', 'root', Object(SensitiveParameterValue), 'stuh8812_pasang...', 3306, '', 0)
#1 D:\Program Files\backend_core\vendor\codeigniter4\framework\system\Database\BaseConnection.php(419): CodeIgniter\Database\MySQLi\Connection->connect(false)
#2 D:\Program Files\backend_core\vendor\codeigniter4\framework\system\Database\BaseConnection.php(654): CodeIgniter\Database\BaseConnection->initialize()
#3 D:\Program Files\backend_core\vendor\codeigniter4\framework\system\Database\BaseBuilder.php(1649): CodeIgniter\Database\BaseConnection->query('SELECT *\nFROM `...', Array, false)
#4 D:\Program Files\backend_core\vendor\codeigniter4\framework\system\Model.php(254): CodeIgniter\Database\BaseBuilder->get()
#5 D:\Program Files\backend_core\vendor\codeigniter4\framework\system\BaseModel.php(675): CodeIgniter\Model->doFindAll(0, 0)
#6 D:\Program Files\backend_core\app\Controllers\Admin\SupplierController.php(22): CodeIgniter\BaseModel->findAll()
#7 D:\Program Files\backend_core\vendor\codeigniter4\framework\system\CodeIgniter.php(951): App\Controllers\Admin\SupplierController->index()
#8 D:\Program Files\backend_core\vendor\codeigniter4\framework\system\CodeIgniter.php(497): CodeIgniter\CodeIgniter->runController(Object(App\Controllers\Admin\SupplierController))
#9 D:\Program Files\backend_core\vendor\codeigniter4\framework\system\CodeIgniter.php(340): CodeIgniter\CodeIgniter->handleRequest(NULL, Object(Config\Cache), false)
#10 D:\Program Files\backend_core\system\Boot.php(363): CodeIgniter\CodeIgniter->run()
#11 D:\Program Files\backend_core\system\Boot.php(68): CodeIgniter\Boot::runCodeIgniter(Object(CodeIgniter\CodeIgniter))
#12 D:\Program Files\backend_core\public\index.php(59): CodeIgniter\Boot::bootWeb(Object(Config\Paths))
#13 D:\Program Files\backend_core\system\rewrite.php(44): require_once('D:\\Program File...')
#14 {main}

Next CodeIgniter\Database\Exceptions\DatabaseException: No connection could be made because the target machine actively refused it in D:\Program Files\backend_core\vendor\codeigniter4\framework\system\Database\MySQLi\Connection.php:231
Stack trace:
#0 D:\Program Files\backend_core\vendor\codeigniter4\framework\system\Database\BaseConnection.php(419): CodeIgniter\Database\MySQLi\Connection->connect(false)
#1 D:\Program Files\backend_core\vendor\codeigniter4\framework\system\Database\BaseConnection.php(654): CodeIgniter\Database\BaseConnection->initialize()
#2 D:\Program Files\backend_core\vendor\codeigniter4\framework\system\Database\BaseBuilder.php(1649): CodeIgniter\Database\BaseConnection->query('SELECT *\nFROM `...', Array, false)
#3 D:\Program Files\backend_core\vendor\codeigniter4\framework\system\Model.php(254): CodeIgniter\Database\BaseBuilder->get()
#4 D:\Program Files\backend_core\vendor\codeigniter4\framework\system\BaseModel.php(675): CodeIgniter\Model->doFindAll(0, 0)
#5 D:\Program Files\backend_core\app\Controllers\Admin\SupplierController.php(22): CodeIgniter\BaseModel->findAll()
#6 D:\Program Files\backend_core\vendor\codeigniter4\framework\system\CodeIgniter.php(951): App\Controllers\Admin\SupplierController->index()
#7 D:\Program Files\backend_core\vendor\codeigniter4\framework\system\CodeIgniter.php(497): CodeIgniter\CodeIgniter->runController(Object(App\Controllers\Admin\SupplierController))
#8 D:\Program Files\backend_core\vendor\codeigniter4\framework\system\CodeIgniter.php(340): CodeIgniter\CodeIgniter->handleRequest(NULL, Object(Config\Cache), false)
#9 D:\Program Files\backend_core\system\Boot.php(363): CodeIgniter\CodeIgniter->run()
#10 D:\Program Files\backend_core\system\Boot.php(68): CodeIgniter\Boot::runCodeIgniter(Object(CodeIgniter\CodeIgniter))
#11 D:\Program Files\backend_core\public\index.php(59): CodeIgniter\Boot::bootWeb(Object(Config\Paths))
#12 D:\Program Files\backend_core\system\rewrite.php(44): require_once('D:\\Program File...')
#13 {main}
DEBUG - 2026-03-04 08:15:45 --> Session: Class initialized using 'CodeIgniter\Session\Handlers\FileHandler' driver.
ERROR - 2026-03-04 08:15:50 --> Error connecting to the database: mysqli_sql_exception: No connection could be made because the target machine actively refused it in D:\Program Files\backend_core\vendor\codeigniter4\framework\system\Database\MySQLi\Connection.php:201
Stack trace:
#0 D:\Program Files\backend_core\vendor\codeigniter4\framework\system\Database\MySQLi\Connection.php(201): mysqli->real_connect('localhost', 'root', Object(SensitiveParameterValue), 'stuh8812_pasang...', 3306, '', 0)
#1 D:\Program Files\backend_core\vendor\codeigniter4\framework\system\Database\BaseConnection.php(419): CodeIgniter\Database\MySQLi\Connection->connect(false)
#2 D:\Program Files\backend_core\vendor\codeigniter4\framework\system\Database\BaseConnection.php(654): CodeIgniter\Database\BaseConnection->initialize()
#3 D:\Program Files\backend_core\vendor\codeigniter4\framework\system\Database\BaseBuilder.php(1649): CodeIgniter\Database\BaseConnection->query('SELECT *\nFROM `...', Array, false)
#4 D:\Program Files\backend_core\app\Controllers\Admin\Wallet.php(21): CodeIgniter\Database\BaseBuilder->get()
#5 D:\Program Files\backend_core\vendor\codeigniter4\framework\system\CodeIgniter.php(951): App\Controllers\Admin\Wallet->index()
#6 D:\Program Files\backend_core\vendor\codeigniter4\framework\system\CodeIgniter.php(497): CodeIgniter\CodeIgniter->runController(Object(App\Controllers\Admin\Wallet))
#7 D:\Program Files\backend_core\vendor\codeigniter4\framework\system\CodeIgniter.php(340): CodeIgniter\CodeIgniter->handleRequest(NULL, Object(Config\Cache), false)
#8 D:\Program Files\backend_core\system\Boot.php(363): CodeIgniter\CodeIgniter->run()
#9 D:\Program Files\backend_core\system\Boot.php(68): CodeIgniter\Boot::runCodeIgniter(Object(CodeIgniter\CodeIgniter))
#10 D:\Program Files\backend_core\public\index.php(59): CodeIgniter\Boot::bootWeb(Object(Config\Paths))
#11 D:\Program Files\backend_core\system\rewrite.php(44): require_once('D:\\Program File...')
#12 {main}

Next CodeIgniter\Database\Exceptions\DatabaseException: No connection could be made because the target machine actively refused it in D:\Program Files\backend_core\vendor\codeigniter4\framework\system\Database\MySQLi\Connection.php:231
Stack trace:
#0 D:\Program Files\backend_core\vendor\codeigniter4\framework\system\Database\BaseConnection.php(419): CodeIgniter\Database\MySQLi\Connection->connect(false)
#1 D:\Program Files\backend_core\vendor\codeigniter4\framework\system\Database\BaseConnection.php(654): CodeIgniter\Database\BaseConnection->initialize()
#2 D:\Program Files\backend_core\vendor\codeigniter4\framework\system\Database\BaseBuilder.php(1649): CodeIgniter\Database\BaseConnection->query('SELECT *\nFROM `...', Array, false)
#3 D:\Program Files\backend_core\app\Controllers\Admin\Wallet.php(21): CodeIgniter\Database\BaseBuilder->get()
#4 D:\Program Files\backend_core\vendor\codeigniter4\framework\system\CodeIgniter.php(951): App\Controllers\Admin\Wallet->index()
#5 D:\Program Files\backend_core\vendor\codeigniter4\framework\system\CodeIgniter.php(497): CodeIgniter\CodeIgniter->runController(Object(App\Controllers\Admin\Wallet))
#6 D:\Program Files\backend_core\vendor\codeigniter4\framework\system\CodeIgniter.php(340): CodeIgniter\CodeIgniter->handleRequest(NULL, Object(Config\Cache), false)
#7 D:\Program Files\backend_core\system\Boot.php(363): CodeIgniter\CodeIgniter->run()
#8 D:\Program Files\backend_core\system\Boot.php(68): CodeIgniter\Boot::runCodeIgniter(Object(CodeIgniter\CodeIgniter))
#9 D:\Program Files\backend_core\public\index.php(59): CodeIgniter\Boot::bootWeb(Object(Config\Paths))
#10 D:\Program Files\backend_core\system\rewrite.php(44): require_once('D:\\Program File...')
#11 {main}
DEBUG - 2026-03-04 08:19:10 --> Session: Class initialized using 'CodeIgniter\Session\Handlers\FileHandler' driver.
ERROR - 2026-03-04 08:19:14 --> Error connecting to the database: mysqli_sql_exception: No connection could be made because the target machine actively refused it in D:\Program Files\backend_core\vendor\codeigniter4\framework\system\Database\MySQLi\Connection.php:201
Stack trace:
#0 D:\Program Files\backend_core\vendor\codeigniter4\framework\system\Database\MySQLi\Connection.php(201): mysqli->real_connect('localhost', 'root', Object(SensitiveParameterValue), 'stuh8812_pasang...', 3306, '', 0)
#1 D:\Program Files\backend_core\vendor\codeigniter4\framework\system\Database\BaseConnection.php(419): CodeIgniter\Database\MySQLi\Connection->connect(false)
#2 D:\Program Files\backend_core\vendor\codeigniter4\framework\system\Database\BaseConnection.php(654): CodeIgniter\Database\BaseConnection->initialize()
#3 D:\Program Files\backend_core\vendor\codeigniter4\framework\system\Database\BaseBuilder.php(1649): CodeIgniter\Database\BaseConnection->query('SELECT *\nFROM `...', Array, false)
#4 D:\Program Files\backend_core\app\Controllers\Admin\OrderController.php(22): CodeIgniter\Database\BaseBuilder->get()
#5 D:\Program Files\backend_core\vendor\codeigniter4\framework\system\CodeIgniter.php(951): App\Controllers\Admin\OrderController->index()
#6 D:\Program Files\backend_core\vendor\codeigniter4\framework\system\CodeIgniter.php(497): CodeIgniter\CodeIgniter->runController(Object(App\Controllers\Admin\OrderController))
#7 D:\Program Files\backend_core\vendor\codeigniter4\framework\system\CodeIgniter.php(340): CodeIgniter\CodeIgniter->handleRequest(NULL, Object(Config\Cache), false)
#8 D:\Program Files\backend_core\system\Boot.php(363): CodeIgniter\CodeIgniter->run()
#9 D:\Program Files\backend_core\system\Boot.php(68): CodeIgniter\Boot::runCodeIgniter(Object(CodeIgniter\CodeIgniter))
#10 D:\Program Files\backend_core\public\index.php(59): CodeIgniter\Boot::bootWeb(Object(Config\Paths))
#11 D:\Program Files\backend_core\system\rewrite.php(44): require_once('D:\\Program File...')
#12 {main}

Next CodeIgniter\Database\Exceptions\DatabaseException: No connection could be made because the target machine actively refused it in D:\Program Files\backend_core\vendor\codeigniter4\framework\system\Database\MySQLi\Connection.php:231
Stack trace:
#0 D:\Program Files\backend_core\vendor\codeigniter4\framework\system\Database\BaseConnection.php(419): CodeIgniter\Database\MySQLi\Connection->connect(false)
#1 D:\Program Files\backend_core\vendor\codeigniter4\framework\system\Database\BaseConnection.php(654): CodeIgniter\Database\BaseConnection->initialize()
#2 D:\Program Files\backend_core\vendor\codeigniter4\framework\system\Database\BaseBuilder.php(1649): CodeIgniter\Database\BaseConnection->query('SELECT *\nFROM `...', Array, false)
#3 D:\Program Files\backend_core\app\Controllers\Admin\OrderController.php(22): CodeIgniter\Database\BaseBuilder->get()
#4 D:\Program Files\backend_core\vendor\codeigniter4\framework\system\CodeIgniter.php(951): App\Controllers\Admin\OrderController->index()
#5 D:\Program Files\backend_core\vendor\codeigniter4\framework\system\CodeIgniter.php(497): CodeIgniter\CodeIgniter->runController(Object(App\Controllers\Admin\OrderController))
#6 D:\Program Files\backend_core\vendor\codeigniter4\framework\system\CodeIgniter.php(340): CodeIgniter\CodeIgniter->handleRequest(NULL, Object(Config\Cache), false)
#7 D:\Program Files\backend_core\system\Boot.php(363): CodeIgniter\CodeIgniter->run()
#8 D:\Program Files\backend_core\system\Boot.php(68): CodeIgniter\Boot::runCodeIgniter(Object(CodeIgniter\CodeIgniter))
#9 D:\Program Files\backend_core\public\index.php(59): CodeIgniter\Boot::bootWeb(Object(Config\Paths))
#10 D:\Program Files\backend_core\system\rewrite.php(44): require_once('D:\\Program File...')
#11 {main}
DEBUG - 2026-03-04 08:28:22 --> Session: Class initialized using 'CodeIgniter\Session\Handlers\FileHandler' driver.
ERROR - 2026-03-04 08:28:26 --> Error connecting to the database: mysqli_sql_exception: No connection could be made because the target machine actively refused it in D:\Program Files\backend_core\vendor\codeigniter4\framework\system\Database\MySQLi\Connection.php:201
Stack trace:
#0 D:\Program Files\backend_core\vendor\codeigniter4\framework\system\Database\MySQLi\Connection.php(201): mysqli->real_connect('localhost', 'root', Object(SensitiveParameterValue), 'stuh8812_pasang...', 3306, '', 0)
#1 D:\Program Files\backend_core\vendor\codeigniter4\framework\system\Database\BaseConnection.php(419): CodeIgniter\Database\MySQLi\Connection->connect(false)
#2 D:\Program Files\backend_core\vendor\codeigniter4\framework\system\Database\BaseConnection.php(654): CodeIgniter\Database\BaseConnection->initialize()
#3 D:\Program Files\backend_core\vendor\codeigniter4\framework\system\Database\BaseBuilder.php(1649): CodeIgniter\Database\BaseConnection->query('SELECT *\nFROM `...', Array, false)
#4 D:\Program Files\backend_core\app\Controllers\Admin\OrderController.php(22): CodeIgniter\Database\BaseBuilder->get()
#5 D:\Program Files\backend_core\vendor\codeigniter4\framework\system\CodeIgniter.php(951): App\Controllers\Admin\OrderController->index()
#6 D:\Program Files\backend_core\vendor\codeigniter4\framework\system\CodeIgniter.php(497): CodeIgniter\CodeIgniter->runController(Object(App\Controllers\Admin\OrderController))
#7 D:\Program Files\backend_core\vendor\codeigniter4\framework\system\CodeIgniter.php(340): CodeIgniter\CodeIgniter->handleRequest(NULL, Object(Config\Cache), false)
#8 D:\Program Files\backend_core\system\Boot.php(363): CodeIgniter\CodeIgniter->run()
#9 D:\Program Files\backend_core\system\Boot.php(68): CodeIgniter\Boot::runCodeIgniter(Object(CodeIgniter\CodeIgniter))
#10 D:\Program Files\backend_core\public\index.php(59): CodeIgniter\Boot::bootWeb(Object(Config\Paths))
#11 D:\Program Files\backend_core\system\rewrite.php(44): require_once('D:\\Program File...')
#12 {main}

Next CodeIgniter\Database\Exceptions\DatabaseException: No connection could be made because the target machine actively refused it in D:\Program Files\backend_core\vendor\codeigniter4\framework\system\Database\MySQLi\Connection.php:231
Stack trace:
#0 D:\Program Files\backend_core\vendor\codeigniter4\framework\system\Database\BaseConnection.php(419): CodeIgniter\Database\MySQLi\Connection->connect(false)
#1 D:\Program Files\backend_core\vendor\codeigniter4\framework\system\Database\BaseConnection.php(654): CodeIgniter\Database\BaseConnection->initialize()
#2 D:\Program Files\backend_core\vendor\codeigniter4\framework\system\Database\BaseBuilder.php(1649): CodeIgniter\Database\BaseConnection->query('SELECT *\nFROM `...', Array, false)
#3 D:\Program Files\backend_core\app\Controllers\Admin\OrderController.php(22): CodeIgniter\Database\BaseBuilder->get()
#4 D:\Program Files\backend_core\vendor\codeigniter4\framework\system\CodeIgniter.php(951): App\Controllers\Admin\OrderController->index()
#5 D:\Program Files\backend_core\vendor\codeigniter4\framework\system\CodeIgniter.php(497): CodeIgniter\CodeIgniter->runController(Object(App\Controllers\Admin\OrderController))
#6 D:\Program Files\backend_core\vendor\codeigniter4\framework\system\CodeIgniter.php(340): CodeIgniter\CodeIgniter->handleRequest(NULL, Object(Config\Cache), false)
#7 D:\Program Files\backend_core\system\Boot.php(363): CodeIgniter\CodeIgniter->run()
#8 D:\Program Files\backend_core\system\Boot.php(68): CodeIgniter\Boot::runCodeIgniter(Object(CodeIgniter\CodeIgniter))
#9 D:\Program Files\backend_core\public\index.php(59): CodeIgniter\Boot::bootWeb(Object(Config\Paths))
#10 D:\Program Files\backend_core\system\rewrite.php(44): require_once('D:\\Program File...')
#11 {main}
DEBUG - 2026-03-04 08:28:28 --> Session: Class initialized using 'CodeIgniter\Session\Handlers\FileHandler' driver.
ERROR - 2026-03-04 08:28:32 --> Error connecting to the database: mysqli_sql_exception: No connection could be made because the target machine actively refused it in D:\Program Files\backend_core\vendor\codeigniter4\framework\system\Database\MySQLi\Connection.php:201
Stack trace:
#0 D:\Program Files\backend_core\vendor\codeigniter4\framework\system\Database\MySQLi\Connection.php(201): mysqli->real_connect('localhost', 'root', Object(SensitiveParameterValue), 'stuh8812_pasang...', 3306, '', 0)
#1 D:\Program Files\backend_core\vendor\codeigniter4\framework\system\Database\BaseConnection.php(419): CodeIgniter\Database\MySQLi\Connection->connect(false)
#2 D:\Program Files\backend_core\vendor\codeigniter4\framework\system\Database\BaseConnection.php(654): CodeIgniter\Database\BaseConnection->initialize()
#3 D:\Program Files\backend_core\vendor\codeigniter4\framework\system\Database\BaseBuilder.php(1649): CodeIgniter\Database\BaseConnection->query('SELECT `order_i...', Array, false)
#4 D:\Program Files\backend_core\vendor\codeigniter4\framework\system\Model.php(254): CodeIgniter\Database\BaseBuilder->get()
#5 D:\Program Files\backend_core\vendor\codeigniter4\framework\system\BaseModel.php(675): CodeIgniter\Model->doFindAll(0, 0)
#6 D:\Program Files\backend_core\app\Controllers\Admin\Dashboard.php(29): CodeIgniter\BaseModel->findAll()
#7 D:\Program Files\backend_core\vendor\codeigniter4\framework\system\CodeIgniter.php(951): App\Controllers\Admin\Dashboard->index()
#8 D:\Program Files\backend_core\vendor\codeigniter4\framework\system\CodeIgniter.php(497): CodeIgniter\CodeIgniter->runController(Object(App\Controllers\Admin\Dashboard))
#9 D:\Program Files\backend_core\vendor\codeigniter4\framework\system\CodeIgniter.php(340): CodeIgniter\CodeIgniter->handleRequest(NULL, Object(Config\Cache), false)
#10 D:\Program Files\backend_core\system\Boot.php(363): CodeIgniter\CodeIgniter->run()
#11 D:\Program Files\backend_core\system\Boot.php(68): CodeIgniter\Boot::runCodeIgniter(Object(CodeIgniter\CodeIgniter))
#12 D:\Program Files\backend_core\public\index.php(59): CodeIgniter\Boot::bootWeb(Object(Config\Paths))
#13 D:\Program Files\backend_core\system\rewrite.php(44): require_once('D:\\Program File...')
#14 {main}

Next CodeIgniter\Database\Exceptions\DatabaseException: No connection could be made because the target machine actively refused it in D:\Program Files\backend_core\vendor\codeigniter4\framework\system\Database\MySQLi\Connection.php:231
Stack trace:
#0 D:\Program Files\backend_core\vendor\codeigniter4\framework\system\Database\BaseConnection.php(419): CodeIgniter\Database\MySQLi\Connection->connect(false)
#1 D:\Program Files\backend_core\vendor\codeigniter4\framework\system\Database\BaseConnection.php(654): CodeIgniter\Database\BaseConnection->initialize()
#2 D:\Program Files\backend_core\vendor\codeigniter4\framework\system\Database\BaseBuilder.php(1649): CodeIgniter\Database\BaseConnection->query('SELECT `order_i...', Array, false)
#3 D:\Program Files\backend_core\vendor\codeigniter4\framework\system\Model.php(254): CodeIgniter\Database\BaseBuilder->get()
#4 D:\Program Files\backend_core\vendor\codeigniter4\framework\system\BaseModel.php(675): CodeIgniter\Model->doFindAll(0, 0)
#5 D:\Program Files\backend_core\app\Controllers\Admin\Dashboard.php(29): CodeIgniter\BaseModel->findAll()
#6 D:\Program Files\backend_core\vendor\codeigniter4\framework\system\CodeIgniter.php(951): App\Controllers\Admin\Dashboard->index()
#7 D:\Program Files\backend_core\vendor\codeigniter4\framework\system\CodeIgniter.php(497): CodeIgniter\CodeIgniter->runController(Object(App\Controllers\Admin\Dashboard))
#8 D:\Program Files\backend_core\vendor\codeigniter4\framework\system\CodeIgniter.php(340): CodeIgniter\CodeIgniter->handleRequest(NULL, Object(Config\Cache), false)
#9 D:\Program Files\backend_core\system\Boot.php(363): CodeIgniter\CodeIgniter->run()
#10 D:\Program Files\backend_core\system\Boot.php(68): CodeIgniter\Boot::runCodeIgniter(Object(CodeIgniter\CodeIgniter))
#11 D:\Program Files\backend_core\public\index.php(59): CodeIgniter\Boot::bootWeb(Object(Config\Paths))
#12 D:\Program Files\backend_core\system\rewrite.php(44): require_once('D:\\Program File...')
#13 {main}
DEBUG - 2026-03-04 08:28:32 --> Session: Class initialized using 'CodeIgniter\Session\Handlers\FileHandler' driver.
DEBUG - 2026-03-04 08:28:32 --> Session: Class initialized using 'CodeIgniter\Session\Handlers\FileHandler' driver.
ERROR - 2026-03-04 08:28:36 --> Error connecting to the database: mysqli_sql_exception: No connection could be made because the target machine actively refused it in D:\Program Files\backend_core\vendor\codeigniter4\framework\system\Database\MySQLi\Connection.php:201
Stack trace:
#0 D:\Program Files\backend_core\vendor\codeigniter4\framework\system\Database\MySQLi\Connection.php(201): mysqli->real_connect('localhost', 'root', Object(SensitiveParameterValue), 'stuh8812_pasang...', 3306, '', 0)
#1 D:\Program Files\backend_core\vendor\codeigniter4\framework\system\Database\BaseConnection.php(419): CodeIgniter\Database\MySQLi\Connection->connect(false)
#2 D:\Program Files\backend_core\vendor\codeigniter4\framework\system\Database\BaseConnection.php(654): CodeIgniter\Database\BaseConnection->initialize()
#3 D:\Program Files\backend_core\vendor\codeigniter4\framework\system\Database\BaseBuilder.php(1649): CodeIgniter\Database\BaseConnection->query('SELECT `order_i...', Array, false)
#4 D:\Program Files\backend_core\vendor\codeigniter4\framework\system\Model.php(254): CodeIgniter\Database\BaseBuilder->get()
#5 D:\Program Files\backend_core\vendor\codeigniter4\framework\system\BaseModel.php(675): CodeIgniter\Model->doFindAll(0, 0)
#6 D:\Program Files\backend_core\app\Controllers\Admin\Dashboard.php(29): CodeIgniter\BaseModel->findAll()
#7 D:\Program Files\backend_core\vendor\codeigniter4\framework\system\CodeIgniter.php(951): App\Controllers\Admin\Dashboard->index()
#8 D:\Program Files\backend_core\vendor\codeigniter4\framework\system\CodeIgniter.php(497): CodeIgniter\CodeIgniter->runController(Object(App\Controllers\Admin\Dashboard))
#9 D:\Program Files\backend_core\vendor\codeigniter4\framework\system\CodeIgniter.php(340): CodeIgniter\CodeIgniter->handleRequest(NULL, Object(Config\Cache), false)
#10 D:\Program Files\backend_core\system\Boot.php(363): CodeIgniter\CodeIgniter->run()
#11 D:\Program Files\backend_core\system\Boot.php(68): CodeIgniter\Boot::runCodeIgniter(Object(CodeIgniter\CodeIgniter))
#12 D:\Program Files\backend_core\public\index.php(59): CodeIgniter\Boot::bootWeb(Object(Config\Paths))
#13 D:\Program Files\backend_core\system\rewrite.php(44): require_once('D:\\Program File...')
#14 {main}

Next CodeIgniter\Database\Exceptions\DatabaseException: No connection could be made because the target machine actively refused it in D:\Program Files\backend_core\vendor\codeigniter4\framework\system\Database\MySQLi\Connection.php:231
Stack trace:
#0 D:\Program Files\backend_core\vendor\codeigniter4\framework\system\Database\BaseConnection.php(419): CodeIgniter\Database\MySQLi\Connection->connect(false)
#1 D:\Program Files\backend_core\vendor\codeigniter4\framework\system\Database\BaseConnection.php(654): CodeIgniter\Database\BaseConnection->initialize()
#2 D:\Program Files\backend_core\vendor\codeigniter4\framework\system\Database\BaseBuilder.php(1649): CodeIgniter\Database\BaseConnection->query('SELECT `order_i...', Array, false)
#3 D:\Program Files\backend_core\vendor\codeigniter4\framework\system\Model.php(254): CodeIgniter\Database\BaseBuilder->get()
#4 D:\Program Files\backend_core\vendor\codeigniter4\framework\system\BaseModel.php(675): CodeIgniter\Model->doFindAll(0, 0)
#5 D:\Program Files\backend_core\app\Controllers\Admin\Dashboard.php(29): CodeIgniter\BaseModel->findAll()
#6 D:\Program Files\backend_core\vendor\codeigniter4\framework\system\CodeIgniter.php(951): App\Controllers\Admin\Dashboard->index()
#7 D:\Program Files\backend_core\vendor\codeigniter4\framework\system\CodeIgniter.php(497): CodeIgniter\CodeIgniter->runController(Object(App\Controllers\Admin\Dashboard))
#8 D:\Program Files\backend_core\vendor\codeigniter4\framework\system\CodeIgniter.php(340): CodeIgniter\CodeIgniter->handleRequest(NULL, Object(Config\Cache), false)
#9 D:\Program Files\backend_core\system\Boot.php(363): CodeIgniter\CodeIgniter->run()
#10 D:\Program Files\backend_core\system\Boot.php(68): CodeIgniter\Boot::runCodeIgniter(Object(CodeIgniter\CodeIgniter))
#11 D:\Program Files\backend_core\public\index.php(59): CodeIgniter\Boot::bootWeb(Object(Config\Paths))
#12 D:\Program Files\backend_core\system\rewrite.php(44): require_once('D:\\Program File...')
#13 {main}
DEBUG - 2026-03-04 08:28:36 --> Session: Class initialized using 'CodeIgniter\Session\Handlers\FileHandler' driver.
ERROR - 2026-03-04 08:28:40 --> Error connecting to the database: mysqli_sql_exception: No connection could be made because the target machine actively refused it in D:\Program Files\backend_core\vendor\codeigniter4\framework\system\Database\MySQLi\Connection.php:201
Stack trace:
#0 D:\Program Files\backend_core\vendor\codeigniter4\framework\system\Database\MySQLi\Connection.php(201): mysqli->real_connect('localhost', 'root', Object(SensitiveParameterValue), 'stuh8812_pasang...', 3306, '', 0)
#1 D:\Program Files\backend_core\vendor\codeigniter4\framework\system\Database\BaseConnection.php(419): CodeIgniter\Database\MySQLi\Connection->connect(false)
#2 D:\Program Files\backend_core\vendor\codeigniter4\framework\system\Database\BaseConnection.php(654): CodeIgniter\Database\BaseConnection->initialize()
#3 D:\Program Files\backend_core\vendor\codeigniter4\framework\system\Database\BaseBuilder.php(1649): CodeIgniter\Database\BaseConnection->query('SELECT `order_i...', Array, false)
#4 D:\Program Files\backend_core\vendor\codeigniter4\framework\system\Model.php(254): CodeIgniter\Database\BaseBuilder->get()
#5 D:\Program Files\backend_core\vendor\codeigniter4\framework\system\BaseModel.php(675): CodeIgniter\Model->doFindAll(0, 0)
#6 D:\Program Files\backend_core\app\Controllers\Admin\Dashboard.php(29): CodeIgniter\BaseModel->findAll()
#7 D:\Program Files\backend_core\vendor\codeigniter4\framework\system\CodeIgniter.php(951): App\Controllers\Admin\Dashboard->index()
#8 D:\Program Files\backend_core\vendor\codeigniter4\framework\system\CodeIgniter.php(497): CodeIgniter\CodeIgniter->runController(Object(App\Controllers\Admin\Dashboard))
#9 D:\Program Files\backend_core\vendor\codeigniter4\framework\system\CodeIgniter.php(340): CodeIgniter\CodeIgniter->handleRequest(NULL, Object(Config\Cache), false)
#10 D:\Program Files\backend_core\system\Boot.php(363): CodeIgniter\CodeIgniter->run()
#11 D:\Program Files\backend_core\system\Boot.php(68): CodeIgniter\Boot::runCodeIgniter(Object(CodeIgniter\CodeIgniter))
#12 D:\Program Files\backend_core\public\index.php(59): CodeIgniter\Boot::bootWeb(Object(Config\Paths))
#13 D:\Program Files\backend_core\system\rewrite.php(44): require_once('D:\\Program File...')
#14 {main}

Next CodeIgniter\Database\Exceptions\DatabaseException: No connection could be made because the target machine actively refused it in D:\Program Files\backend_core\vendor\codeigniter4\framework\system\Database\MySQLi\Connection.php:231
Stack trace:
#0 D:\Program Files\backend_core\vendor\codeigniter4\framework\system\Database\BaseConnection.php(419): CodeIgniter\Database\MySQLi\Connection->connect(false)
#1 D:\Program Files\backend_core\vendor\codeigniter4\framework\system\Database\BaseConnection.php(654): CodeIgniter\Database\BaseConnection->initialize()
#2 D:\Program Files\backend_core\vendor\codeigniter4\framework\system\Database\BaseBuilder.php(1649): CodeIgniter\Database\BaseConnection->query('SELECT `order_i...', Array, false)
#3 D:\Program Files\backend_core\vendor\codeigniter4\framework\system\Model.php(254): CodeIgniter\Database\BaseBuilder->get()
#4 D:\Program Files\backend_core\vendor\codeigniter4\framework\system\BaseModel.php(675): CodeIgniter\Model->doFindAll(0, 0)
#5 D:\Program Files\backend_core\app\Controllers\Admin\Dashboard.php(29): CodeIgniter\BaseModel->findAll()
#6 D:\Program Files\backend_core\vendor\codeigniter4\framework\system\CodeIgniter.php(951): App\Controllers\Admin\Dashboard->index()
#7 D:\Program Files\backend_core\vendor\codeigniter4\framework\system\CodeIgniter.php(497): CodeIgniter\CodeIgniter->runController(Object(App\Controllers\Admin\Dashboard))
#8 D:\Program Files\backend_core\vendor\codeigniter4\framework\system\CodeIgniter.php(340): CodeIgniter\CodeIgniter->handleRequest(NULL, Object(Config\Cache), false)
#9 D:\Program Files\backend_core\system\Boot.php(363): CodeIgniter\CodeIgniter->run()
#10 D:\Program Files\backend_core\system\Boot.php(68): CodeIgniter\Boot::runCodeIgniter(Object(CodeIgniter\CodeIgniter))
#11 D:\Program Files\backend_core\public\index.php(59): CodeIgniter\Boot::bootWeb(Object(Config\Paths))
#12 D:\Program Files\backend_core\system\rewrite.php(44): require_once('D:\\Program File...')
#13 {main}
DEBUG - 2026-03-04 08:29:13 --> Session: Class initialized using 'CodeIgniter\Session\Handlers\FileHandler' driver.
DEBUG - 2026-03-04 08:29:14 --> Session: Class initialized using 'CodeIgniter\Session\Handlers\FileHandler' driver.
ERROR - 2026-03-04 08:29:18 --> Error connecting to the database: mysqli_sql_exception: No connection could be made because the target machine actively refused it in D:\Program Files\backend_core\vendor\codeigniter4\framework\system\Database\MySQLi\Connection.php:201
Stack trace:
#0 D:\Program Files\backend_core\vendor\codeigniter4\framework\system\Database\MySQLi\Connection.php(201): mysqli->real_connect('localhost', 'root', Object(SensitiveParameterValue), 'stuh8812_pasang...', 3306, '', 0)
#1 D:\Program Files\backend_core\vendor\codeigniter4\framework\system\Database\BaseConnection.php(419): CodeIgniter\Database\MySQLi\Connection->connect(false)
#2 D:\Program Files\backend_core\vendor\codeigniter4\framework\system\Database\BaseConnection.php(654): CodeIgniter\Database\BaseConnection->initialize()
#3 D:\Program Files\backend_core\vendor\codeigniter4\framework\system\Database\BaseBuilder.php(1649): CodeIgniter\Database\BaseConnection->query('SELECT `order_i...', Array, false)
#4 D:\Program Files\backend_core\vendor\codeigniter4\framework\system\Model.php(254): CodeIgniter\Database\BaseBuilder->get()
#5 D:\Program Files\backend_core\vendor\codeigniter4\framework\system\BaseModel.php(675): CodeIgniter\Model->doFindAll(0, 0)
#6 D:\Program Files\backend_core\app\Controllers\Admin\Dashboard.php(29): CodeIgniter\BaseModel->findAll()
#7 D:\Program Files\backend_core\vendor\codeigniter4\framework\system\CodeIgniter.php(951): App\Controllers\Admin\Dashboard->index()
#8 D:\Program Files\backend_core\vendor\codeigniter4\framework\system\CodeIgniter.php(497): CodeIgniter\CodeIgniter->runController(Object(App\Controllers\Admin\Dashboard))
#9 D:\Program Files\backend_core\vendor\codeigniter4\framework\system\CodeIgniter.php(340): CodeIgniter\CodeIgniter->handleRequest(NULL, Object(Config\Cache), false)
#10 D:\Program Files\backend_core\system\Boot.php(363): CodeIgniter\CodeIgniter->run()
#11 D:\Program Files\backend_core\system\Boot.php(68): CodeIgniter\Boot::runCodeIgniter(Object(CodeIgniter\CodeIgniter))
#12 D:\Program Files\backend_core\public\index.php(59): CodeIgniter\Boot::bootWeb(Object(Config\Paths))
#13 D:\Program Files\backend_core\system\rewrite.php(44): require_once('D:\\Program File...')
#14 {main}

Next CodeIgniter\Database\Exceptions\DatabaseException: No connection could be made because the target machine actively refused it in D:\Program Files\backend_core\vendor\codeigniter4\framework\system\Database\MySQLi\Connection.php:231
Stack trace:
#0 D:\Program Files\backend_core\vendor\codeigniter4\framework\system\Database\BaseConnection.php(419): CodeIgniter\Database\MySQLi\Connection->connect(false)
#1 D:\Program Files\backend_core\vendor\codeigniter4\framework\system\Database\BaseConnection.php(654): CodeIgniter\Database\BaseConnection->initialize()
#2 D:\Program Files\backend_core\vendor\codeigniter4\framework\system\Database\BaseBuilder.php(1649): CodeIgniter\Database\BaseConnection->query('SELECT `order_i...', Array, false)
#3 D:\Program Files\backend_core\vendor\codeigniter4\framework\system\Model.php(254): CodeIgniter\Database\BaseBuilder->get()
#4 D:\Program Files\backend_core\vendor\codeigniter4\framework\system\BaseModel.php(675): CodeIgniter\Model->doFindAll(0, 0)
#5 D:\Program Files\backend_core\app\Controllers\Admin\Dashboard.php(29): CodeIgniter\BaseModel->findAll()
#6 D:\Program Files\backend_core\vendor\codeigniter4\framework\system\CodeIgniter.php(951): App\Controllers\Admin\Dashboard->index()
#7 D:\Program Files\backend_core\vendor\codeigniter4\framework\system\CodeIgniter.php(497): CodeIgniter\CodeIgniter->runController(Object(App\Controllers\Admin\Dashboard))
#8 D:\Program Files\backend_core\vendor\codeigniter4\framework\system\CodeIgniter.php(340): CodeIgniter\CodeIgniter->handleRequest(NULL, Object(Config\Cache), false)
#9 D:\Program Files\backend_core\system\Boot.php(363): CodeIgniter\CodeIgniter->run()
#10 D:\Program Files\backend_core\system\Boot.php(68): CodeIgniter\Boot::runCodeIgniter(Object(CodeIgniter\CodeIgniter))
#11 D:\Program Files\backend_core\public\index.php(59): CodeIgniter\Boot::bootWeb(Object(Config\Paths))
#12 D:\Program Files\backend_core\system\rewrite.php(44): require_once('D:\\Program File...')
#13 {main}
DEBUG - 2026-03-04 08:29:36 --> Session: Class initialized using 'CodeIgniter\Session\Handlers\FileHandler' driver.
ERROR - 2026-03-04 08:29:40 --> Error connecting to the database: mysqli_sql_exception: No connection could be made because the target machine actively refused it in D:\Program Files\backend_core\vendor\codeigniter4\framework\system\Database\MySQLi\Connection.php:201
Stack trace:
#0 D:\Program Files\backend_core\vendor\codeigniter4\framework\system\Database\MySQLi\Connection.php(201): mysqli->real_connect('localhost', 'root', Object(SensitiveParameterValue), 'stuh8812_pasang...', 3306, '', 0)
#1 D:\Program Files\backend_core\vendor\codeigniter4\framework\system\Database\BaseConnection.php(419): CodeIgniter\Database\MySQLi\Connection->connect(false)
#2 D:\Program Files\backend_core\vendor\codeigniter4\framework\system\Database\BaseConnection.php(654): CodeIgniter\Database\BaseConnection->initialize()
#3 D:\Program Files\backend_core\vendor\codeigniter4\framework\system\Database\BaseBuilder.php(1649): CodeIgniter\Database\BaseConnection->query('SELECT `order_i...', Array, false)
#4 D:\Program Files\backend_core\vendor\codeigniter4\framework\system\Model.php(254): CodeIgniter\Database\BaseBuilder->get()
#5 D:\Program Files\backend_core\vendor\codeigniter4\framework\system\BaseModel.php(675): CodeIgniter\Model->doFindAll(0, 0)
#6 D:\Program Files\backend_core\app\Controllers\Admin\Dashboard.php(29): CodeIgniter\BaseModel->findAll()
#7 D:\Program Files\backend_core\vendor\codeigniter4\framework\system\CodeIgniter.php(951): App\Controllers\Admin\Dashboard->index()
#8 D:\Program Files\backend_core\vendor\codeigniter4\framework\system\CodeIgniter.php(497): CodeIgniter\CodeIgniter->runController(Object(App\Controllers\Admin\Dashboard))
#9 D:\Program Files\backend_core\vendor\codeigniter4\framework\system\CodeIgniter.php(340): CodeIgniter\CodeIgniter->handleRequest(NULL, Object(Config\Cache), false)
#10 D:\Program Files\backend_core\system\Boot.php(363): CodeIgniter\CodeIgniter->run()
#11 D:\Program Files\backend_core\system\Boot.php(68): CodeIgniter\Boot::runCodeIgniter(Object(CodeIgniter\CodeIgniter))
#12 D:\Program Files\backend_core\public\index.php(59): CodeIgniter\Boot::bootWeb(Object(Config\Paths))
#13 D:\Program Files\backend_core\system\rewrite.php(44): require_once('D:\\Program File...')
#14 {main}

Next CodeIgniter\Database\Exceptions\DatabaseException: No connection could be made because the target machine actively refused it in D:\Program Files\backend_core\vendor\codeigniter4\framework\system\Database\MySQLi\Connection.php:231
Stack trace:
#0 D:\Program Files\backend_core\vendor\codeigniter4\framework\system\Database\BaseConnection.php(419): CodeIgniter\Database\MySQLi\Connection->connect(false)
#1 D:\Program Files\backend_core\vendor\codeigniter4\framework\system\Database\BaseConnection.php(654): CodeIgniter\Database\BaseConnection->initialize()
#2 D:\Program Files\backend_core\vendor\codeigniter4\framework\system\Database\BaseBuilder.php(1649): CodeIgniter\Database\BaseConnection->query('SELECT `order_i...', Array, false)
#3 D:\Program Files\backend_core\vendor\codeigniter4\framework\system\Model.php(254): CodeIgniter\Database\BaseBuilder->get()
#4 D:\Program Files\backend_core\vendor\codeigniter4\framework\system\BaseModel.php(675): CodeIgniter\Model->doFindAll(0, 0)
#5 D:\Program Files\backend_core\app\Controllers\Admin\Dashboard.php(29): CodeIgniter\BaseModel->findAll()
#6 D:\Program Files\backend_core\vendor\codeigniter4\framework\system\CodeIgniter.php(951): App\Controllers\Admin\Dashboard->index()
#7 D:\Program Files\backend_core\vendor\codeigniter4\framework\system\CodeIgniter.php(497): CodeIgniter\CodeIgniter->runController(Object(App\Controllers\Admin\Dashboard))
#8 D:\Program Files\backend_core\vendor\codeigniter4\framework\system\CodeIgniter.php(340): CodeIgniter\CodeIgniter->handleRequest(NULL, Object(Config\Cache), false)
#9 D:\Program Files\backend_core\system\Boot.php(363): CodeIgniter\CodeIgniter->run()
#10 D:\Program Files\backend_core\system\Boot.php(68): CodeIgniter\Boot::runCodeIgniter(Object(CodeIgniter\CodeIgniter))
#11 D:\Program Files\backend_core\public\index.php(59): CodeIgniter\Boot::bootWeb(Object(Config\Paths))
#12 D:\Program Files\backend_core\system\rewrite.php(44): require_once('D:\\Program File...')
#13 {main}
DEBUG - 2026-03-04 08:29:53 --> Session: Class initialized using 'CodeIgniter\Session\Handlers\FileHandler' driver.
ERROR - 2026-03-04 08:29:57 --> Error connecting to the database: mysqli_sql_exception: No connection could be made because the target machine actively refused it in D:\Program Files\backend_core\vendor\codeigniter4\framework\system\Database\MySQLi\Connection.php:201
Stack trace:
#0 D:\Program Files\backend_core\vendor\codeigniter4\framework\system\Database\MySQLi\Connection.php(201): mysqli->real_connect('localhost', 'root', Object(SensitiveParameterValue), 'stuh8812_pasang...', 3306, '', 0)
#1 D:\Program Files\backend_core\vendor\codeigniter4\framework\system\Database\BaseConnection.php(419): CodeIgniter\Database\MySQLi\Connection->connect(false)
#2 D:\Program Files\backend_core\vendor\codeigniter4\framework\system\Database\BaseConnection.php(654): CodeIgniter\Database\BaseConnection->initialize()
#3 D:\Program Files\backend_core\vendor\codeigniter4\framework\system\Database\BaseBuilder.php(1649): CodeIgniter\Database\BaseConnection->query('SELECT `order_i...', Array, false)
#4 D:\Program Files\backend_core\vendor\codeigniter4\framework\system\Model.php(254): CodeIgniter\Database\BaseBuilder->get()
#5 D:\Program Files\backend_core\vendor\codeigniter4\framework\system\BaseModel.php(675): CodeIgniter\Model->doFindAll(0, 0)
#6 D:\Program Files\backend_core\app\Controllers\Admin\Dashboard.php(29): CodeIgniter\BaseModel->findAll()
#7 D:\Program Files\backend_core\vendor\codeigniter4\framework\system\CodeIgniter.php(951): App\Controllers\Admin\Dashboard->index()
#8 D:\Program Files\backend_core\vendor\codeigniter4\framework\system\CodeIgniter.php(497): CodeIgniter\CodeIgniter->runController(Object(App\Controllers\Admin\Dashboard))
#9 D:\Program Files\backend_core\vendor\codeigniter4\framework\system\CodeIgniter.php(340): CodeIgniter\CodeIgniter->handleRequest(NULL, Object(Config\Cache), false)
#10 D:\Program Files\backend_core\system\Boot.php(363): CodeIgniter\CodeIgniter->run()
#11 D:\Program Files\backend_core\system\Boot.php(68): CodeIgniter\Boot::runCodeIgniter(Object(CodeIgniter\CodeIgniter))
#12 D:\Program Files\backend_core\public\index.php(59): CodeIgniter\Boot::bootWeb(Object(Config\Paths))
#13 D:\Program Files\backend_core\system\rewrite.php(44): require_once('D:\\Program File...')
#14 {main}

Next CodeIgniter\Database\Exceptions\DatabaseException: No connection could be made because the target machine actively refused it in D:\Program Files\backend_core\vendor\codeigniter4\framework\system\Database\MySQLi\Connection.php:231
Stack trace:
#0 D:\Program Files\backend_core\vendor\codeigniter4\framework\system\Database\BaseConnection.php(419): CodeIgniter\Database\MySQLi\Connection->connect(false)
#1 D:\Program Files\backend_core\vendor\codeigniter4\framework\system\Database\BaseConnection.php(654): CodeIgniter\Database\BaseConnection->initialize()
#2 D:\Program Files\backend_core\vendor\codeigniter4\framework\system\Database\BaseBuilder.php(1649): CodeIgniter\Database\BaseConnection->query('SELECT `order_i...', Array, false)
#3 D:\Program Files\backend_core\vendor\codeigniter4\framework\system\Model.php(254): CodeIgniter\Database\BaseBuilder->get()
#4 D:\Program Files\backend_core\vendor\codeigniter4\framework\system\BaseModel.php(675): CodeIgniter\Model->doFindAll(0, 0)
#5 D:\Program Files\backend_core\app\Controllers\Admin\Dashboard.php(29): CodeIgniter\BaseModel->findAll()
#6 D:\Program Files\backend_core\vendor\codeigniter4\framework\system\CodeIgniter.php(951): App\Controllers\Admin\Dashboard->index()
#7 D:\Program Files\backend_core\vendor\codeigniter4\framework\system\CodeIgniter.php(497): CodeIgniter\CodeIgniter->runController(Object(App\Controllers\Admin\Dashboard))
#8 D:\Program Files\backend_core\vendor\codeigniter4\framework\system\CodeIgniter.php(340): CodeIgniter\CodeIgniter->handleRequest(NULL, Object(Config\Cache), false)
#9 D:\Program Files\backend_core\system\Boot.php(363): CodeIgniter\CodeIgniter->run()
#10 D:\Program Files\backend_core\system\Boot.php(68): CodeIgniter\Boot::runCodeIgniter(Object(CodeIgniter\CodeIgniter))
#11 D:\Program Files\backend_core\public\index.php(59): CodeIgniter\Boot::bootWeb(Object(Config\Paths))
#12 D:\Program Files\backend_core\system\rewrite.php(44): require_once('D:\\Program File...')
#13 {main}
CRITICAL - 2026-03-04 08:29:57 --> CodeIgniter\Database\Exceptions\DatabaseException: Unable to connect to the database.
Main connection [MySQLi]: No connection could be made because the target machine actively refused it
[Method: GET, Route: admin/dashboard]
in VENDORPATH\codeigniter4\framework\system\Database\BaseConnection.php on line 465.
 1 VENDORPATH\codeigniter4\framework\system\Database\BaseConnection.php(654): CodeIgniter\Database\BaseConnection->initialize()
 2 VENDORPATH\codeigniter4\framework\system\Database\BaseBuilder.php(1649): CodeIgniter\Database\BaseConnection->query('SELECT `order_items`.*, `products`.`name` as `product_name`, `products`.`photo` as `product_photo`, SUM(order_items.quantity) as total_sales, `products`.`price` as `product_price`, `suppliers`.`name` as `supplier_name`
FROM `order_items`
JOIN `products` ON `products`.`id` = `order_items`.`product_id`
LEFT JOIN `suppliers` ON `suppliers`.`id` = `products`.`supplier_id`
GROUP BY `order_items`.`product_id`
ORDER BY `total_sales` DESC
 LIMIT 5', [], false)
 3 VENDORPATH\codeigniter4\framework\system\Model.php(254): CodeIgniter\Database\BaseBuilder->get()
 4 VENDORPATH\codeigniter4\framework\system\BaseModel.php(675): CodeIgniter\Model->doFindAll(0, 0)
 5 APPPATH\Controllers\Admin\Dashboard.php(29): CodeIgniter\BaseModel->findAll()
 6 VENDORPATH\codeigniter4\framework\system\CodeIgniter.php(951): App\Controllers\Admin\Dashboard->index()
 7 VENDORPATH\codeigniter4\framework\system\CodeIgniter.php(497): CodeIgniter\CodeIgniter->runController(Object(App\Controllers\Admin\Dashboard))
 8 VENDORPATH\codeigniter4\framework\system\CodeIgniter.php(340): CodeIgniter\CodeIgniter->handleRequest(null, Object(Config\Cache), false)
 9 SYSTEMPATH\Boot.php(363): CodeIgniter\CodeIgniter->run()
10 SYSTEMPATH\Boot.php(68): CodeIgniter\Boot::runCodeIgniter(Object(CodeIgniter\CodeIgniter))
11 FCPATH\index.php(59): CodeIgniter\Boot::bootWeb(Object(Config\Paths))
12 SYSTEMPATH\rewrite.php(44): require_once('D:\\Program Files\\backend_core\\public\\index.php')
DEBUG - 2026-03-04 08:30:27 --> Session: Class initialized using 'CodeIgniter\Session\Handlers\FileHandler' driver.
ERROR - 2026-03-04 08:30:31 --> Error connecting to the database: mysqli_sql_exception: No connection could be made because the target machine actively refused it in D:\Program Files\backend_core\vendor\codeigniter4\framework\system\Database\MySQLi\Connection.php:201
Stack trace:
#0 D:\Program Files\backend_core\vendor\codeigniter4\framework\system\Database\MySQLi\Connection.php(201): mysqli->real_connect('localhost', 'root', Object(SensitiveParameterValue), 'stuh8812_pasang...', 3306, '', 0)
#1 D:\Program Files\backend_core\vendor\codeigniter4\framework\system\Database\BaseConnection.php(419): CodeIgniter\Database\MySQLi\Connection->connect(false)
#2 D:\Program Files\backend_core\vendor\codeigniter4\framework\system\Database\BaseConnection.php(654): CodeIgniter\Database\BaseConnection->initialize()
#3 D:\Program Files\backend_core\vendor\codeigniter4\framework\system\Database\BaseBuilder.php(1649): CodeIgniter\Database\BaseConnection->query('SELECT `order_i...', Array, false)
#4 D:\Program Files\backend_core\vendor\codeigniter4\framework\system\Model.php(254): CodeIgniter\Database\BaseBuilder->get()
#5 D:\Program Files\backend_core\vendor\codeigniter4\framework\system\BaseModel.php(675): CodeIgniter\Model->doFindAll(0, 0)
#6 D:\Program Files\backend_core\app\Controllers\Admin\Dashboard.php(29): CodeIgniter\BaseModel->findAll()
#7 D:\Program Files\backend_core\vendor\codeigniter4\framework\system\CodeIgniter.php(951): App\Controllers\Admin\Dashboard->index()
#8 D:\Program Files\backend_core\vendor\codeigniter4\framework\system\CodeIgniter.php(497): CodeIgniter\CodeIgniter->runController(Object(App\Controllers\Admin\Dashboard))
#9 D:\Program Files\backend_core\vendor\codeigniter4\framework\system\CodeIgniter.php(340): CodeIgniter\CodeIgniter->handleRequest(NULL, Object(Config\Cache), false)
#10 D:\Program Files\backend_core\system\Boot.php(363): CodeIgniter\CodeIgniter->run()
#11 D:\Program Files\backend_core\system\Boot.php(68): CodeIgniter\Boot::runCodeIgniter(Object(CodeIgniter\CodeIgniter))
#12 D:\Program Files\backend_core\public\index.php(59): CodeIgniter\Boot::bootWeb(Object(Config\Paths))
#13 D:\Program Files\backend_core\system\rewrite.php(44): require_once('D:\\Program File...')
#14 {main}

Next CodeIgniter\Database\Exceptions\DatabaseException: No connection could be made because the target machine actively refused it in D:\Program Files\backend_core\vendor\codeigniter4\framework\system\Database\MySQLi\Connection.php:231
Stack trace:
#0 D:\Program Files\backend_core\vendor\codeigniter4\framework\system\Database\BaseConnection.php(419): CodeIgniter\Database\MySQLi\Connection->connect(false)
#1 D:\Program Files\backend_core\vendor\codeigniter4\framework\system\Database\BaseConnection.php(654): CodeIgniter\Database\BaseConnection->initialize()
#2 D:\Program Files\backend_core\vendor\codeigniter4\framework\system\Database\BaseBuilder.php(1649): CodeIgniter\Database\BaseConnection->query('SELECT `order_i...', Array, false)
#3 D:\Program Files\backend_core\vendor\codeigniter4\framework\system\Model.php(254): CodeIgniter\Database\BaseBuilder->get()
#4 D:\Program Files\backend_core\vendor\codeigniter4\framework\system\BaseModel.php(675): CodeIgniter\Model->doFindAll(0, 0)
#5 D:\Program Files\backend_core\app\Controllers\Admin\Dashboard.php(29): CodeIgniter\BaseModel->findAll()
#6 D:\Program Files\backend_core\vendor\codeigniter4\framework\system\CodeIgniter.php(951): App\Controllers\Admin\Dashboard->index()
#7 D:\Program Files\backend_core\vendor\codeigniter4\framework\system\CodeIgniter.php(497): CodeIgniter\CodeIgniter->runController(Object(App\Controllers\Admin\Dashboard))
#8 D:\Program Files\backend_core\vendor\codeigniter4\framework\system\CodeIgniter.php(340): CodeIgniter\CodeIgniter->handleRequest(NULL, Object(Config\Cache), false)
#9 D:\Program Files\backend_core\system\Boot.php(363): CodeIgniter\CodeIgniter->run()
#10 D:\Program Files\backend_core\system\Boot.php(68): CodeIgniter\Boot::runCodeIgniter(Object(CodeIgniter\CodeIgniter))
#11 D:\Program Files\backend_core\public\index.php(59): CodeIgniter\Boot::bootWeb(Object(Config\Paths))
#12 D:\Program Files\backend_core\system\rewrite.php(44): require_once('D:\\Program File...')
#13 {main}
CRITICAL - 2026-03-04 08:30:31 --> CodeIgniter\Database\Exceptions\DatabaseException: Unable to connect to the database.
Main connection [MySQLi]: No connection could be made because the target machine actively refused it
[Method: GET, Route: admin/dashboard]
in VENDORPATH\codeigniter4\framework\system\Database\BaseConnection.php on line 465.
 1 VENDORPATH\codeigniter4\framework\system\Database\BaseConnection.php(654): CodeIgniter\Database\BaseConnection->initialize()
 2 VENDORPATH\codeigniter4\framework\system\Database\BaseBuilder.php(1649): CodeIgniter\Database\BaseConnection->query('SELECT `order_items`.*, `products`.`name` as `product_name`, `products`.`photo` as `product_photo`, SUM(order_items.quantity) as total_sales, `products`.`price` as `product_price`, `suppliers`.`name` as `supplier_name`
FROM `order_items`
JOIN `products` ON `products`.`id` = `order_items`.`product_id`
LEFT JOIN `suppliers` ON `suppliers`.`id` = `products`.`supplier_id`
GROUP BY `order_items`.`product_id`
ORDER BY `total_sales` DESC
 LIMIT 5', [], false)
 3 VENDORPATH\codeigniter4\framework\system\Model.php(254): CodeIgniter\Database\BaseBuilder->get()
 4 VENDORPATH\codeigniter4\framework\system\BaseModel.php(675): CodeIgniter\Model->doFindAll(0, 0)
 5 APPPATH\Controllers\Admin\Dashboard.php(29): CodeIgniter\BaseModel->findAll()
 6 VENDORPATH\codeigniter4\framework\system\CodeIgniter.php(951): App\Controllers\Admin\Dashboard->index()
 7 VENDORPATH\codeigniter4\framework\system\CodeIgniter.php(497): CodeIgniter\CodeIgniter->runController(Object(App\Controllers\Admin\Dashboard))
 8 VENDORPATH\codeigniter4\framework\system\CodeIgniter.php(340): CodeIgniter\CodeIgniter->handleRequest(null, Object(Config\Cache), false)
 9 SYSTEMPATH\Boot.php(363): CodeIgniter\CodeIgniter->run()
10 SYSTEMPATH\Boot.php(68): CodeIgniter\Boot::runCodeIgniter(Object(CodeIgniter\CodeIgniter))
11 FCPATH\index.php(59): CodeIgniter\Boot::bootWeb(Object(Config\Paths))
12 SYSTEMPATH\rewrite.php(44): require_once('D:\\Program Files\\backend_core\\public\\index.php')
DEBUG - 2026-03-04 08:30:39 --> Session: Class initialized using 'CodeIgniter\Session\Handlers\FileHandler' driver.
DEBUG - 2026-03-04 08:30:42 --> Session: Class initialized using 'CodeIgniter\Session\Handlers\FileHandler' driver.
DEBUG - 2026-03-04 08:30:45 --> Session: Class initialized using 'CodeIgniter\Session\Handlers\FileHandler' driver.
DEBUG - 2026-03-04 08:36:14 --> Session: Class initialized using 'CodeIgniter\Session\Handlers\FileHandler' driver.
DEBUG - 2026-03-04 08:36:58 --> Session: Class initialized using 'CodeIgniter\Session\Handlers\FileHandler' driver.
DEBUG - 2026-03-04 08:37:05 --> Session: Class initialized using 'CodeIgniter\Session\Handlers\FileHandler' driver.
DEBUG - 2026-03-04 08:41:14 --> Session: Class initialized using 'CodeIgniter\Session\Handlers\FileHandler' driver.
DEBUG - 2026-03-04 08:51:31 --> Session: Class initialized using 'CodeIgniter\Session\Handlers\FileHandler' driver.
DEBUG - 2026-03-04 08:51:46 --> Session: Class initialized using 'CodeIgniter\Session\Handlers\FileHandler' driver.
DEBUG - 2026-03-04 08:53:12 --> Session: Class initialized using 'CodeIgniter\Session\Handlers\FileHandler' driver.
DEBUG - 2026-03-04 08:53:26 --> Session: Class initialized using 'CodeIgniter\Session\Handlers\FileHandler' driver.
DEBUG - 2026-03-04 08:53:28 --> Session: Class initialized using 'CodeIgniter\Session\Handlers\FileHandler' driver.
DEBUG - 2026-03-04 08:54:34 --> Session: Class initialized using 'CodeIgniter\Session\Handlers\FileHandler' driver.
DEBUG - 2026-03-04 09:00:57 --> Session: Class initialized using 'CodeIgniter\Session\Handlers\FileHandler' driver.
CRITICAL - 2026-03-04 09:00:57 --> ErrorException: Undefined array key "type"
[Method: GET, Route: admin/dashboard]
in APPPATH\Views\admin\dashboard.php on line 175.
 1 APPPATH\Views\admin\dashboard.php(175): CodeIgniter\Debug\Exceptions->errorHandler(2, 'Undefined array key "type"', 'D:\\Program Files\\backend_core\\app\\Views\\admin\\dashboard.php', 175)
 2 VENDORPATH\codeigniter4\framework\system\View\View.php(238): include('D:\\Program Files\\backend_core\\app\\Views\\admin\\dashboard.php')
 3 VENDORPATH\codeigniter4\framework\system\View\View.php(241): CodeIgniter\View\View->CodeIgniter\View\{closure}()
 4 SYSTEMPATH\Common.php(1199): CodeIgniter\View\View->render('admin/dashboard', [], true)
 5 APPPATH\Controllers\Admin\Dashboard.php(44): view('admin/dashboard', [...])
 6 VENDORPATH\codeigniter4\framework\system\CodeIgniter.php(951): App\Controllers\Admin\Dashboard->index()
 7 VENDORPATH\codeigniter4\framework\system\CodeIgniter.php(497): CodeIgniter\CodeIgniter->runController(Object(App\Controllers\Admin\Dashboard))
 8 VENDORPATH\codeigniter4\framework\system\CodeIgniter.php(340): CodeIgniter\CodeIgniter->handleRequest(null, Object(Config\Cache), false)
 9 SYSTEMPATH\Boot.php(363): CodeIgniter\CodeIgniter->run()
10 SYSTEMPATH\Boot.php(68): CodeIgniter\Boot::runCodeIgniter(Object(CodeIgniter\CodeIgniter))
11 FCPATH\index.php(59): CodeIgniter\Boot::bootWeb(Object(Config\Paths))
12 SYSTEMPATH\rewrite.php(44): require_once('D:\\Program Files\\backend_core\\public\\index.php')
DEBUG - 2026-03-04 09:01:31 --> Session: Class initialized using 'CodeIgniter\Session\Handlers\FileHandler' driver.
DEBUG - 2026-03-04 09:02:20 --> Session: Class initialized using 'CodeIgniter\Session\Handlers\FileHandler' driver.
DEBUG - 2026-03-04 09:04:18 --> Session: Class initialized using 'CodeIgniter\Session\Handlers\FileHandler' driver.
DEBUG - 2026-03-04 09:04:19 --> Session: Class initialized using 'CodeIgniter\Session\Handlers\FileHandler' driver.
DEBUG - 2026-03-04 09:05:11 --> Session: Class initialized using 'CodeIgniter\Session\Handlers\FileHandler' driver.
DEBUG - 2026-03-04 09:06:19 --> Session: Class initialized using 'CodeIgniter\Session\Handlers\FileHandler' driver.
DEBUG - 2026-03-04 09:06:25 --> Session: Class initialized using 'CodeIgniter\Session\Handlers\FileHandler' driver.
DEBUG - 2026-03-04 09:06:52 --> Session: Class initialized using 'CodeIgniter\Session\Handlers\FileHandler' driver.
DEBUG - 2026-03-04 09:07:13 --> Session: Class initialized using 'CodeIgniter\Session\Handlers\FileHandler' driver.
DEBUG - 2026-03-04 09:11:05 --> Session: Class initialized using 'CodeIgniter\Session\Handlers\FileHandler' driver.
DEBUG - 2026-03-04 09:11:27 --> Session: Class initialized using 'CodeIgniter\Session\Handlers\FileHandler' driver.
DEBUG - 2026-03-04 09:18:47 --> Session: Class initialized using 'CodeIgniter\Session\Handlers\FileHandler' driver.
DEBUG - 2026-03-04 09:20:04 --> Session: Class initialized using 'CodeIgniter\Session\Handlers\FileHandler' driver.
DEBUG - 2026-03-04 09:25:43 --> Session: Class initialized using 'CodeIgniter\Session\Handlers\FileHandler' driver.
DEBUG - 2026-03-04 09:30:25 --> Session: Class initialized using 'CodeIgniter\Session\Handlers\FileHandler' driver.
DEBUG - 2026-03-04 09:57:58 --> Session: Class initialized using 'CodeIgniter\Session\Handlers\FileHandler' driver.
DEBUG - 2026-03-04 09:58:38 --> Session: Class initialized using 'CodeIgniter\Session\Handlers\FileHandler' driver.
DEBUG - 2026-03-04 10:02:33 --> Session: Class initialized using 'CodeIgniter\Session\Handlers\FileHandler' driver.
DEBUG - 2026-03-04 10:03:48 --> Session: Class initialized using 'CodeIgniter\Session\Handlers\FileHandler' driver.
DEBUG - 2026-03-04 10:05:12 --> Session: Class initialized using 'CodeIgniter\Session\Handlers\FileHandler' driver.
DEBUG - 2026-03-04 10:05:34 --> Session: Class initialized using 'CodeIgniter\Session\Handlers\FileHandler' driver.
DEBUG - 2026-03-04 10:06:26 --> Session: Class initialized using 'CodeIgniter\Session\Handlers\FileHandler' driver.
DEBUG - 2026-03-04 10:08:28 --> Session: Class initialized using 'CodeIgniter\Session\Handlers\FileHandler' driver.
DEBUG - 2026-03-04 10:08:55 --> Session: Class initialized using 'CodeIgniter\Session\Handlers\FileHandler' driver.
DEBUG - 2026-03-04 10:10:06 --> Session: Class initialized using 'CodeIgniter\Session\Handlers\FileHandler' driver.
CRITICAL - 2026-03-04 10:10:06 --> ErrorException: Undefined variable $salesLabels
[Method: GET, Route: admin/dashboard]
in APPPATH\Views\admin\dashboard.php on line 231.
 1 APPPATH\Views\admin\dashboard.php(231): CodeIgniter\Debug\Exceptions->errorHandler(2, 'Undefined variable $salesLabels', 'D:\\Program Files\\backend_core\\app\\Views\\admin\\dashboard.php', 231)
 2 VENDORPATH\codeigniter4\framework\system\View\View.php(238): include('D:\\Program Files\\backend_core\\app\\Views\\admin\\dashboard.php')
 3 VENDORPATH\codeigniter4\framework\system\View\View.php(241): CodeIgniter\View\View->CodeIgniter\View\{closure}()
 4 SYSTEMPATH\Common.php(1199): CodeIgniter\View\View->render('admin/dashboard', [], true)
 5 APPPATH\Controllers\Admin\Dashboard.php(81): view('admin/dashboard', [...])
 6 VENDORPATH\codeigniter4\framework\system\CodeIgniter.php(951): App\Controllers\Admin\Dashboard->index()
 7 VENDORPATH\codeigniter4\framework\system\CodeIgniter.php(497): CodeIgniter\CodeIgniter->runController(Object(App\Controllers\Admin\Dashboard))
 8 VENDORPATH\codeigniter4\framework\system\CodeIgniter.php(340): CodeIgniter\CodeIgniter->handleRequest(null, Object(Config\Cache), false)
 9 SYSTEMPATH\Boot.php(363): CodeIgniter\CodeIgniter->run()
10 SYSTEMPATH\Boot.php(68): CodeIgniter\Boot::runCodeIgniter(Object(CodeIgniter\CodeIgniter))
11 FCPATH\index.php(59): CodeIgniter\Boot::bootWeb(Object(Config\Paths))
12 SYSTEMPATH\rewrite.php(44): require_once('D:\\Program Files\\backend_core\\public\\index.php')
DEBUG - 2026-03-04 10:10:26 --> Session: Class initialized using 'CodeIgniter\Session\Handlers\FileHandler' driver.
CRITICAL - 2026-03-04 10:10:26 --> ErrorException: Undefined variable $salesLabels
[Method: GET, Route: admin/dashboard]
in APPPATH\Views\admin\dashboard.php on line 227.
 1 APPPATH\Views\admin\dashboard.php(227): CodeIgniter\Debug\Exceptions->errorHandler(2, 'Undefined variable $salesLabels', 'D:\\Program Files\\backend_core\\app\\Views\\admin\\dashboard.php', 227)
 2 VENDORPATH\codeigniter4\framework\system\View\View.php(238): include('D:\\Program Files\\backend_core\\app\\Views\\admin\\dashboard.php')
 3 VENDORPATH\codeigniter4\framework\system\View\View.php(241): CodeIgniter\View\View->CodeIgniter\View\{closure}()
 4 SYSTEMPATH\Common.php(1199): CodeIgniter\View\View->render('admin/dashboard', [], true)
 5 APPPATH\Controllers\Admin\Dashboard.php(81): view('admin/dashboard', [...])
 6 VENDORPATH\codeigniter4\framework\system\CodeIgniter.php(951): App\Controllers\Admin\Dashboard->index()
 7 VENDORPATH\codeigniter4\framework\system\CodeIgniter.php(497): CodeIgniter\CodeIgniter->runController(Object(App\Controllers\Admin\Dashboard))
 8 VENDORPATH\codeigniter4\framework\system\CodeIgniter.php(340): CodeIgniter\CodeIgniter->handleRequest(null, Object(Config\Cache), false)
 9 SYSTEMPATH\Boot.php(363): CodeIgniter\CodeIgniter->run()
10 SYSTEMPATH\Boot.php(68): CodeIgniter\Boot::runCodeIgniter(Object(CodeIgniter\CodeIgniter))
11 FCPATH\index.php(59): CodeIgniter\Boot::bootWeb(Object(Config\Paths))
12 SYSTEMPATH\rewrite.php(44): require_once('D:\\Program Files\\backend_core\\public\\index.php')
DEBUG - 2026-03-04 10:11:40 --> Session: Class initialized using 'CodeIgniter\Session\Handlers\FileHandler' driver.
DEBUG - 2026-03-04 10:12:15 --> Session: Class initialized using 'CodeIgniter\Session\Handlers\FileHandler' driver.
DEBUG - 2026-03-04 10:12:16 --> Session: Class initialized using 'CodeIgniter\Session\Handlers\FileHandler' driver.
DEBUG - 2026-03-04 10:12:18 --> Session: Class initialized using 'CodeIgniter\Session\Handlers\FileHandler' driver.
DEBUG - 2026-03-04 10:12:25 --> Session: Class initialized using 'CodeIgniter\Session\Handlers\FileHandler' driver.
DEBUG - 2026-03-04 10:13:50 --> Session: Class initialized using 'CodeIgniter\Session\Handlers\FileHandler' driver.
DEBUG - 2026-03-04 10:40:44 --> Session: Class initialized using 'CodeIgniter\Session\Handlers\FileHandler' driver.
DEBUG - 2026-03-04 10:40:44 --> Session: Class initialized using 'CodeIgniter\Session\Handlers\FileHandler' driver.
DEBUG - 2026-03-04 10:41:05 --> Session: Class initialized using 'CodeIgniter\Session\Handlers\FileHandler' driver.
DEBUG - 2026-03-04 10:41:08 --> Session: Class initialized using 'CodeIgniter\Session\Handlers\FileHandler' driver.
DEBUG - 2026-03-04 10:43:46 --> Session: Class initialized using 'CodeIgniter\Session\Handlers\FileHandler' driver.
DEBUG - 2026-03-04 10:47:53 --> Session: Class initialized using 'CodeIgniter\Session\Handlers\FileHandler' driver.
DEBUG - 2026-03-04 10:48:05 --> Session: Class initialized using 'CodeIgniter\Session\Handlers\FileHandler' driver.
DEBUG - 2026-03-04 10:48:18 --> Session: Class initialized using 'CodeIgniter\Session\Handlers\FileHandler' driver.
DEBUG - 2026-03-04 10:48:26 --> Session: Class initialized using 'CodeIgniter\Session\Handlers\FileHandler' driver.
DEBUG - 2026-03-04 10:48:34 --> Session: Class initialized using 'CodeIgniter\Session\Handlers\FileHandler' driver.
DEBUG - 2026-03-04 10:48:52 --> Session: Class initialized using 'CodeIgniter\Session\Handlers\FileHandler' driver.
DEBUG - 2026-03-04 10:49:08 --> Session: Class initialized using 'CodeIgniter\Session\Handlers\FileHandler' driver.
DEBUG - 2026-03-04 10:49:57 --> Session: Class initialized using 'CodeIgniter\Session\Handlers\FileHandler' driver.
DEBUG - 2026-03-04 10:50:07 --> Session: Class initialized using 'CodeIgniter\Session\Handlers\FileHandler' driver.
DEBUG - 2026-03-04 10:50:13 --> Session: Class initialized using 'CodeIgniter\Session\Handlers\FileHandler' driver.
DEBUG - 2026-03-04 10:50:46 --> Session: Class initialized using 'CodeIgniter\Session\Handlers\FileHandler' driver.
DEBUG - 2026-03-04 10:50:54 --> Session: Class initialized using 'CodeIgniter\Session\Handlers\FileHandler' driver.
DEBUG - 2026-03-04 10:52:17 --> Session: Class initialized using 'CodeIgniter\Session\Handlers\FileHandler' driver.
DEBUG - 2026-03-04 10:52:23 --> Session: Class initialized using 'CodeIgniter\Session\Handlers\FileHandler' driver.
DEBUG - 2026-03-04 10:52:30 --> Session: Class initialized using 'CodeIgniter\Session\Handlers\FileHandler' driver.
DEBUG - 2026-03-04 10:52:44 --> Session: Class initialized using 'CodeIgniter\Session\Handlers\FileHandler' driver.
DEBUG - 2026-03-04 10:52:54 --> Session: Class initialized using 'CodeIgniter\Session\Handlers\FileHandler' driver.
DEBUG - 2026-03-04 10:52:59 --> Session: Class initialized using 'CodeIgniter\Session\Handlers\FileHandler' driver.
DEBUG - 2026-03-04 10:53:03 --> Session: Class initialized using 'CodeIgniter\Session\Handlers\FileHandler' driver.
DEBUG - 2026-03-04 10:54:01 --> Session: Class initialized using 'CodeIgniter\Session\Handlers\FileHandler' driver.
DEBUG - 2026-03-04 10:54:12 --> Session: Class initialized using 'CodeIgniter\Session\Handlers\FileHandler' driver.
DEBUG - 2026-03-04 10:54:40 --> Session: Class initialized using 'CodeIgniter\Session\Handlers\FileHandler' driver.
DEBUG - 2026-03-04 10:55:50 --> Session: Class initialized using 'CodeIgniter\Session\Handlers\FileHandler' driver.
DEBUG - 2026-03-04 10:55:55 --> Session: Class initialized using 'CodeIgniter\Session\Handlers\FileHandler' driver.
DEBUG - 2026-03-04 10:56:06 --> Session: Class initialized using 'CodeIgniter\Session\Handlers\FileHandler' driver.
DEBUG - 2026-03-04 10:56:33 --> Session: Class initialized using 'CodeIgniter\Session\Handlers\FileHandler' driver.
DEBUG - 2026-03-04 10:56:42 --> Session: Class initialized using 'CodeIgniter\Session\Handlers\FileHandler' driver.
DEBUG - 2026-03-04 10:57:14 --> Session: Class initialized using 'CodeIgniter\Session\Handlers\FileHandler' driver.
DEBUG - 2026-03-04 10:57:33 --> Session: Class initialized using 'CodeIgniter\Session\Handlers\FileHandler' driver.
DEBUG - 2026-03-04 10:57:53 --> Session: Class initialized using 'CodeIgniter\Session\Handlers\FileHandler' driver.
DEBUG - 2026-03-04 10:58:05 --> Session: Class initialized using 'CodeIgniter\Session\Handlers\FileHandler' driver.
DEBUG - 2026-03-04 11:00:31 --> Session: Class initialized using 'CodeIgniter\Session\Handlers\FileHandler' driver.
DEBUG - 2026-03-04 11:00:37 --> Session: Class initialized using 'CodeIgniter\Session\Handlers\FileHandler' driver.
DEBUG - 2026-03-04 11:00:42 --> Session: Class initialized using 'CodeIgniter\Session\Handlers\FileHandler' driver.
DEBUG - 2026-03-04 11:00:46 --> Session: Class initialized using 'CodeIgniter\Session\Handlers\FileHandler' driver.
DEBUG - 2026-03-04 11:01:31 --> Session: Class initialized using 'CodeIgniter\Session\Handlers\FileHandler' driver.
DEBUG - 2026-03-04 11:22:05 --> Session: Class initialized using 'CodeIgniter\Session\Handlers\FileHandler' driver.
DEBUG - 2026-03-04 11:22:07 --> Session: Class initialized using 'CodeIgniter\Session\Handlers\FileHandler' driver.
DEBUG - 2026-03-04 11:25:13 --> Session: Class initialized using 'CodeIgniter\Session\Handlers\FileHandler' driver.
DEBUG - 2026-03-04 11:25:16 --> Session: Class initialized using 'CodeIgniter\Session\Handlers\FileHandler' driver.
DEBUG - 2026-03-04 11:25:40 --> Session: Class initialized using 'CodeIgniter\Session\Handlers\FileHandler' driver.
DEBUG - 2026-03-04 11:25:47 --> Session: Class initialized using 'CodeIgniter\Session\Handlers\FileHandler' driver.
DEBUG - 2026-03-04 11:26:06 --> Session: Class initialized using 'CodeIgniter\Session\Handlers\FileHandler' driver.
DEBUG - 2026-03-04 11:26:20 --> Session: Class initialized using 'CodeIgniter\Session\Handlers\FileHandler' driver.
DEBUG - 2026-03-04 11:27:58 --> Session: Class initialized using 'CodeIgniter\Session\Handlers\FileHandler' driver.
DEBUG - 2026-03-04 11:28:00 --> Session: Class initialized using 'CodeIgniter\Session\Handlers\FileHandler' driver.
DEBUG - 2026-03-04 11:28:13 --> Session: Class initialized using 'CodeIgniter\Session\Handlers\FileHandler' driver.
DEBUG - 2026-03-04 11:28:15 --> Session: Class initialized using 'CodeIgniter\Session\Handlers\FileHandler' driver.
DEBUG - 2026-03-04 13:13:38 --> Session: Class initialized using 'CodeIgniter\Session\Handlers\FileHandler' driver.
DEBUG - 2026-03-04 13:20:00 --> Session: Class initialized using 'CodeIgniter\Session\Handlers\FileHandler' driver.
DEBUG - 2026-03-04 13:21:32 --> Session: Class initialized using 'CodeIgniter\Session\Handlers\FileHandler' driver.
DEBUG - 2026-03-04 13:21:41 --> Session: Class initialized using 'CodeIgniter\Session\Handlers\FileHandler' driver.
DEBUG - 2026-03-04 13:21:41 --> Session: Class initialized using 'CodeIgniter\Session\Handlers\FileHandler' driver.
DEBUG - 2026-03-04 13:22:16 --> Session: Class initialized using 'CodeIgniter\Session\Handlers\FileHandler' driver.
DEBUG - 2026-03-04 13:22:18 --> Session: Class initialized using 'CodeIgniter\Session\Handlers\FileHandler' driver.
DEBUG - 2026-03-04 13:31:10 --> Session: Class initialized using 'CodeIgniter\Session\Handlers\FileHandler' driver.
ERROR - 2026-03-04 13:31:32 --> Email: Unable to send email using SMTP. Your server might not be configured to send mail using this method.
ERROR - 2026-03-04 13:31:32 --> 220 smtp.gmail.com ESMTP d9443c01a7336-2adfb69fa65sm185347285ad.58 - gsmtp

hello: 250-smtp.gmail.com at your service, [103.175.80.3]
250-SIZE 35882577
250-8BITMIME
250-AUTH LOGIN PLAIN XOAUTH2 PLAIN-CLIENTTOKEN OAUTHBEARER XOAUTH
250-ENHANCEDSTATUSCODES
250-PIPELINING
250-CHUNKING
250 SMTPUTF8

from: 250 2.1.0 OK d9443c01a7336-2adfb69fa65sm185347285ad.58 - gsmtp

to: 250 2.1.5 OK d9443c01a7336-2adfb69fa65sm185347285ad.58 - gsmtp

data: 354 Go ahead d9443c01a7336-2adfb69fa65sm185347285ad.58 - gsmtp


quit: 
The following SMTP error was encountered: 
The following SMTP error was encountered: 
DEBUG - 2026-03-04 13:31:32 --> Session: Class initialized using 'CodeIgniter\Session\Handlers\FileHandler' driver.
DEBUG - 2026-03-04 13:31:38 --> Session: Class initialized using 'CodeIgniter\Session\Handlers\FileHandler' driver.
DEBUG - 2026-03-04 13:45:09 --> Session: Class initialized using 'CodeIgniter\Session\Handlers\FileHandler' driver.
DEBUG - 2026-03-04 13:45:09 --> Session: Class initialized using 'CodeIgniter\Session\Handlers\FileHandler' driver.
ERROR - 2026-03-04 13:45:33 --> Email: Unable to send email using SMTP. Your server might not be configured to send mail using this method.
ERROR - 2026-03-04 13:45:33 --> 220 smtp.gmail.com ESMTP 41be03b00d2f7-c70fa82cf71sm15910289a12.26 - gsmtp

hello: 250-smtp.gmail.com at your service, [103.175.80.3]
250-SIZE 35882577
250-8BITMIME
250-AUTH LOGIN PLAIN XOAUTH2 PLAIN-CLIENTTOKEN OAUTHBEARER XOAUTH
250-ENHANCEDSTATUSCODES
250-PIPELINING
250-CHUNKING
250 SMTPUTF8

from: 250 2.1.0 OK 41be03b00d2f7-c70fa82cf71sm15910289a12.26 - gsmtp

to: 250 2.1.5 OK 41be03b00d2f7-c70fa82cf71sm15910289a12.26 - gsmtp

data: 354 Go ahead 41be03b00d2f7-c70fa82cf71sm15910289a12.26 - gsmtp


quit: 
The following SMTP error was encountered: 
The following SMTP error was encountered: 
DEBUG - 2026-03-04 13:45:33 --> Session: Class initialized using 'CodeIgniter\Session\Handlers\FileHandler' driver.
DEBUG - 2026-03-04 13:45:39 --> Session: Class initialized using 'CodeIgniter\Session\Handlers\FileHandler' driver.
ERROR - 2026-03-04 13:52:59 --> Email: Unable to send email using SMTP. Your server might not be configured to send mail using this method.
ERROR - 2026-03-04 13:52:59 --> 220 smtp.gmail.com ESMTP d9443c01a7336-2adfb6d5970sm188202845ad.80 - gsmtp

hello: 250-smtp.gmail.com at your service, [103.175.80.3]
250-SIZE 35882577
250-8BITMIME
250-AUTH LOGIN PLAIN XOAUTH2 PLAIN-CLIENTTOKEN OAUTHBEARER XOAUTH
250-ENHANCEDSTATUSCODES
250-PIPELINING
250-CHUNKING
250 SMTPUTF8

from: 250 2.1.0 OK d9443c01a7336-2adfb6d5970sm188202845ad.80 - gsmtp

to: 250 2.1.5 OK d9443c01a7336-2adfb6d5970sm188202845ad.80 - gsmtp

data: 354 Go ahead d9443c01a7336-2adfb6d5970sm188202845ad.80 - gsmtp


quit: 
The following SMTP error was encountered: 
The following SMTP error was encountered: 
ERROR - 2026-03-04 13:52:59 --> 220 smtp.gmail.com ESMTP d9443c01a7336-2adfb6d5970sm188202845ad.80 - gsmtp
<br><pre>hello: 250-smtp.gmail.com at your service, [103.175.80.3]
250-SIZE 35882577
250-8BITMIME
250-AUTH LOGIN PLAIN XOAUTH2 PLAIN-CLIENTTOKEN OAUTHBEARER XOAUTH
250-ENHANCEDSTATUSCODES
250-PIPELINING
250-CHUNKING
250 SMTPUTF8
</pre><pre>from: 250 2.1.0 OK d9443c01a7336-2adfb6d5970sm188202845ad.80 - gsmtp
</pre><pre>to: 250 2.1.5 OK d9443c01a7336-2adfb6d5970sm188202845ad.80 - gsmtp
</pre><pre>data: 354 Go ahead d9443c01a7336-2adfb6d5970sm188202845ad.80 - gsmtp
</pre><br><pre>quit: </pre>The following SMTP error was encountered: <br>The following SMTP error was encountered: <br>Unable to send email using SMTP. Your server might not be configured to send mail using this method.<br><pre>Date: Wed, 4 Mar 2026 13:52:47 +0700
From: &lt;&gt;
Return-Path: &lt;&gt;
To: erwinmendrofa258@gmail.com
Subject: =?UTF-8?Q?Reset=20Password=20Anda?=
Reply-To: &lt;&gt;
User-Agent: CodeIgniter
X-Mailer: CodeIgniter
X-Priority: 3 (Normal)
Message-ID: &lt;69a7d6bf6a2b56.27545628&gt;
Mime-Version: 1.0

</pre>
DEBUG - 2026-03-04 13:53:00 --> Session: Class initialized using 'CodeIgniter\Session\Handlers\FileHandler' driver.
DEBUG - 2026-03-04 13:53:05 --> Session: Class initialized using 'CodeIgniter\Session\Handlers\FileHandler' driver.
ERROR - 2026-03-04 13:54:59 --> Email: Unable to send email using SMTP. Your server might not be configured to send mail using this method.
ERROR - 2026-03-04 13:54:59 --> 220 smtp.gmail.com ESMTP d9443c01a7336-2ae541358bcsm69366515ad.72 - gsmtp

hello: 250-smtp.gmail.com at your service, [103.175.80.3]
250-SIZE 35882577
250-8BITMIME
250-AUTH LOGIN PLAIN XOAUTH2 PLAIN-CLIENTTOKEN OAUTHBEARER XOAUTH
250-ENHANCEDSTATUSCODES
250-PIPELINING
250-CHUNKING
250 SMTPUTF8

from: 250 2.1.0 OK d9443c01a7336-2ae541358bcsm69366515ad.72 - gsmtp

to: 250 2.1.5 OK d9443c01a7336-2ae541358bcsm69366515ad.72 - gsmtp

data: 354 Go ahead d9443c01a7336-2ae541358bcsm69366515ad.72 - gsmtp


quit: 
The following SMTP error was encountered: 
The following SMTP error was encountered: 
DEBUG - 2026-03-04 13:55:49 --> Session: Class initialized using 'CodeIgniter\Session\Handlers\FileHandler' driver.
DEBUG - 2026-03-04 13:55:50 --> Session: Class initialized using 'CodeIgniter\Session\Handlers\FileHandler' driver.
DEBUG - 2026-03-04 13:56:04 --> Session: Class initialized using 'CodeIgniter\Session\Handlers\FileHandler' driver.
DEBUG - 2026-03-04 13:56:08 --> Session: Class initialized using 'CodeIgniter\Session\Handlers\FileHandler' driver.
DEBUG - 2026-03-04 13:56:08 --> Session: Class initialized using 'CodeIgniter\Session\Handlers\FileHandler' driver.
ERROR - 2026-03-04 13:58:42 --> Email: Unable to send email using SMTP. Your server might not be configured to send mail using this method.
ERROR - 2026-03-04 13:58:42 --> 220 smtp.gmail.com ESMTP 41be03b00d2f7-c70fa5e4aafsm16579415a12.4 - gsmtp

hello: 250-smtp.gmail.com at your service, [103.175.80.3]
250-SIZE 35882577
250-8BITMIME
250-AUTH LOGIN PLAIN XOAUTH2 PLAIN-CLIENTTOKEN OAUTHBEARER XOAUTH
250-ENHANCEDSTATUSCODES
250-PIPELINING
250-CHUNKING
250 SMTPUTF8

from: 250 2.1.0 OK 41be03b00d2f7-c70fa5e4aafsm16579415a12.4 - gsmtp

to: 250 2.1.5 OK 41be03b00d2f7-c70fa5e4aafsm16579415a12.4 - gsmtp

data: 354 Go ahead 41be03b00d2f7-c70fa5e4aafsm16579415a12.4 - gsmtp


quit: 
The following SMTP error was encountered: 
The following SMTP error was encountered: 
DEBUG - 2026-03-04 13:58:54 --> Session: Class initialized using 'CodeIgniter\Session\Handlers\FileHandler' driver.
DEBUG - 2026-03-04 13:59:03 --> Session: Class initialized using 'CodeIgniter\Session\Handlers\FileHandler' driver.
DEBUG - 2026-03-04 13:59:03 --> Session: Class initialized using 'CodeIgniter\Session\Handlers\FileHandler' driver.
DEBUG - 2026-03-04 13:59:32 --> Session: Class initialized using 'CodeIgniter\Session\Handlers\FileHandler' driver.
DEBUG - 2026-03-04 13:59:32 --> Session: Class initialized using 'CodeIgniter\Session\Handlers\FileHandler' driver.
DEBUG - 2026-03-04 13:59:36 --> Session: Class initialized using 'CodeIgniter\Session\Handlers\FileHandler' driver.
DEBUG - 2026-03-04 13:59:36 --> Session: Class initialized using 'CodeIgniter\Session\Handlers\FileHandler' driver.
ERROR - 2026-03-04 13:59:58 --> Email: Unable to send email using SMTP. Your server might not be configured to send mail using this method.
ERROR - 2026-03-04 13:59:58 --> 220 smtp.gmail.com ESMTP d2e1a72fcca58-8273a056544sm17902448b3a.57 - gsmtp

hello: 250-smtp.gmail.com at your service, [103.175.80.3]
250-SIZE 35882577
250-8BITMIME
250-AUTH LOGIN PLAIN XOAUTH2 PLAIN-CLIENTTOKEN OAUTHBEARER XOAUTH
250-ENHANCEDSTATUSCODES
250-PIPELINING
250-CHUNKING
250 SMTPUTF8

from: 250 2.1.0 OK d2e1a72fcca58-8273a056544sm17902448b3a.57 - gsmtp

to: 250 2.1.5 OK d2e1a72fcca58-8273a056544sm17902448b3a.57 - gsmtp

data: 354 Go ahead d2e1a72fcca58-8273a056544sm17902448b3a.57 - gsmtp


quit: 
The following SMTP error was encountered: 
The following SMTP error was encountered: 
DEBUG - 2026-03-04 14:01:24 --> Session: Class initialized using 'CodeIgniter\Session\Handlers\FileHandler' driver.
DEBUG - 2026-03-04 14:01:25 --> Session: Class initialized using 'CodeIgniter\Session\Handlers\FileHandler' driver.
DEBUG - 2026-03-04 14:01:26 --> Session: Class initialized using 'CodeIgniter\Session\Handlers\FileHandler' driver.
DEBUG - 2026-03-04 14:01:29 --> Session: Class initialized using 'CodeIgniter\Session\Handlers\FileHandler' driver.
DEBUG - 2026-03-04 14:01:29 --> Session: Class initialized using 'CodeIgniter\Session\Handlers\FileHandler' driver.
ERROR - 2026-03-04 14:02:18 --> Email: Unable to send email using SMTP. Your server might not be configured to send mail using this method.
ERROR - 2026-03-04 14:02:18 --> 220 smtp.gmail.com ESMTP 98e67ed59e1d1-3599c07d40dsm4234623a91.2 - gsmtp

hello: 250-smtp.gmail.com at your service, [103.175.80.3]
250-SIZE 35882577
250-8BITMIME
250-STARTTLS
250-ENHANCEDSTATUSCODES
250-PIPELINING
250-CHUNKING
250 SMTPUTF8

starttls: 220 2.0.0 Ready to start TLS

hello: 250-smtp.gmail.com at your service, [103.175.80.3]
250-SIZE 35882577
250-8BITMIME
250-AUTH LOGIN PLAIN XOAUTH2 PLAIN-CLIENTTOKEN OAUTHBEARER XOAUTH
250-ENHANCEDSTATUSCODES
250-PIPELINING
250-CHUNKING
250 SMTPUTF8

from: 250 2.1.0 OK 98e67ed59e1d1-3599c07d40dsm4234623a91.2 - gsmtp

to: 250 2.1.5 OK 98e67ed59e1d1-3599c07d40dsm4234623a91.2 - gsmtp

data: 354 Go ahead 98e67ed59e1d1-3599c07d40dsm4234623a91.2 - gsmtp


quit: 
The following SMTP error was encountered: 
The following SMTP error was encountered: 
ERROR - 2026-03-04 14:02:18 --> 220 smtp.gmail.com ESMTP 98e67ed59e1d1-3599c07d40dsm4234623a91.2 - gsmtp
<br><pre>hello: 250-smtp.gmail.com at your service, [103.175.80.3]
250-SIZE 35882577
250-8BITMIME
250-STARTTLS
250-ENHANCEDSTATUSCODES
250-PIPELINING
250-CHUNKING
250 SMTPUTF8
</pre><pre>starttls: 220 2.0.0 Ready to start TLS
</pre><pre>hello: 250-smtp.gmail.com at your service, [103.175.80.3]
250-SIZE 35882577
250-8BITMIME
250-AUTH LOGIN PLAIN XOAUTH2 PLAIN-CLIENTTOKEN OAUTHBEARER XOAUTH
250-ENHANCEDSTATUSCODES
250-PIPELINING
250-CHUNKING
250 SMTPUTF8
</pre><pre>from: 250 2.1.0 OK 98e67ed59e1d1-3599c07d40dsm4234623a91.2 - gsmtp
</pre><pre>to: 250 2.1.5 OK 98e67ed59e1d1-3599c07d40dsm4234623a91.2 - gsmtp
</pre><pre>data: 354 Go ahead 98e67ed59e1d1-3599c07d40dsm4234623a91.2 - gsmtp
</pre><br><pre>quit: </pre>The following SMTP error was encountered: <br>The following SMTP error was encountered: <br>Unable to send email using SMTP. Your server might not be configured to send mail using this method.<br><pre>Date: Wed, 4 Mar 2026 14:02:05 +0700
From: &lt;&gt;
Return-Path: &lt;&gt;
To: erwinmendrofa258@gmail.com
Subject: =?UTF-8?Q?Reset=20Password=20Anda?=
Reply-To: &lt;&gt;
User-Agent: CodeIgniter
X-Mailer: CodeIgniter
X-Priority: 3 (Normal)
Message-ID: &lt;69a7d8ed7a8613.81884574&gt;
Mime-Version: 1.0

</pre>
DEBUG - 2026-03-04 14:02:18 --> Session: Class initialized using 'CodeIgniter\Session\Handlers\FileHandler' driver.
DEBUG - 2026-03-04 14:02:23 --> Session: Class initialized using 'CodeIgniter\Session\Handlers\FileHandler' driver.
DEBUG - 2026-03-04 14:02:50 --> Session: Class initialized using 'CodeIgniter\Session\Handlers\FileHandler' driver.
DEBUG - 2026-03-04 14:02:50 --> Session: Class initialized using 'CodeIgniter\Session\Handlers\FileHandler' driver.
ERROR - 2026-03-04 14:03:10 --> Email: Unable to send email using SMTP. Your server might not be configured to send mail using this method.
ERROR - 2026-03-04 14:03:10 --> 220 smtp.gmail.com ESMTP d2e1a72fcca58-82739ff1ca9sm16985905b3a.36 - gsmtp

hello: 250-smtp.gmail.com at your service, [103.175.80.3]
250-SIZE 35882577
250-8BITMIME
250-STARTTLS
250-ENHANCEDSTATUSCODES
250-PIPELINING
250-CHUNKING
250 SMTPUTF8

starttls: 220 2.0.0 Ready to start TLS

hello: 250-smtp.gmail.com at your service, [103.175.80.3]
250-SIZE 35882577
250-8BITMIME
250-AUTH LOGIN PLAIN XOAUTH2 PLAIN-CLIENTTOKEN OAUTHBEARER XOAUTH
250-ENHANCEDSTATUSCODES
250-PIPELINING
250-CHUNKING
250 SMTPUTF8

from: 250 2.1.0 OK d2e1a72fcca58-82739ff1ca9sm16985905b3a.36 - gsmtp

to: 250 2.1.5 OK d2e1a72fcca58-82739ff1ca9sm16985905b3a.36 - gsmtp

data: 354 Go ahead d2e1a72fcca58-82739ff1ca9sm16985905b3a.36 - gsmtp


quit: 
The following SMTP error was encountered: 
The following SMTP error was encountered: 
DEBUG - 2026-03-04 14:13:13 --> Session: Class initialized using 'CodeIgniter\Session\Handlers\FileHandler' driver.
DEBUG - 2026-03-04 14:13:14 --> Session: Class initialized using 'CodeIgniter\Session\Handlers\FileHandler' driver.
DEBUG - 2026-03-04 14:13:20 --> Session: Class initialized using 'CodeIgniter\Session\Handlers\FileHandler' driver.
DEBUG - 2026-03-04 14:13:21 --> Session: Class initialized using 'CodeIgniter\Session\Handlers\FileHandler' driver.
DEBUG - 2026-03-04 14:13:27 --> Session: Class initialized using 'CodeIgniter\Session\Handlers\FileHandler' driver.
DEBUG - 2026-03-04 14:13:28 --> Session: Class initialized using 'CodeIgniter\Session\Handlers\FileHandler' driver.
DEBUG - 2026-03-04 14:13:35 --> Session: Class initialized using 'CodeIgniter\Session\Handlers\FileHandler' driver.
DEBUG - 2026-03-04 14:13:35 --> Session: Class initialized using 'CodeIgniter\Session\Handlers\FileHandler' driver.
ERROR - 2026-03-04 14:15:19 --> Email: Unable to send email using SMTP. Your server might not be configured to send mail using this method.
ERROR - 2026-03-04 14:15:19 --> 220 smtp.gmail.com ESMTP d2e1a72fcca58-82739d4d8dbsm21921213b3a.5 - gsmtp

hello: 250-smtp.gmail.com at your service, [103.175.80.3]
250-SIZE 35882577
250-8BITMIME
250-AUTH LOGIN PLAIN XOAUTH2 PLAIN-CLIENTTOKEN OAUTHBEARER XOAUTH
250-ENHANCEDSTATUSCODES
250-PIPELINING
250-CHUNKING
250 SMTPUTF8

from: 250 2.1.0 OK d2e1a72fcca58-82739d4d8dbsm21921213b3a.5 - gsmtp

to: 250 2.1.5 OK d2e1a72fcca58-82739d4d8dbsm21921213b3a.5 - gsmtp

data: 354 Go ahead d2e1a72fcca58-82739d4d8dbsm21921213b3a.5 - gsmtp


quit: 
The following SMTP error was encountered: 
The following SMTP error was encountered: 
DEBUG - 2026-03-04 14:24:23 --> Session: Class initialized using 'CodeIgniter\Session\Handlers\FileHandler' driver.
DEBUG - 2026-03-04 14:24:24 --> Session: Class initialized using 'CodeIgniter\Session\Handlers\FileHandler' driver.
DEBUG - 2026-03-04 14:24:35 --> Session: Class initialized using 'CodeIgniter\Session\Handlers\FileHandler' driver.
DEBUG - 2026-03-04 14:24:35 --> Session: Class initialized using 'CodeIgniter\Session\Handlers\FileHandler' driver.
DEBUG - 2026-03-04 14:55:18 --> Session: Class initialized using 'CodeIgniter\Session\Handlers\FileHandler' driver.
DEBUG - 2026-03-04 14:57:30 --> Session: Class initialized using 'CodeIgniter\Session\Handlers\FileHandler' driver.
DEBUG - 2026-03-04 14:57:35 --> Session: Class initialized using 'CodeIgniter\Session\Handlers\FileHandler' driver.
DEBUG - 2026-03-04 14:57:36 --> Session: Class initialized using 'CodeIgniter\Session\Handlers\FileHandler' driver.
DEBUG - 2026-03-04 14:57:46 --> Session: Class initialized using 'CodeIgniter\Session\Handlers\FileHandler' driver.
DEBUG - 2026-03-04 14:57:47 --> Session: Class initialized using 'CodeIgniter\Session\Handlers\FileHandler' driver.
DEBUG - 2026-03-04 14:58:12 --> Session: Class initialized using 'CodeIgniter\Session\Handlers\FileHandler' driver.
DEBUG - 2026-03-04 14:58:29 --> Session: Class initialized using 'CodeIgniter\Session\Handlers\FileHandler' driver.
DEBUG - 2026-03-04 14:58:34 --> Session: Class initialized using 'CodeIgniter\Session\Handlers\FileHandler' driver.
DEBUG - 2026-03-04 14:58:34 --> Session: Class initialized using 'CodeIgniter\Session\Handlers\FileHandler' driver.
DEBUG - 2026-03-04 14:59:13 --> Session: Class initialized using 'CodeIgniter\Session\Handlers\FileHandler' driver.
DEBUG - 2026-03-04 14:59:15 --> Session: Class initialized using 'CodeIgniter\Session\Handlers\FileHandler' driver.
DEBUG - 2026-03-04 14:59:16 --> Session: Class initialized using 'CodeIgniter\Session\Handlers\FileHandler' driver.
DEBUG - 2026-03-04 15:00:07 --> Session: Class initialized using 'CodeIgniter\Session\Handlers\FileHandler' driver.
DEBUG - 2026-03-04 15:00:08 --> Session: Class initialized using 'CodeIgniter\Session\Handlers\FileHandler' driver.
DEBUG - 2026-03-04 15:00:10 --> Session: Class initialized using 'CodeIgniter\Session\Handlers\FileHandler' driver.
DEBUG - 2026-03-04 15:00:11 --> Session: Class initialized using 'CodeIgniter\Session\Handlers\FileHandler' driver.
DEBUG - 2026-03-04 15:00:14 --> Session: Class initialized using 'CodeIgniter\Session\Handlers\FileHandler' driver.
