DEBUG - 2026-04-10 08:11:46 --> Session: Class initialized using 'CodeIgniter\Session\Handlers\FileHandler' driver.
DEBUG - 2026-04-10 08:13:07 --> Session: Class initialized using 'CodeIgniter\Session\Handlers\FileHandler' driver.
DEBUG - 2026-04-10 08:13:07 --> Session: Class initialized using 'CodeIgniter\Session\Handlers\FileHandler' driver.
DEBUG - 2026-04-10 08:13:34 --> Session: Class initialized using 'CodeIgniter\Session\Handlers\FileHandler' driver.
WARNING - 2026-04-10 08:13:34 --> [DEPRECATED] substr(): Passing null to parameter #1 ($string) of type string is deprecated in APPPATH\Views\admin\construction\index.php on line 109.
 1 APPPATH\Views\admin\construction\index.php(109): substr(null, 0, 25)
 2 SYSTEMPATH\View\View.php(238): include('D:\\Program Files\\backend_core\\app\\Views\\admin\\construction\\index.php')
 3 SYSTEMPATH\View\View.php(241): CodeIgniter\View\View->CodeIgniter\View\{closure}()
 4 SYSTEMPATH\Common.php(1250): CodeIgniter\View\View->render('admin/construction/index', [], true)
 5 APPPATH\Controllers\Admin\Construction.php(31): view('admin/construction/index', [...])
 6 SYSTEMPATH\CodeIgniter.php(951): App\Controllers\Admin\Construction->index()
 7 SYSTEMPATH\CodeIgniter.php(497): CodeIgniter\CodeIgniter->runController(Object(App\Controllers\Admin\Construction))
 8 SYSTEMPATH\CodeIgniter.php(340): CodeIgniter\CodeIgniter->handleRequest(null, Object(Config\Cache), false)
 9 SYSTEMPATH\Boot.php(417): CodeIgniter\CodeIgniter->run()
10 SYSTEMPATH\Boot.php(68): CodeIgniter\Boot::runCodeIgniter(Object(CodeIgniter\CodeIgniter))
11 FCPATH\index.php(59): CodeIgniter\Boot::bootWeb(Object(Config\Paths))
12 SYSTEMPATH\rewrite.php(44): require_once('D:\\Program Files\\backend_core\\public\\index.php')
WARNING - 2026-04-10 08:13:34 --> [DEPRECATED] strtotime(): Passing null to parameter #1 ($datetime) of type string is deprecated in APPPATH\Views\admin\construction\index.php on line 113.
 1 APPPATH\Views\admin\construction\index.php(113): strtotime(null)
 2 SYSTEMPATH\View\View.php(238): include('D:\\Program Files\\backend_core\\app\\Views\\admin\\construction\\index.php')
 3 SYSTEMPATH\View\View.php(241): CodeIgniter\View\View->CodeIgniter\View\{closure}()
 4 SYSTEMPATH\Common.php(1250): CodeIgniter\View\View->render('admin/construction/index', [], true)
 5 APPPATH\Controllers\Admin\Construction.php(31): view('admin/construction/index', [...])
 6 SYSTEMPATH\CodeIgniter.php(951): App\Controllers\Admin\Construction->index()
 7 SYSTEMPATH\CodeIgniter.php(497): CodeIgniter\CodeIgniter->runController(Object(App\Controllers\Admin\Construction))
 8 SYSTEMPATH\CodeIgniter.php(340): CodeIgniter\CodeIgniter->handleRequest(null, Object(Config\Cache), false)
 9 SYSTEMPATH\Boot.php(417): CodeIgniter\CodeIgniter->run()
10 SYSTEMPATH\Boot.php(68): CodeIgniter\Boot::runCodeIgniter(Object(CodeIgniter\CodeIgniter))
11 FCPATH\index.php(59): CodeIgniter\Boot::bootWeb(Object(Config\Paths))
12 SYSTEMPATH\rewrite.php(44): require_once('D:\\Program Files\\backend_core\\public\\index.php')
WARNING - 2026-04-10 08:13:34 --> [DEPRECATED] substr(): Passing null to parameter #1 ($string) of type string is deprecated in APPPATH\Views\admin\construction\index.php on line 109.
 1 APPPATH\Views\admin\construction\index.php(109): substr(null, 0, 25)
 2 SYSTEMPATH\View\View.php(238): include('D:\\Program Files\\backend_core\\app\\Views\\admin\\construction\\index.php')
 3 SYSTEMPATH\View\View.php(241): CodeIgniter\View\View->CodeIgniter\View\{closure}()
 4 SYSTEMPATH\Common.php(1250): CodeIgniter\View\View->render('admin/construction/index', [], true)
 5 APPPATH\Controllers\Admin\Construction.php(31): view('admin/construction/index', [...])
 6 SYSTEMPATH\CodeIgniter.php(951): App\Controllers\Admin\Construction->index()
 7 SYSTEMPATH\CodeIgniter.php(497): CodeIgniter\CodeIgniter->runController(Object(App\Controllers\Admin\Construction))
 8 SYSTEMPATH\CodeIgniter.php(340): CodeIgniter\CodeIgniter->handleRequest(null, Object(Config\Cache), false)
 9 SYSTEMPATH\Boot.php(417): CodeIgniter\CodeIgniter->run()
10 SYSTEMPATH\Boot.php(68): CodeIgniter\Boot::runCodeIgniter(Object(CodeIgniter\CodeIgniter))
11 FCPATH\index.php(59): CodeIgniter\Boot::bootWeb(Object(Config\Paths))
12 SYSTEMPATH\rewrite.php(44): require_once('D:\\Program Files\\backend_core\\public\\index.php')
WARNING - 2026-04-10 08:13:34 --> [DEPRECATED] strtotime(): Passing null to parameter #1 ($datetime) of type string is deprecated in APPPATH\Views\admin\construction\index.php on line 113.
 1 APPPATH\Views\admin\construction\index.php(113): strtotime(null)
 2 SYSTEMPATH\View\View.php(238): include('D:\\Program Files\\backend_core\\app\\Views\\admin\\construction\\index.php')
 3 SYSTEMPATH\View\View.php(241): CodeIgniter\View\View->CodeIgniter\View\{closure}()
 4 SYSTEMPATH\Common.php(1250): CodeIgniter\View\View->render('admin/construction/index', [], true)
 5 APPPATH\Controllers\Admin\Construction.php(31): view('admin/construction/index', [...])
 6 SYSTEMPATH\CodeIgniter.php(951): App\Controllers\Admin\Construction->index()
 7 SYSTEMPATH\CodeIgniter.php(497): CodeIgniter\CodeIgniter->runController(Object(App\Controllers\Admin\Construction))
 8 SYSTEMPATH\CodeIgniter.php(340): CodeIgniter\CodeIgniter->handleRequest(null, Object(Config\Cache), false)
 9 SYSTEMPATH\Boot.php(417): CodeIgniter\CodeIgniter->run()
10 SYSTEMPATH\Boot.php(68): CodeIgniter\Boot::runCodeIgniter(Object(CodeIgniter\CodeIgniter))
11 FCPATH\index.php(59): CodeIgniter\Boot::bootWeb(Object(Config\Paths))
12 SYSTEMPATH\rewrite.php(44): require_once('D:\\Program Files\\backend_core\\public\\index.php')
DEBUG - 2026-04-10 08:13:40 --> Session: Class initialized using 'CodeIgniter\Session\Handlers\FileHandler' driver.
DEBUG - 2026-04-10 08:26:12 --> Session: Class initialized using 'CodeIgniter\Session\Handlers\FileHandler' driver.
DEBUG - 2026-04-10 08:27:58 --> Session: Class initialized using 'CodeIgniter\Session\Handlers\FileHandler' driver.
DEBUG - 2026-04-10 08:28:26 --> Session: Class initialized using 'CodeIgniter\Session\Handlers\FileHandler' driver.
DEBUG - 2026-04-10 08:28:51 --> Session: Class initialized using 'CodeIgniter\Session\Handlers\FileHandler' driver.
CRITICAL - 2026-04-10 08:28:51 --> TypeError: number_format(): Argument #1 ($num) must be of type float, string given
[Method: GET, Route: admin/construction/detail/19]
in APPPATH\Views\admin\construction\target.php on line 200.
 1 APPPATH\Views\admin\construction\target.php(200): number_format('', 0, ',', '.')
 2 SYSTEMPATH\View\View.php(238): include('D:\\Program Files\\backend_core\\app\\Views\\admin\\construction\\target.php')
 3 SYSTEMPATH\View\View.php(241): CodeIgniter\View\View->CodeIgniter\View\{closure}()
 4 SYSTEMPATH\View\View.php(487): CodeIgniter\View\View->render('admin/construction/target', null, true)
 5 APPPATH\Views\admin\construction\detail.php(207): CodeIgniter\View\View->include('admin/construction/target')
 6 SYSTEMPATH\View\View.php(238): include('D:\\Program Files\\backend_core\\app\\Views\\admin\\construction\\detail.php')
 7 SYSTEMPATH\View\View.php(241): CodeIgniter\View\View->CodeIgniter\View\{closure}()
 8 SYSTEMPATH\Common.php(1250): CodeIgniter\View\View->render('admin/construction/detail', [], true)
 9 APPPATH\Controllers\Admin\Construction.php(106): view('admin/construction/detail', [...])
10 SYSTEMPATH\CodeIgniter.php(951): App\Controllers\Admin\Construction->detail('19')
11 SYSTEMPATH\CodeIgniter.php(497): CodeIgniter\CodeIgniter->runController(Object(App\Controllers\Admin\Construction))
12 SYSTEMPATH\CodeIgniter.php(340): CodeIgniter\CodeIgniter->handleRequest(null, Object(Config\Cache), false)
13 SYSTEMPATH\Boot.php(417): CodeIgniter\CodeIgniter->run()
14 SYSTEMPATH\Boot.php(68): CodeIgniter\Boot::runCodeIgniter(Object(CodeIgniter\CodeIgniter))
15 FCPATH\index.php(59): CodeIgniter\Boot::bootWeb(Object(Config\Paths))
16 SYSTEMPATH\rewrite.php(44): require_once('D:\\Program Files\\backend_core\\public\\index.php')
DEBUG - 2026-04-10 08:28:58 --> Session: Class initialized using 'CodeIgniter\Session\Handlers\FileHandler' driver.
DEBUG - 2026-04-10 08:29:08 --> Session: Class initialized using 'CodeIgniter\Session\Handlers\FileHandler' driver.
DEBUG - 2026-04-10 08:29:14 --> Session: Class initialized using 'CodeIgniter\Session\Handlers\FileHandler' driver.
DEBUG - 2026-04-10 08:31:13 --> Session: Class initialized using 'CodeIgniter\Session\Handlers\FileHandler' driver.
DEBUG - 2026-04-10 08:35:02 --> Session: Class initialized using 'CodeIgniter\Session\Handlers\FileHandler' driver.
DEBUG - 2026-04-10 08:35:45 --> Session: Class initialized using 'CodeIgniter\Session\Handlers\FileHandler' driver.
DEBUG - 2026-04-10 08:36:26 --> Session: Class initialized using 'CodeIgniter\Session\Handlers\FileHandler' driver.
DEBUG - 2026-04-10 08:36:32 --> Session: Class initialized using 'CodeIgniter\Session\Handlers\FileHandler' driver.
DEBUG - 2026-04-10 08:37:50 --> Session: Class initialized using 'CodeIgniter\Session\Handlers\FileHandler' driver.
DEBUG - 2026-04-10 08:38:07 --> Session: Class initialized using 'CodeIgniter\Session\Handlers\FileHandler' driver.
DEBUG - 2026-04-10 08:39:42 --> Session: Class initialized using 'CodeIgniter\Session\Handlers\FileHandler' driver.
DEBUG - 2026-04-10 08:39:56 --> Session: Class initialized using 'CodeIgniter\Session\Handlers\FileHandler' driver.
DEBUG - 2026-04-10 08:40:08 --> Session: Class initialized using 'CodeIgniter\Session\Handlers\FileHandler' driver.
DEBUG - 2026-04-10 08:42:35 --> Session: Class initialized using 'CodeIgniter\Session\Handlers\FileHandler' driver.
DEBUG - 2026-04-10 08:42:51 --> Session: Class initialized using 'CodeIgniter\Session\Handlers\FileHandler' driver.
DEBUG - 2026-04-10 08:43:14 --> Session: Class initialized using 'CodeIgniter\Session\Handlers\FileHandler' driver.
DEBUG - 2026-04-10 08:50:48 --> Session: Class initialized using 'CodeIgniter\Session\Handlers\FileHandler' driver.
DEBUG - 2026-04-10 08:51:11 --> Session: Class initialized using 'CodeIgniter\Session\Handlers\FileHandler' driver.
CRITICAL - 2026-04-10 08:51:11 --> ParseError: syntax error, unexpected token ";"
[Method: GET, Route: admin/construction/detail/19]
in APPPATH\Views\admin\construction\target.php on line 189.
 1 SYSTEMPATH\View\View.php(241): CodeIgniter\View\View->CodeIgniter\View\{closure}()
 2 SYSTEMPATH\View\View.php(487): CodeIgniter\View\View->render('admin/construction/target', null, true)
 3 APPPATH\Views\admin\construction\detail.php(207): CodeIgniter\View\View->include('admin/construction/target')
 4 SYSTEMPATH\View\View.php(238): include('D:\\Program Files\\backend_core\\app\\Views\\admin\\construction\\detail.php')
 5 SYSTEMPATH\View\View.php(241): CodeIgniter\View\View->CodeIgniter\View\{closure}()
 6 SYSTEMPATH\Common.php(1250): CodeIgniter\View\View->render('admin/construction/detail', [], true)
 7 APPPATH\Controllers\Admin\Construction.php(107): view('admin/construction/detail', [...])
 8 SYSTEMPATH\CodeIgniter.php(951): App\Controllers\Admin\Construction->detail('19')
 9 SYSTEMPATH\CodeIgniter.php(497): CodeIgniter\CodeIgniter->runController(Object(App\Controllers\Admin\Construction))
10 SYSTEMPATH\CodeIgniter.php(340): CodeIgniter\CodeIgniter->handleRequest(null, Object(Config\Cache), false)
11 SYSTEMPATH\Boot.php(417): CodeIgniter\CodeIgniter->run()
12 SYSTEMPATH\Boot.php(68): CodeIgniter\Boot::runCodeIgniter(Object(CodeIgniter\CodeIgniter))
13 FCPATH\index.php(59): CodeIgniter\Boot::bootWeb(Object(Config\Paths))
14 SYSTEMPATH\rewrite.php(44): require_once('D:\\Program Files\\backend_core\\public\\index.php')
DEBUG - 2026-04-10 08:51:28 --> Session: Class initialized using 'CodeIgniter\Session\Handlers\FileHandler' driver.
DEBUG - 2026-04-10 08:53:04 --> Session: Class initialized using 'CodeIgniter\Session\Handlers\FileHandler' driver.
DEBUG - 2026-04-10 08:53:23 --> Session: Class initialized using 'CodeIgniter\Session\Handlers\FileHandler' driver.
DEBUG - 2026-04-10 08:53:33 --> Session: Class initialized using 'CodeIgniter\Session\Handlers\FileHandler' driver.
DEBUG - 2026-04-10 08:53:39 --> Session: Class initialized using 'CodeIgniter\Session\Handlers\FileHandler' driver.
DEBUG - 2026-04-10 08:54:17 --> Session: Class initialized using 'CodeIgniter\Session\Handlers\FileHandler' driver.
DEBUG - 2026-04-10 08:54:26 --> Session: Class initialized using 'CodeIgniter\Session\Handlers\FileHandler' driver.
DEBUG - 2026-04-10 08:56:16 --> Session: Class initialized using 'CodeIgniter\Session\Handlers\FileHandler' driver.
DEBUG - 2026-04-10 08:56:56 --> Session: Class initialized using 'CodeIgniter\Session\Handlers\FileHandler' driver.
DEBUG - 2026-04-10 08:57:14 --> Session: Class initialized using 'CodeIgniter\Session\Handlers\FileHandler' driver.
DEBUG - 2026-04-10 08:57:30 --> Session: Class initialized using 'CodeIgniter\Session\Handlers\FileHandler' driver.
DEBUG - 2026-04-10 08:57:50 --> Session: Class initialized using 'CodeIgniter\Session\Handlers\FileHandler' driver.
DEBUG - 2026-04-10 09:00:27 --> Session: Class initialized using 'CodeIgniter\Session\Handlers\FileHandler' driver.
DEBUG - 2026-04-10 09:00:37 --> Session: Class initialized using 'CodeIgniter\Session\Handlers\FileHandler' driver.
DEBUG - 2026-04-10 09:00:57 --> Session: Class initialized using 'CodeIgniter\Session\Handlers\FileHandler' driver.
DEBUG - 2026-04-10 09:01:10 --> Session: Class initialized using 'CodeIgniter\Session\Handlers\FileHandler' driver.
DEBUG - 2026-04-10 09:01:32 --> Session: Class initialized using 'CodeIgniter\Session\Handlers\FileHandler' driver.
DEBUG - 2026-04-10 09:01:53 --> Session: Class initialized using 'CodeIgniter\Session\Handlers\FileHandler' driver.
DEBUG - 2026-04-10 09:02:09 --> Session: Class initialized using 'CodeIgniter\Session\Handlers\FileHandler' driver.
DEBUG - 2026-04-10 09:03:24 --> Session: Class initialized using 'CodeIgniter\Session\Handlers\FileHandler' driver.
DEBUG - 2026-04-10 09:03:38 --> Session: Class initialized using 'CodeIgniter\Session\Handlers\FileHandler' driver.
DEBUG - 2026-04-10 09:04:41 --> Session: Class initialized using 'CodeIgniter\Session\Handlers\FileHandler' driver.
DEBUG - 2026-04-10 09:04:47 --> Session: Class initialized using 'CodeIgniter\Session\Handlers\FileHandler' driver.
DEBUG - 2026-04-10 09:04:52 --> Session: Class initialized using 'CodeIgniter\Session\Handlers\FileHandler' driver.
DEBUG - 2026-04-10 09:06:09 --> Session: Class initialized using 'CodeIgniter\Session\Handlers\FileHandler' driver.
DEBUG - 2026-04-10 09:09:52 --> Session: Class initialized using 'CodeIgniter\Session\Handlers\FileHandler' driver.
DEBUG - 2026-04-10 09:09:52 --> Session: Class initialized using 'CodeIgniter\Session\Handlers\FileHandler' driver.
DEBUG - 2026-04-10 09:09:55 --> Session: Class initialized using 'CodeIgniter\Session\Handlers\FileHandler' driver.
WARNING - 2026-04-10 09:09:55 --> [DEPRECATED] substr(): Passing null to parameter #1 ($string) of type string is deprecated in APPPATH\Views\admin\construction\index.php on line 109.
 1 APPPATH\Views\admin\construction\index.php(109): substr(null, 0, 25)
 2 SYSTEMPATH\View\View.php(238): include('D:\\Program Files\\backend_core\\app\\Views\\admin\\construction\\index.php')
 3 SYSTEMPATH\View\View.php(241): CodeIgniter\View\View->CodeIgniter\View\{closure}()
 4 SYSTEMPATH\Common.php(1250): CodeIgniter\View\View->render('admin/construction/index', [], true)
 5 APPPATH\Controllers\Admin\Construction.php(31): view('admin/construction/index', [...])
 6 SYSTEMPATH\CodeIgniter.php(951): App\Controllers\Admin\Construction->index()
 7 SYSTEMPATH\CodeIgniter.php(497): CodeIgniter\CodeIgniter->runController(Object(App\Controllers\Admin\Construction))
 8 SYSTEMPATH\CodeIgniter.php(340): CodeIgniter\CodeIgniter->handleRequest(null, Object(Config\Cache), false)
 9 SYSTEMPATH\Boot.php(417): CodeIgniter\CodeIgniter->run()
10 SYSTEMPATH\Boot.php(68): CodeIgniter\Boot::runCodeIgniter(Object(CodeIgniter\CodeIgniter))
11 FCPATH\index.php(59): CodeIgniter\Boot::bootWeb(Object(Config\Paths))
12 SYSTEMPATH\rewrite.php(44): require_once('D:\\Program Files\\backend_core\\public\\index.php')
WARNING - 2026-04-10 09:09:55 --> [DEPRECATED] strtotime(): Passing null to parameter #1 ($datetime) of type string is deprecated in APPPATH\Views\admin\construction\index.php on line 113.
 1 APPPATH\Views\admin\construction\index.php(113): strtotime(null)
 2 SYSTEMPATH\View\View.php(238): include('D:\\Program Files\\backend_core\\app\\Views\\admin\\construction\\index.php')
 3 SYSTEMPATH\View\View.php(241): CodeIgniter\View\View->CodeIgniter\View\{closure}()
 4 SYSTEMPATH\Common.php(1250): CodeIgniter\View\View->render('admin/construction/index', [], true)
 5 APPPATH\Controllers\Admin\Construction.php(31): view('admin/construction/index', [...])
 6 SYSTEMPATH\CodeIgniter.php(951): App\Controllers\Admin\Construction->index()
 7 SYSTEMPATH\CodeIgniter.php(497): CodeIgniter\CodeIgniter->runController(Object(App\Controllers\Admin\Construction))
 8 SYSTEMPATH\CodeIgniter.php(340): CodeIgniter\CodeIgniter->handleRequest(null, Object(Config\Cache), false)
 9 SYSTEMPATH\Boot.php(417): CodeIgniter\CodeIgniter->run()
10 SYSTEMPATH\Boot.php(68): CodeIgniter\Boot::runCodeIgniter(Object(CodeIgniter\CodeIgniter))
11 FCPATH\index.php(59): CodeIgniter\Boot::bootWeb(Object(Config\Paths))
12 SYSTEMPATH\rewrite.php(44): require_once('D:\\Program Files\\backend_core\\public\\index.php')
WARNING - 2026-04-10 09:09:55 --> [DEPRECATED] substr(): Passing null to parameter #1 ($string) of type string is deprecated in APPPATH\Views\admin\construction\index.php on line 109.
 1 APPPATH\Views\admin\construction\index.php(109): substr(null, 0, 25)
 2 SYSTEMPATH\View\View.php(238): include('D:\\Program Files\\backend_core\\app\\Views\\admin\\construction\\index.php')
 3 SYSTEMPATH\View\View.php(241): CodeIgniter\View\View->CodeIgniter\View\{closure}()
 4 SYSTEMPATH\Common.php(1250): CodeIgniter\View\View->render('admin/construction/index', [], true)
 5 APPPATH\Controllers\Admin\Construction.php(31): view('admin/construction/index', [...])
 6 SYSTEMPATH\CodeIgniter.php(951): App\Controllers\Admin\Construction->index()
 7 SYSTEMPATH\CodeIgniter.php(497): CodeIgniter\CodeIgniter->runController(Object(App\Controllers\Admin\Construction))
 8 SYSTEMPATH\CodeIgniter.php(340): CodeIgniter\CodeIgniter->handleRequest(null, Object(Config\Cache), false)
 9 SYSTEMPATH\Boot.php(417): CodeIgniter\CodeIgniter->run()
10 SYSTEMPATH\Boot.php(68): CodeIgniter\Boot::runCodeIgniter(Object(CodeIgniter\CodeIgniter))
11 FCPATH\index.php(59): CodeIgniter\Boot::bootWeb(Object(Config\Paths))
12 SYSTEMPATH\rewrite.php(44): require_once('D:\\Program Files\\backend_core\\public\\index.php')
WARNING - 2026-04-10 09:09:55 --> [DEPRECATED] strtotime(): Passing null to parameter #1 ($datetime) of type string is deprecated in APPPATH\Views\admin\construction\index.php on line 113.
 1 APPPATH\Views\admin\construction\index.php(113): strtotime(null)
 2 SYSTEMPATH\View\View.php(238): include('D:\\Program Files\\backend_core\\app\\Views\\admin\\construction\\index.php')
 3 SYSTEMPATH\View\View.php(241): CodeIgniter\View\View->CodeIgniter\View\{closure}()
 4 SYSTEMPATH\Common.php(1250): CodeIgniter\View\View->render('admin/construction/index', [], true)
 5 APPPATH\Controllers\Admin\Construction.php(31): view('admin/construction/index', [...])
 6 SYSTEMPATH\CodeIgniter.php(951): App\Controllers\Admin\Construction->index()
 7 SYSTEMPATH\CodeIgniter.php(497): CodeIgniter\CodeIgniter->runController(Object(App\Controllers\Admin\Construction))
 8 SYSTEMPATH\CodeIgniter.php(340): CodeIgniter\CodeIgniter->handleRequest(null, Object(Config\Cache), false)
 9 SYSTEMPATH\Boot.php(417): CodeIgniter\CodeIgniter->run()
10 SYSTEMPATH\Boot.php(68): CodeIgniter\Boot::runCodeIgniter(Object(CodeIgniter\CodeIgniter))
11 FCPATH\index.php(59): CodeIgniter\Boot::bootWeb(Object(Config\Paths))
12 SYSTEMPATH\rewrite.php(44): require_once('D:\\Program Files\\backend_core\\public\\index.php')
DEBUG - 2026-04-10 09:09:58 --> Session: Class initialized using 'CodeIgniter\Session\Handlers\FileHandler' driver.
DEBUG - 2026-04-10 09:09:58 --> Session: Class initialized using 'CodeIgniter\Session\Handlers\FileHandler' driver.
DEBUG - 2026-04-10 09:10:24 --> Session: Class initialized using 'CodeIgniter\Session\Handlers\FileHandler' driver.
DEBUG - 2026-04-10 09:10:30 --> Session: Class initialized using 'CodeIgniter\Session\Handlers\FileHandler' driver.
DEBUG - 2026-04-10 09:10:36 --> Session: Class initialized using 'CodeIgniter\Session\Handlers\FileHandler' driver.
DEBUG - 2026-04-10 09:11:11 --> Session: Class initialized using 'CodeIgniter\Session\Handlers\FileHandler' driver.
DEBUG - 2026-04-10 09:11:21 --> Session: Class initialized using 'CodeIgniter\Session\Handlers\FileHandler' driver.
DEBUG - 2026-04-10 09:12:00 --> Session: Class initialized using 'CodeIgniter\Session\Handlers\FileHandler' driver.
DEBUG - 2026-04-10 09:12:32 --> Session: Class initialized using 'CodeIgniter\Session\Handlers\FileHandler' driver.
DEBUG - 2026-04-10 09:12:38 --> Session: Class initialized using 'CodeIgniter\Session\Handlers\FileHandler' driver.
DEBUG - 2026-04-10 09:13:18 --> Session: Class initialized using 'CodeIgniter\Session\Handlers\FileHandler' driver.
DEBUG - 2026-04-10 09:13:31 --> Session: Class initialized using 'CodeIgniter\Session\Handlers\FileHandler' driver.
DEBUG - 2026-04-10 09:14:19 --> Session: Class initialized using 'CodeIgniter\Session\Handlers\FileHandler' driver.
DEBUG - 2026-04-10 09:14:47 --> Session: Class initialized using 'CodeIgniter\Session\Handlers\FileHandler' driver.
DEBUG - 2026-04-10 09:15:10 --> Session: Class initialized using 'CodeIgniter\Session\Handlers\FileHandler' driver.
DEBUG - 2026-04-10 09:15:26 --> Session: Class initialized using 'CodeIgniter\Session\Handlers\FileHandler' driver.
DEBUG - 2026-04-10 09:15:59 --> Session: Class initialized using 'CodeIgniter\Session\Handlers\FileHandler' driver.
DEBUG - 2026-04-10 09:16:26 --> Session: Class initialized using 'CodeIgniter\Session\Handlers\FileHandler' driver.
DEBUG - 2026-04-10 09:16:44 --> Session: Class initialized using 'CodeIgniter\Session\Handlers\FileHandler' driver.
DEBUG - 2026-04-10 09:16:57 --> Session: Class initialized using 'CodeIgniter\Session\Handlers\FileHandler' driver.
DEBUG - 2026-04-10 09:17:19 --> Session: Class initialized using 'CodeIgniter\Session\Handlers\FileHandler' driver.
DEBUG - 2026-04-10 09:17:41 --> Session: Class initialized using 'CodeIgniter\Session\Handlers\FileHandler' driver.
DEBUG - 2026-04-10 09:23:25 --> Session: Class initialized using 'CodeIgniter\Session\Handlers\FileHandler' driver.
DEBUG - 2026-04-10 09:25:06 --> Session: Class initialized using 'CodeIgniter\Session\Handlers\FileHandler' driver.
DEBUG - 2026-04-10 09:25:25 --> Session: Class initialized using 'CodeIgniter\Session\Handlers\FileHandler' driver.
WARNING - 2026-04-10 09:25:25 --> [DEPRECATED] Implicit conversion from float 2.026 to int loses precision in APPPATH\Helpers\terbilang_helper.php on line 10.
 1 APPPATH\Helpers\terbilang_helper.php(22): terbilang(2.026)
 2 APPPATH\Helpers\terbilang_helper.php(56): terbilang(2026)
 3 APPPATH\Controllers\Admin\Surat.php(46): tanggal_surat_indo('2026-04-10')
 4 SYSTEMPATH\CodeIgniter.php(951): App\Controllers\Admin\Surat->exportPdf('19')
 5 SYSTEMPATH\CodeIgniter.php(497): CodeIgniter\CodeIgniter->runController(Object(App\Controllers\Admin\Surat))
 6 SYSTEMPATH\CodeIgniter.php(340): CodeIgniter\CodeIgniter->handleRequest(null, Object(Config\Cache), false)
 7 SYSTEMPATH\Boot.php(417): CodeIgniter\CodeIgniter->run()
 8 SYSTEMPATH\Boot.php(68): CodeIgniter\Boot::runCodeIgniter(Object(CodeIgniter\CodeIgniter))
 9 FCPATH\index.php(59): CodeIgniter\Boot::bootWeb(Object(Config\Paths))
10 SYSTEMPATH\rewrite.php(44): require_once('D:\\Program Files\\backend_core\\public\\index.php')
WARNING - 2026-04-10 09:25:25 --> [DEPRECATED] Implicit conversion from float 2.6 to int loses precision in APPPATH\Helpers\terbilang_helper.php on line 10.
 1 APPPATH\Helpers\terbilang_helper.php(14): terbilang(2.6)
 2 APPPATH\Helpers\terbilang_helper.php(22): terbilang(26)
 3 APPPATH\Helpers\terbilang_helper.php(56): terbilang(2026)
 4 APPPATH\Controllers\Admin\Surat.php(46): tanggal_surat_indo('2026-04-10')
 5 SYSTEMPATH\CodeIgniter.php(951): App\Controllers\Admin\Surat->exportPdf('19')
 6 SYSTEMPATH\CodeIgniter.php(497): CodeIgniter\CodeIgniter->runController(Object(App\Controllers\Admin\Surat))
 7 SYSTEMPATH\CodeIgniter.php(340): CodeIgniter\CodeIgniter->handleRequest(null, Object(Config\Cache), false)
 8 SYSTEMPATH\Boot.php(417): CodeIgniter\CodeIgniter->run()
 9 SYSTEMPATH\Boot.php(68): CodeIgniter\Boot::runCodeIgniter(Object(CodeIgniter\CodeIgniter))
10 FCPATH\index.php(59): CodeIgniter\Boot::bootWeb(Object(Config\Paths))
11 SYSTEMPATH\rewrite.php(44): require_once('D:\\Program Files\\backend_core\\public\\index.php')
WARNING - 2026-04-10 09:25:25 --> [DEPRECATED] Implicit conversion from float 10.59 to int loses precision in APPPATH\Helpers\terbilang_helper.php on line 10.
 1 APPPATH\Helpers\terbilang_helper.php(24): terbilang(10.59)
 2 APPPATH\Views\admin\surat\kontrak_template.php(181): terbilang(10590000.0)
 3 SYSTEMPATH\View\View.php(238): include('D:\\Program Files\\backend_core\\app\\Views\\admin\\surat\\kontrak_template.php')
 4 SYSTEMPATH\View\View.php(241): CodeIgniter\View\View->CodeIgniter\View\{closure}()
 5 SYSTEMPATH\Common.php(1250): CodeIgniter\View\View->render('admin/surat/kontrak_template', [], true)
 6 APPPATH\Controllers\Admin\Surat.php(52): view('admin/surat/kontrak_template', [...])
 7 SYSTEMPATH\CodeIgniter.php(951): App\Controllers\Admin\Surat->exportPdf('19')
 8 SYSTEMPATH\CodeIgniter.php(497): CodeIgniter\CodeIgniter->runController(Object(App\Controllers\Admin\Surat))
 9 SYSTEMPATH\CodeIgniter.php(340): CodeIgniter\CodeIgniter->handleRequest(null, Object(Config\Cache), false)
10 SYSTEMPATH\Boot.php(417): CodeIgniter\CodeIgniter->run()
11 SYSTEMPATH\Boot.php(68): CodeIgniter\Boot::runCodeIgniter(Object(CodeIgniter\CodeIgniter))
12 FCPATH\index.php(59): CodeIgniter\Boot::bootWeb(Object(Config\Paths))
13 SYSTEMPATH\rewrite.php(44): require_once('D:\\Program Files\\backend_core\\public\\index.php')
WARNING - 2026-04-10 09:25:25 --> [DEPRECATED] Implicit conversion from float 5.9 to int loses precision in APPPATH\Helpers\terbilang_helper.php on line 10.
 1 APPPATH\Helpers\terbilang_helper.php(18): terbilang(5.9)
 2 APPPATH\Helpers\terbilang_helper.php(22): terbilang(590)
 3 APPPATH\Helpers\terbilang_helper.php(24): terbilang(590000)
 4 APPPATH\Views\admin\surat\kontrak_template.php(181): terbilang(10590000.0)
 5 SYSTEMPATH\View\View.php(238): include('D:\\Program Files\\backend_core\\app\\Views\\admin\\surat\\kontrak_template.php')
 6 SYSTEMPATH\View\View.php(241): CodeIgniter\View\View->CodeIgniter\View\{closure}()
 7 SYSTEMPATH\Common.php(1250): CodeIgniter\View\View->render('admin/surat/kontrak_template', [], true)
 8 APPPATH\Controllers\Admin\Surat.php(52): view('admin/surat/kontrak_template', [...])
 9 SYSTEMPATH\CodeIgniter.php(951): App\Controllers\Admin\Surat->exportPdf('19')
10 SYSTEMPATH\CodeIgniter.php(497): CodeIgniter\CodeIgniter->runController(Object(App\Controllers\Admin\Surat))
11 SYSTEMPATH\CodeIgniter.php(340): CodeIgniter\CodeIgniter->handleRequest(null, Object(Config\Cache), false)
12 SYSTEMPATH\Boot.php(417): CodeIgniter\CodeIgniter->run()
13 SYSTEMPATH\Boot.php(68): CodeIgniter\Boot::runCodeIgniter(Object(CodeIgniter\CodeIgniter))
14 FCPATH\index.php(59): CodeIgniter\Boot::bootWeb(Object(Config\Paths))
15 SYSTEMPATH\rewrite.php(44): require_once('D:\\Program Files\\backend_core\\public\\index.php')
DEBUG - 2026-04-10 09:26:30 --> Session: Class initialized using 'CodeIgniter\Session\Handlers\FileHandler' driver.
DEBUG - 2026-04-10 09:38:26 --> Session: Class initialized using 'CodeIgniter\Session\Handlers\FileHandler' driver.
DEBUG - 2026-04-10 09:41:07 --> Session: Class initialized using 'CodeIgniter\Session\Handlers\FileHandler' driver.
DEBUG - 2026-04-10 09:41:31 --> Session: Class initialized using 'CodeIgniter\Session\Handlers\FileHandler' driver.
DEBUG - 2026-04-10 09:43:05 --> Session: Class initialized using 'CodeIgniter\Session\Handlers\FileHandler' driver.
DEBUG - 2026-04-10 09:47:08 --> Session: Class initialized using 'CodeIgniter\Session\Handlers\FileHandler' driver.
DEBUG - 2026-04-10 09:51:13 --> Session: Class initialized using 'CodeIgniter\Session\Handlers\FileHandler' driver.
DEBUG - 2026-04-10 09:51:14 --> Session: Class initialized using 'CodeIgniter\Session\Handlers\FileHandler' driver.
DEBUG - 2026-04-10 09:52:23 --> Session: Class initialized using 'CodeIgniter\Session\Handlers\FileHandler' driver.
DEBUG - 2026-04-10 09:52:24 --> Session: Class initialized using 'CodeIgniter\Session\Handlers\FileHandler' driver.
DEBUG - 2026-04-10 09:55:17 --> Session: Class initialized using 'CodeIgniter\Session\Handlers\FileHandler' driver.
DEBUG - 2026-04-10 09:55:17 --> Session: Class initialized using 'CodeIgniter\Session\Handlers\FileHandler' driver.
DEBUG - 2026-04-10 10:04:42 --> Session: Class initialized using 'CodeIgniter\Session\Handlers\FileHandler' driver.
DEBUG - 2026-04-10 10:04:43 --> Session: Class initialized using 'CodeIgniter\Session\Handlers\FileHandler' driver.
DEBUG - 2026-04-10 10:05:34 --> Session: Class initialized using 'CodeIgniter\Session\Handlers\FileHandler' driver.
DEBUG - 2026-04-10 10:05:55 --> Session: Class initialized using 'CodeIgniter\Session\Handlers\FileHandler' driver.
DEBUG - 2026-04-10 10:06:05 --> Session: Class initialized using 'CodeIgniter\Session\Handlers\FileHandler' driver.
DEBUG - 2026-04-10 10:06:18 --> Session: Class initialized using 'CodeIgniter\Session\Handlers\FileHandler' driver.
DEBUG - 2026-04-10 10:06:50 --> Session: Class initialized using 'CodeIgniter\Session\Handlers\FileHandler' driver.
DEBUG - 2026-04-10 10:07:32 --> Session: Class initialized using 'CodeIgniter\Session\Handlers\FileHandler' driver.
DEBUG - 2026-04-10 10:07:37 --> Session: Class initialized using 'CodeIgniter\Session\Handlers\FileHandler' driver.
DEBUG - 2026-04-10 10:07:38 --> Session: Class initialized using 'CodeIgniter\Session\Handlers\FileHandler' driver.
DEBUG - 2026-04-10 10:07:46 --> Session: Class initialized using 'CodeIgniter\Session\Handlers\FileHandler' driver.
DEBUG - 2026-04-10 10:07:47 --> Session: Class initialized using 'CodeIgniter\Session\Handlers\FileHandler' driver.
DEBUG - 2026-04-10 10:07:58 --> Session: Class initialized using 'CodeIgniter\Session\Handlers\FileHandler' driver.
DEBUG - 2026-04-10 10:07:59 --> Session: Class initialized using 'CodeIgniter\Session\Handlers\FileHandler' driver.
DEBUG - 2026-04-10 10:08:06 --> Session: Class initialized using 'CodeIgniter\Session\Handlers\FileHandler' driver.
DEBUG - 2026-04-10 10:08:06 --> Session: Class initialized using 'CodeIgniter\Session\Handlers\FileHandler' driver.
DEBUG - 2026-04-10 10:08:36 --> Session: Class initialized using 'CodeIgniter\Session\Handlers\FileHandler' driver.
DEBUG - 2026-04-10 10:12:06 --> Session: Class initialized using 'CodeIgniter\Session\Handlers\FileHandler' driver.
DEBUG - 2026-04-10 10:13:32 --> Session: Class initialized using 'CodeIgniter\Session\Handlers\FileHandler' driver.
DEBUG - 2026-04-10 10:13:32 --> Session: Class initialized using 'CodeIgniter\Session\Handlers\FileHandler' driver.
DEBUG - 2026-04-10 10:13:57 --> Session: Class initialized using 'CodeIgniter\Session\Handlers\FileHandler' driver.
DEBUG - 2026-04-10 10:13:57 --> Session: Class initialized using 'CodeIgniter\Session\Handlers\FileHandler' driver.
DEBUG - 2026-04-10 10:14:11 --> Session: Class initialized using 'CodeIgniter\Session\Handlers\FileHandler' driver.
DEBUG - 2026-04-10 15:31:31 --> Session: Class initialized using 'CodeIgniter\Session\Handlers\FileHandler' driver.
WARNING - 2026-04-10 15:31:34 --> [DEPRECATED] Creation of dynamic property CodeIgniter\HTTP\IncomingRequest::$user is deprecated in APPPATH\Filters\Auth.php on line 59.
 1 SYSTEMPATH\Filters\Filters.php(241): App\Filters\Auth->before(Object(CodeIgniter\HTTP\IncomingRequest), null)
 2 SYSTEMPATH\Filters\Filters.php(221): CodeIgniter\Filters\Filters->runBefore([...])
 3 SYSTEMPATH\CodeIgniter.php(465): CodeIgniter\Filters\Filters->run('api/tukang/progress/19', 'before')
 4 SYSTEMPATH\CodeIgniter.php(340): CodeIgniter\CodeIgniter->handleRequest(null, Object(Config\Cache), false)
 5 SYSTEMPATH\Boot.php(417): CodeIgniter\CodeIgniter->run()
 6 SYSTEMPATH\Boot.php(68): CodeIgniter\Boot::runCodeIgniter(Object(CodeIgniter\CodeIgniter))
 7 FCPATH\index.php(59): CodeIgniter\Boot::bootWeb(Object(Config\Paths))
 8 SYSTEMPATH\rewrite.php(44): require_once('D:\\Program Files\\backend_core\\public\\index.php')
DEBUG - 2026-04-10 15:32:33 --> Session: Class initialized using 'CodeIgniter\Session\Handlers\FileHandler' driver.
DEBUG - 2026-04-10 15:32:35 --> Session: Class initialized using 'CodeIgniter\Session\Handlers\FileHandler' driver.
DEBUG - 2026-04-10 15:32:36 --> Session: Class initialized using 'CodeIgniter\Session\Handlers\FileHandler' driver.
DEBUG - 2026-04-10 15:32:41 --> Session: Class initialized using 'CodeIgniter\Session\Handlers\FileHandler' driver.
WARNING - 2026-04-10 15:32:41 --> [DEPRECATED] substr(): Passing null to parameter #1 ($string) of type string is deprecated in APPPATH\Views\admin\construction\index.php on line 109.
 1 APPPATH\Views\admin\construction\index.php(109): substr(null, 0, 25)
 2 SYSTEMPATH\View\View.php(238): include('D:\\Program Files\\backend_core\\app\\Views\\admin\\construction\\index.php')
 3 SYSTEMPATH\View\View.php(241): CodeIgniter\View\View->CodeIgniter\View\{closure}()
 4 SYSTEMPATH\Common.php(1250): CodeIgniter\View\View->render('admin/construction/index', [], true)
 5 APPPATH\Controllers\Admin\Construction.php(31): view('admin/construction/index', [...])
 6 SYSTEMPATH\CodeIgniter.php(951): App\Controllers\Admin\Construction->index()
 7 SYSTEMPATH\CodeIgniter.php(497): CodeIgniter\CodeIgniter->runController(Object(App\Controllers\Admin\Construction))
 8 SYSTEMPATH\CodeIgniter.php(340): CodeIgniter\CodeIgniter->handleRequest(null, Object(Config\Cache), false)
 9 SYSTEMPATH\Boot.php(417): CodeIgniter\CodeIgniter->run()
10 SYSTEMPATH\Boot.php(68): CodeIgniter\Boot::runCodeIgniter(Object(CodeIgniter\CodeIgniter))
11 FCPATH\index.php(59): CodeIgniter\Boot::bootWeb(Object(Config\Paths))
12 SYSTEMPATH\rewrite.php(44): require_once('D:\\Program Files\\backend_core\\public\\index.php')
WARNING - 2026-04-10 15:32:41 --> [DEPRECATED] strtotime(): Passing null to parameter #1 ($datetime) of type string is deprecated in APPPATH\Views\admin\construction\index.php on line 113.
 1 APPPATH\Views\admin\construction\index.php(113): strtotime(null)
 2 SYSTEMPATH\View\View.php(238): include('D:\\Program Files\\backend_core\\app\\Views\\admin\\construction\\index.php')
 3 SYSTEMPATH\View\View.php(241): CodeIgniter\View\View->CodeIgniter\View\{closure}()
 4 SYSTEMPATH\Common.php(1250): CodeIgniter\View\View->render('admin/construction/index', [], true)
 5 APPPATH\Controllers\Admin\Construction.php(31): view('admin/construction/index', [...])
 6 SYSTEMPATH\CodeIgniter.php(951): App\Controllers\Admin\Construction->index()
 7 SYSTEMPATH\CodeIgniter.php(497): CodeIgniter\CodeIgniter->runController(Object(App\Controllers\Admin\Construction))
 8 SYSTEMPATH\CodeIgniter.php(340): CodeIgniter\CodeIgniter->handleRequest(null, Object(Config\Cache), false)
 9 SYSTEMPATH\Boot.php(417): CodeIgniter\CodeIgniter->run()
10 SYSTEMPATH\Boot.php(68): CodeIgniter\Boot::runCodeIgniter(Object(CodeIgniter\CodeIgniter))
11 FCPATH\index.php(59): CodeIgniter\Boot::bootWeb(Object(Config\Paths))
12 SYSTEMPATH\rewrite.php(44): require_once('D:\\Program Files\\backend_core\\public\\index.php')
WARNING - 2026-04-10 15:32:41 --> [DEPRECATED] substr(): Passing null to parameter #1 ($string) of type string is deprecated in APPPATH\Views\admin\construction\index.php on line 109.
 1 APPPATH\Views\admin\construction\index.php(109): substr(null, 0, 25)
 2 SYSTEMPATH\View\View.php(238): include('D:\\Program Files\\backend_core\\app\\Views\\admin\\construction\\index.php')
 3 SYSTEMPATH\View\View.php(241): CodeIgniter\View\View->CodeIgniter\View\{closure}()
 4 SYSTEMPATH\Common.php(1250): CodeIgniter\View\View->render('admin/construction/index', [], true)
 5 APPPATH\Controllers\Admin\Construction.php(31): view('admin/construction/index', [...])
 6 SYSTEMPATH\CodeIgniter.php(951): App\Controllers\Admin\Construction->index()
 7 SYSTEMPATH\CodeIgniter.php(497): CodeIgniter\CodeIgniter->runController(Object(App\Controllers\Admin\Construction))
 8 SYSTEMPATH\CodeIgniter.php(340): CodeIgniter\CodeIgniter->handleRequest(null, Object(Config\Cache), false)
 9 SYSTEMPATH\Boot.php(417): CodeIgniter\CodeIgniter->run()
10 SYSTEMPATH\Boot.php(68): CodeIgniter\Boot::runCodeIgniter(Object(CodeIgniter\CodeIgniter))
11 FCPATH\index.php(59): CodeIgniter\Boot::bootWeb(Object(Config\Paths))
12 SYSTEMPATH\rewrite.php(44): require_once('D:\\Program Files\\backend_core\\public\\index.php')
WARNING - 2026-04-10 15:32:41 --> [DEPRECATED] strtotime(): Passing null to parameter #1 ($datetime) of type string is deprecated in APPPATH\Views\admin\construction\index.php on line 113.
 1 APPPATH\Views\admin\construction\index.php(113): strtotime(null)
 2 SYSTEMPATH\View\View.php(238): include('D:\\Program Files\\backend_core\\app\\Views\\admin\\construction\\index.php')
 3 SYSTEMPATH\View\View.php(241): CodeIgniter\View\View->CodeIgniter\View\{closure}()
 4 SYSTEMPATH\Common.php(1250): CodeIgniter\View\View->render('admin/construction/index', [], true)
 5 APPPATH\Controllers\Admin\Construction.php(31): view('admin/construction/index', [...])
 6 SYSTEMPATH\CodeIgniter.php(951): App\Controllers\Admin\Construction->index()
 7 SYSTEMPATH\CodeIgniter.php(497): CodeIgniter\CodeIgniter->runController(Object(App\Controllers\Admin\Construction))
 8 SYSTEMPATH\CodeIgniter.php(340): CodeIgniter\CodeIgniter->handleRequest(null, Object(Config\Cache), false)
 9 SYSTEMPATH\Boot.php(417): CodeIgniter\CodeIgniter->run()
10 SYSTEMPATH\Boot.php(68): CodeIgniter\Boot::runCodeIgniter(Object(CodeIgniter\CodeIgniter))
11 FCPATH\index.php(59): CodeIgniter\Boot::bootWeb(Object(Config\Paths))
12 SYSTEMPATH\rewrite.php(44): require_once('D:\\Program Files\\backend_core\\public\\index.php')
DEBUG - 2026-04-10 15:32:44 --> Session: Class initialized using 'CodeIgniter\Session\Handlers\FileHandler' driver.
DEBUG - 2026-04-10 15:33:10 --> Session: Class initialized using 'CodeIgniter\Session\Handlers\FileHandler' driver.
DEBUG - 2026-04-10 15:33:11 --> Session: Class initialized using 'CodeIgniter\Session\Handlers\FileHandler' driver.
WARNING - 2026-04-10 15:36:41 --> [DEPRECATED] Creation of dynamic property CodeIgniter\HTTP\IncomingRequest::$user is deprecated in APPPATH\Filters\Auth.php on line 59.
 1 SYSTEMPATH\Filters\Filters.php(241): App\Filters\Auth->before(Object(CodeIgniter\HTTP\IncomingRequest), null)
 2 SYSTEMPATH\Filters\Filters.php(221): CodeIgniter\Filters\Filters->runBefore([...])
 3 SYSTEMPATH\CodeIgniter.php(465): CodeIgniter\Filters\Filters->run('api/tukang/progress/19', 'before')
 4 SYSTEMPATH\CodeIgniter.php(340): CodeIgniter\CodeIgniter->handleRequest(null, Object(Config\Cache), false)
 5 SYSTEMPATH\Boot.php(417): CodeIgniter\CodeIgniter->run()
 6 SYSTEMPATH\Boot.php(68): CodeIgniter\Boot::runCodeIgniter(Object(CodeIgniter\CodeIgniter))
 7 FCPATH\index.php(59): CodeIgniter\Boot::bootWeb(Object(Config\Paths))
 8 SYSTEMPATH\rewrite.php(44): require_once('D:\\Program Files\\backend_core\\public\\index.php')
WARNING - 2026-04-10 15:38:05 --> [DEPRECATED] Creation of dynamic property CodeIgniter\HTTP\IncomingRequest::$user is deprecated in APPPATH\Filters\Auth.php on line 59.
 1 SYSTEMPATH\Filters\Filters.php(241): App\Filters\Auth->before(Object(CodeIgniter\HTTP\IncomingRequest), null)
 2 SYSTEMPATH\Filters\Filters.php(221): CodeIgniter\Filters\Filters->runBefore([...])
 3 SYSTEMPATH\CodeIgniter.php(465): CodeIgniter\Filters\Filters->run('api/tukang/progress/19', 'before')
 4 SYSTEMPATH\CodeIgniter.php(340): CodeIgniter\CodeIgniter->handleRequest(null, Object(Config\Cache), false)
 5 SYSTEMPATH\Boot.php(417): CodeIgniter\CodeIgniter->run()
 6 SYSTEMPATH\Boot.php(68): CodeIgniter\Boot::runCodeIgniter(Object(CodeIgniter\CodeIgniter))
 7 FCPATH\index.php(59): CodeIgniter\Boot::bootWeb(Object(Config\Paths))
 8 SYSTEMPATH\rewrite.php(44): require_once('D:\\Program Files\\backend_core\\public\\index.php')
WARNING - 2026-04-10 15:39:47 --> [DEPRECATED] Creation of dynamic property CodeIgniter\HTTP\IncomingRequest::$user is deprecated in APPPATH\Filters\Auth.php on line 59.
 1 SYSTEMPATH\Filters\Filters.php(241): App\Filters\Auth->before(Object(CodeIgniter\HTTP\IncomingRequest), null)
 2 SYSTEMPATH\Filters\Filters.php(221): CodeIgniter\Filters\Filters->runBefore([...])
 3 SYSTEMPATH\CodeIgniter.php(465): CodeIgniter\Filters\Filters->run('api/tukang/progress/19', 'before')
 4 SYSTEMPATH\CodeIgniter.php(340): CodeIgniter\CodeIgniter->handleRequest(null, Object(Config\Cache), false)
 5 SYSTEMPATH\Boot.php(417): CodeIgniter\CodeIgniter->run()
 6 SYSTEMPATH\Boot.php(68): CodeIgniter\Boot::runCodeIgniter(Object(CodeIgniter\CodeIgniter))
 7 FCPATH\index.php(59): CodeIgniter\Boot::bootWeb(Object(Config\Paths))
 8 SYSTEMPATH\rewrite.php(44): require_once('D:\\Program Files\\backend_core\\public\\index.php')
WARNING - 2026-04-10 15:40:13 --> [DEPRECATED] Creation of dynamic property CodeIgniter\HTTP\IncomingRequest::$user is deprecated in APPPATH\Filters\Auth.php on line 59.
 1 SYSTEMPATH\Filters\Filters.php(241): App\Filters\Auth->before(Object(CodeIgniter\HTTP\IncomingRequest), null)
 2 SYSTEMPATH\Filters\Filters.php(221): CodeIgniter\Filters\Filters->runBefore([...])
 3 SYSTEMPATH\CodeIgniter.php(465): CodeIgniter\Filters\Filters->run('api/tukang/progress/19', 'before')
 4 SYSTEMPATH\CodeIgniter.php(340): CodeIgniter\CodeIgniter->handleRequest(null, Object(Config\Cache), false)
 5 SYSTEMPATH\Boot.php(417): CodeIgniter\CodeIgniter->run()
 6 SYSTEMPATH\Boot.php(68): CodeIgniter\Boot::runCodeIgniter(Object(CodeIgniter\CodeIgniter))
 7 FCPATH\index.php(59): CodeIgniter\Boot::bootWeb(Object(Config\Paths))
 8 SYSTEMPATH\rewrite.php(44): require_once('D:\\Program Files\\backend_core\\public\\index.php')
WARNING - 2026-04-10 15:43:58 --> [DEPRECATED] Creation of dynamic property CodeIgniter\HTTP\IncomingRequest::$user is deprecated in APPPATH\Filters\Auth.php on line 59.
 1 SYSTEMPATH\Filters\Filters.php(241): App\Filters\Auth->before(Object(CodeIgniter\HTTP\IncomingRequest), null)
 2 SYSTEMPATH\Filters\Filters.php(221): CodeIgniter\Filters\Filters->runBefore([...])
 3 SYSTEMPATH\CodeIgniter.php(465): CodeIgniter\Filters\Filters->run('api/tukang/my-targets/2', 'before')
 4 SYSTEMPATH\CodeIgniter.php(340): CodeIgniter\CodeIgniter->handleRequest(null, Object(Config\Cache), false)
 5 SYSTEMPATH\Boot.php(417): CodeIgniter\CodeIgniter->run()
 6 SYSTEMPATH\Boot.php(68): CodeIgniter\Boot::runCodeIgniter(Object(CodeIgniter\CodeIgniter))
 7 FCPATH\index.php(59): CodeIgniter\Boot::bootWeb(Object(Config\Paths))
 8 SYSTEMPATH\rewrite.php(44): require_once('D:\\Program Files\\backend_core\\public\\index.php')
ERROR - 2026-04-10 15:43:58 --> Unknown column 'ct.target_name' in 'field list'
in SYSTEMPATH\Database\MySQLi\Connection.php on line 300.
 1 SYSTEMPATH\Database\MySQLi\Connection.php(300): mysqli->query('
                    (
                        SELECT 
                            ct.target_name,
                            cr.id as construction_id,
                            null as renovation_id,
                            ct.target_date,
                            ct.description,
                            cr.status,
                            ja.project_type
                        FROM construction_targets ct
                        JOIN job_applications ja ON ja.id = ct.id_job_applications
                        JOIN construction_requests cr ON cr.id = ct.construction_id
                        WHERE ja.tukang_id = \'2\'
                    )

                    UNION ALL

                    (
                        SELECT 
                            rt.target_name,
                            null as construction_id,
                            rr.id as renovation_id,
                            rt.target_date,
                            rt.description,
                            rr.status,
                            ja.project_type
                        FROM renovation_targets rt
                        JOIN job_applications ja ON ja.id = rt.id_job_applications
                        JOIN renovation_requests rr ON rr.id = rt.renovation_id
                        WHERE ja.tukang_id = \'2\'
                    )

                    ORDER BY target_date ASC
                    ', 0)
 2 SYSTEMPATH\Database\BaseConnection.php(769): CodeIgniter\Database\MySQLi\Connection->execute('
                    (
                        SELECT 
                            ct.target_name,
                            cr.id as construction_id,
                            null as renovation_id,
                            ct.target_date,
                            ct.description,
                            cr.status,
                            ja.project_type
                        FROM construction_targets ct
                        JOIN job_applications ja ON ja.id = ct.id_job_applications
                        JOIN construction_requests cr ON cr.id = ct.construction_id
                        WHERE ja.tukang_id = \'2\'
                    )

                    UNION ALL

                    (
                        SELECT 
                            rt.target_name,
                            null as construction_id,
                            rr.id as renovation_id,
                            rt.target_date,
                            rt.description,
                            rr.status,
                            ja.project_type
                        FROM renovation_targets rt
                        JOIN job_applications ja ON ja.id = rt.id_job_applications
                        JOIN renovation_requests rr ON rr.id = rt.renovation_id
                        WHERE ja.tukang_id = \'2\'
                    )

                    ORDER BY target_date ASC
                    ')
 3 SYSTEMPATH\Database\BaseConnection.php(686): CodeIgniter\Database\BaseConnection->simpleQuery('
                    (
                        SELECT 
                            ct.target_name,
                            cr.id as construction_id,
                            null as renovation_id,
                            ct.target_date,
                            ct.description,
                            cr.status,
                            ja.project_type
                        FROM construction_targets ct
                        JOIN job_applications ja ON ja.id = ct.id_job_applications
                        JOIN construction_requests cr ON cr.id = ct.construction_id
                        WHERE ja.tukang_id = \'2\'
                    )

                    UNION ALL

                    (
                        SELECT 
                            rt.target_name,
                            null as construction_id,
                            rr.id as renovation_id,
                            rt.target_date,
                            rt.description,
                            rr.status,
                            ja.project_type
                        FROM renovation_targets rt
                        JOIN job_applications ja ON ja.id = rt.id_job_applications
                        JOIN renovation_requests rr ON rr.id = rt.renovation_id
                        WHERE ja.tukang_id = \'2\'
                    )

                    ORDER BY target_date ASC
                    ')
 4 APPPATH\Controllers\Api\TukangJobApi.php(142): CodeIgniter\Database\BaseConnection->query('
                    (
                        SELECT 
                            ct.target_name,
                            cr.id as construction_id,
                            null as renovation_id,
                            ct.target_date,
                            ct.description,
                            cr.status,
                            ja.project_type
                        FROM construction_targets ct
                        JOIN job_applications ja ON ja.id = ct.id_job_applications
                        JOIN construction_requests cr ON cr.id = ct.construction_id
                        WHERE ja.tukang_id = ?
                    )

                    UNION ALL

                    (
                        SELECT 
                            rt.target_name,
                            null as construction_id,
                            rr.id as renovation_id,
                            rt.target_date,
                            rt.description,
                            rr.status,
                            ja.project_type
                        FROM renovation_targets rt
                        JOIN job_applications ja ON ja.id = rt.id_job_applications
                        JOIN renovation_requests rr ON rr.id = rt.renovation_id
                        WHERE ja.tukang_id = ?
                    )

                    ORDER BY target_date ASC
                    ', [...])
 5 SYSTEMPATH\CodeIgniter.php(951): App\Controllers\Api\TukangJobApi->getMyTargets('2')
 6 SYSTEMPATH\CodeIgniter.php(497): CodeIgniter\CodeIgniter->runController(Object(App\Controllers\Api\TukangJobApi))
 7 SYSTEMPATH\CodeIgniter.php(340): CodeIgniter\CodeIgniter->handleRequest(null, Object(Config\Cache), false)
 8 SYSTEMPATH\Boot.php(417): CodeIgniter\CodeIgniter->run()
 9 SYSTEMPATH\Boot.php(68): CodeIgniter\Boot::runCodeIgniter(Object(CodeIgniter\CodeIgniter))
10 FCPATH\index.php(59): CodeIgniter\Boot::bootWeb(Object(Config\Paths))
11 SYSTEMPATH\rewrite.php(44): require_once('D:\\Program Files\\backend_core\\public\\index.php')
WARNING - 2026-04-10 15:47:27 --> [DEPRECATED] Creation of dynamic property CodeIgniter\HTTP\IncomingRequest::$user is deprecated in APPPATH\Filters\Auth.php on line 59.
 1 SYSTEMPATH\Filters\Filters.php(241): App\Filters\Auth->before(Object(CodeIgniter\HTTP\IncomingRequest), null)
 2 SYSTEMPATH\Filters\Filters.php(221): CodeIgniter\Filters\Filters->runBefore([...])
 3 SYSTEMPATH\CodeIgniter.php(465): CodeIgniter\Filters\Filters->run('api/tukang/progress/19', 'before')
 4 SYSTEMPATH\CodeIgniter.php(340): CodeIgniter\CodeIgniter->handleRequest(null, Object(Config\Cache), false)
 5 SYSTEMPATH\Boot.php(417): CodeIgniter\CodeIgniter->run()
 6 SYSTEMPATH\Boot.php(68): CodeIgniter\Boot::runCodeIgniter(Object(CodeIgniter\CodeIgniter))
 7 FCPATH\index.php(59): CodeIgniter\Boot::bootWeb(Object(Config\Paths))
 8 SYSTEMPATH\rewrite.php(44): require_once('D:\\Program Files\\backend_core\\public\\index.php')
DEBUG - 2026-04-10 16:02:01 --> Session: Class initialized using 'CodeIgniter\Session\Handlers\FileHandler' driver.
CRITICAL - 2026-04-10 16:02:01 --> ErrorException: Undefined array key "percentage"
[Method: GET, Route: admin/construction/detail/19]
in APPPATH\Views\admin\construction\detail.php on line 493.
 1 APPPATH\Views\admin\construction\detail.php(493): CodeIgniter\Debug\Exceptions->errorHandler(2, 'Undefined array key "percentage"', 'D:\\Program Files\\backend_core\\app\\Views\\admin\\construction\\detail.php', 493)
 2 SYSTEMPATH\View\View.php(238): include('D:\\Program Files\\backend_core\\app\\Views\\admin\\construction\\detail.php')
 3 SYSTEMPATH\View\View.php(241): CodeIgniter\View\View->CodeIgniter\View\{closure}()
 4 SYSTEMPATH\Common.php(1250): CodeIgniter\View\View->render('admin/construction/detail', [], true)
 5 APPPATH\Controllers\Admin\Construction.php(107): view('admin/construction/detail', [...])
 6 SYSTEMPATH\CodeIgniter.php(951): App\Controllers\Admin\Construction->detail('19')
 7 SYSTEMPATH\CodeIgniter.php(497): CodeIgniter\CodeIgniter->runController(Object(App\Controllers\Admin\Construction))
 8 SYSTEMPATH\CodeIgniter.php(340): CodeIgniter\CodeIgniter->handleRequest(null, Object(Config\Cache), false)
 9 SYSTEMPATH\Boot.php(417): CodeIgniter\CodeIgniter->run()
10 SYSTEMPATH\Boot.php(68): CodeIgniter\Boot::runCodeIgniter(Object(CodeIgniter\CodeIgniter))
11 FCPATH\index.php(59): CodeIgniter\Boot::bootWeb(Object(Config\Paths))
12 SYSTEMPATH\rewrite.php(44): require_once('D:\\Program Files\\backend_core\\public\\index.php')
DEBUG - 2026-04-10 16:07:13 --> Session: Class initialized using 'CodeIgniter\Session\Handlers\FileHandler' driver.
DEBUG - 2026-04-10 16:15:18 --> Session: Class initialized using 'CodeIgniter\Session\Handlers\FileHandler' driver.
WARNING - 2026-04-10 16:36:54 --> [DEPRECATED] Creation of dynamic property CodeIgniter\HTTP\IncomingRequest::$user is deprecated in APPPATH\Filters\Auth.php on line 59.
 1 SYSTEMPATH\Filters\Filters.php(241): App\Filters\Auth->before(Object(CodeIgniter\HTTP\IncomingRequest), null)
 2 SYSTEMPATH\Filters\Filters.php(221): CodeIgniter\Filters\Filters->runBefore([...])
 3 SYSTEMPATH\CodeIgniter.php(465): CodeIgniter\Filters\Filters->run('api/tukang/progress', 'before')
 4 SYSTEMPATH\CodeIgniter.php(340): CodeIgniter\CodeIgniter->handleRequest(null, Object(Config\Cache), false)
 5 SYSTEMPATH\Boot.php(417): CodeIgniter\CodeIgniter->run()
 6 SYSTEMPATH\Boot.php(68): CodeIgniter\Boot::runCodeIgniter(Object(CodeIgniter\CodeIgniter))
 7 FCPATH\index.php(59): CodeIgniter\Boot::bootWeb(Object(Config\Paths))
 8 SYSTEMPATH\rewrite.php(44): require_once('D:\\Program Files\\backend_core\\public\\index.php')
DEBUG - 2026-04-10 16:48:23 --> Session: Class initialized using 'CodeIgniter\Session\Handlers\FileHandler' driver.
CRITICAL - 2026-04-10 16:48:23 --> ErrorException: Undefined array key "percentage"
[Method: GET, Route: admin/construction/detail/19]
in APPPATH\Views\admin\construction\detail.php on line 493.
 1 APPPATH\Views\admin\construction\detail.php(493): CodeIgniter\Debug\Exceptions->errorHandler(2, 'Undefined array key "percentage"', 'D:\\Program Files\\backend_core\\app\\Views\\admin\\construction\\detail.php', 493)
 2 SYSTEMPATH\View\View.php(238): include('D:\\Program Files\\backend_core\\app\\Views\\admin\\construction\\detail.php')
 3 SYSTEMPATH\View\View.php(241): CodeIgniter\View\View->CodeIgniter\View\{closure}()
 4 SYSTEMPATH\Common.php(1250): CodeIgniter\View\View->render('admin/construction/detail', [], true)
 5 APPPATH\Controllers\Admin\Construction.php(107): view('admin/construction/detail', [...])
 6 SYSTEMPATH\CodeIgniter.php(951): App\Controllers\Admin\Construction->detail('19')
 7 SYSTEMPATH\CodeIgniter.php(497): CodeIgniter\CodeIgniter->runController(Object(App\Controllers\Admin\Construction))
 8 SYSTEMPATH\CodeIgniter.php(340): CodeIgniter\CodeIgniter->handleRequest(null, Object(Config\Cache), false)
 9 SYSTEMPATH\Boot.php(417): CodeIgniter\CodeIgniter->run()
10 SYSTEMPATH\Boot.php(68): CodeIgniter\Boot::runCodeIgniter(Object(CodeIgniter\CodeIgniter))
11 FCPATH\index.php(59): CodeIgniter\Boot::bootWeb(Object(Config\Paths))
12 SYSTEMPATH\rewrite.php(44): require_once('D:\\Program Files\\backend_core\\public\\index.php')
DEBUG - 2026-04-10 16:50:11 --> Session: Class initialized using 'CodeIgniter\Session\Handlers\FileHandler' driver.
DEBUG - 2026-04-10 16:51:41 --> Session: Class initialized using 'CodeIgniter\Session\Handlers\FileHandler' driver.
CRITICAL - 2026-04-10 16:51:41 --> ErrorException: Undefined array key "percentage"
[Method: GET, Route: admin/construction/detail/19]
in APPPATH\Views\admin\construction\detail.php on line 486.
 1 APPPATH\Views\admin\construction\detail.php(486): CodeIgniter\Debug\Exceptions->errorHandler(2, 'Undefined array key "percentage"', 'D:\\Program Files\\backend_core\\app\\Views\\admin\\construction\\detail.php', 486)
 2 SYSTEMPATH\View\View.php(238): include('D:\\Program Files\\backend_core\\app\\Views\\admin\\construction\\detail.php')
 3 SYSTEMPATH\View\View.php(241): CodeIgniter\View\View->CodeIgniter\View\{closure}()
 4 SYSTEMPATH\Common.php(1250): CodeIgniter\View\View->render('admin/construction/detail', [], true)
 5 APPPATH\Controllers\Admin\Construction.php(107): view('admin/construction/detail', [...])
 6 SYSTEMPATH\CodeIgniter.php(951): App\Controllers\Admin\Construction->detail('19')
 7 SYSTEMPATH\CodeIgniter.php(497): CodeIgniter\CodeIgniter->runController(Object(App\Controllers\Admin\Construction))
 8 SYSTEMPATH\CodeIgniter.php(340): CodeIgniter\CodeIgniter->handleRequest(null, Object(Config\Cache), false)
 9 SYSTEMPATH\Boot.php(417): CodeIgniter\CodeIgniter->run()
10 SYSTEMPATH\Boot.php(68): CodeIgniter\Boot::runCodeIgniter(Object(CodeIgniter\CodeIgniter))
11 FCPATH\index.php(59): CodeIgniter\Boot::bootWeb(Object(Config\Paths))
12 SYSTEMPATH\rewrite.php(44): require_once('D:\\Program Files\\backend_core\\public\\index.php')
DEBUG - 2026-04-10 16:51:53 --> Session: Class initialized using 'CodeIgniter\Session\Handlers\FileHandler' driver.
CRITICAL - 2026-04-10 16:51:53 --> ErrorException: Undefined array key "percentage"
[Method: GET, Route: admin/construction/detail/19]
in APPPATH\Views\admin\construction\detail.php on line 486.
 1 APPPATH\Views\admin\construction\detail.php(486): CodeIgniter\Debug\Exceptions->errorHandler(2, 'Undefined array key "percentage"', 'D:\\Program Files\\backend_core\\app\\Views\\admin\\construction\\detail.php', 486)
 2 SYSTEMPATH\View\View.php(238): include('D:\\Program Files\\backend_core\\app\\Views\\admin\\construction\\detail.php')
 3 SYSTEMPATH\View\View.php(241): CodeIgniter\View\View->CodeIgniter\View\{closure}()
 4 SYSTEMPATH\Common.php(1250): CodeIgniter\View\View->render('admin/construction/detail', [], true)
 5 APPPATH\Controllers\Admin\Construction.php(107): view('admin/construction/detail', [...])
 6 SYSTEMPATH\CodeIgniter.php(951): App\Controllers\Admin\Construction->detail('19')
 7 SYSTEMPATH\CodeIgniter.php(497): CodeIgniter\CodeIgniter->runController(Object(App\Controllers\Admin\Construction))
 8 SYSTEMPATH\CodeIgniter.php(340): CodeIgniter\CodeIgniter->handleRequest(null, Object(Config\Cache), false)
 9 SYSTEMPATH\Boot.php(417): CodeIgniter\CodeIgniter->run()
10 SYSTEMPATH\Boot.php(68): CodeIgniter\Boot::runCodeIgniter(Object(CodeIgniter\CodeIgniter))
11 FCPATH\index.php(59): CodeIgniter\Boot::bootWeb(Object(Config\Paths))
12 SYSTEMPATH\rewrite.php(44): require_once('D:\\Program Files\\backend_core\\public\\index.php')
DEBUG - 2026-04-10 16:51:58 --> Session: Class initialized using 'CodeIgniter\Session\Handlers\FileHandler' driver.
DEBUG - 2026-04-10 19:05:45 --> Session: Class initialized using 'CodeIgniter\Session\Handlers\FileHandler' driver.
DEBUG - 2026-04-10 19:05:46 --> Session: Class initialized using 'CodeIgniter\Session\Handlers\FileHandler' driver.
DEBUG - 2026-04-10 19:05:47 --> Session: Class initialized using 'CodeIgniter\Session\Handlers\FileHandler' driver.
DEBUG - 2026-04-10 19:05:48 --> Session: Class initialized using 'CodeIgniter\Session\Handlers\FileHandler' driver.
DEBUG - 2026-04-10 19:05:52 --> Session: Class initialized using 'CodeIgniter\Session\Handlers\FileHandler' driver.
WARNING - 2026-04-10 19:05:52 --> [DEPRECATED] substr(): Passing null to parameter #1 ($string) of type string is deprecated in APPPATH\Views\admin\construction\index.php on line 109.
 1 APPPATH\Views\admin\construction\index.php(109): substr(null, 0, 25)
 2 SYSTEMPATH\View\View.php(238): include('D:\\Program Files\\backend_core\\app\\Views\\admin\\construction\\index.php')
 3 SYSTEMPATH\View\View.php(241): CodeIgniter\View\View->CodeIgniter\View\{closure}()
 4 SYSTEMPATH\Common.php(1250): CodeIgniter\View\View->render('admin/construction/index', [], true)
 5 APPPATH\Controllers\Admin\Construction.php(31): view('admin/construction/index', [...])
 6 SYSTEMPATH\CodeIgniter.php(951): App\Controllers\Admin\Construction->index()
 7 SYSTEMPATH\CodeIgniter.php(497): CodeIgniter\CodeIgniter->runController(Object(App\Controllers\Admin\Construction))
 8 SYSTEMPATH\CodeIgniter.php(340): CodeIgniter\CodeIgniter->handleRequest(null, Object(Config\Cache), false)
 9 SYSTEMPATH\Boot.php(417): CodeIgniter\CodeIgniter->run()
10 SYSTEMPATH\Boot.php(68): CodeIgniter\Boot::runCodeIgniter(Object(CodeIgniter\CodeIgniter))
11 FCPATH\index.php(59): CodeIgniter\Boot::bootWeb(Object(Config\Paths))
12 SYSTEMPATH\rewrite.php(44): require_once('D:\\Program Files\\backend_core\\public\\index.php')
WARNING - 2026-04-10 19:05:52 --> [DEPRECATED] strtotime(): Passing null to parameter #1 ($datetime) of type string is deprecated in APPPATH\Views\admin\construction\index.php on line 113.
 1 APPPATH\Views\admin\construction\index.php(113): strtotime(null)
 2 SYSTEMPATH\View\View.php(238): include('D:\\Program Files\\backend_core\\app\\Views\\admin\\construction\\index.php')
 3 SYSTEMPATH\View\View.php(241): CodeIgniter\View\View->CodeIgniter\View\{closure}()
 4 SYSTEMPATH\Common.php(1250): CodeIgniter\View\View->render('admin/construction/index', [], true)
 5 APPPATH\Controllers\Admin\Construction.php(31): view('admin/construction/index', [...])
 6 SYSTEMPATH\CodeIgniter.php(951): App\Controllers\Admin\Construction->index()
 7 SYSTEMPATH\CodeIgniter.php(497): CodeIgniter\CodeIgniter->runController(Object(App\Controllers\Admin\Construction))
 8 SYSTEMPATH\CodeIgniter.php(340): CodeIgniter\CodeIgniter->handleRequest(null, Object(Config\Cache), false)
 9 SYSTEMPATH\Boot.php(417): CodeIgniter\CodeIgniter->run()
10 SYSTEMPATH\Boot.php(68): CodeIgniter\Boot::runCodeIgniter(Object(CodeIgniter\CodeIgniter))
11 FCPATH\index.php(59): CodeIgniter\Boot::bootWeb(Object(Config\Paths))
12 SYSTEMPATH\rewrite.php(44): require_once('D:\\Program Files\\backend_core\\public\\index.php')
WARNING - 2026-04-10 19:05:52 --> [DEPRECATED] substr(): Passing null to parameter #1 ($string) of type string is deprecated in APPPATH\Views\admin\construction\index.php on line 109.
 1 APPPATH\Views\admin\construction\index.php(109): substr(null, 0, 25)
 2 SYSTEMPATH\View\View.php(238): include('D:\\Program Files\\backend_core\\app\\Views\\admin\\construction\\index.php')
 3 SYSTEMPATH\View\View.php(241): CodeIgniter\View\View->CodeIgniter\View\{closure}()
 4 SYSTEMPATH\Common.php(1250): CodeIgniter\View\View->render('admin/construction/index', [], true)
 5 APPPATH\Controllers\Admin\Construction.php(31): view('admin/construction/index', [...])
 6 SYSTEMPATH\CodeIgniter.php(951): App\Controllers\Admin\Construction->index()
 7 SYSTEMPATH\CodeIgniter.php(497): CodeIgniter\CodeIgniter->runController(Object(App\Controllers\Admin\Construction))
 8 SYSTEMPATH\CodeIgniter.php(340): CodeIgniter\CodeIgniter->handleRequest(null, Object(Config\Cache), false)
 9 SYSTEMPATH\Boot.php(417): CodeIgniter\CodeIgniter->run()
10 SYSTEMPATH\Boot.php(68): CodeIgniter\Boot::runCodeIgniter(Object(CodeIgniter\CodeIgniter))
11 FCPATH\index.php(59): CodeIgniter\Boot::bootWeb(Object(Config\Paths))
12 SYSTEMPATH\rewrite.php(44): require_once('D:\\Program Files\\backend_core\\public\\index.php')
WARNING - 2026-04-10 19:05:52 --> [DEPRECATED] strtotime(): Passing null to parameter #1 ($datetime) of type string is deprecated in APPPATH\Views\admin\construction\index.php on line 113.
 1 APPPATH\Views\admin\construction\index.php(113): strtotime(null)
 2 SYSTEMPATH\View\View.php(238): include('D:\\Program Files\\backend_core\\app\\Views\\admin\\construction\\index.php')
 3 SYSTEMPATH\View\View.php(241): CodeIgniter\View\View->CodeIgniter\View\{closure}()
 4 SYSTEMPATH\Common.php(1250): CodeIgniter\View\View->render('admin/construction/index', [], true)
 5 APPPATH\Controllers\Admin\Construction.php(31): view('admin/construction/index', [...])
 6 SYSTEMPATH\CodeIgniter.php(951): App\Controllers\Admin\Construction->index()
 7 SYSTEMPATH\CodeIgniter.php(497): CodeIgniter\CodeIgniter->runController(Object(App\Controllers\Admin\Construction))
 8 SYSTEMPATH\CodeIgniter.php(340): CodeIgniter\CodeIgniter->handleRequest(null, Object(Config\Cache), false)
 9 SYSTEMPATH\Boot.php(417): CodeIgniter\CodeIgniter->run()
10 SYSTEMPATH\Boot.php(68): CodeIgniter\Boot::runCodeIgniter(Object(CodeIgniter\CodeIgniter))
11 FCPATH\index.php(59): CodeIgniter\Boot::bootWeb(Object(Config\Paths))
12 SYSTEMPATH\rewrite.php(44): require_once('D:\\Program Files\\backend_core\\public\\index.php')
DEBUG - 2026-04-10 19:05:55 --> Session: Class initialized using 'CodeIgniter\Session\Handlers\FileHandler' driver.
